10.12.2018 01:32:56: _fnc_server_handle_mpmessage: wk3y2idib7bo4vbe3fdr2_db3v6
10.12.2018 01:32:56: _fnc_AdminReqReal: ca6x6t2mbedh9o9yb84
10.12.2018 01:32:56: _playerObjCheckLoop: th14dt6k2pfg9f7hah2zfd33dz7ndcasbt7z6
10.12.2018 01:32:56: _token_by_uid: ha1026bh7i1y3bbq170pd22e6
10.12.2018 01:32:56: _uid_by_token: bkbe76dpaj7g0v38900bdw66409d33f19x7p7
10.12.2018 01:32:56: _name_by_uid: ulfj7933fp7z9kdz72033af
10.12.2018 01:32:56: _owner_by_uid: nidid93y7jdm1fd0dra12b9qb4b
10.12.2018 01:32:56: _uid_by_owner: j83kbzfobsft7m7i1fdt8p24aa9m2t8pdv1maqbhfcdxdka
10.12.2018 01:32:56: _fn_playerConnected: adaj2lfm1w23ande9l2a7edy3
10.12.2018 01:32:56: _server_setTokenR: b3b9a66s3c1u2sdmdadudy6obj9
10.12.2018 01:32:56: _FN_INJECT_ON_CLIENT: vj129j0o2q936rfe203
10.12.2018 01:32:56: _fnc_l_on_c: j07n6092doa_9b61dq87dk99b
10.12.2018 01:32:56: _adminStartupCode: cedz7fdz153k0517fx146abda18_al3
10.12.2018 01:32:56: _AHKickOFF: a2d4f_as733yb_0k6qb3ax2z7nd72t2jd414dyb42x7
10.12.2018 01:32:56: _AHKickLog: rh8h1941fbfefpatbxf
10.12.2018 01:32:56: _AH_RunCheckENDVAR: lq7s9t75ai729625fe28bl724ib
10.12.2018 01:32:56: _AH_RunCheck: i86c9h95bg468u6x1i3i0d8t0l4adk2i106ddz3
10.12.2018 01:32:56: _AH_HackLogArrayRND: ijd0d67a7_3oae9i36f5f2dn4n2kan1ub7di4p6qd
10.12.2018 01:32:56: _AH_SurvLogArrayRND: un9jas1k6gbfdmff1c096pf41b3y2ubo74f10d944
10.12.2018 01:32:56: _AH_AdmiLogArrayRND: zp7qdlfx7tdvazdqaqbv7
10.12.2018 01:32:56: _TMPBAN: etbmfh4p6xdt9m7j6saabib
10.12.2018 01:32:56: _fn_getTempBans: e31i769pdnd27w94ai2odz3z7620fsfn2
10.12.2018 01:32:56: _fnc_addTempBan: w02_9d9adi7xbl7f9f2o729ldc6ral2xb81z1
10.12.2018 01:32:56: _fnc_removeTempBan: a039ddd0d880ald9bn0
10.12.2018 01:32:56: _AHpos: i2do3k9k0idjbn9_6q2m4q2bb326bg77b14
10.12.2018 01:32:56: _adminsA: yjdw3bb515bhdl2effa19wfxd
10.12.2018 01:32:56: _vehicle_needs_check: fh296s6la1ah6eded1217
10.12.2018 01:32:56: _fnc_infiSTAR_PlayerLog: as6i9n83apbe127o7kbi7kby1f2pa233fzaj1
10.12.2018 01:32:56: _antidupePVResVar: o9dkd8bx16639vaq3h7mdna3f4bl2p7g32auby4
10.12.2018 01:32:56: _runcheck_thread: hz9f17bidsb_f8768rd231193p7a7xdi7
10.12.2018 01:32:56: _livestarted: ttd4d72_70de7v7wad3j229xf923amdkf59m38dpd
10.12.2018 01:32:56: _fnc_check_type_allowed: g8b52p11ae8r719y6jatd61od2ay3l7
10.12.2018 01:32:56: _fnc_vehicle_check: xj3ifkfc7l2q2vbsaz70fg7n0_6vas3b7l4yb23id9729s9q6_7
10.12.2018 01:32:56: _rcheckclient: cxbo3yav8efm1u3w3s8e4b9abe2_2ybz1rdibkb1d
10.12.2018 01:32:56: _rcheckserver: yv16dw122ddpa27z3w6y2m7w2tdz2a3
10.12.2018 01:32:56: _waste_btn_thread: fs9j2cas3l3x2h9ed53q0gdedaa
10.12.2018 04:33:42: _fnc_server_handle_mpmessage: osbc2q0369d02wbe40d47xf87w40270mb4d7d49y282
10.12.2018 04:33:42: _fnc_AdminReqReal: wg74dcbh7r37dr939s717o3g9r0
10.12.2018 04:33:42: _playerObjCheckLoop: ixdvbz60dd8l1l2g281w9z9s8o268p9dd
10.12.2018 04:33:43: _token_by_uid: g96i82714_6fdpb1drag2g4zbabaa1bx7
10.12.2018 04:33:43: _uid_by_token: pfa8617p7j6bbb8h3ld5223xd_0q3l9764d56edvbp6c7
10.12.2018 04:33:43: _name_by_uid: zg7cfofb1vbi97dg8pds9nfn6w68760o133r0j366
10.12.2018 04:33:43: _owner_by_uid: z02jb7dqfd6r3qd4bsb
10.12.2018 04:33:43: _uid_by_owner: pn7a12d_f70v6x93078aby002c0efidra
10.12.2018 04:33:43: _fn_playerConnected: y03ja_ab1177byf9dp4ddmd86b162z1
10.12.2018 04:33:43: _server_setTokenR: q3d78jf67ddtdqayfnfbdz2d2edk217
10.12.2018 04:33:43: _FN_INJECT_ON_CLIENT: c3dvdad8bk8f66690w3bd462d_7abv757k3q2j2p8a9
10.12.2018 04:33:43: _fnc_l_on_c: sx2mbs6x642t7m4c7jb63
10.12.2018 04:33:43: _adminStartupCode: wl2j9d339mbk6ad_9_7gd_d24
10.12.2018 04:33:43: _AHKickOFF: gj64ded5dm928qf319617
10.12.2018 04:33:43: _AHKickLog: a_4yf8f6dk8i3_7d3_0q7q789v69d_2r1qd57
10.12.2018 04:33:43: _AH_RunCheckENDVAR: ab2hfk932g6_baaq6j6a2r1_dw1y1
10.12.2018 04:33:43: _AH_RunCheck: xv2h3b2jbb2219av919s4o7pb
10.12.2018 04:33:43: _AH_HackLogArrayRND: w74i7294139wd5714b1edx6
10.12.2018 04:33:43: _AH_SurvLogArrayRND: vw3xao3v3cfqa8fn909p7j229
10.12.2018 04:33:43: _AH_AdmiLogArrayRND: zxdv3e8c336k6w7xfydmbqdh6fd_dg2h3
10.12.2018 04:33:43: _TMPBAN: rt27781k3h68bzdb8u6
10.12.2018 04:33:43: _fn_getTempBans: ml0oav04dn31b8f5d39
10.12.2018 04:33:43: _fnc_addTempBan: sadd6l7cdu6i6i6a7l7eda3ragb4d
10.12.2018 04:33:43: _fnc_removeTempBan: npf_dd9a4x2ia69efp3
10.12.2018 04:33:43: _AHpos: g7d29ddl93b33l33d0327c9ubc2w8g2
10.12.2018 04:33:43: _adminsA: vua_1181f7ae72b07x9
10.12.2018 04:33:43: _vehicle_needs_check: wna2647s22fsaq7m2ad
10.12.2018 04:33:43: _fnc_infiSTAR_PlayerLog: wr843zdefufadq6p7p2
10.12.2018 04:33:43: _antidupePVResVar: ewdp7t7p6t447p9o787nfl24az656x2
10.12.2018 04:33:43: _runcheck_thread: redi1e0d3y2n147mfz2v1t4e3mdzbh629ma
10.12.2018 04:33:43: _livestarted: o5db006p2d2o9jd17sah0wdg643l9o481
10.12.2018 04:33:43: _fnc_check_type_allowed: uo7jag9jb_1ybh313l300fab3v763g6uft9
10.12.2018 04:33:43: _fnc_vehicle_check: htdk1s96dqbp8n7i6_3
10.12.2018 04:33:43: _rcheckclient: me20a72w6t0z9fd72k1t6c30a69
10.12.2018 04:33:43: _rcheckserver: dt697ebr9g6u67aia33
10.12.2018 04:33:43: _waste_btn_thread: wf3j40150m3u7p3ef63
10.12.2018 07:34:31: _fnc_server_handle_mpmessage: x108dsbkb36ca06r6l2
10.12.2018 07:34:31: _fnc_AdminReqReal: jwa62_7tbx2s8vaydsaq2e989b9w7l4l65dk1y7
10.12.2018 07:34:31: _playerObjCheckLoop: qw3q9t712qf2bt3qf_7
10.12.2018 07:34:31: _token_by_uid: oo9l8a1h7ubpaea89y3234647_1m279
10.12.2018 07:34:31: _uid_by_token: xu7pdffxb01ld74n94f
10.12.2018 07:34:31: _name_by_uid: lc8y4nf66g6r7z367f2d31748edx2m319m7wbv2j0
10.12.2018 07:34:31: _owner_by_uid: ywa8du0s3u7e7u84bnf97s2520f862b
10.12.2018 07:34:31: _uid_by_owner: vn7p9i9yfd6abtawb4fhab9
10.12.2018 07:34:31: _fn_playerConnected: m0bo0x3ibg7kfl4e8t3u227t7idh9k2d1
10.12.2018 07:34:31: _server_setTokenR: by0s3q9j1j7k7x23189
10.12.2018 07:34:31: _FN_INJECT_ON_CLIENT: rof42l9adoa40w6yfedi7j1wax3n6u3
10.12.2018 07:34:31: _fnc_l_on_c: ty7z8l146ldp9dawdrbxbt297v6u6668ba3h7
10.12.2018 07:34:31: _adminStartupCode: hbbk8jazdca22b3r20da6gb24f6rf66
10.12.2018 07:34:31: _AHKickOFF: xt7w7n7_2v3gdn2a7p7
10.12.2018 07:34:31: _AHKickLog: lt6q7mfjde9v9b9wbtd89y964xbv6d403ud22
10.12.2018 07:34:31: _AH_RunCheckENDVAR: t3d3fw9x4o8hdz1j6ods75dn9cff623g77do3e9zbh7
10.12.2018 07:34:31: _AH_RunCheck: nmdq6v6b2w95fs98fe2j2w1zfq0df
10.12.2018 07:34:31: _AH_HackLogArrayRND: xld2dv0q82bwb92hbr4qd76ldo047r6bd19v4
10.12.2018 07:34:31: _AH_SurvLogArrayRND: eo2d2g6if71j9pbv6m6
10.12.2018 07:34:31: _AH_AdmiLogArrayRND: fzbiat9_2sbq718kfb9z861
10.12.2018 07:34:31: _TMPBAN: yv21187t7fb7d69jba7
10.12.2018 07:34:31: _fn_getTempBans: n01p29d44tbv3n2wbp7v95d896bgav9zai09axdm94fr709
10.12.2018 07:34:31: _fnc_addTempBan: g668d8783o772rfxaoa0237y7e7xf
10.12.2018 07:34:31: _fnc_removeTempBan: x_fyb49s3z1d7o6i914sdv4526bn9c3rd
10.12.2018 07:34:31: _AHpos: gj3y4d6eakf57j9u93fx181ld8f
10.12.2018 07:34:31: _adminsA: t_7q3m76dm3m407k0t6j7tf48wdnffd52ndzdl30a
10.12.2018 07:34:31: _vehicle_needs_check: rg3kfa23f77k3_2mdi7r9w2
10.12.2018 07:34:31: _fnc_infiSTAR_PlayerLog: cb3cbg2o787na_df009
10.12.2018 07:34:31: _antidupePVResVar: o01797373j7m6j26d1d_9of
10.12.2018 07:34:31: _runcheck_thread: unbrds9e6e03d98r9c0
10.12.2018 07:34:31: _livestarted: q56l66dzd73afp8zd2ftfld72rd96c4lbw3r6xdh2t7r2
10.12.2018 07:34:31: _fnc_check_type_allowed: s_4d192xaedl2w3bd1dmdx9w7e2rd2d96
10.12.2018 07:34:31: _fnc_vehicle_check: jq2g3m7j9_dqfv793zdw4j07b
10.12.2018 07:34:31: _rcheckclient: l_fb8o3da62k2j7jddf
10.12.2018 07:34:31: _rcheckserver: xtd44e607z3d37261u6b2
10.12.2018 07:34:31: _waste_btn_thread: s_d49v2dfm9yf_fg28al6y352sbi7e4_d21cb83
10.12.2018 09:00:01: _fnc_server_handle_mpmessage: eb7k2xaaa5ajfw20d0d2do6
10.12.2018 09:00:01: _fnc_AdminReqReal: s1341d959t4va69xa20
10.12.2018 09:00:01: _playerObjCheckLoop: bq309f1m8j38dld97t63dv7nap8p04d66i3q8
10.12.2018 09:00:01: _token_by_uid: oz7s346h2c71da7obkay79b
10.12.2018 09:00:01: _uid_by_token: tj2n2ta3411sbv941u9tdr7q65fq8
10.12.2018 09:00:01: _name_by_uid: kkbz36dwda666uf2bs3
10.12.2018 09:00:01: _owner_by_uid: t094dmbyd915bm217ffoa4d7db2
10.12.2018 09:00:01: _uid_by_owner: ubfa7q7a2rdw3bd43vd
10.12.2018 09:00:01: _fn_playerConnected: vi36bbbp3kdk242a2ife9wb83h7t2f9k3u63be6
10.12.2018 09:00:01: _server_setTokenR: h11m967p6c72426m713x3sbjdm8b7l9o3e76663
10.12.2018 09:00:01: _FN_INJECT_ON_CLIENT: gsdxfwd_2e6i219c3n3339dr76ap9w2q92b9b
10.12.2018 09:00:01: _fnc_l_on_c: sx6pfz7mfp29dc01d4d
10.12.2018 09:00:01: _adminStartupCode: t72wb837b86u79bddzbj66d6dlb
10.12.2018 09:00:01: _AHKickOFF: t7do6t63d4796cd12c162_6z2v4ed267djda7
10.12.2018 09:00:01: _AHKickLog: hf9bag747k3n8b0910d9b3733
10.12.2018 09:00:01: _AH_RunCheckENDVAR: k11422792b7_9t1g8_99209j6w753mb47
10.12.2018 09:00:01: _AH_RunCheck: q67x7j1hde703e9b3qd91b2_6f2v7
10.12.2018 09:00:01: _AH_HackLogArrayRND: ps6v4f2yfe4h147t3m6t733gd67
10.12.2018 09:00:01: _AH_SurvLogArrayRND: a10s3idibhdmdndl002p0w3t226
10.12.2018 09:00:01: _AH_AdmiLogArrayRND: my9b9_99bx2pdwdq6m6wb
10.12.2018 09:00:01: _TMPBAN: g9bebf37dp3814dj9u7kdd2
10.12.2018 09:00:01: _fn_getTempBans: g57i4m2u7d3c6wd2dj3
10.12.2018 09:00:01: _fnc_addTempBan: zz111xbhb090799rdd3t6d17fq7e071w7z34317
10.12.2018 09:00:01: _fnc_removeTempBan: e2fafp1k6h957g90718talbdb
10.12.2018 09:00:01: _AHpos: zb3g7j6l669hfo2x2n7
10.12.2018 09:00:01: _adminsA: i80mbb68d2dg3yamd_6
10.12.2018 09:00:01: _vehicle_needs_check: lz7n239bbi8x2ld32n7jdwd
10.12.2018 09:00:01: _fnc_infiSTAR_PlayerLog: op8m6m2ndwbcbk8j027tac327
10.12.2018 09:00:01: _antidupePVResVar: bi2w7mfs1hd6ab8gd4f
10.12.2018 09:00:01: _runcheck_thread: c_646s112z927v9p7k7w7u321y9jan6ga99_dxa_7n103g6z2
10.12.2018 09:00:01: _livestarted: bc3v7_95de9bd07c9rd
10.12.2018 09:00:01: _fnc_check_type_allowed: sq0c662_b4awd5b36nbudc2f2v0h6t7k656ib11
10.12.2018 09:00:01: _fnc_vehicle_check: a92z9mbh7bbu0ddu671
10.12.2018 09:00:01: _rcheckclient: ja7rat7q7tb2fn737b71bz2g7ra58s41bv1p66fn9y862
10.12.2018 09:00:01: _rcheckserver: e9036eap2_6v1i67dj3lf
10.12.2018 09:00:01: _waste_btn_thread: il2s7o1o2sby2fd60a77dmf5d17m69fod
10.12.2018 12:00:38: _fnc_server_handle_mpmessage: uy7s3z6_au6x756tdm0k66dk253cf
10.12.2018 12:00:38: _fnc_AdminReqReal: hlf2906tabf1d_2jdaf32nbibq9h2ndn7efh9q2a889
10.12.2018 12:00:38: _playerObjCheckLoop: yw1pds3d12b8b7fx8t6
10.12.2018 12:00:38: _token_by_uid: pl2p21du3yf26l7q0od57edx7f8udq3_6n3w2
10.12.2018 12:00:38: _uid_by_token: lj2ffmbyd3d62xb5a69y7q9vd7fvdc107uf
10.12.2018 12:00:38: _name_by_uid: rudlf497b52o19ffaf34dn1fd5bi9qbd0ad
10.12.2018 12:00:38: _owner_by_uid: wzdu1r291o793ydkag9jd4ds7u7g953e323
10.12.2018 12:00:38: _uid_by_owner: lq2m386bf3a8fj1f6ff
10.12.2018 12:00:38: _fn_playerConnected: j42zdc7g1f75d44z0k0vb86m7e8b9
10.12.2018 12:00:38: _server_setTokenR: ry2zdk7b1xd21e2z7c1fdx8k7waibldz9q3
10.12.2018 12:00:38: _FN_INJECT_ON_CLIENT: cwfqfrbldy75bl391w9t6e3uby9
10.12.2018 12:00:38: _fnc_l_on_c: yqdu7f7qdy2ga6dpbbb
10.12.2018 12:00:38: _adminStartupCode: crbx286jboauf4dk6fbgd
10.12.2018 12:00:38: _AHKickOFF: tx9x6931fd16d5fh2j6wa
10.12.2018 12:00:38: _AHKickLog: qu7l3t2j1r7i3a7x0j3daxbtb6611j322v9m4mbf3y1
10.12.2018 12:00:38: _AH_RunCheckENDVAR: ia6b6m2p8hdzdw1d0h6
10.12.2018 12:00:38: _AH_RunCheck: w3341o63a44cftdf9b9udu3w703
10.12.2018 12:00:38: _AH_HackLogArrayRND: v7dk949_1jfd31fu94773
10.12.2018 12:00:38: _AH_SurvLogArrayRND: as32br7v4g6i233r8w8bau6n60fs3ca
10.12.2018 12:00:38: _AH_AdmiLogArrayRND: q1ag6n2uaa2aal1y9z0x03bmd
10.12.2018 12:00:38: _TMPBAN: fgbt7n4z1b3md29nbe4
10.12.2018 12:00:38: _fn_getTempBans: hldj720z6m3a0e0pf36l0_6f80ft7
10.12.2018 12:00:38: _fnc_addTempBan: dl2y35f3fa7n2s96ahbfay9n8kdgbha_8wd
10.12.2018 12:00:38: _fnc_removeTempBan: xv6d0v702n6zbs6x778ydmd9bg3t019i0n6
10.12.2018 12:00:38: _AHpos: keblfyb3dxda052390983a7kdyb
10.12.2018 12:00:38: _adminsA: nb11dv9x4v3s163x0tah87dg0936707p1vdjbc9f8
10.12.2018 12:00:38: _vehicle_needs_check: cjdi9o33dr6u86987k3n8_7
10.12.2018 12:00:38: _fnc_infiSTAR_PlayerLog: mgayded_dd3o3x7f9t7ebwb
10.12.2018 12:00:38: _antidupePVResVar: l3fs6o6kd82f9b7vbcdhdj296bbnfx8wa
10.12.2018 12:00:38: _runcheck_thread: rjdbdq6wd28u9e24drdlar4d286t2ufa6yde813
10.12.2018 12:00:38: _livestarted: a89y2x70340e61d76h4c31d77
10.12.2018 12:00:38: _fnc_check_type_allowed: d1bg9q3paeb937fia89w127w8e1cd
10.12.2018 12:00:38: _fnc_vehicle_check: d_1534666ddx130obkf
10.12.2018 12:00:38: _rcheckclient: gaf39udp7yadazasa10g9
10.12.2018 12:00:38: _rcheckserver: x3ds450e1e0f7rdm0naxd620fy9j283jf
10.12.2018 12:00:38: _waste_btn_thread: jybdfz163r9516b_7s9z6ldt3a6n6q626
10.12.2018 15:01:40: _fnc_server_handle_mpmessage: s0ax6g177yd92wd_amb96kf_6f9
10.12.2018 15:01:40: _fnc_AdminReqReal: fd27di8l7_6a6t6fbk6u3cb
10.12.2018 15:01:40: _playerObjCheckLoop: ez7p3w9s3mfq377fd9a
10.12.2018 15:01:40: _token_by_uid: d76l3s4_b39r7df39k1091dcdj417cbd0a7kd
10.12.2018 15:01:40: _uid_by_token: bc9qdu9hfodsa39n2ebf1r3e6b0u269c1p1qbzaw1oaf8i6
10.12.2018 15:01:40: _name_by_uid: w27f9j9abrd1dk3zav9ubtaj6qd
10.12.2018 15:01:40: _owner_by_uid: g77udj8p071i66106uae11a
10.12.2018 15:01:40: _uid_by_owner: tv730qbn1vfofsawat3obq2zaa327q8rb_7v6sd17w1
10.12.2018 15:01:40: _fn_playerConnected: kg89977l66b_9c79bd2j25bx2kd618dwdm7ub
10.12.2018 15:01:40: _server_setTokenR: g48t9d3u676q6d7m1y3nai612if81qb0ddb
10.12.2018 15:01:40: _FN_INJECT_ON_CLIENT: kmad75bmdebi216uby2k7n6p2n9yfg421u7ld
10.12.2018 15:01:40: _fnc_l_on_c: sib_dfa11f9c7zaf3x2sdv3ca_2
10.12.2018 15:01:40: _adminStartupCode: xt73201f98frdo1d1v3
10.12.2018 15:01:40: _AHKickOFF: oadm0886d76f2u6tbk7y666h7l8p380xb
10.12.2018 15:01:40: _AHKickLog: vhb29xb3b910dnd53udqdbb8bxdcby0eahba8z3b9e3t95dt0
10.12.2018 15:01:40: _AH_RunCheckENDVAR: hz976md0fqdxb97pd1a81tdg843ebd8n886t7
10.12.2018 15:01:40: _AH_RunCheck: qa8m7t3z3h2m3u984u9
10.12.2018 15:01:40: _AH_HackLogArrayRND: bg9m9q2z25fw3vd9ar6
10.12.2018 15:01:40: _AH_SurvLogArrayRND: gw92av7dfq6y72a49nf
10.12.2018 15:01:40: _AH_AdmiLogArrayRND: fz6n487qdo6v876_9cdhb43e2m248g75d
10.12.2018 15:01:40: _TMPBAN: d9bj1m3bdede397qdx4
10.12.2018 15:01:40: _fn_getTempBans: mxd3d19g7w1gbj6_f79
10.12.2018 15:01:40: _fnc_addTempBan: cw9t4xdl3o4cdj2f6taqb6a
10.12.2018 15:01:40: _fnc_removeTempBan: ck991q3p7fb6dbdt657g31dp4od53
10.12.2018 15:01:40: _AHpos: bz9679d7deba6w3g4m7yap7
10.12.2018 15:01:40: _adminsA: vqffanfx7j257d2v7r9
10.12.2018 15:01:40: _vehicle_needs_check: fq236wam9h1odc3tdv0
10.12.2018 15:01:40: _fnc_infiSTAR_PlayerLog: q3dxbg3r313_dwdba8d96p3p63d47h371kd
10.12.2018 15:01:40: _antidupePVResVar: kqacd29u2e2sf64k1s2j143id
10.12.2018 15:01:40: _runcheck_thread: ye6d3l0id33baa4c2863b79td
10.12.2018 15:01:40: _livestarted: w_defedh2e3vd52s3m2k9a6339916_6x162t6d90ds3
10.12.2018 15:01:40: _fnc_check_type_allowed: nldl20f0dm1j7w3hfv4gai7d6e7
10.12.2018 15:01:40: _fnc_vehicle_check: wg7x13f47zf53_7e2819apd
10.12.2018 15:01:40: _rcheckclient: jt0h7a6zdvd26p212875d3bedn153y9q1m403a2_fv2e9ad
10.12.2018 15:01:40: _rcheckserver: ui200j3q7i6_dcdb2jfl179z1x8r2n7
10.12.2018 15:01:40: _waste_btn_thread: hqbbfjbo837r9e3y8gb
10.12.2018 15:42:52: _fnc_server_handle_mpmessage: u5a_bw7v3abp0gds2k3v4g247c9h2wdj7ud30
10.12.2018 15:42:52: _fnc_AdminReqReal: f29j1q9q3b346g2v3k6i062n3h0x253a9
10.12.2018 15:42:52: _playerObjCheckLoop: l630f03_8g7ydw1_2_9u4hba0p7
10.12.2018 15:42:52: _token_by_uid: z6ag7c2i3x7n6fbc7c9b39697udq3m7o0zdd98dv127x7a6u3
10.12.2018 15:42:52: _uid_by_token: wd7k087n3kan9y9m7y7
10.12.2018 15:42:52: _name_by_uid: infy6ha628fs1xa89b31bd9afj77dkbg4g9
10.12.2018 15:42:52: _owner_by_uid: ti887gdgd1f5dcfg9b3
10.12.2018 15:42:52: _uid_by_owner: lw7ndcft9m9g31atfh7
10.12.2018 15:42:52: _fn_playerConnected: mg288aag987e8gba6n2k6g7
10.12.2018 15:42:52: _server_setTokenR: me2p0pdk863fda717c090gfpa0bs2l7abgb
10.12.2018 15:42:52: _FN_INJECT_ON_CLIENT: ng9_916qbldb20b71xd7ddbrfrd03tdp7
10.12.2018 15:42:52: _fnc_l_on_c: aa4z763fbb619odc798
10.12.2018 15:42:52: _adminStartupCode: ze2c9487dbbk9y7d7p3r7i6c9_ag91a
10.12.2018 15:42:52: _AHKickOFF: d47520djdf639z4tdx7e6fb73o9k9e717zbdft943x3rd
10.12.2018 15:42:52: _AHKickLog: fn1h3ldb6u6p3hb_388
10.12.2018 15:42:52: _AH_RunCheckENDVAR: nn3rd98t98d92e0i87206m9m6mfb7idndu8_fd1
10.12.2018 15:42:52: _AH_RunCheck: h49odwfefubnfgag1wd_db1i7c6d33a
10.12.2018 15:42:52: _AH_HackLogArrayRND: xr6b929car7i37dpdy8s2x7_9xbbbc189_b_717a3z1
10.12.2018 15:42:52: _AH_SurvLogArrayRND: r170ac9af01yag1k0y6l67b42b0
10.12.2018 15:42:52: _AH_AdmiLogArrayRND: v_1i2bfmdm616p19bj1
10.12.2018 15:42:52: _TMPBAN: a3fxdy1d937h4ibq901675d
10.12.2018 15:42:52: _fn_getTempBans: wmbnd86p1cdud93d7z7
10.12.2018 15:42:52: _fnc_addTempBan: sm6mdb6sfk187376183y10dy3u6
10.12.2018 15:42:52: _fnc_removeTempBan: e26ud47k9d2a9h4918a
10.12.2018 15:42:52: _AHpos: ohdv982_762kbe7r9k21db9h893x7i1jd14y6c7
10.12.2018 15:42:52: _adminsA: hy27and46a1y2ffq2b793d3
10.12.2018 15:42:52: _vehicle_needs_check: km1x9h2gdl159odn667u2a79d6240k6c9w24fb2h1f9pb
10.12.2018 15:42:52: _fnc_infiSTAR_PlayerLog: md22b2fy7fbqbhd_1p6idg3g9
10.12.2018 15:42:52: _antidupePVResVar: qkb7b21qacdl0i9cb47
10.12.2018 15:42:52: _runcheck_thread: l_6u6fbq3ado68fjdc682k7e9g202
10.12.2018 15:42:52: _livestarted: ij6r653_fy3o741l8h39fe1dd
10.12.2018 15:42:52: _fnc_check_type_allowed: x47e2sds3i0f3i6_bt7kf8092i64d
10.12.2018 15:42:52: _fnc_vehicle_check: cadv7v63br4f9obm3pal9t67did4d8d09u2udk2
10.12.2018 15:42:52: _rcheckclient: om9ndmf33w7jd59j4ld2bq6
10.12.2018 15:42:52: _rcheckserver: fpd3bz6n1m75dh6l7ea72s03dx232z9v1j2
10.12.2018 15:42:52: _waste_btn_thread: k86a7_6y69941r374cbh9f4p6gaf2id2f57u7
10.12.2018 18:42:06: _fnc_server_handle_mpmessage: o8682af8de1788bed32
10.12.2018 18:42:06: _fnc_AdminReqReal: l79c6w7lddd3fo1ffzbf3r077q98fod49ddk7m0gd
10.12.2018 18:42:06: _playerObjCheckLoop: j6392ldc7o296af47xd_74d43r6bbj9
10.12.2018 18:42:06: _token_by_uid: g1223ed6d31xau752n9
10.12.2018 18:42:06: _uid_by_token: ho323vba9xbh0p9w8haqfa1nb
10.12.2018 18:42:06: _name_by_uid: mo7bb77lbmfs967m90f
10.12.2018 18:42:06: _owner_by_uid: dyb6dhdq3nau4r91b3dw75dobd6o6
10.12.2018 18:42:06: _uid_by_owner: hg0z9w9m9p1a227m8r49dh23610fdwdmfo1ebjfb7
10.12.2018 18:42:06: _fn_playerConnected: t5dra97c3lal6yd_al3vfkdi48d6fv4522382
10.12.2018 18:42:06: _server_setTokenR: fof172d_fm62dmaq69fo3cd52bdn3fdgdtdq9g7a8mb
10.12.2018 18:42:06: _FN_INJECT_ON_CLIENT: mq923saf4e6s3w7a3u60fabx2z2
10.12.2018 18:42:06: _fnc_l_on_c: r6dm231eft931b1b7m6e9h7jam3z6u4
10.12.2018 18:42:06: _adminStartupCode: wg8g2rdm2wbg7719d87e75b_037n8r6k3f2
10.12.2018 18:42:06: _AHKickOFF: ou086b6z4g7vbj7cav2aa77j3y65ar7w2c7ia0b
10.12.2018 18:42:06: _AHKickLog: tc9s719c73f272dmb0911wb
10.12.2018 18:42:06: _AH_RunCheckENDVAR: fi1nfjdq891y3sdg7uav2bfkdj1pd9be739u100w14amb
10.12.2018 18:42:06: _AH_RunCheck: vg3q23bq16fod5d670aufq380h203o7aa
10.12.2018 18:42:06: _AH_HackLogArrayRND: ud3m3wamb57cde6e7y8u4
10.12.2018 18:42:06: _AH_SurvLogArrayRND: jkav779n1m774i3d6b9
10.12.2018 18:42:06: _AH_AdmiLogArrayRND: om9c9o0bfe1g7n0uby6b4j6c7a4kdg8hdf221r7cb
10.12.2018 18:42:06: _TMPBAN: v77na57d9jdb8ufnb00q3z6gd4dw2
10.12.2018 18:42:06: _fn_getTempBans: gn3q2f3sdy9o0ydp17br69a41x7
10.12.2018 18:42:06: _fnc_addTempBan: a0234c3i76dw1y6z73a6dabf7kb29ldmf
10.12.2018 18:42:06: _fnc_removeTempBan: djdm8j6saq9k6c3i1p9i6ndhbh3sds7aai69dddv9l0
10.12.2018 18:42:06: _AHpos: p3di8ubebu78304o3z0
10.12.2018 18:42:06: _adminsA: fy0g10ab9kdy9o0zdq7d689pbwdta1a37
10.12.2018 18:42:06: _vehicle_needs_check: kr6od022f87xfpd37m147b2f7eb5ao2w229sd
10.12.2018 18:42:06: _fnc_infiSTAR_PlayerLog: pqdlb8dwfk3c43ag9z9n7
10.12.2018 18:42:06: _antidupePVResVar: ibdq6x7g1udc332990091
10.12.2018 18:42:06: _runcheck_thread: r5b27362dyd2br6ndna387d783dsaj3gd9d34
10.12.2018 18:42:06: _livestarted: mx7oai2v2r4z7wb3b01d2fay7c0r8m9
10.12.2018 18:42:06: _fnc_check_type_allowed: ye7p9tf38v7x0s273p68fvdf9bbcaf22f
10.12.2018 18:42:06: _fnc_vehicle_check: zlb9921c2qam252c2l7nbd2h9ed97b9ofu3oa
10.12.2018 18:42:06: _rcheckclient: ppddfybtbc3xbv7i6n3
10.12.2018 18:42:06: _rcheckserver: i8dd7w3_2pbe386x6n6j3ibh7x293ga34t609
10.12.2018 18:42:06: _waste_btn_thread: iad9bb7d7saxffas7_3yfa6
10.12.2018 21:43:07: _fnc_server_handle_mpmessage: zc0n3e2pd39210bg7k732f2n93dyab923r283
10.12.2018 21:43:07: _fnc_AdminReqReal: kk2y7u8y1sd17r7qd8f1dq7r6271a4937a6gd9dh2
10.12.2018 21:43:07: _playerObjCheckLoop: odb6dm0j9c8c7y627pdp2d19bg9h9k7g969
10.12.2018 21:43:07: _token_by_uid: tg1p4l0gd7ff7ld_661bfna276aj4b2a2cdb4
10.12.2018 21:43:07: _uid_by_token: sadmftd6bw7_a2dm1mfzaq3xd
10.12.2018 21:43:07: _name_by_uid: j7bw2y9mbofgfn4ud49
10.12.2018 21:43:07: _owner_by_uid: i_d98d7qdu7m3m343r3
10.12.2018 21:43:07: _uid_by_owner: wj6y764y2l113e3i6wfy2
10.12.2018 21:43:07: _fn_playerConnected: f0dgbe3pde9bdtbgdp9s0013dpds3h7k7
10.12.2018 21:43:07: _server_setTokenR: lz7k6t1z2c012kbo6i3wb6d27i7
10.12.2018 21:43:07: _FN_INJECT_ON_CLIENT: yxdudn2l7pfe68bp9625703b6u1
10.12.2018 21:43:07: _fnc_l_on_c: sidb2z9m940zbia_fxarfo0
10.12.2018 21:43:07: _adminStartupCode: uw3d9sb2f46xbod34fagas7
10.12.2018 21:43:07: _AHKickOFF: bkav0uawdo9e7pfd212
10.12.2018 21:43:07: _AHKickLog: q8di6o749q9q3hf9fi2w7
10.12.2018 21:43:07: _AH_RunCheckENDVAR: zc2q0v717ed3fzfq7k22d_0d8_dsakb561267s32fi1
10.12.2018 21:43:07: _AH_RunCheck: a3dcdddlb49ib33g013
10.12.2018 21:43:07: _AH_HackLogArrayRND: dcdvd94ub59p9n6i6wd534di7rd9af7
10.12.2018 21:43:07: _AH_SurvLogArrayRND: epd0a26ma58_dkbd6e1g6has348886ds233lb67j2q6
10.12.2018 21:43:07: _AH_AdmiLogArrayRND: q4ao3kd7aa0226733u70d
10.12.2018 21:43:07: _TMPBAN: bfafdm7_ff8i9ebqai6
10.12.2018 21:43:07: _fn_getTempBans: i17f2n2ldx2gd143f18c7lbkfr6b7v702_356
10.12.2018 21:43:07: _fnc_addTempBan: rma23r9nb9bid594fe3
10.12.2018 21:43:07: _fnc_removeTempBan: mc1e2u91616gdu1pa2a26b603u9b977
10.12.2018 21:43:07: _AHpos: d1dq2s749adj7tf33u6
10.12.2018 21:43:07: _adminsA: m7637x0zaodx666yd_6
10.12.2018 21:43:07: _vehicle_needs_check: vb11987q6a7_am3m8v2q7kat2cd4di2m0
10.12.2018 21:43:07: _fnc_infiSTAR_PlayerLog: e79m3f683f4r7afa9c8
10.12.2018 21:43:07: _antidupePVResVar: tu7v1q7hda3w6l9m1oddbc7k9
10.12.2018 21:43:07: _runcheck_thread: s72k648c2y9t3rbjdl74182493bkfr9j2o7
10.12.2018 21:43:07: _livestarted: c97z3t2j93badi7l7ud
10.12.2018 21:43:07: _fnc_check_type_allowed: hu7v3rdy7293a07af1b2dxby7mfd2ad4dm4_bg68dt7la
10.12.2018 21:43:07: _fnc_vehicle_check: i8749r7970dj3k6c996
10.12.2018 21:43:07: _rcheckclient: zk1w944waqddb5d6dr9dbw328
10.12.2018 21:43:07: _rcheckserver: uw36613_d5am972k6v1
10.12.2018 21:43:07: _waste_btn_thread: t51pd69g4n2wd01hau2rd24
