11.12.2018 00:35:25: [ENDING SERVER] locking server
11.12.2018 00:40:16: [ENDING SERVER] kicking players
11.12.2018 00:40:22: [ENDING SERVER] USE_SHUTDOWN = true; in your EXILE_AHAT_CONFIG.hpp
11.12.2018 00:40:22: [ENDING SERVER] server start: [2018,12,10,21,43]
11.12.2018 00:40:22: [ENDING SERVER] server end: [2018,12,11,0,40]
11.12.2018 00:40:22: [ENDING SERVER] arma3server.exe runtime: 3h 0min 6s (10806.2)
11.12.2018 00:40:22: [ENDING SERVER] mission runtime: 2h 54min 47s (10487.2)
11.12.2018 00:40:22: [ENDING SERVER] postInit runtime: 2h 58min 30s (10710.2)
11.12.2018 03:36:05: [ENDING SERVER] locking server
11.12.2018 03:41:09: [ENDING SERVER] kicking players
11.12.2018 03:41:15: [ENDING SERVER] USE_SHUTDOWN = true; in your EXILE_AHAT_CONFIG.hpp
11.12.2018 03:41:15: [ENDING SERVER] server start: [2018,12,11,0,43]
11.12.2018 03:41:15: [ENDING SERVER] server end: [2018,12,11,3,41]
11.12.2018 03:41:15: [ENDING SERVER] arma3server.exe runtime: 3h 0min 15s (10815)
11.12.2018 03:41:15: [ENDING SERVER] mission runtime: 2h 55min 12s (10511.6)
11.12.2018 03:41:15: [ENDING SERVER] postInit runtime: 2h 58min 38s (10717.8)
11.12.2018 06:36:54: [ENDING SERVER] locking server
11.12.2018 06:41:57: [ENDING SERVER] kicking players
11.12.2018 06:42:03: [ENDING SERVER] USE_SHUTDOWN = true; in your EXILE_AHAT_CONFIG.hpp
11.12.2018 06:42:03: [ENDING SERVER] server start: [2018,12,11,3,44]
11.12.2018 06:42:03: [ENDING SERVER] server end: [2018,12,11,6,42]
11.12.2018 06:42:03: [ENDING SERVER] arma3server.exe runtime: 3h 0min 11s (10811)
11.12.2018 06:42:03: [ENDING SERVER] mission runtime: 2h 55min 15s (10514.8)
11.12.2018 06:42:03: [ENDING SERVER] postInit runtime: 2h 58min 30s (10710.2)
11.12.2018 09:37:51: [ENDING SERVER] locking server
11.12.2018 09:42:40: [ENDING SERVER] kicking players
11.12.2018 09:42:46: [ENDING SERVER] USE_SHUTDOWN = true; in your EXILE_AHAT_CONFIG.hpp
11.12.2018 09:42:46: [ENDING SERVER] server start: [2018,12,11,6,45]
11.12.2018 09:42:46: [ENDING SERVER] server end: [2018,12,11,9,42]
11.12.2018 09:42:46: [ENDING SERVER] arma3server.exe runtime: 3h 0min 6s (10806.2)
11.12.2018 09:42:46: [ENDING SERVER] mission runtime: 2h 55min 14s (10514.4)
11.12.2018 09:42:46: [ENDING SERVER] postInit runtime: 2h 58min 28s (10707.6)
11.12.2018 12:38:39: [ENDING SERVER] locking server
11.12.2018 12:43:27: [ENDING SERVER] kicking players
11.12.2018 12:43:33: [ENDING SERVER] USE_SHUTDOWN = true; in your EXILE_AHAT_CONFIG.hpp
11.12.2018 12:43:33: [ENDING SERVER] server start: [2018,12,11,9,46]
11.12.2018 12:43:33: [ENDING SERVER] server end: [2018,12,11,12,43]
11.12.2018 12:43:33: [ENDING SERVER] arma3server.exe runtime: 3h 0min 8s (10808.4)
11.12.2018 12:43:33: [ENDING SERVER] mission runtime: 2h 55min 11s (10511.1)
11.12.2018 12:43:33: [ENDING SERVER] postInit runtime: 2h 58min 28s (10707.8)
11.12.2018 15:39:24: [ENDING SERVER] locking server
11.12.2018 15:44:15: [ENDING SERVER] kicking players
11.12.2018 15:44:21: [ENDING SERVER] USE_SHUTDOWN = true; in your EXILE_AHAT_CONFIG.hpp
11.12.2018 15:44:21: [ENDING SERVER] server start: [2018,12,11,12,46]
11.12.2018 15:44:21: [ENDING SERVER] server end: [2018,12,11,15,44]
11.12.2018 15:44:21: [ENDING SERVER] arma3server.exe runtime: 3h 0min 10s (10809.6)
11.12.2018 15:44:21: [ENDING SERVER] mission runtime: 2h 55min 40s (10540)
11.12.2018 15:44:21: [ENDING SERVER] postInit runtime: 2h 58min 34s (10714.2)
11.12.2018 18:40:02: [ENDING SERVER] locking server
11.12.2018 18:45:10: [ENDING SERVER] kicking players
11.12.2018 18:45:16: [ENDING SERVER] USE_SHUTDOWN = true; in your EXILE_AHAT_CONFIG.hpp
11.12.2018 18:45:16: [ENDING SERVER] server start: [2018,12,11,15,47]
11.12.2018 18:45:16: [ENDING SERVER] server end: [2018,12,11,18,45]
11.12.2018 18:45:16: [ENDING SERVER] arma3server.exe runtime: 3h 0min 17s (10816.9)
11.12.2018 18:45:16: [ENDING SERVER] mission runtime: 2h 55min 19s (10518.5)
11.12.2018 18:45:16: [ENDING SERVER] postInit runtime: 2h 58min 38s (10718.4)
11.12.2018 21:41:01: [ENDING SERVER] locking server
11.12.2018 21:46:05: [ENDING SERVER] kicking players
11.12.2018 21:46:12: [ENDING SERVER] USE_SHUTDOWN = true; in your EXILE_AHAT_CONFIG.hpp
11.12.2018 21:46:12: [ENDING SERVER] server start: [2018,12,11,18,48]
11.12.2018 21:46:12: [ENDING SERVER] server end: [2018,12,11,21,46]
11.12.2018 21:46:12: [ENDING SERVER] arma3server.exe runtime: 3h 0min 19s (10819.5)
11.12.2018 21:46:12: [ENDING SERVER] mission runtime: 2h 55min 1s (10501.1)
11.12.2018 21:46:12: [ENDING SERVER] postInit runtime: 2h 58min 40s (10719.7)
