10.12.2018 01:33:01: Connected (UID?): __SERVER__() Owner: 2
10.12.2018 03:57:07: Connected: Nagamah(76561198281315043) Owner: 4
10.12.2018 03:57:14: Connected (CLIENT_PING): Nagamah(76561198281315043) Owner: 4, SteamName: GredGress   [UpTime: 2h 22min 36s - ServerFPS: 50.1567]
10.12.2018 04:30:14: Disconnected: Nagamah(76561198281315043) Owner: 4, SteamName: GredGress
10.12.2018 04:33:47: Connected (UID?): __SERVER__() Owner: 2
10.12.2018 07:21:30: Connected: stas mizulin(76561198128902838) Owner: 4
10.12.2018 07:21:36: Connected (CLIENT_PING): stas mizulin(76561198128902838) Owner: 4, SteamName: stas mizulin   [UpTime: 2h 46min 10s - ServerFPS: 50]
10.12.2018 07:29:55: Disconnected: stas mizulin(76561198128902838) Owner: 4, SteamName: stas mizulin
10.12.2018 07:34:36: Connected (UID?): __SERVER__() Owner: 2
10.12.2018 09:00:05: Connected (UID?): __SERVER__() Owner: 2
10.12.2018 12:00:42: Connected (UID?): __SERVER__() Owner: 2
10.12.2018 14:30:45: Connected: stas mizulin(76561198128902838) Owner: 4
10.12.2018 14:30:51: Connected (CLIENT_PING): stas mizulin(76561198128902838) Owner: 4, SteamName: stas mizulin   [UpTime: 2h 28min 44s - ServerFPS: 49.8442]
10.12.2018 14:58:15: Disconnected: stas mizulin(76561198128902838) Owner: 4, SteamName: stas mizulin
10.12.2018 15:01:44: Connected (UID?): __SERVER__() Owner: 2
10.12.2018 15:02:28: Connected: stas mizulin(76561198128902838) Owner: 4
10.12.2018 15:03:42: Disconnected: stas mizulin(76561198128902838) Owner: 4, SteamName: 
10.12.2018 15:42:56: Connected (UID?): __SERVER__() Owner: 2
10.12.2018 16:02:14: Connected: Franck Idraned(76561198227507388) Owner: 4
10.12.2018 16:02:19: Connected (CLIENT_PING): Franck Idraned(76561198227507388) Owner: 4, SteamName: firesstones   [UpTime: 0h 17min 45s - ServerFPS: 49.5356]
10.12.2018 16:44:21: Disconnected: Franck Idraned(76561198227507388) Owner: 4, SteamName: firesstones
10.12.2018 17:45:22: Connected: Lazouille(76561197981840743) Owner: 6
10.12.2018 17:46:04: Connected (CLIENT_PING): Lazouille(76561197981840743) Owner: 6, SteamName: Lazouille   [UpTime: 2h 1min 17s - ServerFPS: 49.8442]
10.12.2018 17:48:16: Disconnected: Lazouille(76561197981840743) Owner: 6, SteamName: Lazouille
10.12.2018 17:57:24: Connected: dado(76561198044866508) Owner: 7
10.12.2018 17:57:26: Connected (CLIENT_PING): dado(76561198044866508) Owner: 7, SteamName: DADO   [UpTime: 2h 12min 39s - ServerFPS: 50.3145]
10.12.2018 17:58:11: Connected: Lazouille(76561197981840743) Owner: 8
10.12.2018 17:58:13: Connected (CLIENT_PING): Lazouille(76561197981840743) Owner: 8, SteamName: Lazouille   [UpTime: 2h 13min 25s - ServerFPS: 49.2308]
10.12.2018 17:59:08: Connected: v1(76561198168988383) Owner: 9
10.12.2018 17:59:13: Connected (CLIENT_PING): v1(76561198168988383) Owner: 9, SteamName: dadoprso76   [UpTime: 2h 14min 24s - ServerFPS: 47.0588]
10.12.2018 18:13:53: Disconnected: dado(76561198044866508) Owner: 7, SteamName: DADO
10.12.2018 18:14:10: Connected: dado(76561198044866508) Owner: 10
10.12.2018 18:14:11: Connected (CLIENT_PING): dado(76561198044866508) Owner: 10, SteamName: DADO   [UpTime: 2h 29min 22s - ServerFPS: 50.4732]
10.12.2018 18:28:59: Disconnected: v1(76561198168988383) Owner: 9, SteamName: dadoprso76
10.12.2018 18:29:03: Disconnected: Lazouille(76561197981840743) Owner: 8, SteamName: Lazouille
10.12.2018 18:30:48: Disconnected: dado(76561198044866508) Owner: 10, SteamName: DADO
10.12.2018 18:42:10: Connected (UID?): __SERVER__() Owner: 2
10.12.2018 18:42:31: Connected: Lazouille(76561197981840743) Owner: 4
10.12.2018 18:42:31: Connected: dado(76561198044866508) Owner: 5
10.12.2018 18:42:33: Connected (CLIENT_PING): Lazouille(76561197981840743) Owner: 4, SteamName: Lazouille   [UpTime: 0h 0min 9s - ServerFPS: 42.328]
10.12.2018 18:42:34: Connected (CLIENT_PING): dado(76561198044866508) Owner: 5, SteamName: DADO   [UpTime: 0h 0min 9s - ServerFPS: 37.8251]
10.12.2018 18:44:20: Disconnected: dado(76561198044866508) Owner: 5, SteamName: DADO
10.12.2018 18:44:20: Disconnected: Lazouille(76561197981840743) Owner: 4, SteamName: Lazouille
10.12.2018 18:44:33: Connected: dado(76561198044866508) Owner: 7
10.12.2018 18:44:34: Connected: v1(76561198168988383) Owner: 6
10.12.2018 18:44:37: Connected (CLIENT_PING): dado(76561198044866508) Owner: 7, SteamName: DADO   [UpTime: 0h 0min 49s - ServerFPS: 19.2308]
10.12.2018 18:44:37: Connected: Lazouille(76561197981840743) Owner: 8
10.12.2018 18:44:41: Connected (CLIENT_PING): Lazouille(76561197981840743) Owner: 8, SteamName: Lazouille   [UpTime: 0h 0min 54s - ServerFPS: 48.7805]
10.12.2018 18:44:49: Connected (CLIENT_PING): v1(76561198168988383) Owner: 6, SteamName: dadoprso76   [UpTime: 0h 1min 1s - ServerFPS: 50.1567]
10.12.2018 18:51:39: Disconnected: dado(76561198044866508) Owner: 7, SteamName: DADO
10.12.2018 18:51:54: Connected: dado(76561198044866508) Owner: 9
10.12.2018 18:51:56: Connected (CLIENT_PING): dado(76561198044866508) Owner: 9, SteamName: DADO   [UpTime: 0h 8min 6s - ServerFPS: 43.5967]
10.12.2018 18:52:17: Disconnected: dado(76561198044866508) Owner: 9, SteamName: DADO
10.12.2018 18:52:34: Connected: dado(76561198044866508) Owner: 10
10.12.2018 18:52:37: Connected (CLIENT_PING): dado(76561198044866508) Owner: 10, SteamName: DADO   [UpTime: 0h 8min 45s - ServerFPS: 43.2432]
10.12.2018 18:53:54: Disconnected: dado(76561198044866508) Owner: 10, SteamName: DADO
10.12.2018 18:54:10: Connected: dado(76561198044866508) Owner: 11
10.12.2018 18:54:11: Connected (CLIENT_PING): dado(76561198044866508) Owner: 11, SteamName: DADO   [UpTime: 0h 10min 19s - ServerFPS: 49.2308]
10.12.2018 18:54:43: Disconnected: dado(76561198044866508) Owner: 11, SteamName: DADO
10.12.2018 18:54:58: Connected: dado(76561198044866508) Owner: 12
10.12.2018 18:55:01: Connected (CLIENT_PING): dado(76561198044866508) Owner: 12, SteamName: DADO   [UpTime: 0h 11min 9s - ServerFPS: 41.9948]
10.12.2018 18:56:04: Disconnected: dado(76561198044866508) Owner: 12, SteamName: DADO
10.12.2018 18:56:20: Connected: dado(76561198044866508) Owner: 13
10.12.2018 18:56:21: Connected (CLIENT_PING): dado(76561198044866508) Owner: 13, SteamName: DADO   [UpTime: 0h 12min 28s - ServerFPS: 46.5116]
10.12.2018 18:57:07: Disconnected: dado(76561198044866508) Owner: 13, SteamName: DADO
10.12.2018 18:57:23: Connected: dado(76561198044866508) Owner: 14
10.12.2018 18:57:25: Connected (CLIENT_PING): dado(76561198044866508) Owner: 14, SteamName: DADO   [UpTime: 0h 13min 30s - ServerFPS: 45.584]
10.12.2018 18:58:11: Disconnected: dado(76561198044866508) Owner: 14, SteamName: DADO
10.12.2018 18:58:31: Connected: dado(76561198044866508) Owner: 15
10.12.2018 18:58:34: Connected (CLIENT_PING): dado(76561198044866508) Owner: 15, SteamName: DADO   [UpTime: 0h 14min 39s - ServerFPS: 35.4767]
10.12.2018 19:00:11: Disconnected: dado(76561198044866508) Owner: 15, SteamName: DADO
10.12.2018 19:00:30: Connected: dado(76561198044866508) Owner: 16
10.12.2018 19:00:32: Connected (CLIENT_PING): dado(76561198044866508) Owner: 16, SteamName: DADO   [UpTime: 0h 16min 37s - ServerFPS: 41.6667]
10.12.2018 19:00:52: Disconnected: dado(76561198044866508) Owner: 16, SteamName: DADO
10.12.2018 19:01:08: Connected: dado(76561198044866508) Owner: 17
10.12.2018 19:01:09: Connected (CLIENT_PING): dado(76561198044866508) Owner: 17, SteamName: DADO   [UpTime: 0h 17min 14s - ServerFPS: 40.5063]
10.12.2018 19:01:23: Disconnected: dado(76561198044866508) Owner: 17, SteamName: DADO
10.12.2018 19:01:39: Connected: dado(76561198044866508) Owner: 18
10.12.2018 19:01:40: Connected (CLIENT_PING): dado(76561198044866508) Owner: 18, SteamName: DADO   [UpTime: 0h 17min 45s - ServerFPS: 42.7808]
10.12.2018 19:01:59: Disconnected: dado(76561198044866508) Owner: 18, SteamName: DADO
10.12.2018 19:03:14: Connected: dado(76561198044866508) Owner: 19
10.12.2018 19:03:16: Connected (CLIENT_PING): dado(76561198044866508) Owner: 19, SteamName: DADO   [UpTime: 0h 19min 20s - ServerFPS: 43.1267]
10.12.2018 19:03:27: Disconnected: dado(76561198044866508) Owner: 19, SteamName: DADO
10.12.2018 19:03:43: Connected: dado(76561198044866508) Owner: 20
10.12.2018 19:03:46: Connected (CLIENT_PING): dado(76561198044866508) Owner: 20, SteamName: DADO   [UpTime: 0h 19min 50s - ServerFPS: 36.9515]
10.12.2018 19:03:53: Disconnected: dado(76561198044866508) Owner: 20, SteamName: DADO
10.12.2018 19:04:36: Connected: dado(76561198044866508) Owner: 21
10.12.2018 19:04:38: Connected (CLIENT_PING): dado(76561198044866508) Owner: 21, SteamName: DADO   [UpTime: 0h 20min 41s - ServerFPS: 36.6972]
10.12.2018 19:04:55: Disconnected: dado(76561198044866508) Owner: 21, SteamName: DADO
10.12.2018 19:05:12: Connected: dado(76561198044866508) Owner: 22
10.12.2018 19:05:14: Connected (CLIENT_PING): dado(76561198044866508) Owner: 22, SteamName: DADO   [UpTime: 0h 21min 18s - ServerFPS: 39.5062]
10.12.2018 19:05:33: Disconnected: dado(76561198044866508) Owner: 22, SteamName: DADO
10.12.2018 19:05:54: Connected: dado(76561198044866508) Owner: 23
10.12.2018 19:05:56: Connected (CLIENT_PING): dado(76561198044866508) Owner: 23, SteamName: DADO   [UpTime: 0h 21min 59s - ServerFPS: 36.5297]
10.12.2018 19:08:28: Disconnected: dado(76561198044866508) Owner: 23, SteamName: DADO
10.12.2018 19:08:44: Connected: dado(76561198044866508) Owner: 24
10.12.2018 19:08:48: Connected (CLIENT_PING): dado(76561198044866508) Owner: 24, SteamName: DADO   [UpTime: 0h 24min 50s - ServerFPS: 37.9147]
10.12.2018 19:27:38: Connected: Demize86(76561198054121657) Owner: 25
10.12.2018 19:27:43: Connected (CLIENT_PING): Demize86(76561198054121657) Owner: 25, SteamName: Demize   [UpTime: 0h 43min 15s - ServerFPS: 8.61141]
10.12.2018 19:33:14: Disconnected: Demize86(76561198054121657) Owner: 25, SteamName: Demize
10.12.2018 19:36:40: Connected: Julius(76561198020201324) Owner: 26
10.12.2018 19:36:44: Connected (CLIENT_PING): Julius(76561198020201324) Owner: 26, SteamName: Netzouille La Couille   [UpTime: 0h 52min 11s - ServerFPS: 22.792]
10.12.2018 20:03:43: Connected: bossk(76561198190661319) Owner: 27
10.12.2018 20:03:49: Connected (CLIENT_PING): bossk(76561198190661319) Owner: 27, SteamName: bossky111   [UpTime: 1h 19min 6s - ServerFPS: 32.3887]
10.12.2018 20:18:33: Disconnected: Lazouille(76561197981840743) Owner: 8, SteamName: Lazouille
10.12.2018 20:18:56: Connected: Lazouille(76561197981840743) Owner: 28
10.12.2018 20:18:59: Connected (CLIENT_PING): Lazouille(76561197981840743) Owner: 28, SteamName: Lazouille   [UpTime: 1h 34min 14s - ServerFPS: 34.9345]
10.12.2018 20:27:16: Connected: Franck Idraned(76561198227507388) Owner: 30
10.12.2018 20:27:23: Connected (CLIENT_PING): Franck Idraned(76561198227507388) Owner: 30, SteamName: firesstones   [UpTime: 1h 42min 37s - ServerFPS: 43.0108]
10.12.2018 21:12:40: Disconnected: v1(76561198168988383) Owner: 6, SteamName: dadoprso76
10.12.2018 21:13:53: Disconnected: Lazouille(76561197981840743) Owner: 28, SteamName: Lazouille
10.12.2018 21:14:19: Connected: Lazouille(76561197981840743) Owner: 31
10.12.2018 21:14:21: Connected (CLIENT_PING): Lazouille(76561197981840743) Owner: 31, SteamName: Lazouille   [UpTime: 2h 29min 15s - ServerFPS: 19.1617]
10.12.2018 21:19:35: Disconnected: bossk(76561198190661319) Owner: 27, SteamName: bossky111
10.12.2018 21:25:15: Disconnected: dado(76561198044866508) Owner: 24, SteamName: DADO
10.12.2018 21:37:38: Disconnected: Julius(76561198020201324) Owner: 26, SteamName: Netzouille La Couille
10.12.2018 21:38:29: Disconnected: Lazouille(76561197981840743) Owner: 31, SteamName: Lazouille
10.12.2018 21:38:35: Disconnected: Franck Idraned(76561198227507388) Owner: 30, SteamName: firesstones
10.12.2018 21:43:12: Connected (UID?): __SERVER__() Owner: 2
10.12.2018 21:43:33: Connected: Lazouille(76561197981840743) Owner: 5
10.12.2018 21:43:35: Connected (CLIENT_PING): Lazouille(76561197981840743) Owner: 5, SteamName: Lazouille   [UpTime: 0h 0min 10s - ServerFPS: 31.1284]
10.12.2018 21:43:44: Connected: Franck Idraned(76561198227507388) Owner: 6
10.12.2018 21:43:52: Connected (CLIENT_PING): Franck Idraned(76561198227507388) Owner: 6, SteamName: firesstones   [UpTime: 0h 0min 26s - ServerFPS: 39.604]
10.12.2018 21:45:22: Connected: Slump(76561197969481938) Owner: 4
10.12.2018 21:45:26: Connected (CLIENT_PING): Slump(76561197969481938) Owner: 4, SteamName: Topper-Harley   [UpTime: 0h 0min 41s - ServerFPS: 0.199755]
10.12.2018 21:58:51: Connected: dado(76561198044866508) Owner: 7
10.12.2018 21:58:54: Connected (CLIENT_PING): dado(76561198044866508) Owner: 7, SteamName: DADO   [UpTime: 0h 14min 1s - ServerFPS: 49.8442]
10.12.2018 21:59:51: Disconnected: Lazouille(76561197981840743) Owner: 5, SteamName: Lazouille
10.12.2018 22:00:15: Connected: v1(76561198168988383) Owner: 8
10.12.2018 22:00:17: Connected (CLIENT_PING): v1(76561198168988383) Owner: 8, SteamName: dadoprso76   [UpTime: 0h 15min 24s - ServerFPS: 47.1976]
10.12.2018 22:06:41: Connected: Julius(76561198020201324) Owner: 9
10.12.2018 22:06:46: Connected (CLIENT_PING): Julius(76561198020201324) Owner: 9, SteamName: Netzouille La Couille   [UpTime: 0h 21min 51s - ServerFPS: 42.8954]
10.12.2018 22:21:33: Disconnected: dado(76561198044866508) Owner: 7, SteamName: DADO
10.12.2018 22:21:58: Connected: dado(76561198044866508) Owner: 10
10.12.2018 22:22:02: Connected (CLIENT_PING): dado(76561198044866508) Owner: 10, SteamName: DADO   [UpTime: 0h 36min 57s - ServerFPS: 16.444]
10.12.2018 22:22:28: Disconnected: dado(76561198044866508) Owner: 10, SteamName: DADO
10.12.2018 22:22:44: Connected: dado(76561198044866508) Owner: 11
10.12.2018 22:22:45: Connected (CLIENT_PING): dado(76561198044866508) Owner: 11, SteamName: DADO   [UpTime: 0h 37min 39s - ServerFPS: 16.6493]
10.12.2018 22:23:29: Disconnected: dado(76561198044866508) Owner: 11, SteamName: DADO
10.12.2018 22:23:44: Connected: dado(76561198044866508) Owner: 12
10.12.2018 22:23:47: Connected (CLIENT_PING): dado(76561198044866508) Owner: 12, SteamName: DADO   [UpTime: 0h 38min 40s - ServerFPS: 17.4672]
10.12.2018 22:38:59: Disconnected: dado(76561198044866508) Owner: 12, SteamName: DADO
10.12.2018 22:39:15: Connected: dado(76561198044866508) Owner: 13
10.12.2018 22:39:17: Connected (CLIENT_PING): dado(76561198044866508) Owner: 13, SteamName: DADO   [UpTime: 0h 54min 5s - ServerFPS: 20.0753]
10.12.2018 23:28:41: Disconnected: v1(76561198168988383) Owner: 8, SteamName: dadoprso76
10.12.2018 23:28:59: Connected: v1(76561198168988383) Owner: 14
10.12.2018 23:29:02: Connected (CLIENT_PING): v1(76561198168988383) Owner: 14, SteamName: dadoprso76   [UpTime: 1h 43min 41s - ServerFPS: 42.4403]
10.12.2018 23:40:17: Disconnected: Franck Idraned(76561198227507388) Owner: 6, SteamName: firesstones
10.12.2018 23:55:32: Disconnected: Julius(76561198020201324) Owner: 9, SteamName: Netzouille La Couille
