12.12.2018 00:31:03: _fnc_server_handle_mpmessage: xo1x3gdvdj1d7_6hds9gb2ad789d327l2qd
12.12.2018 00:31:03: _fnc_AdminReqReal: jr7o2790bl9k209md4dc3fbu9a7q4f309fb
12.12.2018 00:31:03: _playerObjCheckLoop: q_b82a9obhfwb1d2de6qd
12.12.2018 00:31:03: _token_by_uid: xga68qdh9ub61z7h4i7_3
12.12.2018 00:31:03: _uid_by_token: e1183p7u97dc42962n3odedg777cd
12.12.2018 00:31:03: _name_by_uid: jadl2w642m9q6bd6dp769nd4dm2fbt7ddsfxb
12.12.2018 00:31:03: _owner_by_uid: oc7td6fja56earfa3270dd0_2b2439d028f
12.12.2018 00:31:03: _uid_by_owner: u87a9l677h98fm6y4efxa
12.12.2018 00:31:03: _fn_playerConnected: ag7x6qbda38n3uavf6dr0ffc7e8e1x27bk44a
12.12.2018 00:31:03: _server_setTokenR: zu7i22fw9gbw046pakf
12.12.2018 00:31:03: _FN_INJECT_ON_CLIENT: h996b2dr7l7fb5b1f73
12.12.2018 00:31:03: _fnc_l_on_c: sb2q0gdq2kfe6u6ibd9
12.12.2018 00:31:03: _adminStartupCode: fv39abby7a766aazdn719v66bedd3y31a66
12.12.2018 00:31:03: _AHKickOFF: gn773h9c694wfa6n9f21dld_0lax7z77b21
12.12.2018 00:31:03: _AHKickLog: sv090a43djb3f6dv3bdg6m911
12.12.2018 00:31:03: _AH_RunCheckENDVAR: cn76dq1sdq881zbwfq7o95fwbh339n2idf9b3qd3a
12.12.2018 00:31:03: _AH_RunCheck: ng4t22b77y15dtbj3972d9168o8b298zd8ds1p7rdj0
12.12.2018 00:31:03: _AH_HackLogArrayRND: madcb1bg2q3tdgbta44xf6be2
12.12.2018 00:31:03: _AH_SurvLogArrayRND: fk3id1ddda962m9t7u8i368j662ufbb9a06h7
12.12.2018 00:31:03: _AH_AdmiLogArrayRND: tn37b_d9ax1odqbr9n0zbh3
12.12.2018 00:31:03: _TMPBAN: l54ufk3_9e3m2_dl3wdddedfag6e7b341
12.12.2018 00:31:03: _fn_getTempBans: ws3r1_arbpar7gaw1z3
12.12.2018 00:31:03: _fnc_addTempBan: sh3cded7dj7t3h3t96d
12.12.2018 00:31:03: _fnc_removeTempBan: m93i3ffg3ca2329x27dk90dk8pd16vd3bn9n7
12.12.2018 00:31:04: _AHpos: umfy99fe8qakb93p7_a
12.12.2018 00:31:04: _adminsA: w71oam3zbq4xa1640_9g447
12.12.2018 00:31:04: _vehicle_needs_check: ak2b29112_f70q7mfd9pb73396dg0694bb7x9t2_2ob53
12.12.2018 00:31:04: _fnc_infiSTAR_PlayerLog: zq3569751ia3fgbl7i19bebl4l75faah2
12.12.2018 00:31:04: _antidupePVResVar: ji2rdsdk3d6s3ibyay42deded
12.12.2018 00:31:04: _runcheck_thread: inb93g727i0ifn8_bd6q80d
12.12.2018 00:31:04: _livestarted: n7fz788t24b87o0wdldc3t1z9hda1dbb7
12.12.2018 00:31:04: _fnc_check_type_allowed: ls95dc7i9ydxb_6h1m3z8odpap2
12.12.2018 00:31:04: _fnc_vehicle_check: iv8ubw2o3cb92c3c993iakbl9c7ndo1vdr7x94693d7g7
12.12.2018 00:31:04: _rcheckclient: ls771w6idc173y3wdv34301vb518d2356
12.12.2018 00:31:04: _rcheckserver: to4124731u8wd03pb66u266ufa0va7al2o9
12.12.2018 00:31:04: _waste_btn_thread: rsa9dsdk7cdldybr6gbtau8
12.12.2018 00:51:47: _fnc_server_handle_mpmessage: pb1xd89a2z0_653w3k6
12.12.2018 00:51:47: _fnc_AdminReqReal: r1d41ydidmdi69fpd3d66r6a701n6h2i3aaod
12.12.2018 00:51:47: _playerObjCheckLoop: mpbt7t389wd0bx0e988
12.12.2018 00:51:47: _token_by_uid: d73_66dt9qdpdk68bc2
12.12.2018 00:51:47: _uid_by_token: bi4h2qbv2k356z6ldh99am7bbddv7p2yanf1dh3a6hb
12.12.2018 00:51:47: _name_by_uid: k6254t92ab927qa4a5b
12.12.2018 00:51:48: _owner_by_uid: lg1n3z71fd4w4k95fzbga
12.12.2018 00:51:48: _uid_by_owner: tjai8edj74957vfr2b30fm7kf3617ld66
12.12.2018 00:51:48: _fn_playerConnected: zz3jdd9qd_ay7935fi6h7wdv7wf61r3891b5dq91d
12.12.2018 00:51:48: _server_setTokenR: b8dw9gdh0r723ab72j8i776
12.12.2018 00:51:48: _FN_INJECT_ON_CLIENT: mz69fa3o3i0f387ebt2
12.12.2018 00:51:48: _fnc_l_on_c: us3f3haj2b36av9b680
12.12.2018 00:51:48: _adminStartupCode: b467744t081o3i69fa76d73
12.12.2018 00:51:48: _AHKickOFF: s_9tbpdr9f2b2n6p24b
12.12.2018 00:51:48: _AHKickLog: xrbg6v3l4_7m739dd93gd
12.12.2018 00:51:48: _AH_RunCheckENDVAR: yfbj7zam2768b0bzb_f
12.12.2018 00:51:48: _AH_RunCheck: bt6x742xdq7mfh45b53v2fb3az7ya7656
12.12.2018 00:51:48: _AH_HackLogArrayRND: ht7q2sdn7t0k378e76drdud7az7r8o1f6t3s7
12.12.2018 00:51:48: _AH_SurvLogArrayRND: lebo7v7o4d1n3u7c7bd
12.12.2018 00:51:48: _AH_AdmiLogArrayRND: x7dd2xf0bv1q3m103aba8v7
12.12.2018 00:51:48: _TMPBAN: vudjb610br76fz219l7
12.12.2018 00:51:48: _fn_getTempBans: w7bg8ndv7r4kd63mb768772bbu2p1j1k6j9j1j1i1d1
12.12.2018 00:51:48: _fnc_addTempBan: mo4edt1obx3k2z7s2_2o7kd_8o2q9
12.12.2018 00:51:48: _fnc_removeTempBan: m37o98bhdm7qf46i3u9t6z6i1u9n9s2_dl6
12.12.2018 00:51:48: _AHpos: lv7n3q6hfw2udu9x7pfydabg2x7081b67s4n1
12.12.2018 00:51:48: _adminsA: a2728uf33hbe3cbg3a6z7ubq1n7
12.12.2018 00:51:48: _vehicle_needs_check: zv2i7fal9b35dmbr3aab1m2bb_6r4xbe451
12.12.2018 00:51:48: _fnc_infiSTAR_PlayerLog: lf7d2h7l1udt7iddfp7zdy3
12.12.2018 00:51:48: _antidupePVResVar: r4262x9qbg7pf_bp2tbva294ff8e16fi1kbu80dtd
12.12.2018 00:51:48: _runcheck_thread: hr4_61dedy2wd104br1
12.12.2018 00:51:48: _livestarted: ie3u6ibf9bfg7udq3n6
12.12.2018 00:51:48: _fnc_check_type_allowed: i17a9c4y1ddaa2801x3d2h756zdi1u4db
12.12.2018 00:51:48: _fnc_vehicle_check: rw2u842qdk7r3k2p6ja
12.12.2018 00:51:48: _rcheckclient: kmf8769_7h9i3_4u80741n2j747t64b89pfk8adz6j9bf
12.12.2018 00:51:48: _rcheckserver: p9d6br809vf7f2dl7l9k3i10187x3_2a753k3
12.12.2018 00:51:48: _waste_btn_thread: ywdnd2d_688zdsaiaa7z614c7s103
