11.12.2018 00:43:51: _fnc_server_handle_mpmessage: in2ids3jdj7ca11d9x00dv9j2w2af26n1i1g9
11.12.2018 00:43:51: _fnc_AdminReqReal: vn4d93av90aadf339_dkbb4pas0tdd6pah7s0ad09
11.12.2018 00:43:51: _playerObjCheckLoop: r268b68cd_9hada93t3
11.12.2018 00:43:51: _token_by_uid: dldeaqdq2g90dl9q1n2x33bb4pbr1
11.12.2018 00:43:51: _uid_by_token: ms3gd7ap0v9f2pdl2d1q7i7waxfxb27338a79m6gb4739
11.12.2018 00:43:51: _name_by_uid: a_d09872fi9g2ebeftd
11.12.2018 00:43:51: _owner_by_uid: txds6_8gapar9j902k4
11.12.2018 00:43:51: _uid_by_owner: l86z9md54pde0f6ma30t8od611am9o1p7fdv7wav4
11.12.2018 00:43:51: _fn_playerConnected: wodh6qd8bwdq2bfmdkb
11.12.2018 00:43:51: _server_setTokenR: s1d2bj3mdg0m02aa9xdj1z3c3d6
11.12.2018 00:43:51: _FN_INJECT_ON_CLIENT: az9bd02w339_4k3odqf0f79o39bz94232d621q867
11.12.2018 00:43:51: _fnc_l_on_c: wz3yan94ab1f7_fgfb9
11.12.2018 00:43:51: _adminStartupCode: pc7y72dl34d26bdk2z6
11.12.2018 00:43:51: _AHKickOFF: px974z336l3p0qatai684nbsd
11.12.2018 00:43:51: _AHKickLog: tja2434ca13n8x09fx7m99de0x6f1
11.12.2018 00:43:51: _AH_RunCheckENDVAR: rr248vd82wd0bp6gbqdh7j7_bmaydx7
11.12.2018 00:43:51: _AH_RunCheck: c5bt4mdb3n9d7nf5bqfhdh7x9c7vavb
11.12.2018 00:43:51: _AH_HackLogArrayRND: mo3adofb6i2jba7405dgbg9pdg317odl96dc6p6
11.12.2018 00:43:51: _AH_SurvLogArrayRND: vo1k4c9db902d5bma74ubfahflauf0b3dodob
11.12.2018 00:43:51: _AH_AdmiLogArrayRND: t0b0di0kbsb2d2dob17x6a627cb
11.12.2018 00:43:51: _TMPBAN: ibav722h9i7hfqfj76651s9n1gdxbu7
11.12.2018 00:43:51: _fn_getTempBans: oq26fz7adtd62l3r9yac3363380
11.12.2018 00:43:51: _fnc_addTempBan: zb6sau2l91f7281e8v9sbe3v8ed7dj1sa
11.12.2018 00:43:51: _fnc_removeTempBan: xu9h9a807h649r0_3y7
11.12.2018 00:43:51: _AHpos: gn79do33dmb67a33a07
11.12.2018 00:43:51: _adminsA: kaax2c2b2gbj1e7wfy4374dw0h3bb
11.12.2018 00:43:51: _vehicle_needs_check: re9xfob3bn8cba079od
11.12.2018 00:43:51: _fnc_infiSTAR_PlayerLog: qh3a7_2_bedmdofd837
11.12.2018 00:43:51: _antidupePVResVar: ze0j7426dmbk78dd9qbp7wfbfsdybjb
11.12.2018 00:43:51: _runcheck_thread: l59o2q1a2i3_8s60f12m393k4db91
11.12.2018 00:43:51: _livestarted: xh9gfl9v2g1c2z2s05b
11.12.2018 00:43:51: _fnc_check_type_allowed: ipdlay6d7z3d7d722sdv7xbs3c7982aj1m1w2_0
11.12.2018 00:43:51: _fnc_vehicle_check: n1dofhd77vd5bz6md_9u6hdd3
11.12.2018 00:43:51: _rcheckclient: f43hd5dpfn1z722yaq203f3k2sbbdq622u4w9vbsd
11.12.2018 00:43:51: _rcheckserver: so2a7066080n3u3lb_ava2d2ddff3ff
11.12.2018 00:43:51: _waste_btn_thread: yu7kdd3d3x7b64do7ub
11.12.2018 03:44:48: _fnc_server_handle_mpmessage: p5a61g1g1o6tdl977sb
11.12.2018 03:44:48: _fnc_AdminReqReal: wia8391hdpdy6g3zdfa
11.12.2018 03:44:48: _playerObjCheckLoop: y86q7qfla21sfc2k6dd
11.12.2018 03:44:48: _token_by_uid: ho789x6w6yd03kdv2t09f7dpfr4jau280g7
11.12.2018 03:44:48: _uid_by_token: y67zara5dadg3r3eayad1a2h43fkfb4tf
11.12.2018 03:44:48: _name_by_uid: ca9y6q62bt9q1f60dsdr7t1h2
11.12.2018 03:44:48: _owner_by_uid: vc2g318bf474953a3mbk7a3_1_7jbn9_a
11.12.2018 03:44:48: _uid_by_owner: ab77bw7fbs6c77952j854yfp7wdb6k1
11.12.2018 03:44:48: _fn_playerConnected: pdb868fwdm7nd1f7702nf9dd7bfy2475be9r2fdrf
11.12.2018 03:44:48: _server_setTokenR: x9djbg136p901_bod46
11.12.2018 03:44:48: _FN_INJECT_ON_CLIENT: dcfn32432faq6_dp3u7y70b_de1pb
11.12.2018 03:44:48: _fnc_l_on_c: s3dpd11e0d97729l7db
11.12.2018 03:44:48: _adminStartupCode: o6dgfed_6vfe1o1c2o7ed
11.12.2018 03:44:48: _AHKickOFF: ni0dd91c6p9qbw38411r369q95f22ndnda3l792idyd
11.12.2018 03:44:48: _AHKickLog: zuda792tdj2k6pb0b667f4f02w2dby7g7d6
11.12.2018 03:44:48: _AH_RunCheckENDVAR: zj29017e7r1_a8f7dd7b66768_2w81drab6
11.12.2018 03:44:48: _AH_RunCheck: a1781edd2u1n1r1418d28n7e4n2_a34sae6
11.12.2018 03:44:48: _AH_HackLogArrayRND: t_2o9b9b3nbm1c1c9b6
11.12.2018 03:44:48: _AH_SurvLogArrayRND: icaadh9wdrd77m2w80d0ad6d231nf2fhd
11.12.2018 03:44:48: _AH_AdmiLogArrayRND: tw2l1ydpf4agby697jd
11.12.2018 03:44:48: _TMPBAN: gwdf7jd13f35bjbydg9eft9pf4003vd23h1oajbaa
11.12.2018 03:44:48: _fn_getTempBans: m21_97693m6e6odf3v6v9q9hdtf3aa1p082obr7
11.12.2018 03:44:48: _fnc_addTempBan: cc798y9q79fq3_dear7da0fr8zfndnd_7b9i0w901
11.12.2018 03:44:48: _fnc_removeTempBan: in9mf12tdx6j2aa79u2n941w9jf27
11.12.2018 03:44:48: _AHpos: zkav9221djd49ndz120o773l230202a
11.12.2018 03:44:48: _adminsA: e19o4rdq0l911t759fd
11.12.2018 03:44:48: _vehicle_needs_check: eqafdb2rac29d019b22
11.12.2018 03:44:48: _fnc_infiSTAR_PlayerLog: yk9a1jfyfb1sbl6t0w3
11.12.2018 03:44:48: _antidupePVResVar: yf9o97bf2u769m918w6vdn6xfh9x2
11.12.2018 03:44:48: _runcheck_thread: e90g2l8b3t0x37bq1t91397u617q7td57
11.12.2018 03:44:48: _livestarted: hj2gdybk2n1gd6b862bw78avbm3d9odnbmbp881
11.12.2018 03:44:48: _fnc_check_type_allowed: gr606u057g7xdf9m303
11.12.2018 03:44:48: _fnc_vehicle_check: kv66an3vdw9b2odh3hbbdzbf3zbpd12w7764bufg9
11.12.2018 03:44:48: _rcheckclient: zs4w63a11z3yfta7djfc203jb4bf1t30a29f6t1
11.12.2018 03:44:48: _rcheckserver: u0351s7x0n26fu36dca
11.12.2018 03:44:48: _waste_btn_thread: ge3_767ddvd67dbg7ibj7t2udr2w9wde3v6e6sb
11.12.2018 06:45:34: _fnc_server_handle_mpmessage: ko6d3jaudy3l2p1wbd2n6
11.12.2018 06:45:34: _fnc_AdminReqReal: ap71663l939m8ydp6n21dh2
11.12.2018 06:45:34: _playerObjCheckLoop: zsas6obi9ha_7q9a73dyamd44nbbbobq3va
11.12.2018 06:45:34: _token_by_uid: ycd_2hfn2p791t7h353
11.12.2018 06:45:34: _uid_by_token: ty7t7h3zbdda9cfrd6da1fdf0w267i693ra96g4l7o3_84dlf
11.12.2018 06:45:34: _name_by_uid: jp9k9494669j4m1td7d9dv29656td
11.12.2018 06:45:34: _owner_by_uid: siae62bf28a270b2fwax9mbl0m6x2u0yd
11.12.2018 06:45:34: _uid_by_owner: pw32ddfyfj7e7o9bdl297r751g0r2
11.12.2018 06:45:34: _fn_playerConnected: wpbg20bff4dtbr7q9g7fbf7m9i6fbjaj026h0
11.12.2018 06:45:34: _server_setTokenR: x9dr612zf6a62x9q9udz6e4
11.12.2018 06:45:34: _FN_INJECT_ON_CLIENT: s_bwbk6zfkfib4ac61a
11.12.2018 06:45:34: _fnc_l_on_c: xn8ydo7vb1b76c0p9_357
11.12.2018 06:45:34: _adminStartupCode: tpamdd7bfu1q2a0ud41jblf173df7x2h1obrd
11.12.2018 06:45:34: _AHKickOFF: ekdbfh9_2o8u2d9o83br6ab
11.12.2018 06:45:34: _AHKickLog: n17a0z9y0vda3e6x7s6
11.12.2018 06:45:34: _AH_RunCheckENDVAR: s0929qft747hdtd09sdlbb9f62d22n7vdb9c2na
11.12.2018 06:45:34: _AH_RunCheck: c2djdfdz8s1v1a3fau26dk229_ay1
11.12.2018 06:45:34: _AH_HackLogArrayRND: wqfkdqdg742c6i3273b
11.12.2018 06:45:34: _AH_SurvLogArrayRND: sw6md0bf2x622f8rdvbh36d7614
11.12.2018 06:45:34: _AH_AdmiLogArrayRND: p83f356u337mfj223xdafh4_32a
11.12.2018 06:45:34: _TMPBAN: vw1u72dufmb3aa9f6c6
11.12.2018 06:45:34: _fn_getTempBans: a22l3tdg672r2idwbt1v2tdjdwdt2qf
11.12.2018 06:45:34: _fnc_addTempBan: k8fy6y401l9h2zb917aw2
11.12.2018 06:45:34: _fnc_removeTempBan: e5did4361p7t76fnb9fndw1z4nbu2u8
11.12.2018 06:45:35: _AHpos: seb92yal7379003e6x3y90aad_8
11.12.2018 06:45:35: _adminsA: wwfgfi9h8mbd762jdbdk3i2
11.12.2018 06:45:35: _vehicle_needs_check: px8w3wd1ae6h7jf9336
11.12.2018 06:45:35: _fnc_infiSTAR_PlayerLog: kba21e7g6l682vfjar2x251_2a31bf9yb
11.12.2018 06:45:35: _antidupePVResVar: f0d33x9_bj8f27f13vbv0ndd90fc8hdz4aff852j1p6
11.12.2018 06:45:35: _runcheck_thread: wx7t6rfy3j6h1qb4031
11.12.2018 06:45:35: _livestarted: qe9q9nbv9722bwd706d16i0r7f3q21aof59
11.12.2018 06:45:35: _fnc_check_type_allowed: bm6p7y60bnaja8dp3vd
11.12.2018 06:45:35: _fnc_vehicle_check: jm1ef_6ea01cd97sfj2u6g8fdh787sfc3z7m3_d
11.12.2018 06:45:35: _rcheckclient: dvdr6n9g2k6yf827dv0d31d821f3dc9
11.12.2018 06:45:35: _rcheckserver: um7c9gb69h3fdedi0i7
11.12.2018 06:45:35: _waste_btn_thread: br6d3tb47lfi9t6g722
11.12.2018 09:46:23: _fnc_server_handle_mpmessage: bxd716az2aaq7n2y9f2
11.12.2018 09:46:23: _fnc_AdminReqReal: w_7n292n8_1w06784z9kd77y7g6gfpdtdubd7a0ybn1l8q9
11.12.2018 09:46:23: _playerObjCheckLoop: kw9l7ldab87i4md22474697v2e7f8eb02ra
11.12.2018 09:46:23: _token_by_uid: ird0d27u11dqbq6x6xdxb
11.12.2018 09:46:23: _uid_by_token: i1b67y607b6b940f3m6f3
11.12.2018 09:46:23: _name_by_uid: k53xbj6m9j6q8t0q4h9
11.12.2018 09:46:23: _owner_by_uid: o3069b3o7378du3gbb99aa7td98e7i6
11.12.2018 09:46:23: _uid_by_owner: sr68b_2e32676s00d07ua
11.12.2018 09:46:23: _fn_playerConnected: zgfm6n2j0p6c7o36bs9
11.12.2018 09:46:23: _server_setTokenR: os8c2cbp3m883rdybt3nbzdr9
11.12.2018 09:46:23: _FN_INJECT_ON_CLIENT: yrbybz783h9v3kd6fbb3d5bwaq3
11.12.2018 09:46:23: _fnc_l_on_c: jw9r6j1w2s9z7i6cfv0o3ob56ad
11.12.2018 09:46:23: _adminStartupCode: zddi2p2tbg78dr9z29dafq863h9s817l332gbh9
11.12.2018 09:46:23: _AHKickOFF: h0d38z0f322e15bw8r8n7o9t48f38w4nf
11.12.2018 09:46:23: _AHKickLog: stbt2a2zfp197d2kdo9d2a1
11.12.2018 09:46:23: _AH_RunCheckENDVAR: jm0vbi1v8b4l1ldfbw3x89a31hbq776yd7bq9s1
11.12.2018 09:46:23: _AH_RunCheck: y63w2b17dddm6x189ifg9_9edv4
11.12.2018 09:46:23: _AH_HackLogArrayRND: v26h712i4o7x2nfff81s0caw6g9q9o3i3ab
11.12.2018 09:46:23: _AH_SurvLogArrayRND: a9dlbnfx9p2o2a62267y762v2k4r2j3
11.12.2018 09:46:23: _AH_AdmiLogArrayRND: tqbe3lfk1p39beb279d
11.12.2018 09:46:23: _TMPBAN: j923d929b_411h609p7hba3_4g8gfu0i2xax47fndt1
11.12.2018 09:46:23: _fn_getTempBans: sadudm9z6tbo2o9ea5209328b62626d07aa
11.12.2018 09:46:23: _fnc_addTempBan: zgbpdw2sd31g3gbof379f317bx7vd
11.12.2018 09:46:23: _fnc_removeTempBan: j_bj46dgbod_f2b_1m7
11.12.2018 09:46:23: _AHpos: wz2f7f2k9p0o7h7ade0ib11zdh6c3
11.12.2018 09:46:23: _adminsA: umb733dy66747fdc8v047y67b
11.12.2018 09:46:23: _vehicle_needs_check: bv7m7d389od4fp29d1d37zdmfn6x3z2i2n806qa
11.12.2018 09:46:23: _fnc_infiSTAR_PlayerLog: ah9o929e7k9qd7de6t7v1y2
11.12.2018 09:46:23: _antidupePVResVar: f02namdod7bc28at33d6dtfpbzbi617qbfab9
11.12.2018 09:46:23: _runcheck_thread: ur0v93dw2n7k1par296
11.12.2018 09:46:23: _livestarted: ik4g380c1q95bxdr89ag3x7q3p3pd
11.12.2018 09:46:23: _fnc_check_type_allowed: hff06sakdv7r3d9g1f9z766
11.12.2018 09:46:23: _fnc_vehicle_check: tnaede3_4s6na5aiddd3d39n1d0q6l976md57
11.12.2018 09:46:23: _rcheckclient: rfdy6_93dhf_dd9waw8j9y1l2qd
11.12.2018 09:46:23: _rcheckserver: ox3_7o49bzdo2y973wa01_6xah1b3_7
11.12.2018 09:46:23: _waste_btn_thread: bf123u3gby85daa_d43odz7
11.12.2018 12:46:59: _fnc_server_handle_mpmessage: qq0b02bq137s6c0abm3
11.12.2018 12:46:59: _fnc_AdminReqReal: xqdh379i7v8h3uadd7bn7g1jdb7nbq3h3pboa
11.12.2018 12:46:59: _playerObjCheckLoop: bjdg902tfl6g6katbx2q64fh7x9ndvfs2q3197d
11.12.2018 12:46:59: _token_by_uid: l5977g2b6w1w7td2dybh9v7
11.12.2018 12:46:59: _uid_by_token: wz4j198x7jbkarf22z2d8nbuatb5bs6sab3_2zb
11.12.2018 12:46:59: _name_by_uid: eud72zbi83d5389gb33k27b664bf7l8p0_152
11.12.2018 12:46:59: _owner_by_uid: b80f68br0hdr3z3c787jaodbf_2ubvfy774ld33
11.12.2018 12:46:59: _uid_by_owner: c9306v7_ft303r4uf2d66p3
11.12.2018 12:46:59: _fn_playerConnected: cob81afs769wbxd4b_7od_aga2d
11.12.2018 12:46:59: _server_setTokenR: m76abx3r182b7l6q3vdk1g6ubj3f9r442odgav8p6
11.12.2018 12:46:59: _FN_INJECT_ON_CLIENT: p7bj6m71d09f6paqa13yb01l3la61
11.12.2018 12:46:59: _fnc_l_on_c: j_3udo7z1v9f2e337qdjaebg7o2xbd4o2a2dbe73bjd
11.12.2018 12:46:59: _adminStartupCode: o573ayfl6p0a6l7i7m2
11.12.2018 12:46:59: _AHKickOFF: lo8785ar236o853l9lah77dv254m6x3bf
11.12.2018 12:46:59: _AHKickLog: p93g1l0hdibual2cf52
11.12.2018 12:46:59: _AH_RunCheckENDVAR: r3d87j7f6a95dc9s1rf9fx3bf
11.12.2018 12:46:59: _AH_RunCheck: mc11f_123zdj4y6r1qbg942_2f2168bl6yd36ua
11.12.2018 12:46:59: _AH_HackLogArrayRND: j98w3g2z307y8f782_7lfb9
11.12.2018 12:46:59: _AH_SurvLogArrayRND: ik38384p783zdo7oai117n1v01bga_f66
11.12.2018 12:46:59: _AH_AdmiLogArrayRND: q1673p7jdb1q4udu6f69bc3mbn7xaj9s3m20b34
11.12.2018 12:46:59: _TMPBAN: u13m24am6lfbasdn2s361mds2c7
11.12.2018 12:46:59: _fn_getTempBans: vq7ndrfp9fbp6f7yd73k3
11.12.2018 12:46:59: _fnc_addTempBan: ua9iald84g253qfma72sa
11.12.2018 12:46:59: _fnc_removeTempBan: j9d3dbag9qbeaz6834bc7ld3aw1bdmfg7a6f0obtd
11.12.2018 12:46:59: _AHpos: b_bj2p6ode6e8a2_fq2m6y6w2
11.12.2018 12:46:59: _adminsA: uq9qf525btd8bp2xf29yb
11.12.2018 12:46:59: _vehicle_needs_check: my3nf53279a5ds2h7_7
11.12.2018 12:46:59: _fnc_infiSTAR_PlayerLog: x98b1t0oba4s2h6wajdpdl1r32289bfkdob
11.12.2018 12:46:59: _antidupePVResVar: f89k6odb9bd06n7j2f2o6kbw41342t39aef3bs7
11.12.2018 12:46:59: _runcheck_thread: yu240r68217s1qdh4k9l2x1cdcdg1
11.12.2018 12:46:59: _livestarted: g7dn6ibtbx318gdy1j8wd57x0i6
11.12.2018 12:46:59: _fnc_check_type_allowed: uv7o8ofx3d0384fkbsdlf4da2i74dbds6
11.12.2018 12:46:59: _fnc_vehicle_check: uy4jd71pa_de7kbl0dd21g3p7j1d659
11.12.2018 12:46:59: _rcheckclient: je949va0a9237ubc2f48fb8_6c9
11.12.2018 12:46:59: _rcheckserver: k09wbldj4c1obz3t7c3n92dq6j4mfj733o8tdca3766yf
11.12.2018 12:46:59: _waste_btn_thread: vy933j630i9v6jdd9y7
11.12.2018 15:47:53: _fnc_server_handle_mpmessage: pc9k3i0t919j98fp7g4
11.12.2018 15:47:53: _fnc_AdminReqReal: g_bw3u1c7y9b7i777w8d18d7bmd02rb
11.12.2018 15:47:53: _playerObjCheckLoop: w72nd51u7ydubvay0_7
11.12.2018 15:47:53: _token_by_uid: x3b8b3bd1k7u6_fh7ddfddfe4d4sd36g26d47
11.12.2018 15:47:53: _uid_by_token: z77f1e74ae3jfd9xao2mfkd
11.12.2018 15:47:53: _name_by_uid: nc9s753ofgdodo3x68d
11.12.2018 15:47:53: _owner_by_uid: sa4r6x1u137u7n9w7ldy1zdu6774bb270
11.12.2018 15:47:53: _uid_by_owner: zeb6ftd57r9sdj0xdt7x3w74008q3gab3q29by796l3g106
11.12.2018 15:47:53: _fn_playerConnected: ncdddr327t3o311sfpd
11.12.2018 15:47:53: _server_setTokenR: vv8t7l6y9cbw24b_7da
11.12.2018 15:47:53: _FN_INJECT_ON_CLIENT: o1aufyd0867v2k2k2q9q412vdf6
11.12.2018 15:47:53: _fnc_l_on_c: q77lde723a2paa3c2if47g6qded_dla
11.12.2018 15:47:53: _adminStartupCode: gp7d1z0c16bybm3qbpd
11.12.2018 15:47:53: _AHKickOFF: zibh8y90f2be7k0ebb4
11.12.2018 15:47:53: _AHKickLog: ex286x3kded830abfq8
11.12.2018 15:47:53: _AH_RunCheckENDVAR: aa9ydn7sdx21bi8vdp9ra344376d1z9e6l9y7zd
11.12.2018 15:47:53: _AH_RunCheck: n72g721t678k96dy2y6
11.12.2018 15:47:53: _AH_HackLogArrayRND: lxfc6i6_3g9989drdg8vdh3o7i7o2m1
11.12.2018 15:47:53: _AH_SurvLogArrayRND: tbf606736s96822mf96
11.12.2018 15:47:53: _AH_AdmiLogArrayRND: tl1cfa7e93a3173kdxfb2ja526d2a5du3pbs9
11.12.2018 15:47:53: _TMPBAN: ab1d07fv7uba39bmaua
11.12.2018 15:47:53: _fn_getTempBans: rb7c3x6vftakdef1477c15aid1256
11.12.2018 15:47:53: _fnc_addTempBan: e13ndbay7ed16g4_bz1vfs7_2o200p4xd4b
11.12.2018 15:47:53: _fnc_removeTempBan: ji1jfw1o9b964_bndu0nd7686g1n0md
11.12.2018 15:47:53: _AHpos: k_3k31a3dd087_audb31631wbsdj9gb26y157h2nd6387
11.12.2018 15:47:53: _adminsA: zmbt279ubb7vfz2r7fb1ds0
11.12.2018 15:47:53: _vehicle_needs_check: en2mbsdc1d6gdq89fp6h32feayd62a6f6b3j9a4pbfdw6x927r8
11.12.2018 15:47:53: _fnc_infiSTAR_PlayerLog: i6du2i9y74d7dwbba23
11.12.2018 15:47:53: _antidupePVResVar: zxbbfw83692a7l9d8w7hfg2n6i29do2t3
11.12.2018 15:47:53: _runcheck_thread: x3dub2b8deb2bb3adnf
11.12.2018 15:47:53: _livestarted: e07aak2jdn4hbr8lbf2v9t9y9k2k2e3t7q3_d_993
11.12.2018 15:47:53: _fnc_check_type_allowed: l46eb5978o1e7e1raw413
11.12.2018 15:47:53: _fnc_vehicle_check: i5bg6xdhb_64bp6e7r6q2z3u6haeb3ab8ab
11.12.2018 15:47:53: _rcheckclient: ys9xdg9y7r1_2m6u9_6ufl6b2h2x0a3o2e0b6x6p177
11.12.2018 15:47:53: _rcheckserver: el489v0qf6627v1q1697bz161q2qdf2gbhdu9ud
11.12.2018 15:47:53: _waste_btn_thread: gu0e1_72dod33odwbk7
11.12.2018 18:48:47: _fnc_server_handle_mpmessage: ju7s3a0o7v64fqbrdidodgdj772i1sb9777e9f7r1x9
11.12.2018 18:48:47: _fnc_AdminReqReal: bhdyd725d989fhb0fr6r7iab7j9s9j1
11.12.2018 18:48:47: _playerObjCheckLoop: d56vd2683rda1i20d8dldwbv719b07f_7ga
11.12.2018 18:48:47: _token_by_uid: c_95arbeatfrdu1j3t7o1v7
11.12.2018 18:48:47: _uid_by_token: nm94dsb0dmbr1k2edsfid
11.12.2018 18:48:47: _name_by_uid: lk9g3788777l799x1x3
11.12.2018 18:48:47: _owner_by_uid: p2bx9hb77sadfw2mbf2b2jb4d736bt96bjb7f
11.12.2018 18:48:47: _uid_by_owner: vd481b10a6am7tf3b1dh3y3f7p1c1ia9957z9fd93x7
11.12.2018 18:48:47: _fn_playerConnected: le231f2y78d12c798h6
11.12.2018 18:48:47: _server_setTokenR: dd6570377saxf8790_dn0670d56p6t7a7
11.12.2018 18:48:47: _FN_INJECT_ON_CLIENT: al0_dj3a8i9fbhdf7t117
11.12.2018 18:48:47: _fnc_l_on_c: ljds942odx71d92vdx7hf08e6x3v3
11.12.2018 18:48:47: _adminStartupCode: xpd7ai0_a77idb796ka
11.12.2018 18:48:47: _AHKickOFF: hldy9h1y7d35a4b6dmd
11.12.2018 18:48:47: _AHKickLog: cmd4dr6abh7v98av1o6nd50w3
11.12.2018 18:48:47: _AH_RunCheckENDVAR: y22p7r3c0h1fdb7gaffvf_316jf56d28dtabdv9
11.12.2018 18:48:47: _AH_RunCheck: sr7g6k9bdafkf06v637sdddmam1m7
11.12.2018 18:48:47: _AH_HackLogArrayRND: i02kdc9a0b9c43de7d3
11.12.2018 18:48:47: _AH_SurvLogArrayRND: p4fa66dlbs783md6dt7z3
11.12.2018 18:48:47: _AH_AdmiLogArrayRND: hvbrdw2ade3sb26m6gbv2cd
11.12.2018 18:48:47: _TMPBAN: m0fy9a7a20d171899r6eaqbmfh7gd
11.12.2018 18:48:47: _fn_getTempBans: r64n7f7gfp2kbz9x302jbp3g783jdga0fl9
11.12.2018 18:48:47: _fnc_addTempBan: kh6b6m7b6s6sd4f0d63
11.12.2018 18:48:47: _fnc_removeTempBan: mx0c3b92ay3ldgdt7vfx2rdq7m6a943b3cdtb_7mfx943
11.12.2018 18:48:47: _AHpos: vrbzb4bvfq2o6nde2h9vfi7
11.12.2018 18:48:47: _adminsA: aldadb21720h3w379c14dj6jbkb41idy26ffd_2
11.12.2018 18:48:47: _vehicle_needs_check: y26zbxaydyd32yd43hbi9z2
11.12.2018 18:48:47: _fnc_infiSTAR_PlayerLog: qf9r1m1zd2dx2a9jft6ea4dx0efi9_4y1yd4fz2
11.12.2018 18:48:47: _antidupePVResVar: u43ydd4vfm0_72bi19766
11.12.2018 18:48:47: _runcheck_thread: nddx9id3bc914g6j7q6
11.12.2018 18:48:47: _livestarted: h2dxdg7xbf6rdedw9bbd9hac99brd62
11.12.2018 18:48:47: _fnc_check_type_allowed: yidx2a46bp3z6g32b83
11.12.2018 18:48:47: _fnc_vehicle_check: g8bf2l6pa3d90ca13h7gbndifr9l7fdu9
11.12.2018 18:48:47: _rcheckclient: wc3u9jb83z6h8g23aa7
11.12.2018 18:48:47: _rcheckserver: kcand_1u2gbkbnas4z3_2s403ma
11.12.2018 18:48:47: _waste_btn_thread: t03d2p336q120ibg3mdl9tat6df6ba1
11.12.2018 21:49:44: _fnc_server_handle_mpmessage: im6x6fd0fb4r26267zbydi6n6
11.12.2018 21:49:44: _fnc_AdminReqReal: pa2jav3672d77kfgbp6satbb6o1m1sbh9i3l7c193sbv3m4
11.12.2018 21:49:44: _playerObjCheckLoop: w4dl38fdfsfu6x933c2db8697n1
11.12.2018 21:49:44: _token_by_uid: kj7u7xf7273_448w7_b
11.12.2018 21:49:44: _uid_by_token: a72_6o3h9f2u7a9b40d
11.12.2018 21:49:44: _name_by_uid: hr3p2o3hd6dy0_3v29dh3
11.12.2018 21:49:44: _owner_by_uid: m9ab276pbnd944daa37a1
11.12.2018 21:49:44: _uid_by_owner: vx3y7q9edcab9_3569f998aray7v00ds3
11.12.2018 21:49:44: _fn_playerConnected: io7l4c6p1k37bt7m786pbi4af9a
11.12.2018 21:49:44: _server_setTokenR: vj379zbh7n6l0x7adz34ac774sdl3ods2b6
11.12.2018 21:49:44: _FN_INJECT_ON_CLIENT: il2q9p637ebl6kb3dhf
11.12.2018 21:49:44: _fnc_l_on_c: cc7hb1b81w8tdv7xdtd5d26vd
11.12.2018 21:49:44: _adminStartupCode: iu7wf_2qb56i6r1l3f6edzdn6u8w37366_4p2md
11.12.2018 21:49:44: _AHKickOFF: v46f1h7uarfcbkd7fqdv7n0b1ybhdcf_3vb
11.12.2018 21:49:44: _AHKickLog: eq2oaa0q6rbx657i4_6hdr2g3_3j0h4a9
11.12.2018 21:49:44: _AH_RunCheckENDVAR: wxdo0x6vdb7c1e9nd3741t6b724qb
11.12.2018 21:49:44: _AH_RunCheck: d_7uap3a2l442cfu313
11.12.2018 21:49:44: _AH_HackLogArrayRND: pe40aw1b7cdhald53g9j1_d0a
11.12.2018 21:49:44: _AH_SurvLogArrayRND: jg9u3kfr4y7xdx1qaraz75do9ad8du6n2
11.12.2018 21:49:44: _AH_AdmiLogArrayRND: ul33ae89fj3x0vfh3daa42ag3y6
11.12.2018 21:49:44: _TMPBAN: jd2fb6dlb40h4522f7271qasb23bdm74b1d
11.12.2018 21:49:44: _fn_getTempBans: x_2u7qbiaybzdwfq018n2
11.12.2018 21:49:44: _fnc_addTempBan: rf1t3637b43m3b4j1a7zdz9a7
11.12.2018 21:49:44: _fnc_removeTempBan: f71c2h7q9xda3tfr31a
11.12.2018 21:49:44: _AHpos: ac6ofkdn2_ds862999d
11.12.2018 21:49:44: _adminsA: v6dp6y982z7o70ai7790904udld63f6f767a7r1u427
11.12.2018 21:49:44: _vehicle_needs_check: rk7wa7a62na54s6ab_b9b
11.12.2018 21:49:44: _fnc_infiSTAR_PlayerLog: d59s1idf3m3e370u601
11.12.2018 21:49:44: _antidupePVResVar: m371bsd06v4_f2di3q0
11.12.2018 21:49:44: _runcheck_thread: dedv3w6kaw9tdpa_dx423ydd9_1095179
11.12.2018 21:49:44: _livestarted: zca9f70eb16pd1306edd66d
11.12.2018 21:49:44: _fnc_check_type_allowed: oz15bp2m1q6kb83oa8dode9n7l0qacdz218
11.12.2018 21:49:44: _fnc_vehicle_check: z0apb_01dw7tbk61br7o7u3n8ef
11.12.2018 21:49:44: _rcheckclient: yv9cdja_ft3obv7g91a
11.12.2018 21:49:44: _rcheckserver: ia8kdj8s997928dcb89d7idk9d604
11.12.2018 21:49:44: _waste_btn_thread: vxam8c658n9u3zd2bvdp2y9pbu7fb1bp7t8fd
11.12.2018 22:42:29: _fnc_server_handle_mpmessage: skd340b90q8e08dz3z3q8
11.12.2018 22:42:29: _fnc_AdminReqReal: h83c9u151l76frdp998
11.12.2018 22:42:29: _playerObjCheckLoop: ds9s949r7819a56v2q9e0yf
11.12.2018 22:42:29: _token_by_uid: m515fl91392ef3da707pf
11.12.2018 22:42:29: _uid_by_token: xg0r2n2527791d8p1a9
11.12.2018 22:42:29: _name_by_uid: f_6f7i9zfq6u7efedh9
11.12.2018 22:42:29: _owner_by_uid: zj956jay2nbdde2x0nbb7w4pbr720
11.12.2018 22:42:29: _uid_by_owner: qfakah08a9f32m9p9yat3fdx3
11.12.2018 22:42:29: _fn_playerConnected: rr7hdu2e95ai2ed4dm29d5dg7x3wbnap2ldh6v6i3
11.12.2018 22:42:29: _server_setTokenR: h84o11416a3xah0b29f
11.12.2018 22:42:29: _FN_INJECT_ON_CLIENT: zmdi3yawdbd82x9b9j7
11.12.2018 22:42:29: _fnc_l_on_c: podf3w2qdgbgfodj1_9abo6yar9
11.12.2018 22:42:29: _adminStartupCode: fj6w6td8doak7c3jd6d16pbp2i3c329f4td
11.12.2018 22:42:29: _AHKickOFF: k6283g1v1a0v9j8ub96p3y7b25a_7fbg6
11.12.2018 22:42:29: _AHKickLog: e2fl6t7j3u6x35dmbyd
11.12.2018 22:42:29: _AH_RunCheckENDVAR: xz1s2k7_f63g2h6u4i18faa196dyd
11.12.2018 22:42:29: _AH_RunCheck: xs430ldmdt930_9118b32l76bt7zbf91bz76de38fsb
11.12.2018 22:42:29: _AH_HackLogArrayRND: audw6hd034dxfl2r7s3
11.12.2018 22:42:29: _AH_SurvLogArrayRND: uo292gftd17xf_0t13b
11.12.2018 22:42:29: _AH_AdmiLogArrayRND: a9181y3w381mfk7h70bedbd324971
11.12.2018 22:42:29: _TMPBAN: utbd0n9m96dw2320dk7fb615de1g213
11.12.2018 22:42:29: _fn_getTempBans: axa0137e4j4u3u2jbkbm6a39dy3w7p73bl2
11.12.2018 22:42:29: _fnc_addTempBan: z62hdf2adb3y14717e2x3ebv858i6m7b10dy1v2
11.12.2018 22:42:29: _fnc_removeTempBan: a16e2zd12u7hfm3u70f_2ob3f
11.12.2018 22:42:29: _AHpos: xobz1kb87j9mdu3t6hb6ad2baw3j6g8_9ea393dnd
11.12.2018 22:42:29: _adminsA: og91da7pb_9e2n79b81
11.12.2018 22:42:29: _vehicle_needs_check: q3789o2d909k221jdy7r6b159md96
11.12.2018 22:42:29: _fnc_infiSTAR_PlayerLog: zrfn6u73dk1g7300fd9375d07f7qa
11.12.2018 22:42:29: _antidupePVResVar: ab6h4j9q62dz7ta3262m181x7b8j2_btdv2lbr1
11.12.2018 22:42:29: _runcheck_thread: q4djbs7mf_d3d1323v1ubo3xav71fqb_7
11.12.2018 22:42:29: _livestarted: xxbg751t3fbp8w3xf5f
11.12.2018 22:42:29: _fnc_check_type_allowed: rnfc6f7j6i3l622pa17la41i2o9
11.12.2018 22:42:29: _fnc_vehicle_check: kxa5an0gds2j9m3wac0
11.12.2018 22:42:29: _rcheckclient: ox9z0n7mb1dydgfh3h3
11.12.2018 22:42:29: _rcheckserver: ucd_2128dl222gf176196kdm7jbq1qbkb
11.12.2018 22:42:29: _waste_btn_thread: z83241ak4_6gb760bn7s2m4z3dd4dfb39
11.12.2018 23:03:36: _fnc_server_handle_mpmessage: p_7_9yad2g9zdgbsd2d52k7mdbbq7aah741
11.12.2018 23:03:36: _fnc_AdminReqReal: zc9ebe70fq217kfxafbh7oa78x2_7q387o7o393nb
11.12.2018 23:03:36: _playerObjCheckLoop: uddzd32b7mdw6fan4c96dg289l2mb
11.12.2018 23:03:36: _token_by_uid: cx74381779am3s2p0mdddu871g94dc72f91n3oa_6h4i1
11.12.2018 23:03:36: _uid_by_token: ai4p9hfi99fu6z7l6_7cd
11.12.2018 23:03:36: _name_by_uid: dt72d52o9q9563ds117bf52_2r6h9
11.12.2018 23:03:36: _owner_by_uid: r6dj2zdodpdbdbdode7d322ud_do371nf
11.12.2018 23:03:36: _uid_by_owner: te9e2s2idn121hfmdp1f292u9cbp26fs096
11.12.2018 23:03:36: _fn_playerConnected: em9udy9s6y3mbkbgbfd7as953
11.12.2018 23:03:36: _server_setTokenR: ebfb7md4dobz7udzdf3sdid
11.12.2018 23:03:36: _FN_INJECT_ON_CLIENT: xcb_bga5dsf04rdadtbd7hd
11.12.2018 23:03:36: _fnc_l_on_c: ptdk7w3m298t9fbb3726by2
11.12.2018 23:03:36: _adminStartupCode: w78p6q9f397y97a1bwd
11.12.2018 23:03:36: _AHKickOFF: jydxd98fb_d8at2d6s7ab
11.12.2018 23:03:36: _AHKickLog: khfa2ddfb_73052sfjb
11.12.2018 23:03:36: _AH_RunCheckENDVAR: cj808zbk857a433y7pax307cdb6q3xd
11.12.2018 23:03:36: _AH_RunCheck: l0amfz7_b7321w7m6c7i967d61fua
11.12.2018 23:03:36: _AH_HackLogArrayRND: z97j419w7kbidddefpds9n79fc2
11.12.2018 23:03:36: _AH_SurvLogArrayRND: cjdjdldgf46q78761o2
11.12.2018 23:03:36: _AH_AdmiLogArrayRND: qw653lawfw7yav76dedw6w7s2g3udm6g1v7
11.12.2018 23:03:36: _TMPBAN: bfdcdp2l6zd94i96du2
11.12.2018 23:03:36: _fn_getTempBans: h83i6p6z2b829ra30h2_6qd0b
11.12.2018 23:03:36: _fnc_addTempBan: z3a5an3pdp3zdw4e15dfdx6h2c7w9
11.12.2018 23:03:36: _fnc_removeTempBan: ho7j7h1z2zbi4k6k4c2n7kd
11.12.2018 23:03:36: _AHpos: j07q7r8k7c4xdafw7bffbz62aed192dgd99
11.12.2018 23:03:36: _adminsA: a4fqapduahdjbc70ddav6i3
11.12.2018 23:03:36: _vehicle_needs_check: a8aaak78791r2_4q0ga
11.12.2018 23:03:36: _fnc_infiSTAR_PlayerLog: d5bx9s1b1_d27tb_7kdc7v8u2l3a7370b50q7cft709
11.12.2018 23:03:36: _antidupePVResVar: ajal2o9b3c7g1t99aib
11.12.2018 23:03:36: _runcheck_thread: s506256b4y163r1h9p8
11.12.2018 23:03:36: _livestarted: mb3cb69odzbj2r2xda9
11.12.2018 23:03:36: _fnc_check_type_allowed: in4_776ndaaw7rf76qa
11.12.2018 23:03:36: _fnc_vehicle_check: to3bda6e7g7md7d8323
11.12.2018 23:03:36: _rcheckclient: y17h6j8yfwb4bj9y86112gfu3q9_9zfd6q2xf13e621
11.12.2018 23:03:36: _rcheckserver: ab2y793gd86v716d0r35bh7p68d91p20d
11.12.2018 23:03:36: _waste_btn_thread: fk02ao747rfld04t0o7416d5737m4v2cb53
