10.12.2018 01:24:18: [ENDING SERVER] locking server
10.12.2018 01:29:21: [ENDING SERVER] kicking players
10.12.2018 01:29:27: [ENDING SERVER] USE_SHUTDOWN = true; in your EXILE_AHAT_CONFIG.hpp
10.12.2018 01:29:27: [ENDING SERVER] server start: [2018,12,9,22,32]
10.12.2018 01:29:27: [ENDING SERVER] server end: [2018,12,10,1,29]
10.12.2018 01:29:27: [ENDING SERVER] arma3server.exe runtime: 3h 0min 15s (10815.3)
10.12.2018 01:29:27: [ENDING SERVER] mission runtime: 2h 55min 44s (10543.7)
10.12.2018 01:29:27: [ENDING SERVER] postInit runtime: 2h 58min 41s (10720.6)
10.12.2018 04:25:07: [ENDING SERVER] locking server
10.12.2018 04:30:11: [ENDING SERVER] kicking players
10.12.2018 04:30:17: [ENDING SERVER] USE_SHUTDOWN = true; in your EXILE_AHAT_CONFIG.hpp
10.12.2018 04:30:17: [ENDING SERVER] server start: [2018,12,10,1,32]
10.12.2018 04:30:17: [ENDING SERVER] server end: [2018,12,10,4,30]
10.12.2018 04:30:17: [ENDING SERVER] arma3server.exe runtime: 3h 0min 12s (10812)
10.12.2018 04:30:17: [ENDING SERVER] mission runtime: 2h 55min 23s (10523.1)
10.12.2018 04:30:17: [ENDING SERVER] postInit runtime: 2h 58min 35s (10714.8)
10.12.2018 07:25:53: [ENDING SERVER] locking server
10.12.2018 07:31:00: [ENDING SERVER] kicking players
10.12.2018 07:31:06: [ENDING SERVER] USE_SHUTDOWN = true; in your EXILE_AHAT_CONFIG.hpp
10.12.2018 07:31:06: [ENDING SERVER] server start: [2018,12,10,4,33]
10.12.2018 07:31:06: [ENDING SERVER] server end: [2018,12,10,7,31]
10.12.2018 07:31:06: [ENDING SERVER] arma3server.exe runtime: 3h 0min 13s (10813.2)
10.12.2018 07:31:06: [ENDING SERVER] mission runtime: 2h 55min 37s (10536.8)
10.12.2018 07:31:06: [ENDING SERVER] postInit runtime: 2h 58min 37s (10716.8)
10.12.2018 11:52:22: [ENDING SERVER] locking server
10.12.2018 11:57:25: [ENDING SERVER] kicking players
10.12.2018 11:57:31: [ENDING SERVER] USE_SHUTDOWN = true; in your EXILE_AHAT_CONFIG.hpp
10.12.2018 11:57:31: [ENDING SERVER] server start: [2018,12,10,9,0]
10.12.2018 11:57:31: [ENDING SERVER] server end: [2018,12,10,11,57]
10.12.2018 11:57:31: [ENDING SERVER] arma3server.exe runtime: 3h 0min 18s (10817.9)
10.12.2018 11:57:31: [ENDING SERVER] mission runtime: 2h 55min 53s (10552.6)
10.12.2018 11:57:31: [ENDING SERVER] postInit runtime: 2h 58min 43s (10723.5)
10.12.2018 14:53:08: [ENDING SERVER] locking server
10.12.2018 14:58:12: [ENDING SERVER] kicking players
10.12.2018 14:58:18: [ENDING SERVER] USE_SHUTDOWN = true; in your EXILE_AHAT_CONFIG.hpp
10.12.2018 14:58:18: [ENDING SERVER] server start: [2018,12,10,12,0]
10.12.2018 14:58:18: [ENDING SERVER] server end: [2018,12,10,14,58]
10.12.2018 14:58:18: [ENDING SERVER] arma3server.exe runtime: 3h 0min 10s (10809.9)
10.12.2018 14:58:18: [ENDING SERVER] mission runtime: 2h 55min 53s (10553.1)
10.12.2018 14:58:18: [ENDING SERVER] postInit runtime: 2h 58min 43s (10722.7)
10.12.2018 18:35:09: [ENDING SERVER] locking server
10.12.2018 21:34:29: [ENDING SERVER] locking server
10.12.2018 21:39:34: [ENDING SERVER] kicking players
10.12.2018 21:39:40: [ENDING SERVER] USE_SHUTDOWN = true; in your EXILE_AHAT_CONFIG.hpp
10.12.2018 21:39:40: [ENDING SERVER] server start: [2018,12,10,18,42]
10.12.2018 21:39:40: [ENDING SERVER] server end: [2018,12,10,21,39]
10.12.2018 21:39:40: [ENDING SERVER] arma3server.exe runtime: 3h 0min 21s (10820.5)
10.12.2018 21:39:40: [ENDING SERVER] mission runtime: 2h 54min 32s (10472.1)
10.12.2018 21:39:40: [ENDING SERVER] postInit runtime: 2h 58min 46s (10726.4)
