09.12.2018 01:08:30: [ENDING SERVER] locking server
09.12.2018 01:13:33: [ENDING SERVER] kicking players
09.12.2018 01:13:39: [ENDING SERVER] USE_SHUTDOWN = true; in your EXILE_AHAT_CONFIG.hpp
09.12.2018 01:13:39: [ENDING SERVER] server start: [2018,12,8,22,19]
09.12.2018 01:13:39: [ENDING SERVER] server end: [2018,12,9,1,13]
09.12.2018 01:13:39: [ENDING SERVER] arma3server.exe runtime: 3h 0min 11s (10810.8)
09.12.2018 01:13:39: [ENDING SERVER] mission runtime: 2h 56min 30s (10590.4)
09.12.2018 01:13:39: [ENDING SERVER] postInit runtime: 2h 58min 54s (10733.8)
09.12.2018 04:09:28: [ENDING SERVER] locking server
09.12.2018 04:14:17: [ENDING SERVER] kicking players
09.12.2018 04:14:23: [ENDING SERVER] USE_SHUTDOWN = true; in your EXILE_AHAT_CONFIG.hpp
09.12.2018 04:14:23: [ENDING SERVER] server start: [2018,12,9,1,16]
09.12.2018 04:14:23: [ENDING SERVER] server end: [2018,12,9,4,14]
09.12.2018 04:14:23: [ENDING SERVER] arma3server.exe runtime: 3h 0min 8s (10808)
09.12.2018 04:14:23: [ENDING SERVER] mission runtime: 2h 56min 17s (10576.9)
09.12.2018 04:14:23: [ENDING SERVER] postInit runtime: 2h 58min 40s (10719.8)
09.12.2018 07:10:14: [ENDING SERVER] locking server
09.12.2018 07:15:02: [ENDING SERVER] kicking players
09.12.2018 07:15:08: [ENDING SERVER] USE_SHUTDOWN = true; in your EXILE_AHAT_CONFIG.hpp
09.12.2018 07:15:08: [ENDING SERVER] server start: [2018,12,9,4,17]
09.12.2018 07:15:08: [ENDING SERVER] server end: [2018,12,9,7,15]
09.12.2018 07:15:08: [ENDING SERVER] arma3server.exe runtime: 3h 0min 8s (10808)
09.12.2018 07:15:08: [ENDING SERVER] mission runtime: 2h 55min 53s (10553)
09.12.2018 07:15:08: [ENDING SERVER] postInit runtime: 2h 58min 39s (10719)
09.12.2018 22:23:23: [ENDING SERVER] locking server
09.12.2018 22:28:28: [ENDING SERVER] kicking players
09.12.2018 22:28:33: [ENDING SERVER] USE_SHUTDOWN = true; in your EXILE_AHAT_CONFIG.hpp
09.12.2018 22:28:33: [ENDING SERVER] server start: [2018,12,9,19,31]
09.12.2018 22:28:33: [ENDING SERVER] server end: [2018,12,9,22,28]
09.12.2018 22:28:33: [ENDING SERVER] arma3server.exe runtime: 3h 0min 19s (10819.3)
09.12.2018 22:28:33: [ENDING SERVER] mission runtime: 2h 55min 14s (10514.3)
09.12.2018 22:28:33: [ENDING SERVER] postInit runtime: 2h 58min 44s (10724.3)
