13.12.2018 01:05:12: Connected: dado(76561198044866508) Owner: 4
13.12.2018 01:05:13: Connected (CLIENT_PING): dado(76561198044866508) Owner: 4, SteamName: DADO   [UpTime: 0h 2min 5s - ServerFPS: 45.1977]
13.12.2018 01:06:16: Disconnected: dado(76561198044866508) Owner: 4, SteamName: DADO
13.12.2018 01:06:28: Connected: dado(76561198044866508) Owner: 5
13.12.2018 01:06:30: Connected (CLIENT_PING): dado(76561198044866508) Owner: 5, SteamName: DADO   [UpTime: 0h 3min 22s - ServerFPS: 45.4545]
13.12.2018 01:10:15: Connected: dado(76561198044866508) Owner: 4
13.12.2018 01:10:17: Connected (CLIENT_PING): dado(76561198044866508) Owner: 4, SteamName: DADO   [UpTime: 0h 0min 22s - ServerFPS: 45.584]
13.12.2018 01:10:25: Disconnected: dado(76561198044866508) Owner: 4, SteamName: DADO
13.12.2018 01:10:37: Connected: dado(76561198044866508) Owner: 5
13.12.2018 01:10:38: Connected (CLIENT_PING): dado(76561198044866508) Owner: 5, SteamName: DADO   [UpTime: 0h 0min 43s - ServerFPS: 45.7143]
13.12.2018 01:39:01: Connected: dado(76561198044866508) Owner: 4
13.12.2018 01:39:01: Connected (CLIENT_PING): dado(76561198044866508) Owner: 4, SteamName: DADO   [UpTime: 0h 0min 34s - ServerFPS: 45.1977]
13.12.2018 01:39:12: Disconnected: dado(76561198044866508) Owner: 4, SteamName: DADO
13.12.2018 01:39:26: Connected: dado(76561198044866508) Owner: 5
13.12.2018 01:39:27: Connected (CLIENT_PING): dado(76561198044866508) Owner: 5, SteamName: DADO   [UpTime: 0h 1min 0s - ServerFPS: 45.584]
13.12.2018 01:43:34: Connected: dado(76561198044866508) Owner: 4
13.12.2018 01:43:36: Connected (CLIENT_PING): dado(76561198044866508) Owner: 4, SteamName: DADO   [UpTime: 0h 0min 34s - ServerFPS: 45.584]
13.12.2018 01:43:42: Disconnected: dado(76561198044866508) Owner: 4, SteamName: DADO
13.12.2018 01:43:53: Connected: dado(76561198044866508) Owner: 5
13.12.2018 01:43:54: Connected (CLIENT_PING): dado(76561198044866508) Owner: 5, SteamName: DADO   [UpTime: 0h 0min 53s - ServerFPS: 45.977]
13.12.2018 01:51:15: Connected: dado(76561198044866508) Owner: 4
13.12.2018 01:51:16: Connected (CLIENT_PING): dado(76561198044866508) Owner: 4, SteamName: DADO   [UpTime: 0h 0min 32s - ServerFPS: 45.584]
13.12.2018 01:53:51: Disconnected: dado(76561198044866508) Owner: 4, SteamName: DADO
13.12.2018 02:31:37: Connected: dado(76561198044866508) Owner: 4
13.12.2018 02:31:39: Connected (CLIENT_PING): dado(76561198044866508) Owner: 4, SteamName: DADO   [UpTime: 0h 0min 35s - ServerFPS: 45.584]
13.12.2018 02:34:09: Connected: dado(76561198044866508) Owner: 4
13.12.2018 02:34:11: Connected (CLIENT_PING): dado(76561198044866508) Owner: 4, SteamName: DADO   [UpTime: 0h 0min 52s - ServerFPS: 41.0256]
13.12.2018 02:42:49: Disconnected: dado(76561198044866508) Owner: 4, SteamName: DADO
13.12.2018 02:43:02: Connected: dado(76561198044866508) Owner: 5
13.12.2018 02:43:04: Connected (CLIENT_PING): dado(76561198044866508) Owner: 5, SteamName: DADO   [UpTime: 0h 9min 45s - ServerFPS: 46.1095]
13.12.2018 19:17:21: Connected (UID?): __SERVER__() Owner: 2
13.12.2018 19:20:02: Connected: dado(76561198044866508) Owner: 4
13.12.2018 19:20:04: Connected (CLIENT_PING): dado(76561198044866508) Owner: 4, SteamName: DADO   [UpTime: 0h 1min 6s - ServerFPS: 50.3145]
13.12.2018 19:20:54: Disconnected: dado(76561198044866508) Owner: 4, SteamName: DADO
13.12.2018 19:21:08: Connected: dado(76561198044866508) Owner: 5
13.12.2018 19:21:11: Connected (CLIENT_PING): dado(76561198044866508) Owner: 5, SteamName: DADO   [UpTime: 0h 2min 13s - ServerFPS: 49.8442]
13.12.2018 19:23:43: Connected: Lazouille(76561197981840743) Owner: 6
13.12.2018 19:23:52: Connected (CLIENT_PING): Lazouille(76561197981840743) Owner: 6, SteamName: Lazouille   [UpTime: 0h 4min 53s - ServerFPS: 49.6894]
13.12.2018 19:27:27: Disconnected: dado(76561198044866508) Owner: 5, SteamName: DADO
13.12.2018 19:28:58: Connected: dado(76561198044866508) Owner: 7
13.12.2018 19:29:00: Connected (CLIENT_PING): dado(76561198044866508) Owner: 7, SteamName: DADO   [UpTime: 0h 9min 59s - ServerFPS: 48.9297]
13.12.2018 19:35:36: Disconnected: dado(76561198044866508) Owner: 7, SteamName: DADO
13.12.2018 19:35:42: Connected: Franck Idraned(76561198227507388) Owner: 8
13.12.2018 19:35:46: Connected (CLIENT_PING): Franck Idraned(76561198227507388) Owner: 8, SteamName: firesstones   [UpTime: 0h 16min 46s - ServerFPS: 49.8442]
13.12.2018 19:35:48: Disconnected: Lazouille(76561197981840743) Owner: 6, SteamName: Lazouille
13.12.2018 19:35:50: Connected: dado(76561198044866508) Owner: 9
13.12.2018 19:35:51: Connected (CLIENT_PING): dado(76561198044866508) Owner: 9, SteamName: DADO   [UpTime: 0h 16min 50s - ServerFPS: 49.8442]
13.12.2018 19:36:39: Connected: Lazouille(76561197981840743) Owner: 11
13.12.2018 19:36:40: Connected (CLIENT_PING): Lazouille(76561197981840743) Owner: 11, SteamName: Lazouille   [UpTime: 0h 17min 38s - ServerFPS: 50]
13.12.2018 19:37:54: Disconnected: Lazouille(76561197981840743) Owner: 11, SteamName: Lazouille
13.12.2018 19:37:58: Disconnected: Franck Idraned(76561198227507388) Owner: 8, SteamName: firesstones
13.12.2018 19:38:00: Connected: FLASH(76561198288838425) Owner: 12
13.12.2018 19:38:16: Connected (CLIENT_PING): FLASH(76561198288838425) Owner: 12, SteamName: JaxxLucifer   [UpTime: 0h 19min 15s - ServerFPS: 49.5356]
13.12.2018 19:39:43: Disconnected: dado(76561198044866508) Owner: 9, SteamName: DADO
13.12.2018 19:40:00: Connected: dado(76561198044866508) Owner: 13
13.12.2018 19:40:01: Connected (CLIENT_PING): dado(76561198044866508) Owner: 13, SteamName: DADO   [UpTime: 0h 20min 59s - ServerFPS: 49.8442]
13.12.2018 19:40:11: Disconnected: dado(76561198044866508) Owner: 13, SteamName: DADO
13.12.2018 19:44:42: Disconnected: FLASH(76561198288838425) Owner: 12, SteamName: JaxxLucifer
13.12.2018 19:52:01: Connected: Franck Idraned(76561198227507388) Owner: 14
13.12.2018 19:52:05: Connected (CLIENT_PING): Franck Idraned(76561198227507388) Owner: 14, SteamName: firesstones   [UpTime: 0h 33min 1s - ServerFPS: 36.1174]
13.12.2018 20:01:03: Connected: dado(76561198044866508) Owner: 16
13.12.2018 20:01:06: Connected (CLIENT_PING): dado(76561198044866508) Owner: 16, SteamName: DADO   [UpTime: 0h 42min 1s - ServerFPS: 33.543]
13.12.2018 20:01:34: Connected: FLASH(76561198288838425) Owner: 17
13.12.2018 20:01:38: Connected (CLIENT_PING): FLASH(76561198288838425) Owner: 17, SteamName: JaxxLucifer   [UpTime: 0h 42min 33s - ServerFPS: 31.5582]
13.12.2018 20:01:48: Connected: Lazouille(76561197981840743) Owner: 15
13.12.2018 20:01:54: Connected (CLIENT_PING): Lazouille(76561197981840743) Owner: 15, SteamName: Lazouille   [UpTime: 0h 42min 48s - ServerFPS: 29.0381]
13.12.2018 20:02:55: Disconnected: dado(76561198044866508) Owner: 16, SteamName: DADO
13.12.2018 20:03:10: Connected: dado(76561198044866508) Owner: 18
13.12.2018 20:03:12: Connected (CLIENT_PING): dado(76561198044866508) Owner: 18, SteamName: DADO   [UpTime: 0h 44min 6s - ServerFPS: 26.4463]
13.12.2018 20:03:27: Disconnected: dado(76561198044866508) Owner: 18, SteamName: DADO
13.12.2018 20:03:42: Connected: dado(76561198044866508) Owner: 19
13.12.2018 20:03:43: Connected (CLIENT_PING): dado(76561198044866508) Owner: 19, SteamName: DADO   [UpTime: 0h 44min 38s - ServerFPS: 30.888]
13.12.2018 20:04:00: Disconnected: dado(76561198044866508) Owner: 19, SteamName: DADO
13.12.2018 20:04:15: Connected: dado(76561198044866508) Owner: 20
13.12.2018 20:04:16: Connected (CLIENT_PING): dado(76561198044866508) Owner: 20, SteamName: DADO   [UpTime: 0h 45min 10s - ServerFPS: 26.3158]
13.12.2018 20:18:36: Disconnected: Lazouille(76561197981840743) Owner: 15, SteamName: Lazouille
13.12.2018 20:24:21: Connected: Lazouille(76561197981840743) Owner: 21
13.12.2018 20:24:36: Connected (CLIENT_PING): Lazouille(76561197981840743) Owner: 21, SteamName: Lazouille   [UpTime: 1h 5min 29s - ServerFPS: 26.8908]
13.12.2018 20:27:29: Disconnected: dado(76561198044866508) Owner: 20, SteamName: DADO
13.12.2018 20:28:04: Connected: dado(76561198044866508) Owner: 22
13.12.2018 20:28:05: Connected (CLIENT_PING): dado(76561198044866508) Owner: 22, SteamName: DADO   [UpTime: 1h 8min 56s - ServerFPS: 22.8571]
13.12.2018 20:35:22: Disconnected: dado(76561198044866508) Owner: 22, SteamName: DADO
13.12.2018 20:35:38: Connected: dado(76561198044866508) Owner: 23
13.12.2018 20:35:39: Connected (CLIENT_PING): dado(76561198044866508) Owner: 23, SteamName: DADO   [UpTime: 1h 16min 30s - ServerFPS: 21.7984]
13.12.2018 20:36:14: Disconnected: dado(76561198044866508) Owner: 23, SteamName: DADO
13.12.2018 20:36:32: Connected: dado(76561198044866508) Owner: 24
13.12.2018 20:36:32: Connected (CLIENT_PING): dado(76561198044866508) Owner: 24, SteamName: DADO   [UpTime: 1h 17min 24s - ServerFPS: 22.2531]
13.12.2018 20:50:53: Disconnected: Franck Idraned(76561198227507388) Owner: 14, SteamName: firesstones
13.12.2018 20:51:28: Connected: Franck Idraned(76561198227507388) Owner: 25
13.12.2018 20:51:29: Connected (CLIENT_PING): Franck Idraned(76561198227507388) Owner: 25, SteamName: firesstones   [UpTime: 1h 32min 16s - ServerFPS: 18.8014]
13.12.2018 20:53:14: Disconnected: dado(76561198044866508) Owner: 24, SteamName: DADO
13.12.2018 20:53:32: Connected: dado(76561198044866508) Owner: 26
13.12.2018 20:53:33: Connected (CLIENT_PING): dado(76561198044866508) Owner: 26, SteamName: DADO   [UpTime: 1h 34min 19s - ServerFPS: 16.7364]
13.12.2018 20:53:53: Disconnected: dado(76561198044866508) Owner: 26, SteamName: DADO
13.12.2018 20:54:11: Connected: dado(76561198044866508) Owner: 27
13.12.2018 20:54:12: Connected (CLIENT_PING): dado(76561198044866508) Owner: 27, SteamName: DADO   [UpTime: 1h 34min 58s - ServerFPS: 15.7635]
13.12.2018 20:57:51: Disconnected: dado(76561198044866508) Owner: 27, SteamName: DADO
13.12.2018 20:58:09: Connected: dado(76561198044866508) Owner: 28
13.12.2018 20:58:09: Connected (CLIENT_PING): dado(76561198044866508) Owner: 28, SteamName: DADO   [UpTime: 1h 38min 55s - ServerFPS: 14.3113]
13.12.2018 20:58:30: Disconnected: dado(76561198044866508) Owner: 28, SteamName: DADO
13.12.2018 20:58:51: Connected: dado(76561198044866508) Owner: 29
13.12.2018 20:58:52: Connected (CLIENT_PING): dado(76561198044866508) Owner: 29, SteamName: DADO   [UpTime: 1h 39min 38s - ServerFPS: 14.9953]
13.12.2018 21:27:40: Disconnected: dado(76561198044866508) Owner: 29, SteamName: DADO
13.12.2018 21:27:59: Connected: dado(76561198044866508) Owner: 30
13.12.2018 21:28:00: Connected (CLIENT_PING): dado(76561198044866508) Owner: 30, SteamName: DADO   [UpTime: 2h 8min 18s - ServerFPS: 9.88264]
13.12.2018 21:28:45: Disconnected: dado(76561198044866508) Owner: 30, SteamName: DADO
13.12.2018 21:29:05: Connected: dado(76561198044866508) Owner: 31
13.12.2018 21:29:06: Connected (CLIENT_PING): dado(76561198044866508) Owner: 31, SteamName: DADO   [UpTime: 2h 9min 23s - ServerFPS: 11.0421]
13.12.2018 21:57:21: Connected: LEPUN(76561198155686689) Owner: 32
13.12.2018 21:57:25: Connected (CLIENT_PING): LEPUN(76561198155686689) Owner: 32, SteamName: LE PUNISHER 666â”Œâˆ©â”(â—£_â—¢)â”Œâˆ©â”   [UpTime: 2h 37min 36s - ServerFPS: 14.5985]
13.12.2018 22:04:27: Disconnected: Lazouille(76561197981840743) Owner: 21, SteamName: Lazouille
13.12.2018 22:05:42: Connected: v1(76561198168988383) Owner: 33
13.12.2018 22:05:44: Connected (CLIENT_PING): v1(76561198168988383) Owner: 33, SteamName: dadoprso76   [UpTime: 2h 45min 45s - ServerFPS: 11.8519]
13.12.2018 22:07:01: Disconnected: dado(76561198044866508) Owner: 31, SteamName: DADO
13.12.2018 22:10:07: Disconnected: v1(76561198168988383) Owner: 33, SteamName: dadoprso76
13.12.2018 22:12:33: Disconnected: FLASH(76561198288838425) Owner: 17, SteamName: JaxxLucifer
13.12.2018 22:12:56: Disconnected: Franck Idraned(76561198227507388) Owner: 25, SteamName: firesstones
13.12.2018 22:13:02: Disconnected: LEPUN(76561198155686689) Owner: 32, SteamName: LE PUNISHER 666â”Œâˆ©â”(â—£_â—¢)â”Œâˆ©â”
13.12.2018 22:20:10: Connected (UID?): __SERVER__() Owner: 2
13.12.2018 22:20:32: Connected: Franck Idraned(76561198227507388) Owner: 4
13.12.2018 22:20:35: Connected (CLIENT_PING): Franck Idraned(76561198227507388) Owner: 4, SteamName: firesstones   [UpTime: 0h 0min 10s - ServerFPS: 45.4545]
13.12.2018 22:20:45: Connected: dado(76561198044866508) Owner: 5
13.12.2018 22:20:47: Connected (CLIENT_PING): dado(76561198044866508) Owner: 5, SteamName: DADO   [UpTime: 0h 0min 22s - ServerFPS: 50.1567]
13.12.2018 22:22:16: Disconnected: dado(76561198044866508) Owner: 5, SteamName: DADO
13.12.2018 22:22:54: Connected: dado(76561198044866508) Owner: 7
13.12.2018 22:22:55: Connected (CLIENT_PING): dado(76561198044866508) Owner: 7, SteamName: DADO   [UpTime: 0h 1min 0s - ServerFPS: 50.1567]
13.12.2018 22:23:13: Disconnected: dado(76561198044866508) Owner: 7, SteamName: DADO
13.12.2018 22:23:28: Connected: dado(76561198044866508) Owner: 8
13.12.2018 22:23:29: Connected (CLIENT_PING): dado(76561198044866508) Owner: 8, SteamName: DADO   [UpTime: 0h 1min 34s - ServerFPS: 49.8442]
13.12.2018 22:25:00: Disconnected: dado(76561198044866508) Owner: 8, SteamName: DADO
13.12.2018 22:25:24: Connected: dado(76561198044866508) Owner: 9
13.12.2018 22:25:26: Connected (CLIENT_PING): dado(76561198044866508) Owner: 9, SteamName: DADO   [UpTime: 0h 3min 30s - ServerFPS: 12.003]
13.12.2018 22:26:30: Disconnected: dado(76561198044866508) Owner: 9, SteamName: DADO
13.12.2018 22:26:45: Connected: dado(76561198044866508) Owner: 10
13.12.2018 22:26:46: Connected (CLIENT_PING): dado(76561198044866508) Owner: 10, SteamName: DADO   [UpTime: 0h 4min 50s - ServerFPS: 50.1567]
13.12.2018 22:30:31: Disconnected: dado(76561198044866508) Owner: 10, SteamName: DADO
13.12.2018 22:30:46: Connected: dado(76561198044866508) Owner: 11
13.12.2018 22:30:47: Connected (CLIENT_PING): dado(76561198044866508) Owner: 11, SteamName: DADO   [UpTime: 0h 8min 52s - ServerFPS: 49.8442]
13.12.2018 22:31:00: Disconnected: dado(76561198044866508) Owner: 11, SteamName: DADO
13.12.2018 22:36:20: Connected: FLASH(76561198288838425) Owner: 12
13.12.2018 22:36:25: Connected (CLIENT_PING): FLASH(76561198288838425) Owner: 12, SteamName: JaxxLucifer   [UpTime: 0h 14min 28s - ServerFPS: 50.1567]
13.12.2018 22:36:58: Connected: dado(76561198044866508) Owner: 13
13.12.2018 22:36:59: Connected (CLIENT_PING): dado(76561198044866508) Owner: 13, SteamName: DADO   [UpTime: 0h 15min 2s - ServerFPS: 49.8442]
13.12.2018 22:38:45: Connected: v1(76561198168988383) Owner: 14
13.12.2018 22:38:51: Connected (CLIENT_PING): v1(76561198168988383) Owner: 14, SteamName: dadoprso76   [UpTime: 0h 16min 53s - ServerFPS: 48.9297]
13.12.2018 22:49:05: Disconnected: dado(76561198044866508) Owner: 13, SteamName: DADO
13.12.2018 22:49:22: Connected: dado(76561198044866508) Owner: 15
13.12.2018 22:49:24: Connected (CLIENT_PING): dado(76561198044866508) Owner: 15, SteamName: DADO   [UpTime: 0h 27min 26s - ServerFPS: 50.1567]
13.12.2018 23:05:16: Disconnected: dado(76561198044866508) Owner: 15, SteamName: DADO
13.12.2018 23:05:32: Connected: dado(76561198044866508) Owner: 17
13.12.2018 23:05:32: Connected (CLIENT_PING): dado(76561198044866508) Owner: 17, SteamName: DADO   [UpTime: 0h 43min 31s - ServerFPS: 43.1267]
13.12.2018 23:05:50: Disconnected: dado(76561198044866508) Owner: 17, SteamName: DADO
13.12.2018 23:06:05: Connected: dado(76561198044866508) Owner: 18
13.12.2018 23:06:06: Connected (CLIENT_PING): dado(76561198044866508) Owner: 18, SteamName: DADO   [UpTime: 0h 44min 5s - ServerFPS: 42.8954]
