13.12.2018 01:03:05: _fnc_server_handle_mpmessage: sm7o3_7pd_9l2n1jd07ba4b
13.12.2018 01:03:05: _fnc_AdminReqReal: mqbra02udr1bbm1mfbba37b3f4bd1zbydibf2fbm2o7
13.12.2018 01:03:05: _playerObjCheckLoop: is3x7pbw7870dp6y7x1
13.12.2018 01:03:05: _token_by_uid: rn8x6e133a3s1u1b2i834f850dap653h9fb
13.12.2018 01:03:05: _uid_by_token: wk0b239j244cdndn310
13.12.2018 01:03:05: _name_by_uid: avf52z0ibr44d_2l6dbed
13.12.2018 01:03:05: _owner_by_uid: rdbbf6b270d11a7u8mag4s7c48f4633w793x6
13.12.2018 01:03:05: _uid_by_owner: t66977ae9c29679ybe7
13.12.2018 01:03:05: _fn_playerConnected: l8d6as1i08fe2j8hd10ebm7a7s6w2db19m953bdl3
13.12.2018 01:03:06: _server_setTokenR: wrdj3u2afj781e941_3s7sfm2
13.12.2018 01:03:06: _FN_INJECT_ON_CLIENT: m7bc7d2f3_1odz62dv2fbb2g1g62fdf09
13.12.2018 01:03:06: _fnc_l_on_c: i61fajd9dha223b4677c2
13.12.2018 01:03:06: _adminStartupCode: rz2lfs13246zdd23d92
13.12.2018 01:03:06: _AHKickOFF: nz2t1zd7daaqf9drbcdp48bc6gdu2020d
13.12.2018 01:03:06: _AHKickLog: f8833fd_bv9x0v6i3b7n6a83a2dd713a3ifw122s138rb
13.12.2018 01:03:06: _AH_RunCheckENDVAR: bqdafa328vdf659q7a1q75aw9hds741c4
13.12.2018 01:03:06: _AH_RunCheck: zhfm83326m2u6z05abdmde2r23fo1dbaffdgb4267w1
13.12.2018 01:03:06: _AH_HackLogArrayRND: mwfp7h9pd52f1w8xdi22fo4s77akdcal18df106
13.12.2018 01:03:06: _AH_SurvLogArrayRND: ge6of09l3bd606d32595afdm7vb96i2wdefkbza
13.12.2018 01:03:06: _AH_AdmiLogArrayRND: j61ddbb2du3lff8wbobidqa
13.12.2018 01:03:06: _TMPBAN: eg1b1ybt7t2l6n7c1u7cb03gdr2
13.12.2018 01:03:06: _fn_getTempBans: xdf29ffx8obk7z9w0ca934dsab9h4
13.12.2018 01:03:06: _fnc_addTempBan: br7_dqd89ibi6p6k0udz8aff0ibh12a621bh2b463cfc7
13.12.2018 01:03:06: _fnc_removeTempBan: ew91606fbr2jd49c9vd
13.12.2018 01:03:06: _AHpos: na2lbs7m6m39258o39d
13.12.2018 01:03:06: _adminsA: spa1db0pfy651t7u4sfiae6c7_313v3411d9773
13.12.2018 01:03:06: _vehicle_needs_check: uxai1ravau2td9dg3k2r71d46nfs1cb56
13.12.2018 01:03:06: _fnc_infiSTAR_PlayerLog: v9bx7d2_7p6qb144a2dw7s79d
13.12.2018 01:03:06: _antidupePVResVar: teb7283g30df32ds2c7c3n799r9
13.12.2018 01:03:06: _runcheck_thread: nr307i2_7ddz623waw9
13.12.2018 01:03:06: _livestarted: audvfo99bkdg7ndt7j7ndxb1836j8ldrf
13.12.2018 01:03:06: _fnc_check_type_allowed: vpfk0u1cd9dj11b34l6
13.12.2018 01:03:06: _fnc_vehicle_check: fg3cb86w0t2525fr2r3a7xf
13.12.2018 01:03:06: _rcheckclient: c4d_9ubq9sf5941g6ddo1rb8ac26981qf3fm4
13.12.2018 01:03:06: _rcheckserver: j82f6_652l8r7f63bofpatfs0fbqbodb7
13.12.2018 01:03:06: _waste_btn_thread: cx3x6o9r730u00dcbnd0d71g9td_b0fa45dbft17d7dodw0x6
13.12.2018 01:09:53: _fnc_server_handle_mpmessage: z2bgbw6kdp0n2w126y712d2h9fd7fy1j6
13.12.2018 01:09:53: _fnc_AdminReqReal: vaabbv78fsdv9f908gd
13.12.2018 01:09:53: _playerObjCheckLoop: no387o9kas3o4l3wfv73f19k9
13.12.2018 01:09:53: _token_by_uid: c29wd93d6e1wbdbtdydy2qb
13.12.2018 01:09:53: _uid_by_token: xqb09t7tdual3h667rdtb
13.12.2018 01:09:53: _name_by_uid: r52kbe692o8wbq7c057
13.12.2018 01:09:53: _owner_by_uid: vb171s8yfq0hd04a4gb0383m7
13.12.2018 01:09:53: _uid_by_owner: vxd83ndhapdk18ae6hfq2zb96fbld
13.12.2018 01:09:53: _fn_playerConnected: w1b56f6h9x3n6qdq2w1d2i7nb292b
13.12.2018 01:09:53: _server_setTokenR: dmbtbc9g1f4s7j7e7obd7613ft6r7_3z6c6j9hd58
13.12.2018 01:09:53: _FN_INJECT_ON_CLIENT: kp3y0kdndtavbx6ndp382p8ad47md
13.12.2018 01:09:53: _fnc_l_on_c: a_djdg3wf97jdjdy3ibi3j2u3169dkb
13.12.2018 01:09:53: _adminStartupCode: sh719ubzftfy4i6k441g1f0
13.12.2018 01:09:53: _AHKickOFF: glbod83m4s3bdk2yb76uf4b5dj7rf
13.12.2018 01:09:53: _AHKickLog: qhde9o3c626qap2n849u7_2qdkbv2n8y4w7qdub
13.12.2018 01:09:53: _AH_RunCheckENDVAR: j5ah6q318qdv67fcb20w2sfh7db6ddbm2la62m982
13.12.2018 01:09:53: _AH_RunCheck: vj6i3510acbid16l1tb
13.12.2018 01:09:53: _AH_HackLogArrayRND: nt2wfwdb1hb16n0o451
13.12.2018 01:09:53: _AH_SurvLogArrayRND: dfd0d1489d711g79fg0u3u7
13.12.2018 01:09:53: _AH_AdmiLogArrayRND: wrfh9u7da82l3xfo2kbod224fbd6362h9xdh4xbd7n9
13.12.2018 01:09:53: _TMPBAN: hx0d43dp3malf_3nfb2_3
13.12.2018 01:09:53: _fn_getTempBans: op0sd4f98t7v7g4zfudrby9y2q859
13.12.2018 01:09:53: _fnc_addTempBan: m1972_4z964d1ybza_d
13.12.2018 01:09:53: _fnc_removeTempBan: vk7pawas64at8r7s2u2
13.12.2018 01:09:53: _AHpos: rt2i3x6v2za4bad3d1dd8m776q22f2aw1
13.12.2018 01:09:53: _adminsA: n07udkbe9t797a3i8tb6f
13.12.2018 01:09:53: _vehicle_needs_check: wb6j3w1g7c3tb47k307
13.12.2018 01:09:53: _fnc_infiSTAR_PlayerLog: ha34difh4v7j9cdv60dd3_887
13.12.2018 01:09:53: _antidupePVResVar: y862dq3eb76a00b06gdg9082d89s2ea
13.12.2018 01:09:53: _runcheck_thread: wh64blat799o3w749u3868ag9hfk8729f
13.12.2018 01:09:53: _livestarted: rm9b6uf92gdy28d60cb7dub48z24d7a327f23
13.12.2018 01:09:53: _fnc_check_type_allowed: f1103p30d39b2f4574fm7gff1c94fd2cai7g3tadb
13.12.2018 01:09:53: _fnc_vehicle_check: q42k0jdf1_ae4i4r771u7u304t772hfi322ff
13.12.2018 01:09:53: _rcheckclient: lo753x7x7f6_d277dz9_7f0a8od17dbzfa2m6
13.12.2018 01:09:53: _rcheckserver: qr749_2r7i7t3jd8bu272y8p759s37br3x271v7ods0pbb8
13.12.2018 01:09:53: _waste_btn_thread: td692edr3zdcbl29as4u000
13.12.2018 01:38:25: _fnc_server_handle_mpmessage: rtfvb37marfcd27o7cf2ajb28q0w2wfxa1614m9
13.12.2018 01:38:25: _fnc_AdminReqReal: m5b7dr151f9vbedyd4b34
13.12.2018 01:38:25: _playerObjCheckLoop: ok2f1j7cay7s1pdfbdd
13.12.2018 01:38:25: _token_by_uid: tq7532f2dydz9a7g8yb
13.12.2018 01:38:25: _uid_by_token: pl1_dxbo37bsdp4i1g7
13.12.2018 01:38:25: _name_by_uid: iua5dx717efldo73d16y3c4uf97w779rfyd
13.12.2018 01:38:25: _owner_by_uid: t_3_3z8d6b021_2g0bd_757wfv647l7_411v0v1k9jd67
13.12.2018 01:38:25: _uid_by_owner: yyah0da27r0pfofk2_6
13.12.2018 01:38:25: _fn_playerConnected: vadpbh7c1n6g21f3d5d
13.12.2018 01:38:25: _server_setTokenR: a2f560ak3b4bbndt7b1
13.12.2018 01:38:25: _FN_INJECT_ON_CLIENT: lsbj929n0b9l6d3d73bi3jb471111g1x7
13.12.2018 01:38:25: _fnc_l_on_c: tp8fdrbmfj7fdh7fda2_6
13.12.2018 01:38:25: _adminStartupCode: s1dk9o2gfffx0mdp21b
13.12.2018 01:38:25: _AHKickOFF: pt2ubq7u2a156a49dbb_17349p0td3dqdyb73jb
13.12.2018 01:38:25: _AHKickLog: ag7bfe2v3d7y2ta2fgb
13.12.2018 01:38:25: _AH_RunCheckENDVAR: didk0j159j34b4by3_a
13.12.2018 01:38:25: _AH_RunCheck: h5bydv6e3r1zav1jdqf
13.12.2018 01:38:25: _AH_HackLogArrayRND: hh9t732c3c733udnft8g6z0
13.12.2018 01:38:25: _AH_SurvLogArrayRND: c2a47g727bdv7takdq023gad9
13.12.2018 01:38:25: _AH_AdmiLogArrayRND: bifsfrdldxdx1d9q4n6w3r9a2i2294f89
13.12.2018 01:38:25: _TMPBAN: nv4i8k3w3z2m7hdz6gdmae359t2
13.12.2018 01:38:25: _fn_getTempBans: zwf5ffd_6c2l7q7ud47ldu6pdy7w9l8
13.12.2018 01:38:25: _fnc_addTempBan: v16_3cb42hfidf7c6x6bda784mfxaydu2y3dfudtb
13.12.2018 01:38:25: _fnc_removeTempBan: c1b_67aw7e9c9dbldm7e2
13.12.2018 01:38:25: _AHpos: wb0_4p239k78bp7720a
13.12.2018 01:38:25: _adminsA: dc1k7a6x8q9s751parajb16p2_2n9r2vamb11x9
13.12.2018 01:38:25: _vehicle_needs_check: me7a1id27xdm1sfa9o9
13.12.2018 01:38:25: _fnc_infiSTAR_PlayerLog: dt6vdy9hf02n3qbgde7260958ba0d_aqd
13.12.2018 01:38:25: _antidupePVResVar: qt7wd3df2a6v3rd72x1jdn6e31101gf6fq31fd49768la
13.12.2018 01:38:25: _runcheck_thread: sdbu696s6ednfl7f761k9s2zb
13.12.2018 01:38:25: _livestarted: sa2a9n8dardpdu767370771l1xbn7l2j2_7hbr7o9v0n706
13.12.2018 01:38:25: _fnc_check_type_allowed: p8497f2x9c6v2b6_7h9
13.12.2018 01:38:25: _fnc_vehicle_check: w4709b3tdl6eaa6x3a031q3
13.12.2018 01:38:25: _rcheckclient: jhaa6t3h943f4e07bndtd_2o20d
13.12.2018 01:38:25: _rcheckserver: urfo6_bj7k1cdd1gd7fcdv99bbfib92
13.12.2018 01:38:25: _waste_btn_thread: ca6sda6t9ib6brafdz4
13.12.2018 01:42:59: _fnc_server_handle_mpmessage: rm1y2616abb79lb8433id93fa4f
13.12.2018 01:42:59: _fnc_AdminReqReal: fj2j1q242p2d6m7g7n0
13.12.2018 01:42:59: _playerObjCheckLoop: qp6ede3k9s9p6t2i4_0q1j19d
13.12.2018 01:42:59: _token_by_uid: m6239sfq2t6udtdq63dqdi0
13.12.2018 01:42:59: _uid_by_token: pi202y1j9k6y6bd07ffw7fdaataqb99abs3
13.12.2018 01:42:59: _name_by_uid: r3bu9qdt6wd0dj67d080a4di1w27bwf
13.12.2018 01:42:59: _owner_by_uid: cw7i3t314s4o769k9w0
13.12.2018 01:42:59: _uid_by_owner: ug9h7s679m3o6jdp2kdy3
13.12.2018 01:42:59: _fn_playerConnected: bpf0fe806b36067kb33
13.12.2018 01:42:59: _server_setTokenR: sy6af_at1o7z3o7sac9lbu3ldwftfh4jd
13.12.2018 01:42:59: _FN_INJECT_ON_CLIENT: my7vff7n3i1vb6680sdgb93sdo7b6j2k9f3g7l2oat7
13.12.2018 01:42:59: _fnc_l_on_c: xabc4j7e3t6c7xa81h9m07d2di0m366w2
13.12.2018 01:42:59: _adminStartupCode: kn311i20b68daj8hbsdgde931q7i413a307
13.12.2018 01:42:59: _AHKickOFF: a5beb5amdqfrb8928r1sdv966q9b2h7_d_6p732s6aab2u971
13.12.2018 01:42:59: _AHKickLog: ikfnbc2cd84c2i2v1cde6ca0bz7od413183q3
13.12.2018 01:42:59: _AH_RunCheckENDVAR: vj9c16992cd8d96u3rfs2ga
13.12.2018 01:42:59: _AH_RunCheck: sa8_b33v9k981za5617
13.12.2018 01:42:59: _AH_HackLogArrayRND: bkd9didc2ddw4x2r8m9
13.12.2018 01:42:59: _AH_SurvLogArrayRND: d_8n7g96677t9x4c8c7
13.12.2018 01:42:59: _AH_AdmiLogArrayRND: ncbvbu1_6u7kdade24f
13.12.2018 01:42:59: _TMPBAN: s82k289hdm3p3e993b2galfha
13.12.2018 01:42:59: _fn_getTempBans: r1fj7i6tf598bbda2v7w6f7z2291db0v7314b46
13.12.2018 01:42:59: _fnc_addTempBan: z1dadc6i78dcdt7r8ddc2g9y6
13.12.2018 01:42:59: _fnc_removeTempBan: zg2r3rdcdbam9d3ibd3rdg66bm4
13.12.2018 01:42:59: _AHpos: yrfa7bf39t22bm7a2x7bd
13.12.2018 01:42:59: _adminsA: r0139580aqfja429ff3
13.12.2018 01:42:59: _vehicle_needs_check: f9al1j6y79d9dwbk9ed39vax9o3v0170973
13.12.2018 01:42:59: _fnc_infiSTAR_PlayerLog: exb0fz4b8f7x3o0mavd
13.12.2018 01:42:59: _antidupePVResVar: tnbg70by9s194dd8dpa
13.12.2018 01:42:59: _runcheck_thread: kqbc3r2zdbdfdy6n2v48bnd93
13.12.2018 01:42:59: _livestarted: gl87b17t7992dt2mfbd73
13.12.2018 01:42:59: _fnc_check_type_allowed: umdd7jag9z8q2rbr64d
13.12.2018 01:42:59: _fnc_vehicle_check: mp267l67d9ds7x7tb63udq39b87eb_3w3o6i7pfaf
13.12.2018 01:42:59: _rcheckclient: nlbv3j2d7y356b8cbs9d1
13.12.2018 01:42:59: _rcheckserver: if0s903n6w1odt0v8q3z22fxa_742ab0dtdx0e6
13.12.2018 01:42:59: _waste_btn_thread: azdvf59w7e983y4dd423d037dp8o9u773
13.12.2018 01:50:41: _fnc_server_handle_mpmessage: f5bldw7vah8m086e6o9rar7v1cfjf928bc3vd9bz6rd
13.12.2018 01:50:41: _fnc_AdminReqReal: grfxd8d79ydx7x6g7pdn3g1z7z8
13.12.2018 01:50:41: _playerObjCheckLoop: m2272v0bd4bla_491w6s3u9
13.12.2018 01:50:41: _token_by_uid: or2e71b9357994do7qd
13.12.2018 01:50:41: _uid_by_token: jf8hd31l9bbd02fh7tf37334ab3
13.12.2018 01:50:41: _name_by_uid: q19o9ld317av37dwd98
13.12.2018 01:50:41: _owner_by_uid: b4dp9sfm9v708_4k989683amd4642fd
13.12.2018 01:50:41: _uid_by_owner: g00qanfs24dd7t8c26bwdk247e26akb3a
13.12.2018 01:50:41: _fn_playerConnected: gc2mds7r6tbnax2ff5dk2nfs7b7pdv3e327i4adj2
13.12.2018 01:50:41: _server_setTokenR: ep767z2g2720bnbv3_8
13.12.2018 01:50:41: _FN_INJECT_ON_CLIENT: ju6b859219d14cddacd
13.12.2018 01:50:41: _fnc_l_on_c: te3w2gbt4y912xava07
13.12.2018 01:50:41: _adminStartupCode: qdd27331dd8q7h2w3k9u89b
13.12.2018 01:50:41: _AHKickOFF: c17c3m4edr00912g1s69184n7n0gdlbadxd
13.12.2018 01:50:41: _AHKickLog: nl7v2_3u293zd03a1hbl9sfa6o6x4m7
13.12.2018 01:50:41: _AH_RunCheckENDVAR: shb1dwdgfvbe3569b67135d_dh3
13.12.2018 01:50:41: _AH_RunCheck: qm169jb53g62df7dfsdn6rbw0vbxanddba9j3qb
13.12.2018 01:50:41: _AH_HackLogArrayRND: ku1q3tb07o75ab7ldp3
13.12.2018 01:50:41: _AH_SurvLogArrayRND: wu28f5220f3l3a93a02b6c9z7h9z7rbpam8
13.12.2018 01:50:41: _AH_AdmiLogArrayRND: y_duawffbb429e1v9_3l7296acan39bk6gbwd3b07l6fda9
13.12.2018 01:50:41: _TMPBAN: rq6ed98wd_be7u6g29274hfl7la824af256
13.12.2018 01:50:41: _fn_getTempBans: v0dq3u27bj3r7b9jdbdvbq3fd
13.12.2018 01:50:41: _fnc_addTempBan: s26z2o7gdz308e3jdlbu7o2h2b66f27h7ddn7o7lbtfpd
13.12.2018 01:50:41: _fnc_removeTempBan: ia9van6rfs107pdf6u6
13.12.2018 01:50:41: _AHpos: rvd8d237a1d1dp77bm7f42b7doae3
13.12.2018 01:50:41: _adminsA: n54ta5budb1m18buavd
13.12.2018 01:50:41: _vehicle_needs_check: w_3j79397mdy2vb0633o2db9bw7wfs218
13.12.2018 01:50:41: _fnc_infiSTAR_PlayerLog: gu1r7v7kbx682ub28_8
13.12.2018 01:50:41: _antidupePVResVar: mr2c7edy7gbt7_762bbi2adaf9dt8s44a1802578azdh76190
13.12.2018 01:50:41: _runcheck_thread: py32d0d39df_7od5fb7fav7n801q74dg1719d718foas9
13.12.2018 01:50:41: _livestarted: twd11ldtd43o8438dp7h69bm92792j9r6
13.12.2018 01:50:41: _fnc_check_type_allowed: g33bd27l2ubado3tfia
13.12.2018 01:50:41: _fnc_vehicle_check: oid_bm7x63df7_2r7cb
13.12.2018 01:50:41: _rcheckclient: nvd99udg148sb16nfp7z08dw2xf63vdp7e3b96fu090
13.12.2018 01:50:41: _rcheckserver: eb7idxdgfvdq6v366lb2fnaido943t2
13.12.2018 01:50:41: _waste_btn_thread: s2fm056i73bn7r1i8c8u04d228dg1
13.12.2018 02:31:02: _fnc_server_handle_mpmessage: gg2g7_8q09d1189d0id1b
13.12.2018 02:31:02: _fnc_AdminReqReal: lif897f5dq3o2lfoai7odx7cb2ao3b9
13.12.2018 02:31:02: _playerObjCheckLoop: tzak7w3w092dbudy3r3m76d
13.12.2018 02:31:02: _token_by_uid: mb9uat9z7xd18pdtd77
13.12.2018 02:31:02: _uid_by_token: u5do7e6l6wfr3c9l3o1l6x1g603
13.12.2018 02:31:02: _name_by_uid: x3d1d7dp0d9r1c213d2a1h128v2cfv9
13.12.2018 02:31:02: _owner_by_uid: um2hd8797a4q267y3i1
13.12.2018 02:31:02: _uid_by_owner: tg32a97q603d90972udj1
13.12.2018 02:31:02: _fn_playerConnected: t02h1e9mdi76bffq6h1
13.12.2018 02:31:02: _server_setTokenR: x9dvbv2r38du166v997e2mdna33fds203_4
13.12.2018 02:31:02: _FN_INJECT_ON_CLIENT: il46a5ahbf6udl1j7g70227
13.12.2018 02:31:02: _fnc_l_on_c: jfdraz222idhf5dm40d09
13.12.2018 02:31:02: _adminStartupCode: gx8b31bm3v2pb16w9adj2n08283y1g1zfqb
13.12.2018 02:31:02: _AHKickOFF: a27b8zdsdod09_bz98di756
13.12.2018 02:31:02: _AHKickLog: qs2mbf1ufn2hbwdifz7
13.12.2018 02:31:02: _AH_RunCheckENDVAR: tcdrde1dbw833h1u0d2
13.12.2018 02:31:02: _AH_RunCheck: itdd7o1a2p7e7m2tab0v7n1y3fb_731897a
13.12.2018 02:31:02: _AH_HackLogArrayRND: b06g6daa7h22am6m3rf
13.12.2018 02:31:02: _AH_SurvLogArrayRND: b9646cda909xdm65dr9od2acdl1o071q19fl3y2wbg344k1638f
13.12.2018 02:31:02: _AH_AdmiLogArrayRND: qxbld90ddmac64d32hb
13.12.2018 02:31:02: _TMPBAN: pk7g2jbbd44_d2agdk6
13.12.2018 02:31:02: _fn_getTempBans: lf7g758z166l26d2a67q9
13.12.2018 02:31:02: _fnc_addTempBan: f375fw05de7mdudmde2w1h7y1zd
13.12.2018 02:31:02: _fnc_removeTempBan: w6aa7ydt6cbpb0dcde2
13.12.2018 02:31:02: _AHpos: lydr2_9v6xd8bj9efb8u7n9j7d95a
13.12.2018 02:31:02: _adminsA: rb9i7b7320d0a116b47
13.12.2018 02:31:02: _vehicle_needs_check: kl6y0pdp9xf24m14fddzalfz7q6b1m9305fjdl7
13.12.2018 02:31:02: _fnc_infiSTAR_PlayerLog: heaybr7bb9fh1h7g789rf
13.12.2018 02:31:02: _antidupePVResVar: xx886h6l1dd4690c3r7z2p4j6w397z6gbu9
13.12.2018 02:31:02: _runcheck_thread: mu7n1zdcbn783w3i773j6800f
13.12.2018 02:31:02: _livestarted: bq61921u2ffq6w3pfw2
13.12.2018 02:31:02: _fnc_check_type_allowed: xd08dm9l9rapdh986lfl6c7gdg7
13.12.2018 02:31:02: _fnc_vehicle_check: m11bam9t794h7e9m9n6tfedv1zf06p1p61dy2q2c6tb
13.12.2018 02:31:02: _rcheckclient: ot7c7a1v3kdbdmd37c3
13.12.2018 02:31:02: _rcheckserver: ln7x403q1z7q0od1bo0m3xba2dbga
13.12.2018 02:31:02: _waste_btn_thread: h31j343j9l9w3i7b7tfi780a4qao3e7j78am9kal9
13.12.2018 02:33:16: _fnc_server_handle_mpmessage: vf1s65418s8vfn790bdedkdx8t8y2t6rd74y1w0
13.12.2018 02:33:16: _fnc_AdminReqReal: mb7qb6210d3cfm9edg6ndo35403cbs776
13.12.2018 02:33:16: _playerObjCheckLoop: s9bt1vbpbj2c3oba1x332od0b37p997
13.12.2018 02:33:16: _token_by_uid: md3k4m19dwbtaq2na4b
13.12.2018 02:33:16: _uid_by_token: cdat14bgb46wds3n981t347ibsfh96doa86hal79f
13.12.2018 02:33:16: _name_by_uid: qlb1981z3hds2_0i9h6
13.12.2018 02:33:16: _owner_by_uid: v33jb9fyac1dbmdw2l1j9jdyd
13.12.2018 02:33:16: _uid_by_owner: wv3086ba8idx383a73d
13.12.2018 02:33:16: _fn_playerConnected: osakbdaq3lbaaz36fm1fde9
13.12.2018 02:33:16: _server_setTokenR: xmflba401pbudu2j6pfe7b9s1m2y6
13.12.2018 02:33:16: _FN_INJECT_ON_CLIENT: czfiaedy63a_1s2bfgfbdadz81ft3
13.12.2018 02:33:16: _fnc_l_on_c: u9fb4rddfq0x0e35d5d36e2i2kd
13.12.2018 02:33:16: _adminStartupCode: ve997fa8bd718ff0dzbz0rdafo6e3l2g2sdwf
13.12.2018 02:33:16: _AHKickOFF: qy6x7fbkaa2o797gfb64dzb2bc6gdaa57b7n9xa
13.12.2018 02:33:16: _AHKickLog: vnfkaed41t1sa06p2p7nd
13.12.2018 02:33:16: _AH_RunCheckENDVAR: dq60718udpf330bc130
13.12.2018 02:33:16: _AH_RunCheck: ef247ad_azbjb_de797
13.12.2018 02:33:16: _AH_HackLogArrayRND: vq6x9n7i7mfkbq60f43ob
13.12.2018 02:33:17: _AH_SurvLogArrayRND: tm4ja86x63b3fcbyav9
13.12.2018 02:33:17: _AH_AdmiLogArrayRND: lr214gfv0yd83m1z3md
13.12.2018 02:33:17: _TMPBAN: ms78a23j40fw1p2k782paiacd3d77fd77
13.12.2018 02:33:17: _fn_getTempBans: dt743a7h6c2vabbw6cb8d43j3c2n6gbdb
13.12.2018 02:33:17: _fnc_addTempBan: bydh66fld9f2d0dq3ubk0f6p2e0u4
13.12.2018 02:33:17: _fnc_removeTempBan: kp26bfbqbp7kata1ag9ldi6vdy6p3j7
13.12.2018 02:33:17: _AHpos: vrd3d28b9n9h267r0k3_7pfyd_6o13229z1
13.12.2018 02:33:17: _adminsA: hjf6b5db1od_d090b9d
13.12.2018 02:33:17: _vehicle_needs_check: rm6o7j489s3y4p2z7ufo6t2
13.12.2018 02:33:17: _fnc_infiSTAR_PlayerLog: jw4n2e00ds83ds6q9u8v204f6n7p9e4q3
13.12.2018 02:33:17: _antidupePVResVar: jp3bby2kdg2w814s13ft7t7q9p4idm7yfkb0ay2
13.12.2018 02:33:17: _runcheck_thread: gi3lfrbc1n6hbg2va7a7d2drb
13.12.2018 02:33:17: _livestarted: fl3i9a126j9y97806q7kd
13.12.2018 02:33:17: _fnc_check_type_allowed: iy879l929p81956g612
13.12.2018 02:33:17: _fnc_vehicle_check: qb3cd79gbq731h6ub03
13.12.2018 02:33:17: _rcheckclient: w_359g39di3f6b9cb2fmbqa59c9udpfxf
13.12.2018 02:33:17: _rcheckserver: kkd8d0dh0n8p2a2p4v8
13.12.2018 02:33:17: _waste_btn_thread: xy9w1s2_9j2h0d2cdv8b3s9s7ta01_487lbdfe6r3ga_3
13.12.2018 19:17:16: _fnc_server_handle_mpmessage: pc6p49129jd8dldo9b249
13.12.2018 19:17:16: _fnc_AdminReqReal: ut6h911v9223al161k0s6jdfbybw2e129o2
13.12.2018 19:17:16: _playerObjCheckLoop: wi7c7b9t1i7z7q4xaz7q2s2j393fat3ebb7r7m4
13.12.2018 19:17:16: _token_by_uid: t86v6p7md3dsa20sfsa133addc9v6y9
13.12.2018 19:17:16: _uid_by_token: f625dn9sfzb37n9gfh2
13.12.2018 19:17:16: _name_by_uid: z83e61d962a01_b07s372p80fi6w6yb
13.12.2018 19:17:16: _owner_by_uid: fo2zddd8b07sapbm7od
13.12.2018 19:17:16: _uid_by_owner: d12q74bd6oftf13o76a82b2zfm079p9a2nf6773ib_7
13.12.2018 19:17:16: _fn_playerConnected: eddqbxb64tb61fdu7g2ldt2fac6hdm3b7
13.12.2018 19:17:16: _server_setTokenR: as6qdxbmfk4d746ndx6q6
13.12.2018 19:17:16: _FN_INJECT_ON_CLIENT: as1ff62_3y67d83j6f2baw9_dv7
13.12.2018 19:17:16: _fnc_l_on_c: xy133_3uak9i9edb2z9d003k993ed
13.12.2018 19:17:16: _adminStartupCode: vr1n2z679rd91y1edw1s297zd29a213g3yd
13.12.2018 19:17:16: _AHKickOFF: gv6_663m3t68917w2d6b9jflb28
13.12.2018 19:17:16: _AHKickLog: jhdv9wd73f34bo372w3hf
13.12.2018 19:17:16: _AH_RunCheckENDVAR: m3f_d36xbv2aalbs357ab07z2zba37bsdy2u7n3hd
13.12.2018 19:17:16: _AH_RunCheck: fpdwd86i8_8faj7p4u8n9nf
13.12.2018 19:17:16: _AH_HackLogArrayRND: hu6fdj76abd7b37r1f4
13.12.2018 19:17:16: _AH_SurvLogArrayRND: cg353pam7d84bh6i4xd7d17
13.12.2018 19:17:16: _AH_AdmiLogArrayRND: xv2ydsfwdn7haha6ayd7di7o8b0b3m71dp6pf
13.12.2018 19:17:16: _TMPBAN: jj9ufn9p846g7hdx0ydfd
13.12.2018 19:17:16: _fn_getTempBans: nu3o0o2175846qfh7x2cawagdw7m4gbx3hde3s0
13.12.2018 19:17:16: _fnc_addTempBan: rf7m7z2n3o7ea41a3xb9f6f6b2b091db451n7x3h6ub_3ff
13.12.2018 19:17:16: _fnc_removeTempBan: kc939b8k9iby2qdh3m4
13.12.2018 19:17:16: _AHpos: tv3f6e1c4s7b7p2afdb57cbmfr3333b93hd
13.12.2018 19:17:16: _adminsA: go0p6gf_8x0j9sba6ybz9fde1r214m2gd4fv9x23a
13.12.2018 19:17:16: _vehicle_needs_check: joftbcdo46fbdv716ob3a3a6286_dw7
13.12.2018 19:17:16: _fnc_infiSTAR_PlayerLog: d87g927s2pahfn2_4x7f38fgf82h1g2id
13.12.2018 19:17:16: _antidupePVResVar: r86ndx6t6p2yd0fr276ld8203t7aa04o84a
13.12.2018 19:17:16: _runcheck_thread: wt0l7ld52rfk7396447v2z4k9
13.12.2018 19:17:16: _livestarted: q9dk66du6lb92u9e7xagfy3kbf7l8b8
13.12.2018 19:17:16: _fnc_check_type_allowed: i50a6q1tdsdn43fi0r2
13.12.2018 19:17:16: _fnc_vehicle_check: oz828hd37ldbdvd8d00
13.12.2018 19:17:16: _rcheckclient: w6dwaoax6r4o3v059_7f6u76avbx4
13.12.2018 19:17:16: _rcheckserver: d7dm8_66a435dyffd77ba9bw9l363b8c719a746wddd
13.12.2018 19:17:16: _waste_btn_thread: jw796e114n3adqaebu707t38dl3v9
13.12.2018 22:20:05: _fnc_server_handle_mpmessage: az72963t979udgag65dnd_4gb03m2
13.12.2018 22:20:05: _fnc_AdminReqReal: jfd59natba7a2odw7f3
13.12.2018 22:20:05: _playerObjCheckLoop: us1i8t92a2ax2bfe8c6
13.12.2018 22:20:05: _token_by_uid: n628452w601v3s7x717
13.12.2018 22:20:05: _uid_by_token: bl2k9zbl9wf17872aya
13.12.2018 22:20:05: _name_by_uid: gz7sa3f6799c7r1sdk9224d
13.12.2018 22:20:05: _owner_by_uid: lad23j7fddbo0_b69p2
13.12.2018 22:20:05: _uid_by_owner: vx6z7ab6ar3m36aid79ub32pakdh2n2fd0dj6
13.12.2018 22:20:05: _fn_playerConnected: r220b6bcdy7q8j67777pd
13.12.2018 22:20:05: _server_setTokenR: t_6b9e3k7pdx3o7d697y60auat65f
13.12.2018 22:20:05: _FN_INJECT_ON_CLIENT: z8bu42fh22b81aby2o7
13.12.2018 22:20:05: _fnc_l_on_c: wmda2y3l7hfadh2w6gds3mbqdv8k286j6cbk8l836m88d
13.12.2018 22:20:05: _adminStartupCode: gv0h76dz7ddfdb32f09kdb2
13.12.2018 22:20:05: _AHKickOFF: pi3_bg3w9ddib86n24dgffdl9q193
13.12.2018 22:20:05: _AHKickLog: h76q8h03067s4ldt7t0s96b
13.12.2018 22:20:05: _AH_RunCheckENDVAR: z71p119efmdrbb627wbv104l2r7cdh792h6
13.12.2018 22:20:05: _AH_RunCheck: tc9gde283h6ad4dc9n4h1l8gayd7d71
13.12.2018 22:20:05: _AH_HackLogArrayRND: xm7c689q3jf97fa672fr8zfab
13.12.2018 22:20:05: _AH_SurvLogArrayRND: zjae48dp4i7pdzf_1l1s9ybt4
13.12.2018 22:20:05: _AH_AdmiLogArrayRND: w989776_0eal3p7f6s4
13.12.2018 22:20:05: _TMPBAN: ug3ndx99dzd9bkfs7v0
13.12.2018 22:20:05: _fn_getTempBans: z_742ldodddt2b23b16k9zdjd4a13kd2a
13.12.2018 22:20:05: _fnc_addTempBan: pb772v8ab9an1n339pf
13.12.2018 22:20:05: _fnc_removeTempBan: i5aj7l3799debn61dwfc272
13.12.2018 22:20:05: _AHpos: r_6b9fdydcbvb0056x7
13.12.2018 22:20:05: _adminsA: tw1bdsao2_2tdh7n767
13.12.2018 22:20:05: _vehicle_needs_check: vf0wae2lau9a7dfz4i6p3nao7w707m191dd_6n3k6pd
13.12.2018 22:20:05: _fnc_infiSTAR_PlayerLog: vt9lfw2j1b9271997u6ffzdt62686_d78j6n6
13.12.2018 22:20:05: _antidupePVResVar: dab90s4r70bf0t61b20
13.12.2018 22:20:05: _runcheck_thread: tz3pac2u0pdp6z2z6hdl9_6j1v2va1ar2m60168vf
13.12.2018 22:20:05: _livestarted: d7bqdq3banaa9q38214
13.12.2018 22:20:05: _fnc_check_type_allowed: j_6id07r7r053690dvab247qacdt9l91d373dqd
13.12.2018 22:20:05: _fnc_vehicle_check: cb2pdlfu6t907n2_d6fyb1d77t398b7n1sdxd072bt7z7tfx2
13.12.2018 22:20:05: _rcheckclient: c59oa76e7vb00x2d730z2w689ldp1td5b_3f1a1
13.12.2018 22:20:05: _rcheckserver: k8ff3m4l7m7j2_31277nb
13.12.2018 22:20:05: _waste_btn_thread: lca4371qbg9wa542fhb17b7h1mbn3
