15.12.2018 01:35:15: _fnc_server_handle_mpmessage: fodr389f9c90dq76b20x96dxdlf99w1wdn6w3
15.12.2018 01:35:15: _fnc_AdminReqReal: ulbi2h6qdf1_1p770ubd7fdw7l7bawbv9a7
15.12.2018 01:35:15: _playerObjCheckLoop: m_64090gd4104z2ubt9c4984b078f1b
15.12.2018 01:35:15: _token_by_uid: jn4z7z3hfk2_fldx1z1u6ddbf3311g1j791
15.12.2018 01:35:15: _uid_by_token: ez6p2y6v2x2p3t2_df6c359q779cb1627u7l49249w2k7
15.12.2018 01:35:15: _name_by_uid: iu1od5a0d6b3br3o9ldw7p6e9v942
15.12.2018 01:35:15: _owner_by_uid: wc9u9sd5261u974ofy2
15.12.2018 01:35:15: _uid_by_owner: w47vblf_317gdg9n75d
15.12.2018 01:35:15: _fn_playerConnected: edde81927l9z822z6y22632f7s7
15.12.2018 01:35:15: _server_setTokenR: sk3ldidk0nabab64ffd
15.12.2018 01:35:15: _FN_INJECT_ON_CLIENT: zq3j62d_drd11v9l3p3m776c8tb
15.12.2018 01:35:15: _fnc_l_on_c: a2bj6v3x7b3y7u708za4f12334al03b_3j9_a37nf
15.12.2018 01:35:15: _adminStartupCode: iz2_9ud8786obeaa7tdeak1af8db688f7t217afv7r6jay1
15.12.2018 01:35:15: _AHKickOFF: h86b3a0e6sd98027771c2f2
15.12.2018 01:35:15: _AHKickLog: f9bc2h6_6tanb71_38febi6u6_7
15.12.2018 01:35:15: _AH_RunCheckENDVAR: dj7x6y9kdff971dt38dbdf2y7yftai9sdzfh2s1
15.12.2018 01:35:15: _AH_RunCheck: z46_69dy3l3c3o3v3u772
15.12.2018 01:35:15: _AH_HackLogArrayRND: f0fz6g7hd92b2a4697a30
15.12.2018 01:35:15: _AH_SurvLogArrayRND: a9d76fdw9y2u7nbh7e0
15.12.2018 01:35:15: _AH_AdmiLogArrayRND: ks90113hdw6pbm7v7p6
15.12.2018 01:35:15: _TMPBAN: nf3m9789db8bdm2e6h9x9c1jd22sd_7
15.12.2018 01:35:15: _fn_getTempBans: s47tb6dvd67_af726y2fat6h132c8fdw9
15.12.2018 01:35:15: _fnc_addTempBan: ela88bf8ffan4x4e7p02722ab
15.12.2018 01:35:15: _fnc_removeTempBan: grbrb30vaf686sa6dn4pb
15.12.2018 01:35:15: _AHpos: padi3u252mdv1nbyfib90s02fx7
15.12.2018 01:35:15: _adminsA: b3da7e2f2a66d5biam7bbg6wdh8ofnbc6
15.12.2018 01:35:15: _vehicle_needs_check: h17q95d9brfs6l141i0
15.12.2018 01:35:15: _fnc_infiSTAR_PlayerLog: jt70941m6270002_fc6u3ta8aif8dk871
15.12.2018 01:35:15: _antidupePVResVar: w44b1odmdo252171797w9faebybo7ndf9xdc96ff7
15.12.2018 01:35:15: _runcheck_thread: fd2f61101260aj1v1h4
15.12.2018 01:35:15: _livestarted: eibodb1m9p2b6d3e1y3vbi3t373x613d4o2b3vb56r3
15.12.2018 01:35:15: _fnc_check_type_allowed: rw721aarbtdzdx7t9cdn999rdod
15.12.2018 01:35:15: _fnc_vehicle_check: lo6odv10dwbp6p7z4i774f2f3
15.12.2018 01:35:15: _rcheckclient: xndx4fdb1i7w3fap7qdn7vdmau9
15.12.2018 01:35:15: _rcheckserver: nj6ra5149ubtbc733laa7xdo131
15.12.2018 01:35:15: _waste_btn_thread: bn9wfc78bk66bu3m1zfj2na
15.12.2018 04:35:35: _fnc_server_handle_mpmessage: xaa7frf_9i0z2b764vd
15.12.2018 04:35:35: _fnc_AdminReqReal: n6d62ob52978ae7_7ta
15.12.2018 04:35:35: _playerObjCheckLoop: gp31dydg7l3e229e344wa27
15.12.2018 04:35:35: _token_by_uid: k87hby268w66b_bs7g3
15.12.2018 04:35:35: _uid_by_token: nrfu959t9hd_2pdi8c3j3hayfjaza19
15.12.2018 04:35:35: _name_by_uid: r9953y1cdl499cai7w9y7p7w9ldg2k4r7h6ld
15.12.2018 04:35:35: _owner_by_uid: efda3t3l2g8i299ya7bb16b
15.12.2018 04:35:35: _uid_by_owner: go777p7idd3kan9pf_8a9_dvb
15.12.2018 04:35:35: _fn_playerConnected: l49f1260b5d3fw974lbx1q7sadb
15.12.2018 04:35:35: _server_setTokenR: wx8cf_7l907p9ldmb8152x3x353
15.12.2018 04:35:35: _FN_INJECT_ON_CLIENT: l17mbtdw3cbb6d7yav2ed37t3
15.12.2018 04:35:35: _fnc_l_on_c: i196bg1z35dg19902v0f4dbzd730d539bqb
15.12.2018 04:35:35: _adminStartupCode: gw7qdofm1xd47z7m9yf16p2rbjf06_4a7wfv4i1
15.12.2018 04:35:35: _AHKickOFF: j283ai6edc2z1v7r21f
15.12.2018 04:35:35: _AHKickLog: zx347e7d073fdv0ufz747_4b172
15.12.2018 04:35:35: _AH_RunCheckENDVAR: gc6ufj77db6739dj8pdo4f337rfadsd_107tam722t2d9vbc9
15.12.2018 04:35:35: _AH_RunCheck: h_6h09anbb7y2p4_av79dt7n77ae9q6z1g2r7b3
15.12.2018 04:35:35: _AH_HackLogArrayRND: pqdj6_2a7c18av8d259
15.12.2018 04:35:35: _AH_SurvLogArrayRND: ny9e9x6d7w7zba937s9p6gbd3
15.12.2018 04:35:35: _AH_AdmiLogArrayRND: iafo2u7edab39aas2ldp2g714nb8fodf703f1l7
15.12.2018 04:35:35: _TMPBAN: tm7u1rfebj7z62bob57f3b9o8ba_dj9y8cbm2f7n9
15.12.2018 04:35:35: _fn_getTempBans: llbid877daasa5d12ff
15.12.2018 04:35:35: _fnc_addTempBan: ecd6dgdc9u7ydm6h9qac3na3793h9f8x7
15.12.2018 04:35:35: _fnc_removeTempBan: az6o7fbab2awd6bsd_60a49kdn37b_7
15.12.2018 04:35:35: _AHpos: oq042vdy1q4cai141_f
15.12.2018 04:35:35: _adminsA: t4dz9kb44d1aalaxd7fm6p38a9akd
15.12.2018 04:35:35: _vehicle_needs_check: zg9ib3126d9vbs3e7t1
15.12.2018 04:35:35: _fnc_infiSTAR_PlayerLog: nrf47_76792d0lfq6nd
15.12.2018 04:35:35: _antidupePVResVar: wwfm27382zbyahd32wd
15.12.2018 04:35:35: _runcheck_thread: hb8l6j6cf706776zdc7
15.12.2018 04:35:35: _livestarted: pm9hfgd53971fwaq0cd_2la26w329j2b7ib
15.12.2018 04:35:35: _fnc_check_type_allowed: in2sb37u7065dl3wanfsau710t3f7tbf7i2d73699z7
15.12.2018 04:35:35: _fnc_vehicle_check: erf2aqbtfnak38apf776df7n7
15.12.2018 04:35:35: _rcheckclient: f_6x3c71aha77t22647y9id47y9pf_7adjbk7m6t1
15.12.2018 04:35:35: _rcheckserver: lt242r1ade3xb1di3laj3p602k6p671pdkazd23qfi4a3oaz7
15.12.2018 04:35:35: _waste_btn_thread: qu6cdwdh60696h7n9j9z9r187od7d13r9
