10.12.2018 03:57:07: TOKEN [occdgxxqsmy9f8tb7r] FOR Nagamah(76561198281315043) OWNER: 4, ID: 1.75467e+008, JIP: true
10.12.2018 07:21:30: TOKEN [kc08yg8o12mxi58hbb] FOR stas mizulin(76561198128902838) OWNER: 4, ID: 9.05838e+008, JIP: true
10.12.2018 14:30:45: TOKEN [v7kbo7ukj7w37j] FOR stas mizulin(76561198128902838) OWNER: 4, ID: 9.46028e+008, JIP: true
10.12.2018 15:02:28: TOKEN [j1txhni4f8c6b5wj] FOR stas mizulin(76561198128902838) OWNER: 4, ID: 7.02009e+008, JIP: true
10.12.2018 16:02:14: TOKEN [d0u6b7811yr6hs5] FOR Franck Idraned(76561198227507388) OWNER: 4, ID: 8.1444e+008, JIP: true
10.12.2018 17:45:22: TOKEN [khqw7bpwn7dzihl] FOR Lazouille(76561197981840743) OWNER: 6, ID: 7.55646e+007, JIP: true
10.12.2018 17:57:24: TOKEN [wgx2df77qo8w89qpx] FOR dado(76561198044866508) OWNER: 7, ID: 2.04332e+009, JIP: true
10.12.2018 17:58:11: TOKEN [fw95d5ziwsmuy74] FOR Lazouille(76561197981840743) OWNER: 8, ID: 8.89396e+008, JIP: true
10.12.2018 17:59:08: TOKEN [jc2edbmwhms0aq2sj] FOR v1(76561198168988383) OWNER: 9, ID: 1.47546e+008, JIP: true
10.12.2018 18:14:10: TOKEN [u67knt7aq0qdfa2pw] FOR dado(76561198044866508) OWNER: 10, ID: 9.02417e+008, JIP: true
10.12.2018 18:42:31: TOKEN [i54vwudc7six6t2g] FOR Lazouille(76561197981840743) OWNER: 4, ID: 1.32434e+009, JIP: true
10.12.2018 18:42:31: TOKEN [umspbf8ty0pgf237lc] FOR dado(76561198044866508) OWNER: 5, ID: 4.48855e+008, JIP: true
10.12.2018 18:44:33: TOKEN [px2fdj0fprurjfonp] FOR dado(76561198044866508) OWNER: 7, ID: 5.47544e+008, JIP: true
10.12.2018 18:44:34: TOKEN [k7bpomfvwrvkmt1] FOR v1(76561198168988383) OWNER: 6, ID: 6.71583e+008, JIP: true
10.12.2018 18:44:37: TOKEN [a0py7jxo5z41s1wk] FOR Lazouille(76561197981840743) OWNER: 8, ID: 1.53256e+009, JIP: true
10.12.2018 18:51:54: TOKEN [t6xilic7axdac2qik] FOR dado(76561198044866508) OWNER: 9, ID: 1.02086e+009, JIP: true
10.12.2018 18:52:34: TOKEN [c1py47z8r4yjh4k] FOR dado(76561198044866508) OWNER: 10, ID: 1.05996e+009, JIP: true
10.12.2018 18:54:10: TOKEN [cnu52j0fnteycbww] FOR dado(76561198044866508) OWNER: 11, ID: 1.15565e+009, JIP: true
10.12.2018 18:54:58: TOKEN [f1yg06z51embohvu] FOR dado(76561198044866508) OWNER: 12, ID: 1.20389e+009, JIP: true
10.12.2018 18:56:20: TOKEN [xkzjnsod716rhfsb2] FOR dado(76561198044866508) OWNER: 13, ID: 1.28506e+009, JIP: true
10.12.2018 18:57:23: TOKEN [sk2q8x2iqvbzqh0h] FOR dado(76561198044866508) OWNER: 14, ID: 1.34865e+009, JIP: true
10.12.2018 18:58:31: TOKEN [vn1bwg4qjxoewqcb0] FOR dado(76561198044866508) OWNER: 15, ID: 1.41645e+009, JIP: true
10.12.2018 19:00:30: TOKEN [vxylvlb7wc6z9im0q1] FOR dado(76561198044866508) OWNER: 16, ID: 1.53272e+009, JIP: true
10.12.2018 19:01:08: TOKEN [om1gr5me0022hujx] FOR dado(76561198044866508) OWNER: 17, ID: 1.57336e+009, JIP: true
10.12.2018 19:01:39: TOKEN [xudvtz4afc6ypf5] FOR dado(76561198044866508) OWNER: 18, ID: 1.60399e+009, JIP: true
10.12.2018 19:03:14: TOKEN [fs4f1x3n4zbyiq80i] FOR dado(76561198044866508) OWNER: 19, ID: 1.69832e+009, JIP: true
10.12.2018 19:03:43: TOKEN [col2muww6iiwqrtomf] FOR dado(76561198044866508) OWNER: 20, ID: 1.72799e+009, JIP: true
10.12.2018 19:04:36: TOKEN [cxn09pycmuki6gx0] FOR dado(76561198044866508) OWNER: 21, ID: 1.78071e+009, JIP: true
10.12.2018 19:05:12: TOKEN [xyiwq3hrir5khq] FOR dado(76561198044866508) OWNER: 22, ID: 1.81722e+009, JIP: true
10.12.2018 19:05:54: TOKEN [t5w39rzl5hwmlpyp] FOR dado(76561198044866508) OWNER: 23, ID: 1.85622e+009, JIP: true
10.12.2018 19:08:44: TOKEN [okjwszovovggcyxki] FOR dado(76561198044866508) OWNER: 24, ID: 2.02904e+009, JIP: true
10.12.2018 19:27:38: TOKEN [i4pkzonriyxw1cbcp] FOR Demize86(76561198054121657) OWNER: 25, ID: 4.00361e+008, JIP: true
10.12.2018 19:36:40: TOKEN [apso6ngqrg8y2xrs] FOR Julius(76561198020201324) OWNER: 26, ID: 2.90762e+008, JIP: true
10.12.2018 20:03:43: TOKEN [qqi5098hsygd21ff] FOR bossk(76561198190661319) OWNER: 27, ID: 2.53729e+008, JIP: true
10.12.2018 20:18:56: TOKEN [w8tqqqdcwur0byc] FOR Lazouille(76561197981840743) OWNER: 28, ID: 7.40307e+008, JIP: true
10.12.2018 20:27:16: TOKEN [i97lwi2axxttppj5ghi] FOR Franck Idraned(76561198227507388) OWNER: 30, ID: 1.72921e+009, JIP: true
10.12.2018 21:14:19: TOKEN [loztp7r3l4j08evj] FOR Lazouille(76561197981840743) OWNER: 31, ID: 1.91245e+009, JIP: true
10.12.2018 21:43:33: TOKEN [xkk75pn0x59i5ufgse] FOR Lazouille(76561197981840743) OWNER: 5, ID: 1.44689e+009, JIP: true
10.12.2018 21:43:44: TOKEN [gmilgukaz5dmb14zh] FOR Franck Idraned(76561198227507388) OWNER: 6, ID: 1.9782e+009, JIP: true
10.12.2018 21:45:22: TOKEN [aztt1m7ws2h2k9sh] FOR Slump(76561197969481938) OWNER: 4, ID: 7.27863e+008, JIP: true
10.12.2018 21:58:51: TOKEN [g1h805jbqdplvtuxl] FOR dado(76561198044866508) OWNER: 7, ID: 1.49445e+009, JIP: true
10.12.2018 22:00:15: TOKEN [s3lc8h65ku6tluz7] FOR v1(76561198168988383) OWNER: 8, ID: 1.72643e+009, JIP: true
10.12.2018 22:06:41: TOKEN [gt6e2jmlrjibz6o] FOR Julius(76561198020201324) OWNER: 9, ID: 7.0547e+008, JIP: true
10.12.2018 22:21:58: TOKEN [c576576lon7fq6y6q7] FOR dado(76561198044866508) OWNER: 10, ID: 7.29389e+008, JIP: true
10.12.2018 22:22:44: TOKEN [pnmqiwu2gnb68zk3i] FOR dado(76561198044866508) OWNER: 11, ID: 7.84108e+008, JIP: true
10.12.2018 22:23:44: TOKEN [uw6qw7dgycvl9jx91n] FOR dado(76561198044866508) OWNER: 12, ID: 8.44244e+008, JIP: true
10.12.2018 22:39:15: TOKEN [q0oteripf0rfi7wmo] FOR dado(76561198044866508) OWNER: 13, ID: 1.77596e+009, JIP: true
10.12.2018 23:28:59: TOKEN [t2wt1q144py2k3] FOR v1(76561198168988383) OWNER: 14, ID: 6.18526e+008, JIP: true
