09.12.2018 01:16:44: _fnc_server_handle_mpmessage: rtdm2uf82xaean70d1d
09.12.2018 01:16:44: _fnc_AdminReqReal: re2b8x7k89dadc9sbd66482zfs8jdvbg9fb3b
09.12.2018 01:16:44: _playerObjCheckLoop: wf9s3e3lfl3d342d9a7
09.12.2018 01:16:44: _token_by_uid: ys1b1d937c7e672z7m9cbh3n9edx851
09.12.2018 01:16:44: _uid_by_token: akfydn3k7r276jf8f88
09.12.2018 01:16:44: _name_by_uid: yufj6z751t7l6matdybe2_bydn2y7n1adm2h9ua
09.12.2018 01:16:44: _owner_by_uid: r59e9haxd534dd6k7m2o9n2303bd650ib_79a
09.12.2018 01:16:44: _uid_by_owner: kh7t363if7dz339q3e2
09.12.2018 01:16:44: _fn_playerConnected: z_8odq1ca91e9aa63f6_dm9uf
09.12.2018 01:16:44: _server_setTokenR: ouav941q3s6c868g3lf
09.12.2018 01:16:44: _FN_INJECT_ON_CLIENT: ey6mf79e6e1kd7fi2f25ff2ab03
09.12.2018 01:16:44: _fnc_l_on_c: cu7j2w61ad90977rdz7kb061fc1t2_3p352t6bb
09.12.2018 01:16:44: _adminStartupCode: eo7v6e1s6hah7t6s3lb8alb
09.12.2018 01:16:44: _AHKickOFF: bgdyacbi2r1iak3e9j6
09.12.2018 01:16:44: _AHKickLog: e36a6n6idv9o9f9m8xdnd515727
09.12.2018 01:16:44: _AH_RunCheckENDVAR: yt7e2q1h1y317z341n6qd0653n3u9y1
09.12.2018 01:16:44: _AH_RunCheck: yr70292o4o1825dq8rf33_6cal1p4ebedu7
09.12.2018 01:16:44: _AH_HackLogArrayRND: z77o3r6r73brfo938da92kd16l92b
09.12.2018 01:16:44: _AH_SurvLogArrayRND: z3dafp99dh3dd53db59d77990_9oar0g2af
09.12.2018 01:16:44: _AH_AdmiLogArrayRND: pkagfhff1ddt973dbdbf109a7h1od96x2dbn637q3h2
09.12.2018 01:16:44: _TMPBAN: ce1qfedu7l381pb56b1yb_6w2qb137996_di4
09.12.2018 01:16:44: _fn_getTempBans: ehayb_djbu7_7j922y7gdk7qae7
09.12.2018 01:16:44: _fnc_addTempBan: dkbu9k6par4s8v9wd83j7e2j9j3p3h3g9z35b51v6tb
09.12.2018 01:16:44: _fnc_removeTempBan: u8ds9m736k3g2o6nf_276hbjaj4y1ndb6n9y6lawbh1
09.12.2018 01:16:44: _AHpos: k37y257h95b81r7kd07i312fdhdwd_6o2h6
09.12.2018 01:16:44: _adminsA: fh7y3c7da_9p9k0f9z7w2wbi2g3fds2
09.12.2018 01:16:44: _vehicle_needs_check: bf7ud13o9s6h378t9622fm3n2jfpbg4n183x8wbl0
09.12.2018 01:16:44: _fnc_infiSTAR_PlayerLog: h8d622fjdnbma79b2i7
09.12.2018 01:16:44: _antidupePVResVar: mffad_7e9sf2367z3wb21k3s652q3z8m2x1p7ld
09.12.2018 01:16:44: _runcheck_thread: dm6x912s9jacb1dv396t81at6
09.12.2018 01:16:44: _livestarted: m7708adjbd3x788a9adb6i1n1j3_6w3x653
09.12.2018 01:16:44: _fnc_check_type_allowed: n4dy2t3f7c3l2d769idr62dpdg0ib
09.12.2018 01:16:44: _fnc_vehicle_check: yo2739dp2z672v6hbf9
09.12.2018 01:16:44: _rcheckclient: bafado6923fo6f816s4n6z6l3ya566by2qa67m1w2hf7b3db6
09.12.2018 01:16:44: _rcheckserver: yrah7w2xd2bl8ddj0j769rb
09.12.2018 01:16:44: _waste_btn_thread: q97_9q3m3w7z1e4gaha
09.12.2018 04:17:35: _fnc_server_handle_mpmessage: ot6dfl1c77dp7o303hbc6
09.12.2018 04:17:35: _fnc_AdminReqReal: xb9k4c9m739h4b3h75ae7_1o7sd67e7t6afy7
09.12.2018 04:17:35: _playerObjCheckLoop: zbaqdb6cdl6q914v1qfp6l3p198e8v8p728v91ba3b957y6
09.12.2018 04:17:35: _token_by_uid: u6fm276w713w8a7f72d89m8f4hbq71be6rd
09.12.2018 04:17:35: _uid_by_token: lbdtdabt2e2598aib29sdk7k3ebz4rd22e9zdl82150f6
09.12.2018 04:17:35: _name_by_uid: xt3cbodj9g2y6bflbqa
09.12.2018 04:17:35: _owner_by_uid: h4786g92fp1s2b9gdb7r3575dc0lb
09.12.2018 04:17:35: _uid_by_owner: r80iax8ydgbw40163l7d6a3cfm6
09.12.2018 04:17:35: _fn_playerConnected: l9bi9p7hds3zbs3_1l2g198yd
09.12.2018 04:17:35: _server_setTokenR: wi1n1h6y7ybz297w7id47x193
09.12.2018 04:17:35: _FN_INJECT_ON_CLIENT: krd922fad01zdp1m4pdu1pfd8w7q9i7ka
09.12.2018 04:17:35: _fnc_l_on_c: aufg1bah8o38193c2sd49219dj1c4
09.12.2018 04:17:35: _adminStartupCode: hr2q0t8yarbcdu7ebj0
09.12.2018 04:17:35: _AHKickOFF: nj2x7kdb7e3t2ud415fx3fdt7cd23b99f
09.12.2018 04:17:35: _AHKickLog: jnd48adkdgd2922r1l3
09.12.2018 04:17:35: _AH_RunCheckENDVAR: thaw7b9w2zfd387kaod10n6mb16v9r281
09.12.2018 04:17:35: _AH_RunCheck: zmdv6j36969lffdr3ddabjf_7y2odfdp2
09.12.2018 04:17:35: _AH_HackLogArrayRND: ur6jdm3e743j0wfm9q9fbu7n10bb1i9r367
09.12.2018 04:17:35: _AH_SurvLogArrayRND: p43j2a1hd47ebc1j9u9gf_2vdh3ob89i6g4wf4346
09.12.2018 04:17:35: _AH_AdmiLogArrayRND: qnbb4x6o9c2y7b8l6k6r9wfq7
09.12.2018 04:17:35: _TMPBAN: le2m3p81d8aqfv90di6
09.12.2018 04:17:35: _fn_getTempBans: vd3xdn6mdmbn3r4x95d6bobu6edzfm3z7x2z8b4bfff
09.12.2018 04:17:35: _fnc_addTempBan: mjd3bi709ofp3u7ofpdn6s7_3sbx1
09.12.2018 04:17:35: _fnc_removeTempBan: ez8f7_7t462q9ud3ap972s1
09.12.2018 04:17:35: _AHpos: obfq3pds6x9s9eda762_610w01fed
09.12.2018 04:17:35: _adminsA: wd1jf61s1c9ibv2t6u7bdi3c7_7
09.12.2018 04:17:35: _vehicle_needs_check: ex7p8adm6fa4ab7sbpa
09.12.2018 04:17:35: _fnc_infiSTAR_PlayerLog: ok6w8z3dd626362nbz6
09.12.2018 04:17:35: _antidupePVResVar: m7dtagft707g862o3xag857mbo7u7
09.12.2018 04:17:35: _runcheck_thread: x1fh90bm9j832d7n3f9z2
09.12.2018 04:17:35: _livestarted: kb163s3a22ah6k7u0b9
09.12.2018 04:17:35: _fnc_check_type_allowed: ie7q7hfca3dsdn9u18f
09.12.2018 04:17:35: _fnc_vehicle_check: iy2y1h29aq461qd6fda
09.12.2018 04:17:35: _rcheckclient: ql6nbw74d29b1p64bu3ibl6gfj442v2l1j35f46vdza56id
09.12.2018 04:17:35: _rcheckserver: zy2k1of6d_fv341m089t0763d34a3l7e7k3k7
09.12.2018 04:17:35: _waste_btn_thread: u8de9uai29du3n6s3l6abt26a_7cdndt8d4_b
09.12.2018 14:02:43: _fnc_server_handle_mpmessage: s77n3if3f51e9qb935682r7h1n2s7xfnap677r6df
09.12.2018 14:02:43: _fnc_AdminReqReal: xhbr9i0s259s6nb4753j7c4
09.12.2018 14:02:43: _playerObjCheckLoop: am3232dr3i7za3a06b7
09.12.2018 14:02:43: _token_by_uid: li837y7868ds8gdva23
09.12.2018 14:02:43: _uid_by_token: y47j7y1j23fm6x8obwan649u7
09.12.2018 14:02:43: _name_by_uid: qv3m7l694edqd7f01n7
09.12.2018 14:02:43: _owner_by_uid: bp0l0811fhbb2lb73p1
09.12.2018 14:02:43: _uid_by_owner: vk3i2r1odr1ma91qb9dg7i6rdq7f9ebc8
09.12.2018 14:02:43: _fn_playerConnected: eg3cdc7p2bdh9o2_686
09.12.2018 14:02:43: _server_setTokenR: od698e1i9p6c3k7gd475dff86pdl7d9
09.12.2018 14:02:43: _FN_INJECT_ON_CLIENT: it85dc2pb71cd7ai7dfh6a3w7j3
09.12.2018 14:02:43: _fnc_l_on_c: z_dl3q0p86d7bj93dcb21h4yf43
09.12.2018 14:02:43: _adminStartupCode: podtb9967975brdife6v48f52u3n993y6
09.12.2018 14:02:43: _AHKickOFF: kqdadnds3924fea89c3x7sdv95bs1
09.12.2018 14:02:43: _AHKickLog: x46c9a7gb91f9c2vd40e728laqak84646sdnfo1
09.12.2018 14:02:43: _AH_RunCheckENDVAR: ohd4bv0gdyflbn9x7e9xffazfcbof60f7l3j99dw7zdw9
09.12.2018 14:02:43: _AH_RunCheck: m4beb1d5dsawd71b9t3y6h3o201pbv1i3q636p03f
09.12.2018 14:02:43: _AH_HackLogArrayRND: tud63r7p4k9caubu2l6gd97qd
09.12.2018 14:02:43: _AH_SurvLogArrayRND: st6yb_7zbh1268bxaj7j8938b_6wf_1a3
09.12.2018 14:02:43: _AH_AdmiLogArrayRND: je2ofrfg331c6v2p7id
09.12.2018 14:02:43: _TMPBAN: gu7rdnd77t7_d86ofi1
09.12.2018 14:02:43: _fn_getTempBans: zn942j6c289g04819kdk6m9o4vbif
09.12.2018 14:02:43: _fnc_addTempBan: xn2i2l7mdmbb702s9e632_2d2gd_7ha
09.12.2018 14:02:43: _fnc_removeTempBan: gifob_fzfcd4de617x7
09.12.2018 14:02:43: _AHpos: w87e6f4i0_2j74fk0cdo341k6m3a6
09.12.2018 14:02:43: _adminsA: vf39394w930n699s7503bzfj7q3kfl1n7h7
09.12.2018 14:02:43: _vehicle_needs_check: chak2i3u7x32297nff119d20d19
09.12.2018 14:02:43: _fnc_infiSTAR_PlayerLog: jva5277xfrfdb_ajd2bv1
09.12.2018 14:02:43: _antidupePVResVar: nj7nb5bp3_7e2a426v33d_dr2fb12
09.12.2018 14:02:43: _runcheck_thread: xd0y0u053l7md73f7y9
09.12.2018 14:02:43: _livestarted: lcdjdt9cby2p6b69dd1dd
09.12.2018 14:02:43: _fnc_check_type_allowed: yt8w3id_7w2p9eb6dc1idubt6x26f89m9t2udgb
09.12.2018 14:02:43: _fnc_vehicle_check: c771ao117n6s7n7gd89ydy1l9y4
09.12.2018 14:02:43: _rcheckclient: wdfo7kdw2g7b79drff8
09.12.2018 14:02:43: _rcheckserver: n_bqda7uf13napdu7e0
09.12.2018 14:02:43: _waste_btn_thread: v7ayd89e6u3u2yde759z7f8g8218a1d89
09.12.2018 16:41:05: _fnc_server_handle_mpmessage: j43y08d91a6u67ax2hb3f31
09.12.2018 16:41:05: _fnc_AdminReqReal: eb1k7j7wd92t8hbv73d
09.12.2018 16:41:05: _playerObjCheckLoop: fk936nd8fydgbzb2dk8b313baq2p3pbg3ld6bf97d
09.12.2018 16:41:05: _token_by_uid: k77z297q6o329j6pby4j3c72fkbnd4fc883
09.12.2018 16:41:05: _uid_by_token: ch7e9ndw3p7wf19q6j9b1a9
09.12.2018 16:41:05: _name_by_uid: c4be9vbn19b30j7p6w7
09.12.2018 16:41:05: _owner_by_uid: c8d7ba3t2qfidzdc8ed07k7eb2b0d
09.12.2018 16:41:05: _uid_by_owner: ra86ahdubabtdb9y60dr337qd01a124n2u7sae7mao08b
09.12.2018 16:41:05: _fn_playerConnected: px3yas7m70dbax6z759rd1900c7
09.12.2018 16:41:05: _server_setTokenR: mw486jdvbe2idi2779di2hfr381d9j31a
09.12.2018 16:41:05: _FN_INJECT_ON_CLIENT: ro35fjat1obxbvf09tf
09.12.2018 16:41:05: _fnc_l_on_c: iw969070fjd30p6v2y1s409k74d0af2c9
09.12.2018 16:41:05: _adminStartupCode: u6dq279gbx9b3d6w7q7f7o972o8p4kd
09.12.2018 16:41:05: _AHKickOFF: ne9s1gdxd816fuddat9
09.12.2018 16:41:05: _AHKickLog: qf3ear7n6xbo7s3w7z1hdi1rf86xdy2f2
09.12.2018 16:41:05: _AH_RunCheckENDVAR: we182972av2k7f9p3z4j1qbl256t7rf23z23ar2l1bbc7y3
09.12.2018 16:41:05: _AH_RunCheck: c69jbfd8d5arb7d_3xfjb7953samdd9vb6b
09.12.2018 16:41:05: _AH_HackLogArrayRND: wbbj7s6_646q66fvb3b8223
09.12.2018 16:41:05: _AH_SurvLogArrayRND: gbd5d81xf5f16q3oav2
09.12.2018 16:41:05: _AH_AdmiLogArrayRND: tu90da393v97dm6r4s7w8z4j2v67b4f
09.12.2018 16:41:05: _TMPBAN: dy9g8ebv1u3r9udk3e2of_9y7
09.12.2018 16:41:05: _fn_getTempBans: jr7g73dy7r3gda763xft3s961s9
09.12.2018 16:41:05: _fnc_addTempBan: bvd24zd4dkf9d_fi3h3r9095073d8
09.12.2018 16:41:05: _fnc_removeTempBan: z3de238q344ibl3p7o2n7a1h3ga
09.12.2018 16:41:05: _AHpos: pp8o45fg48djaw6b3x7gdddn1t7rfy796vd33_ao619
09.12.2018 16:41:05: _adminsA: axbb3x30f41938d23i7q907udo1
09.12.2018 16:41:05: _vehicle_needs_check: qwdt7z657e2laa2e1v747p7x6n7c7_dkd561al9
09.12.2018 16:41:05: _fnc_infiSTAR_PlayerLog: gr1d8m2r75dv74db7xak1adpbld8dm1sat099bd9bk3
09.12.2018 16:41:05: _antidupePVResVar: vt2w1p7l6p9zdodifn34b9fhfjajf
09.12.2018 16:41:05: _runcheck_thread: ced06mat6g8e24a92catdc9md19id
09.12.2018 16:41:05: _livestarted: z7bm7vfufu3p6df_1c7jf4ftdm38d
09.12.2018 16:41:05: _fnc_check_type_allowed: f1dkdb7kd_dodq7s0idc961
09.12.2018 16:41:05: _fnc_vehicle_check: a07a0taj7n61d9dnap7dfm6x6g0
09.12.2018 16:41:05: _rcheckclient: qm7wdofy3v6zdz7e9uf79_7y7r7sduae4m7v947va
09.12.2018 16:41:05: _rcheckserver: ot3391fn9d331f3_7pal962o66d
09.12.2018 16:41:05: _waste_btn_thread: nt1j7h2r25fa72dtajf_7
09.12.2018 19:31:00: _fnc_server_handle_mpmessage: fq7gdmau34d2arfqd87v6waf8g2_1u37347f6xa57
09.12.2018 19:31:00: _fnc_AdminReqReal: yc0q013cd4fedv7r4gf22q9iaf7df
09.12.2018 19:31:00: _playerObjCheckLoop: ul1of4bp3sdt3nddbu1idgfx8760dlfg2
09.12.2018 19:31:00: _token_by_uid: sk2t3l4_3hdz149p3r769e6jb
09.12.2018 19:31:00: _uid_by_token: d9bca73gdsau2mfh7xdq3ea82cahftd992bmb
09.12.2018 19:31:00: _name_by_uid: g01537167tfn2z2y9yf42
09.12.2018 19:31:00: _owner_by_uid: bl7_a73l3o7g4_7o30b77pbrd20
09.12.2018 19:31:00: _uid_by_owner: pq201qde8t3tfg1db16ob7367695bn9b3
09.12.2018 19:31:00: _fn_playerConnected: w4dp1c2v244eaw9qfm6l3xfd4
09.12.2018 19:31:00: _server_setTokenR: v5fjfl20fh863z91acdg3v2cdodk28d
09.12.2018 19:31:00: _FN_INJECT_ON_CLIENT: t47ua40o7rbd7g9o2z087wd
09.12.2018 19:31:00: _fnc_l_on_c: r_db7pd53cbpdx6z359
09.12.2018 19:31:00: _adminStartupCode: e7dhdd1e3z941qdy26d
09.12.2018 19:31:00: _AHKickOFF: mj337id27n29f54e929
09.12.2018 19:31:00: _AHKickLog: oj7ufh2a7gbcavd6d7229o1bdxd
09.12.2018 19:31:00: _AH_RunCheckENDVAR: pt92dbfo6c7jdy946hd
09.12.2018 19:31:00: _AH_RunCheck: p72w7035619ld96v7q7ldhf7d
09.12.2018 19:31:00: _AH_HackLogArrayRND: stbr2nbf3_fl9z34972m2wfk1b2j2760362x4r0
09.12.2018 19:31:00: _AH_SurvLogArrayRND: k9207ia2812b7x6q2o3
09.12.2018 19:31:00: _AH_AdmiLogArrayRND: cdbca41pby8941dua1b
09.12.2018 19:31:00: _TMPBAN: ni3s6if491ac7z026422bf4z3x4p6b99dnao2
09.12.2018 19:31:00: _fn_getTempBans: kx2e4t6pdx7gdm226db_768i1d7bdi04973p8q6
09.12.2018 19:31:00: _fnc_addTempBan: sra2ac456z6d703f72fqfbdfaka_3ddv9
09.12.2018 19:31:00: _fnc_removeTempBan: y2aa7r31d01mac9f940aaz7o6w6mb477fb6
09.12.2018 19:31:00: _AHpos: knaw328of98ddo3idb9c6n7
09.12.2018 19:31:00: _adminsA: mkdbb53i88do7j4e3i2
09.12.2018 19:31:00: _vehicle_needs_check: m378ai3090bu25di1g7q949g6
09.12.2018 19:31:00: _fnc_infiSTAR_PlayerLog: mf7t2sdpdo1r23fh3g33d37obk388
09.12.2018 19:31:00: _antidupePVResVar: lr7s9c0j062cdnar9e2g6w7e3i29dr8y9a0zd
09.12.2018 19:31:00: _runcheck_thread: p2fyac9obzb31ed06o0
09.12.2018 19:31:00: _livestarted: s1dl2_drbdbp9sa4dda
09.12.2018 19:31:00: _fnc_check_type_allowed: ea1dac1lda1cbqam3pfv6db_6
09.12.2018 19:31:00: _fnc_vehicle_check: ym6225b89047bp1w84697m0adz1u0jd
09.12.2018 19:31:00: _rcheckclient: vubf3430de2mdp3436b4dk6n3a4h9u9c1b207
09.12.2018 19:31:00: _rcheckserver: ai43ddfm2hbd7b6f4j6m1aaj2x1x7s3z1ca30_aa7t9z617
09.12.2018 19:31:00: _waste_btn_thread: k49bbn742qf49r9obv6
09.12.2018 22:32:01: _fnc_server_handle_mpmessage: awb9d9801722334wb7377d8m6w2a8ya6bpb
09.12.2018 22:32:01: _fnc_AdminReqReal: pd2r753ub7awd467ba2f9h6k2a8l1
09.12.2018 22:32:01: _playerObjCheckLoop: gx72440bb72jdl922i2
09.12.2018 22:32:01: _token_by_uid: ur9m06d5dodzd3d66g6l8f851mf2b3ap4paq6pfj6
09.12.2018 22:32:01: _uid_by_token: dl326ydmav1y101776117_9y7
09.12.2018 22:32:01: _name_by_uid: c13x4rfw6j901udy1kamasb01iaz7p1
09.12.2018 22:32:01: _owner_by_uid: hi9_2ld6727kfxbw9ua89
09.12.2018 22:32:01: _uid_by_owner: n1d_fo8oblab67bz4m02di9c021b9
09.12.2018 22:32:01: _fn_playerConnected: kh717i22bjf2dmdrdqd
09.12.2018 22:32:01: _server_setTokenR: vad30ydxf68f2uar719
09.12.2018 22:32:01: _FN_INJECT_ON_CLIENT: te7dbwd1d_fffe279a6p119h3o7h927t3q4a3g1pb
09.12.2018 22:32:01: _fnc_l_on_c: it2x7mb_3wd3f27k8s6
09.12.2018 22:32:01: _adminStartupCode: d0b9bb7bdnaadj34d76
09.12.2018 22:32:01: _AHKickOFF: or0oaa3fan9e9ddxds3_4e00dg2
09.12.2018 22:32:01: _AHKickLog: p_2eaa4bbz2w337nfz7
09.12.2018 22:32:01: _AH_RunCheckENDVAR: qg31906gd6d7a52i3mbhf36u63b59p329
09.12.2018 22:32:01: _AH_RunCheck: s8d1b94a167s9p92dk6
09.12.2018 22:32:01: _AH_HackLogArrayRND: tv811s7x9bdv904f9r3obi0l742mb7dzb
09.12.2018 22:32:01: _AH_SurvLogArrayRND: qnfk602vdv259tfef4f
09.12.2018 22:32:01: _AH_AdmiLogArrayRND: olaj1a36dt2_baam7f290zdadw1t37d
09.12.2018 22:32:01: _TMPBAN: bm3x67bc7c6g3qbmdwdads3e4g0
09.12.2018 22:32:01: _fn_getTempBans: in7j3s7t3d6hfn3j734d2p9db
09.12.2018 22:32:01: _fnc_addTempBan: hg94792jfu13d2fv7l7
09.12.2018 22:32:01: _fnc_removeTempBan: n3496v6k35610z7679bk7ya9audv9k1
09.12.2018 22:32:01: _AHpos: ew42bhf8796idw7m332w9t4ybvdr3b2m797h2
09.12.2018 22:32:01: _adminsA: pbb39g6n7adva_957t7c7wdua
09.12.2018 22:32:01: _vehicle_needs_check: hn9l69dt2odzdv6c7obfdcfu30707h6pd79s3
09.12.2018 22:32:01: _fnc_infiSTAR_PlayerLog: q1377h91389g0jd5fvd
09.12.2018 22:32:01: _antidupePVResVar: x1b59h662l2udz479g6han7o27ap3v7v9m1pbp7
09.12.2018 22:32:01: _runcheck_thread: qafy6m634y7s3rd5f36
09.12.2018 22:32:01: _livestarted: d09q2idn7i6t3ybw1rf
09.12.2018 22:32:01: _fnc_check_type_allowed: qvdddydyfd1s782d6i7j7wagdd2x7_9_3e3v9x9h6998d
09.12.2018 22:32:01: _fnc_vehicle_check: etbo2k7ya63fdif27pad3b24dg7odfbi18d
09.12.2018 22:32:01: _rcheckclient: zs7tdeaididld0b2aj6
09.12.2018 22:32:01: _rcheckserver: habe006m7m6n7i92a4ar6f3cd
09.12.2018 22:32:01: _waste_btn_thread: lyd4dh1t8z3a99fk768s3k8i9od484byd47i1cf59
