14.12.2018 00:30:19: Disconnected: FLASH(76561198288838425) Owner: 12, SteamName: JaxxLucifer
14.12.2018 00:30:51: Connected: FLASH(76561198288838425) Owner: 19
14.12.2018 00:30:53: Connected (CLIENT_PING): FLASH(76561198288838425) Owner: 19, SteamName: JaxxLucifer   [UpTime: 2h 8min 40s - ServerFPS: 21.1361]
14.12.2018 00:53:49: Disconnected: dado(76561198044866508) Owner: 18, SteamName: DADO
14.12.2018 00:54:08: Connected: dado(76561198044866508) Owner: 20
14.12.2018 00:54:09: Connected (CLIENT_PING): dado(76561198044866508) Owner: 20, SteamName: DADO   [UpTime: 2h 31min 49s - ServerFPS: 17.26]
14.12.2018 01:01:59: Disconnected: v1(76561198168988383) Owner: 14, SteamName: dadoprso76
14.12.2018 01:02:01: Disconnected: dado(76561198044866508) Owner: 20, SteamName: DADO
14.12.2018 01:04:47: Disconnected: FLASH(76561198288838425) Owner: 19, SteamName: JaxxLucifer
14.12.2018 01:04:50: Disconnected: Franck Idraned(76561198227507388) Owner: 4, SteamName: firesstones
14.12.2018 01:09:55: Connected: Franck Idraned(76561198227507388) Owner: 21
14.12.2018 01:09:58: Connected (CLIENT_PING): Franck Idraned(76561198227507388) Owner: 21, SteamName: firesstones   [UpTime: 2h 47min 36s - ServerFPS: 15.8888]
14.12.2018 01:10:16: Disconnected: Franck Idraned(76561198227507388) Owner: 21, SteamName: firesstones
14.12.2018 01:19:07: Connected (UID?): __SERVER__() Owner: 2
14.12.2018 01:21:40: Connected: dado(76561198044866508) Owner: 6
14.12.2018 01:21:41: Connected (CLIENT_PING): dado(76561198044866508) Owner: 6, SteamName: DADO   [UpTime: 0h 0min 53s - ServerFPS: 50.1567]
14.12.2018 01:22:08: Disconnected: dado(76561198044866508) Owner: 6, SteamName: DADO
14.12.2018 01:22:23: Connected: dado(76561198044866508) Owner: 9
14.12.2018 01:22:24: Connected (CLIENT_PING): dado(76561198044866508) Owner: 9, SteamName: DADO   [UpTime: 0h 1min 35s - ServerFPS: 50.6329]
14.12.2018 01:22:30: Connected: Franck Idraned(76561198227507388) Owner: 7
14.12.2018 01:22:35: Connected (CLIENT_PING): Franck Idraned(76561198227507388) Owner: 7, SteamName: firesstones   [UpTime: 0h 1min 46s - ServerFPS: 50.3145]
14.12.2018 01:23:14: Connected: v1(76561198168988383) Owner: 8
14.12.2018 01:23:16: Connected (CLIENT_PING): v1(76561198168988383) Owner: 8, SteamName: dadoprso76   [UpTime: 0h 2min 26s - ServerFPS: 50.4732]
14.12.2018 01:23:48: Connected: FLASH(76561198288838425) Owner: 10
14.12.2018 01:23:53: Connected (CLIENT_PING): FLASH(76561198288838425) Owner: 10, SteamName: JaxxLucifer   [UpTime: 0h 3min 3s - ServerFPS: 50.3145]
14.12.2018 02:32:37: Disconnected: dado(76561198044866508) Owner: 9, SteamName: DADO
14.12.2018 02:32:53: Connected: dado(76561198044866508) Owner: 11
14.12.2018 02:32:54: Connected (CLIENT_PING): dado(76561198044866508) Owner: 11, SteamName: DADO   [UpTime: 1h 11min 52s - ServerFPS: 49.6894]
14.12.2018 02:36:19: Disconnected: dado(76561198044866508) Owner: 11, SteamName: DADO
14.12.2018 02:36:36: Connected: dado(76561198044866508) Owner: 12
14.12.2018 02:36:37: Connected (CLIENT_PING): dado(76561198044866508) Owner: 12, SteamName: DADO   [UpTime: 1h 15min 35s - ServerFPS: 47.619]
14.12.2018 02:46:10: Disconnected: v1(76561198168988383) Owner: 8, SteamName: dadoprso76
14.12.2018 02:48:06: Disconnected: FLASH(76561198288838425) Owner: 10, SteamName: JaxxLucifer
14.12.2018 02:48:34: Connected: FLASH(76561198288838425) Owner: 13
14.12.2018 02:48:35: Connected (CLIENT_PING): FLASH(76561198288838425) Owner: 13, SteamName: JaxxLucifer   [UpTime: 1h 27min 32s - ServerFPS: 49.5356]
14.12.2018 02:54:10: Disconnected: FLASH(76561198288838425) Owner: 13, SteamName: JaxxLucifer
14.12.2018 02:54:30: Connected: FLASH(76561198288838425) Owner: 14
14.12.2018 02:54:32: Connected (CLIENT_PING): FLASH(76561198288838425) Owner: 14, SteamName: JaxxLucifer   [UpTime: 1h 33min 26s - ServerFPS: 50]
14.12.2018 02:58:00: Disconnected: FLASH(76561198288838425) Owner: 14, SteamName: JaxxLucifer
14.12.2018 02:58:21: Connected: FLASH(76561198288838425) Owner: 15
14.12.2018 02:58:24: Connected (CLIENT_PING): FLASH(76561198288838425) Owner: 15, SteamName: JaxxLucifer   [UpTime: 1h 37min 17s - ServerFPS: 48.4848]
14.12.2018 03:01:10: Disconnected: FLASH(76561198288838425) Owner: 15, SteamName: JaxxLucifer
14.12.2018 03:03:11: Disconnected: dado(76561198044866508) Owner: 12, SteamName: DADO
14.12.2018 03:15:08: Disconnected: Franck Idraned(76561198227507388) Owner: 7, SteamName: firesstones
14.12.2018 04:19:12: Connected (UID?): __SERVER__() Owner: 2
14.12.2018 07:20:04: Connected (UID?): __SERVER__() Owner: 2
14.12.2018 10:21:02: Connected (UID?): __SERVER__() Owner: 2
14.12.2018 10:51:28: Connected: LEPUN(76561198155686689) Owner: 4
14.12.2018 10:51:31: Connected (CLIENT_PING): LEPUN(76561198155686689) Owner: 4, SteamName: LE PUNISHER 666â”Œâˆ©â”(â—£_â—¢)â”Œâˆ©â”   [UpTime: 0h 28min 49s - ServerFPS: 46.6472]
14.12.2018 11:20:52: Disconnected: LEPUN(76561198155686689) Owner: 4, SteamName: LE PUNISHER 666â”Œâˆ©â”(â—£_â—¢)â”Œâˆ©â”
14.12.2018 13:21:53: Connected (UID?): __SERVER__() Owner: 2
14.12.2018 13:23:57: Connected: Franck Idraned(76561198227507388) Owner: 4
14.12.2018 13:24:15: Connected (CLIENT_PING): Franck Idraned(76561198227507388) Owner: 4, SteamName: firesstones   [UpTime: 0h 0min 38s - ServerFPS: 50]
14.12.2018 13:26:34: Connected: FLASH(76561198288838425) Owner: 6
14.12.2018 13:26:39: Connected (CLIENT_PING): FLASH(76561198288838425) Owner: 6, SteamName: JaxxLucifer   [UpTime: 0h 3min 0s - ServerFPS: 50]
14.12.2018 13:29:01: Disconnected: FLASH(76561198288838425) Owner: 6, SteamName: JaxxLucifer
14.12.2018 15:42:56: Disconnected: Franck Idraned(76561198227507388) Owner: 4, SteamName: firesstones
14.12.2018 16:10:24: Connected: Scott(76561198126293492) Owner: 7
14.12.2018 16:10:30: Connected (CLIENT_PING): Scott(76561198126293492) Owner: 7, SteamName: Hollywood Hev   [UpTime: 2h 46min 36s - ServerFPS: 50.1567]
14.12.2018 16:12:27: Connected: Franck Idraned(76561198227507388) Owner: 8
14.12.2018 16:12:30: Connected (CLIENT_PING): Franck Idraned(76561198227507388) Owner: 8, SteamName: firesstones   [UpTime: 2h 48min 35s - ServerFPS: 48.1928]
14.12.2018 16:12:59: Disconnected: Scott(76561198126293492) Owner: 7, SteamName: Hollywood Hev
14.12.2018 16:14:02: Disconnected: Franck Idraned(76561198227507388) Owner: 8, SteamName: firesstones
14.12.2018 16:22:44: Connected (UID?): __SERVER__() Owner: 2
14.12.2018 16:23:06: Connected: Franck Idraned(76561198227507388) Owner: 4
14.12.2018 16:23:09: Connected (CLIENT_PING): Franck Idraned(76561198227507388) Owner: 4, SteamName: firesstones   [UpTime: 0h 0min 12s - ServerFPS: 28.3186]
14.12.2018 17:10:25: Disconnected: Franck Idraned(76561198227507388) Owner: 4, SteamName: firesstones
14.12.2018 17:15:24: Connected: Lazouille(76561197981840743) Owner: 6
14.12.2018 17:15:31: Connected (CLIENT_PING): Lazouille(76561197981840743) Owner: 6, SteamName: Lazouille   [UpTime: 0h 50min 56s - ServerFPS: 50.1567]
14.12.2018 17:26:47: Disconnected: Lazouille(76561197981840743) Owner: 6, SteamName: Lazouille
14.12.2018 17:28:32: Connected: Looping Murdooch(76561197996789745) Owner: 7
14.12.2018 17:28:37: Connected (CLIENT_PING): Looping Murdooch(76561197996789745) Owner: 7, SteamName: Niklaus   [UpTime: 1h 4min 1s - ServerFPS: 50]
14.12.2018 17:31:27: Connected: Lazouille(76561197981840743) Owner: 8
14.12.2018 17:31:45: Connected (CLIENT_PING): Lazouille(76561197981840743) Owner: 8, SteamName: Lazouille   [UpTime: 1h 7min 9s - ServerFPS: 50]
14.12.2018 18:10:20: Disconnected: Looping Murdooch(76561197996789745) Owner: 7, SteamName: Niklaus
14.12.2018 18:20:16: Connected: Franck Idraned(76561198227507388) Owner: 9
14.12.2018 18:20:20: Connected (CLIENT_PING): Franck Idraned(76561198227507388) Owner: 9, SteamName: firesstones   [UpTime: 1h 55min 39s - ServerFPS: 48.9297]
14.12.2018 18:43:13: Connected: PROMETHEUS(76561198094793589) Owner: 10
14.12.2018 18:43:19: Connected (CLIENT_PING): PROMETHEUS(76561198094793589) Owner: 10, SteamName: PVT_PR0M3TH3US   [UpTime: 2h 18min 37s - ServerFPS: 49.2308]
14.12.2018 19:09:24: Connected: opog(76561198160382327) Owner: 11
14.12.2018 19:09:26: Connected (CLIENT_PING): opog(76561198160382327) Owner: 11, SteamName: Jochen Seibert   [UpTime: 2h 44min 41s - ServerFPS: 49.8442]
14.12.2018 19:12:05: Disconnected: Lazouille(76561197981840743) Owner: 8, SteamName: Lazouille
14.12.2018 19:14:28: Disconnected: Franck Idraned(76561198227507388) Owner: 9, SteamName: firesstones
14.12.2018 19:17:17: Disconnected: opog(76561198160382327) Owner: 11, SteamName: Jochen Seibert
14.12.2018 19:17:31: Disconnected: PROMETHEUS(76561198094793589) Owner: 10, SteamName: PVT_PR0M3TH3US
14.12.2018 19:29:00: Connected (UID?): __SERVER__() Owner: 2
14.12.2018 19:29:21: Connected: Lazouille(76561197981840743) Owner: 5
14.12.2018 19:29:21: Connected: Franck Idraned(76561198227507388) Owner: 4
14.12.2018 19:29:21: Connected: opog(76561198160382327) Owner: 6
14.12.2018 19:29:23: Connected (CLIENT_PING): opog(76561198160382327) Owner: 6, SteamName: Jochen Seibert   [UpTime: 0h 0min 9s - ServerFPS: 43.3604]
14.12.2018 19:29:25: Connected (CLIENT_PING): Franck Idraned(76561198227507388) Owner: 4, SteamName: firesstones   [UpTime: 0h 0min 11s - ServerFPS: 46.3768]
14.12.2018 19:29:26: Connected (CLIENT_PING): Lazouille(76561197981840743) Owner: 5, SteamName: Lazouille   [UpTime: 0h 0min 12s - ServerFPS: 47.9042]
14.12.2018 19:31:11: Disconnected: opog(76561198160382327) Owner: 6, SteamName: Jochen Seibert
14.12.2018 19:31:27: Connected: dado(76561198044866508) Owner: 7
14.12.2018 19:31:29: Connected (CLIENT_PING): dado(76561198044866508) Owner: 7, SteamName: DADO   [UpTime: 0h 0min 42s - ServerFPS: 49.0798]
14.12.2018 19:31:36: Connected: opog(76561198160382327) Owner: 8
14.12.2018 19:31:37: Connected (CLIENT_PING): opog(76561198160382327) Owner: 8, SteamName: Jochen Seibert   [UpTime: 0h 0min 50s - ServerFPS: 49.5356]
14.12.2018 19:31:48: Disconnected: dado(76561198044866508) Owner: 7, SteamName: DADO
14.12.2018 19:32:02: Connected: dado(76561198044866508) Owner: 9
14.12.2018 19:32:03: Connected (CLIENT_PING): dado(76561198044866508) Owner: 9, SteamName: DADO   [UpTime: 0h 1min 15s - ServerFPS: 50.7937]
14.12.2018 19:34:21: Connected: FLASH(76561198288838425) Owner: 10
14.12.2018 19:34:26: Connected (CLIENT_PING): FLASH(76561198288838425) Owner: 10, SteamName: JaxxLucifer   [UpTime: 0h 3min 35s - ServerFPS: 48.3384]
14.12.2018 19:45:43: Disconnected: opog(76561198160382327) Owner: 8, SteamName: Jochen Seibert
14.12.2018 19:49:48: Disconnected: dado(76561198044866508) Owner: 9, SteamName: DADO
14.12.2018 19:53:00: Connected: dado(76561198044866508) Owner: 12
14.12.2018 19:53:01: Connected (CLIENT_PING): dado(76561198044866508) Owner: 12, SteamName: DADO   [UpTime: 0h 22min 6s - ServerFPS: 45.584]
14.12.2018 20:31:54: Connected: Julius(76561198020201324) Owner: 15
14.12.2018 20:32:00: Connected (CLIENT_PING): Julius(76561198020201324) Owner: 15, SteamName: Netzouille La Couille   [UpTime: 1h 1min 1s - ServerFPS: 32.3887]
14.12.2018 21:50:11: Disconnected: Julius(76561198020201324) Owner: 15, SteamName: Netzouille La Couille
14.12.2018 21:53:02: Connected: Julius(76561198020201324) Owner: 18
14.12.2018 21:53:09: Connected (CLIENT_PING): Julius(76561198020201324) Owner: 18, SteamName: Netzouille La Couille   [UpTime: 2h 22min 1s - ServerFPS: 47.619]
14.12.2018 21:58:26: Connected: Lucien Waltek(76561198009114257) Owner: 19
14.12.2018 21:58:38: Connected (CLIENT_PING): Lucien Waltek(76561198009114257) Owner: 19, SteamName: Takiwaltek   [UpTime: 2h 27min 28s - ServerFPS: 44.0771]
14.12.2018 22:02:58: Connected: Amory Filet(76561198340757558) Owner: 20
14.12.2018 22:03:03: Connected (CLIENT_PING): Amory Filet(76561198340757558) Owner: 20, SteamName: Alpha_Snow.TV   [UpTime: 2h 31min 53s - ServerFPS: 40.201]
14.12.2018 22:03:19: Disconnected: Lazouille(76561197981840743) Owner: 5, SteamName: Lazouille
14.12.2018 22:04:48: Disconnected: Amory Filet(76561198340757558) Owner: 20, SteamName: Alpha_Snow.TV
14.12.2018 22:20:50: Disconnected: Julius(76561198020201324) Owner: 18, SteamName: Netzouille La Couille
14.12.2018 22:20:51: Disconnected: Franck Idraned(76561198227507388) Owner: 4, SteamName: firesstones
14.12.2018 22:22:02: Disconnected: FLASH(76561198288838425) Owner: 10, SteamName: JaxxLucifer
14.12.2018 22:24:33: Disconnected: Lucien Waltek(76561198009114257) Owner: 19, SteamName: Takiwaltek
14.12.2018 22:24:58: Disconnected: dado(76561198044866508) Owner: 12, SteamName: DADO
14.12.2018 22:30:28: Connected (UID?): __SERVER__() Owner: 2
14.12.2018 22:33:11: Connected: dado(76561198044866508) Owner: 7
14.12.2018 22:33:11: Connected (CLIENT_PING): dado(76561198044866508) Owner: 7, SteamName: DADO   [UpTime: 0h 1min 4s - ServerFPS: 50.6329]
14.12.2018 22:33:18: Connected: Franck Idraned(76561198227507388) Owner: 6
14.12.2018 22:33:20: Connected (CLIENT_PING): Franck Idraned(76561198227507388) Owner: 6, SteamName: firesstones   [UpTime: 0h 1min 12s - ServerFPS: 50]
14.12.2018 22:33:40: Disconnected: dado(76561198044866508) Owner: 7, SteamName: DADO
14.12.2018 22:33:54: Connected: dado(76561198044866508) Owner: 8
14.12.2018 22:33:55: Connected (CLIENT_PING): dado(76561198044866508) Owner: 8, SteamName: DADO   [UpTime: 0h 1min 46s - ServerFPS: 12.432]
14.12.2018 22:35:04: Disconnected: dado(76561198044866508) Owner: 8, SteamName: DADO
14.12.2018 22:35:18: Connected: dado(76561198044866508) Owner: 10
14.12.2018 22:35:19: Connected (CLIENT_PING): dado(76561198044866508) Owner: 10, SteamName: DADO   [UpTime: 0h 3min 6s - ServerFPS: 50.4732]
14.12.2018 22:36:17: Connected: Lucien Waltek(76561198009114257) Owner: 9
14.12.2018 22:36:23: Connected (CLIENT_PING): Lucien Waltek(76561198009114257) Owner: 9, SteamName: Takiwaltek   [UpTime: 0h 4min 10s - ServerFPS: 49.5356]
14.12.2018 22:40:54: Connected: FLASH(76561198288838425) Owner: 11
14.12.2018 22:40:59: Connected (CLIENT_PING): FLASH(76561198288838425) Owner: 11, SteamName: JaxxLucifer   [UpTime: 0h 8min 45s - ServerFPS: 50.1567]
14.12.2018 23:26:59: Disconnected: Lucien Waltek(76561198009114257) Owner: 9, SteamName: Takiwaltek
14.12.2018 23:30:18: Connected: Lucien Waltek(76561198009114257) Owner: 12
14.12.2018 23:30:27: Connected (CLIENT_PING): Lucien Waltek(76561198009114257) Owner: 12, SteamName: Takiwaltek   [UpTime: 0h 58min 7s - ServerFPS: 49.3827]
14.12.2018 23:43:25: Disconnected: Lucien Waltek(76561198009114257) Owner: 12, SteamName: Takiwaltek
