08.12.2018 00:24:19: TOKEN [uo9o8knesbl7c12td] FOR dado(76561198044866508) OWNER: 4, ID: 1.12469e+008, JIP: true
08.12.2018 00:24:44: TOKEN [nzrjv7o3qnrmwdb7y] FOR dado(76561198044866508) OWNER: 5, ID: 1.58725e+008, JIP: true
08.12.2018 00:33:16: TOKEN [nxad0lbcsp12brwtl8] FOR dado(76561198044866508) OWNER: 4, ID: 6.61383e+008, JIP: true
08.12.2018 00:36:43: TOKEN [dndsoama76rahw7] FOR dado(76561198044866508) OWNER: 4, ID: 8.68227e+008, JIP: true
08.12.2018 01:40:34: TOKEN [vfwxfvypyhzwlvzj63] FOR dado(76561198044866508) OWNER: 4, ID: 3.97341e+008, JIP: true
08.12.2018 01:44:03: TOKEN [k1066comtdgde6516] FOR dado(76561198044866508) OWNER: 5, ID: 6.22215e+008, JIP: true
08.12.2018 02:02:00: TOKEN [fgwissx6glycyq0y6c] FOR dado(76561198044866508) OWNER: 4, ID: 1.6769e+009, JIP: true
08.12.2018 02:05:28: TOKEN [shddqhz32849me] FOR dado(76561198044866508) OWNER: 4, ID: 1.90608e+009, JIP: true
08.12.2018 02:06:37: TOKEN [h3hhpsjb36bhvi4vs] FOR dado(76561198044866508) OWNER: 5, ID: 1.977e+009, JIP: true
08.12.2018 02:23:31: TOKEN [ncmr7n933zsuff] FOR dado(76561198044866508) OWNER: 4, ID: 8.38068e+008, JIP: true
08.12.2018 02:23:55: TOKEN [gtwovh4ixcd6i1pon2f] FOR dado(76561198044866508) OWNER: 5, ID: 8.67318e+008, JIP: true
08.12.2018 02:46:43: TOKEN [i1l76mrk6l5or00y] FOR dado(76561198044866508) OWNER: 4, ID: 6.45203e+007, JIP: true
08.12.2018 02:48:09: TOKEN [pfyawzczkqrqkdjfld] FOR dado(76561198044866508) OWNER: 5, ID: 1.73459e+008, JIP: true
08.12.2018 02:48:49: TOKEN [g7ss5gmj5qylt42gno] FOR dado(76561198044866508) OWNER: 6, ID: 2.13894e+008, JIP: true
08.12.2018 02:52:30: TOKEN [kpy5zzwt8su3k27i3x] FOR dado(76561198044866508) OWNER: 7, ID: 4.33038e+008, JIP: true
08.12.2018 03:11:45: TOKEN [ryrcxojc3zmgdp] FOR dado(76561198044866508) OWNER: 4, ID: 1.54538e+009, JIP: true
08.12.2018 03:12:43: TOKEN [kpehnfgpp0th7jt6v] FOR dado(76561198044866508) OWNER: 5, ID: 1.64476e+009, JIP: true
08.12.2018 03:17:20: TOKEN [sjnvmwy1b4dvu2yz2o] FOR dado(76561198044866508) OWNER: 6, ID: 1.92069e+009, JIP: true
08.12.2018 03:18:19: TOKEN [cz2b3ys1q7ka23jt] FOR dado(76561198044866508) OWNER: 7, ID: 1.97988e+009, JIP: true
08.12.2018 03:21:11: TOKEN [hwci66kyovcvoi9] FOR dado(76561198044866508) OWNER: 4, ID: 2.14352e+009, JIP: true
08.12.2018 03:30:28: TOKEN [vxwk0trgiuplypfiq7] FOR dado(76561198044866508) OWNER: 5, ID: 5.46954e+008, JIP: true
08.12.2018 03:32:21: TOKEN [x0txuodgr241kvrofop] FOR dado(76561198044866508) OWNER: 4, ID: 6.37568e+008, JIP: true
08.12.2018 03:34:41: TOKEN [myex2veoi5k1p1ylo] FOR dado(76561198044866508) OWNER: 5, ID: 8.16348e+008, JIP: true
08.12.2018 03:46:29: TOKEN [teddoji4zxtfp7rceo] FOR dado(76561198044866508) OWNER: 4, ID: 1.52468e+009, JIP: true
08.12.2018 03:50:34: TOKEN [u8cqpodyg5yy8df] FOR dado(76561198044866508) OWNER: 5, ID: 1.76943e+009, JIP: true
08.12.2018 15:44:53: TOKEN [m2le3kd84byolmocn] FOR dado(76561198044866508) OWNER: 4, ID: 1.64841e+009, JIP: true
08.12.2018 15:45:52: TOKEN [e5bw31crrvcuvzptp] FOR dado(76561198044866508) OWNER: 5, ID: 1.73665e+009, JIP: true
08.12.2018 16:28:40: TOKEN [icmw5n4fyglw6s8a8] FOR dado(76561198044866508) OWNER: 4, ID: 2.11572e+009, JIP: true
08.12.2018 16:29:16: TOKEN [j0i3gw82sidt0uom] FOR dado(76561198044866508) OWNER: 5, ID: 4.68773e+007, JIP: true
08.12.2018 16:37:41: TOKEN [rlssgdv5wtdryk1] FOR dado(76561198044866508) OWNER: 4, ID: 5.22581e+008, JIP: true
08.12.2018 16:38:05: TOKEN [qqnlvxkn8602q2ga] FOR dado(76561198044866508) OWNER: 5, ID: 5.76712e+008, JIP: true
08.12.2018 16:42:50: TOKEN [azug5m3bt5y96o5f0] FOR dado(76561198044866508) OWNER: 4, ID: 8.41781e+008, JIP: true
08.12.2018 16:43:45: TOKEN [jrox5r736tch205gv5] FOR dado(76561198044866508) OWNER: 5, ID: 9.17016e+008, JIP: true
08.12.2018 16:56:19: TOKEN [aoo0kr52afxyakre8z] FOR dado(76561198044866508) OWNER: 4, ID: 1.62306e+009, JIP: true
08.12.2018 16:59:48: TOKEN [kaxm9keezsbhqfi] FOR dado(76561198044866508) OWNER: 5, ID: 1.87862e+009, JIP: true
08.12.2018 17:17:01: TOKEN [qyzw5w88rn66bewh] FOR dado(76561198044866508) OWNER: 4, ID: 7.43243e+008, JIP: true
08.12.2018 17:17:20: TOKEN [bwv02y1w0kunmjrrdp] FOR dado(76561198044866508) OWNER: 5, ID: 7.84698e+008, JIP: true
08.12.2018 17:35:36: TOKEN [i3wr25hl5z18i3aij] FOR dado(76561198044866508) OWNER: 4, ID: 1.82838e+009, JIP: true
08.12.2018 17:37:02: TOKEN [e39rfezkpb70uft1] FOR dado(76561198044866508) OWNER: 5, ID: 1.96395e+009, JIP: true
08.12.2018 19:10:07: TOKEN [ocs5e0zn3ty8i3z] FOR dado(76561198044866508) OWNER: 4, ID: 1.08393e+009, JIP: true
08.12.2018 20:01:32: TOKEN [tln6m1dyn4lk1cq] FOR dado(76561198044866508) OWNER: 4, ID: 1.80264e+009, JIP: true
08.12.2018 20:08:42: TOKEN [n6ukikzr4eecce5b7] FOR dado(76561198044866508) OWNER: 5, ID: 1.16306e+008, JIP: true
08.12.2018 21:18:26: TOKEN [isy3eh5l6ua1byn] FOR dado(76561198044866508) OWNER: 7, ID: 2.14714e+009, JIP: true
08.12.2018 21:19:13: TOKEN [ttusv92po2edy540ui] FOR Julius(76561198020201324) OWNER: 6, ID: 1.17022e+008, JIP: true
08.12.2018 21:26:49: TOKEN [xjfgfrpqbkdqv4b3zz] FOR dado(76561198044866508) OWNER: 8, ID: 5.03727e+008, JIP: true
08.12.2018 21:27:39: TOKEN [v4vyj9d0o17wb3t6] FOR dado(76561198044866508) OWNER: 9, ID: 5.52683e+008, JIP: true
08.12.2018 22:21:15: TOKEN [d0bsia5v0gwkxiue] FOR dado(76561198044866508) OWNER: 4, ID: 1.57185e+009, JIP: true
08.12.2018 22:21:49: TOKEN [xgl0io6vdmwk3xy] FOR dado(76561198044866508) OWNER: 5, ID: 1.66069e+009, JIP: true
08.12.2018 22:24:15: TOKEN [k580r3mgtte5rhl] FOR dado(76561198044866508) OWNER: 6, ID: 1.80255e+009, JIP: true
08.12.2018 22:26:00: TOKEN [ubwv0d47mq7hu7sx7] FOR Julius(76561198020201324) OWNER: 7, ID: 2.0088e+009, JIP: true
