14.12.2018 00:11:52: V69 (21-07-2017) [OCCUPATION:Vehicle] bandit vehicle C_Offroad_02_unarmed_F spawned @ [4532.28,8814.09,0]
14.12.2018 00:12:22: V69 (21-07-2017) [OCCUPATION:repairVehicle]:: Vehicle O Alpha 1-3:1 _repairStatus false
14.12.2018 00:12:22: V69 (21-07-2017) [OCCUPATION:repairVehicle]:: Starting repair check Vehicle O Alpha 1-3:1 _repairStatus false
14.12.2018 00:12:22: V69 (21-07-2017) [OCCUPATION:repairVehicle]:: Finished mphit eventhandler for Vehicle O Alpha 1-3:1 _repairStatus true
14.12.2018 00:12:22: V69 (21-07-2017) [OCCUPATION:repairVehicle]:: Unit O Alpha 1-3:1 repairing(true) vehicle at 6612.65
14.12.2018 00:12:28: V69 (21-07-2017) [OCCUPATION:repairVehicle]:: Unit O Alpha 1-3:1 finished repairing vehicle O Alpha 1-3:1 at 6619.66
14.12.2018 00:15:21: V69 (21-07-2017) [OCCUPATION:repairVehicle]:: Vehicle O Bravo 1-3:1 REMOTE _repairStatus false
14.12.2018 00:15:21: V69 (21-07-2017) [OCCUPATION:repairVehicle]:: Starting repair check Vehicle O Bravo 1-3:1 REMOTE _repairStatus false
14.12.2018 00:15:21: V69 (21-07-2017) [OCCUPATION:repairVehicle]:: Finished mphit eventhandler for Vehicle O Bravo 1-3:1 REMOTE _repairStatus true
14.12.2018 00:15:21: V69 (21-07-2017) [OCCUPATION:repairVehicle]:: Unit O Bravo 1-3:1 REMOTE repairing(true) vehicle at 6792.48
14.12.2018 00:15:28: V69 (21-07-2017) [OCCUPATION:repairVehicle]:: Unit O Bravo 1-3:1 REMOTE finished repairing vehicle 7a1f9600# 1583865: offroad_02_f.p3d REMOTE at 6799.52
14.12.2018 00:15:30: V69 (21-07-2017) [OCCUPATION:repairVehicle]:: Vehicle O Bravo 1-4:1 _repairStatus false
14.12.2018 00:15:30: V69 (21-07-2017) [OCCUPATION:repairVehicle]:: Starting repair check Vehicle O Bravo 1-4:1 _repairStatus false
14.12.2018 00:15:30: V69 (21-07-2017) [OCCUPATION:repairVehicle]:: Finished mphit eventhandler for Vehicle O Bravo 1-4:1 _repairStatus true
14.12.2018 00:15:30: V69 (21-07-2017) [OCCUPATION:repairVehicle]:: Unit O Bravo 1-4:1 repairing(true) vehicle at 6801.43
14.12.2018 00:15:37: V69 (21-07-2017) [OCCUPATION:repairVehicle]:: Unit O Bravo 1-4:1 finished repairing vehicle afc39600# 1584031: truck_03_device_f.p3d at 6808.44
14.12.2018 00:17:04: V69 (21-07-2017) [OCCUPATION:Vehicle] bandit vehicle O_T_LSV_02_unarmed_black_F spawned @ [11002.4,9939.21,0]
14.12.2018 00:23:42: V69 (21-07-2017) [OCCUPATION:Vehicle] bandit vehicle I_C_Offroad_02_unarmed_F spawned @ [4551.3,5692.81,-3.05176e-005]
14.12.2018 00:24:07: V69 (21-07-2017) [OCCUPATION:Vehicle] bandit vehicle C_Offroad_02_unarmed_F spawned @ [4796.97,7773.57,0]
14.12.2018 00:24:33: V69 (21-07-2017) [OCCUPATION:Vehicle] bandit vehicle I_C_Offroad_02_unarmed_F spawned @ [7252.33,8303.39,0]
14.12.2018 00:25:08: V69 (21-07-2017) [OCCUPATION:Vehicle]:: No replacement Driver found for vehicle 7a16eb00# 1565420: offroad_02_f.p3d
14.12.2018 00:26:20: V69 (21-07-2017) [OCCUPATION:Vehicle] bandit vehicle I_C_Offroad_02_unarmed_F spawned @ [4906.77,9549.78,0]
14.12.2018 00:29:22: V69 (21-07-2017) [OCCUPATION:repairVehicle]:: Vehicle O Alpha 1-3:1 REMOTE _repairStatus false
14.12.2018 00:29:22: V69 (21-07-2017) [OCCUPATION:repairVehicle]:: Starting repair check Vehicle O Alpha 1-3:1 REMOTE _repairStatus false
14.12.2018 00:29:22: V69 (21-07-2017) [OCCUPATION:repairVehicle]:: Finished mphit eventhandler for Vehicle O Alpha 1-3:1 REMOTE _repairStatus true
14.12.2018 00:29:22: V69 (21-07-2017) [OCCUPATION:repairVehicle]:: Unit O Alpha 1-3:1 REMOTE repairing(true) vehicle at 7628.77
14.12.2018 00:29:28: V69 (21-07-2017) [OCCUPATION:repairVehicle]:: Unit O Alpha 1-3:1 REMOTE finished repairing vehicle ae47eb00# 1591251: offroad_02_f.p3d REMOTE at 7635.85
14.12.2018 00:30:13: V69 (21-07-2017) [OCCUPATION:repairVehicle]:: Vehicle O Alpha 1-3:1 REMOTE _repairStatus false
14.12.2018 00:30:13: V69 (21-07-2017) [OCCUPATION:repairVehicle]:: Starting repair check Vehicle O Alpha 1-3:1 REMOTE _repairStatus false
14.12.2018 00:30:13: V69 (21-07-2017) [OCCUPATION:repairVehicle]:: Not enough damage to disable O Alpha 1-3:1 REMOTE, driver is O Alpha 1-3:1 REMOTE at 7680.7
14.12.2018 00:30:13: V69 (21-07-2017) [OCCUPATION:repairVehicle]:: Finished mphit eventhandler for Vehicle O Alpha 1-3:1 REMOTE _repairStatus false
14.12.2018 00:30:22: V69 (21-07-2017) [OCCUPATION:repairVehicle]:: Vehicle O Bravo 2-3:1 REMOTE _repairStatus false
14.12.2018 00:30:22: V69 (21-07-2017) [OCCUPATION:repairVehicle]:: Starting repair check Vehicle O Bravo 2-3:1 REMOTE _repairStatus false
14.12.2018 00:30:22: V69 (21-07-2017) [OCCUPATION:repairVehicle]:: Finished mphit eventhandler for Vehicle O Bravo 2-3:1 REMOTE _repairStatus true
14.12.2018 00:30:22: V69 (21-07-2017) [OCCUPATION:repairVehicle]:: Vehicle 5f354100# 1564970: offroad_02_f.p3d REMOTE _repairStatus false
14.12.2018 00:30:22: V69 (21-07-2017) [OCCUPATION:repairVehicle]:: Starting repair check Vehicle 5f354100# 1564970: offroad_02_f.p3d REMOTE _repairStatus false
14.12.2018 00:30:22: V69 (21-07-2017) [OCCUPATION:repairVehicle]:: Unit O Bravo 2-3:1 REMOTE repairing(true) vehicle at 7689.43
14.12.2018 00:30:29: V69 (21-07-2017) [OCCUPATION:repairVehicle]:: Unit O Bravo 2-3:1 REMOTE finished repairing vehicle af8d5600# 1596815: offroad_02_f.p3d REMOTE at 7696.5
14.12.2018 00:32:36: V69 (21-07-2017) [OCCUPATION:repairVehicle]:: Vehicle O Bravo 2-4:1 _repairStatus false
14.12.2018 00:32:36: V69 (21-07-2017) [OCCUPATION:repairVehicle]:: Starting repair check Vehicle O Bravo 2-4:1 _repairStatus false
14.12.2018 00:32:36: V69 (21-07-2017) [OCCUPATION:repairVehicle]:: Finished mphit eventhandler for Vehicle O Bravo 2-4:1 _repairStatus true
14.12.2018 00:32:36: V69 (21-07-2017) [OCCUPATION:repairVehicle]:: Unit O Bravo 2-4:1 repairing(true) vehicle at 7822.78
14.12.2018 00:32:43: V69 (21-07-2017) [OCCUPATION:repairVehicle]:: Unit O Bravo 2-4:1 REMOTE finished repairing vehicle O Bravo 2-4:2 at 7829.88
14.12.2018 00:32:53: V69 (21-07-2017) [OCCUPATION:Vehicle] bandit vehicle C_Offroad_02_unarmed_F spawned @ [8920.24,12512.5,0]
14.12.2018 00:33:05: V69 (21-07-2017) [OCCUPATION:Vehicle] End check 22 currently active (max 25) @ 7852
14.12.2018 00:33:21: V69 (21-07-2017) [OCCUPATION:FastNights]::  Current in game time is 17:8 multipler is 4
14.12.2018 00:33:21: V69 (21-07-2017) [OCCUPATION:RandomSpawn]:: Starting Occupation Monitor @ 7865.62
14.12.2018 00:33:21: V69 (21-07-2017) [OCCUPATION:Sky] Started
14.12.2018 00:33:25: V69 (21-07-2017) [OCCUPATION:Sky] Running
14.12.2018 00:33:25: V69 (21-07-2017) [OCCUPATION:Places]:: Starting Occupation Monitor @ 7869.74
14.12.2018 00:33:37: V69 (21-07-2017) [OCCUPATION:Unstick]:: Initialised at 7881.45
14.12.2018 00:33:37: V69 (21-07-2017) [OCCUPATION:Unstick]:: Air: O Alpha 2-5:1 is active
14.12.2018 00:33:40: V69 (21-07-2017) [OCCUPATION:Unstick]:: Air: O Alpha 2-5:1 is too close to a map marker, redirecting destination
14.12.2018 00:33:40: V69 (21-07-2017) [OCCUPATION:Unstick]:: Land: afc39600# 1584031: truck_03_device_f.p3d is active
14.12.2018 00:33:42: V69 (21-07-2017) [OCCUPATION:Unstick]:: Land: O Bravo 2-4:1 REMOTE is active
14.12.2018 00:33:44: V69 (21-07-2017) [OCCUPATION:Unstick]:: Land: 84b40100# 1565862: offroad_02_f.p3d REMOTE is active
14.12.2018 00:33:46: V69 (21-07-2017) [OCCUPATION:Unstick]:: Land: 47c08100# 1566306: offroad_02_f.p3d REMOTE is active
14.12.2018 00:33:49: V69 (21-07-2017) [OCCUPATION:Unstick]:: Land: 62e6eb00# 1566392: offroad_02_f.p3d REMOTE is active
14.12.2018 00:33:51: V69 (21-07-2017) [OCCUPATION:Unstick]:: Land: b0a6eb00# 1567601: lsv_01_f.p3d is active
14.12.2018 00:33:53: V69 (21-07-2017) [OCCUPATION:Unstick]:: Land: 7a079600# 1568371: offroad_02_f.p3d REMOTE is active
14.12.2018 00:33:56: V69 (21-07-2017) [OCCUPATION:Unstick]:: Land: ad37c100# 1567036: offroad_01_unarmed_f.p3d is active
14.12.2018 00:33:58: V69 (21-07-2017) [OCCUPATION:Unstick]:: Land: O Alpha 4-3:1 REMOTE is active
14.12.2018 00:33:58: V69 (21-07-2017) [OCCUPATION:Unstuck]:: MB 4WD (I_C_Offroad_02_unarmed_F) is stuck,attempting to unstick from [2765.8,7306.9,0.00180054] @ 7902.03
14.12.2018 00:33:58: V69 (21-07-2017) [OCCUPATION:Unstuck]:: MB 4WD (I_C_Offroad_02_unarmed_F) was stuck and was moved from [2765.8,7306.9,0.00180054] to [2768.5,7301.5,0] resetting patrol around point [2765.86,7306.91,0] @ 7902.39
14.12.2018 00:34:00: V69 (21-07-2017) [OCCUPATION:Unstick]:: Land: b15f4100# 1577580: offroad_02_f.p3d REMOTE is active
14.12.2018 00:34:03: V69 (21-07-2017) [OCCUPATION:Unstick]:: Land: O Alpha 4-6:1 REMOTE is active
14.12.2018 00:34:05: V69 (21-07-2017) [OCCUPATION:Unstick]:: Land: O Bravo 1-1:2 REMOTE is active
14.12.2018 00:34:07: V69 (21-07-2017) [OCCUPATION:Unstick]:: Land: 5e9e1600# 1581980: offroad_02_f.p3d REMOTE is active
14.12.2018 00:34:09: V69 (21-07-2017) [OCCUPATION:Unstick]:: Land: 7a1f9600# 1583865: offroad_02_f.p3d REMOTE is active
14.12.2018 00:34:11: V69 (21-07-2017) [OCCUPATION:Unstick]:: Land: O Bravo 1-5:1 is active
14.12.2018 00:34:13: V69 (21-07-2017) [OCCUPATION:Unstick]:: Land: O Alpha 1-3:1 REMOTE is active
14.12.2018 00:34:15: V69 (21-07-2017) [OCCUPATION:Unstick]:: Land: O Alpha 3-6:1 REMOTE is active
14.12.2018 00:34:17: V69 (21-07-2017) [OCCUPATION:Unstick]:: Land: aacc5600# 1593840: lsv_02_f.p3d is active
14.12.2018 00:34:20: V69 (21-07-2017) [OCCUPATION:Unstick]:: Land: O Bravo 2-2:1 REMOTE is active
14.12.2018 00:34:21: V69 (21-07-2017) [OCCUPATION:Unstick]:: Land: O Bravo 2-3:2 REMOTE is active
14.12.2018 00:34:24: V69 (21-07-2017) [OCCUPATION:Unstick]:: Land: O Alpha 2-3:3 REMOTE is active
14.12.2018 00:34:24: V69 (21-07-2017) [OCCUPATION:Unstuck]:: MB 4WD (I_C_Offroad_02_unarmed_F) is stuck,attempting to unstick from [4906.72,9549.78,-0.00198364] @ 7927.83
14.12.2018 00:34:24: V69 (21-07-2017) [OCCUPATION:Unstuck]:: MB 4WD (I_C_Offroad_02_unarmed_F) was stuck and was moved from [4906.72,9549.78,-0.00198364] to [4910.5,9554.5,0] resetting patrol around point [4906.77,9549.78,0] @ 7928.32
14.12.2018 00:34:26: V69 (21-07-2017) [OCCUPATION:Unstick]:: Land: O Bravo 2-5:1 is active
14.12.2018 00:34:28: V69 (21-07-2017) [OCCUPATION:Unstick]:: Finished at 7932.64
14.12.2018 00:34:33: V69 (21-07-2017) [OCCUPATION:FastNights]::  Current in game time is 17:13 multipler is 4
14.12.2018 00:34:33: V69 (21-07-2017) [OCCUPATION:RandomSpawn]:: Starting Occupation Monitor @ 7937.25
14.12.2018 00:34:34: V69 (21-07-2017) [OCCUPATION:Vehicle]:: No replacement Driver found for vehicle b0a6eb00# 1567601: lsv_01_f.p3d
14.12.2018 00:35:00: V69 (21-07-2017) [OCCUPATION:Vehicle]:: No replacement Driver found for vehicle afc39600# 1584031: truck_03_device_f.p3d
14.12.2018 00:35:35: V69 (21-07-2017) [OCCUPATION:FastNights]::  Current in game time is 17:17 multipler is 4
14.12.2018 00:35:35: V69 (21-07-2017) [OCCUPATION:RandomSpawn]:: Starting Occupation Monitor @ 7999.27
14.12.2018 00:35:36: V69 (21-07-2017) [OCCUPATION:Vehicle]:: No replacement Driver found for vehicle 84b40100# 1565862: offroad_02_f.p3d REMOTE
14.12.2018 00:35:41: V69 (21-07-2017) [OCCUPATION:repairVehicle]:: Vehicle O Bravo 2-2:1 REMOTE _repairStatus false
14.12.2018 00:35:41: V69 (21-07-2017) [OCCUPATION:repairVehicle]:: Starting repair check Vehicle O Bravo 2-2:1 REMOTE _repairStatus false
14.12.2018 00:35:41: V69 (21-07-2017) [OCCUPATION:repairVehicle]:: Finished mphit eventhandler for Vehicle O Bravo 2-2:1 REMOTE _repairStatus true
14.12.2018 00:35:41: V69 (21-07-2017) [OCCUPATION:repairVehicle]:: Vehicle O Bravo 2-2:1 REMOTE _repairStatus false
14.12.2018 00:35:41: V69 (21-07-2017) [OCCUPATION:repairVehicle]:: Starting repair check Vehicle O Bravo 2-2:1 REMOTE _repairStatus false
14.12.2018 00:35:41: V69 (21-07-2017) [OCCUPATION:repairVehicle]:: Finished mphit eventhandler for Vehicle O Alpha 3-2:1 REMOTE _repairStatus true
14.12.2018 00:35:41: V69 (21-07-2017) [OCCUPATION:repairVehicle]:: Unit O Alpha 3-2:1 REMOTE repairing(true) vehicle at 8005.36
14.12.2018 00:35:41: V69 (21-07-2017) [OCCUPATION:repairVehicle]:: Unit O Bravo 2-2:3 REMOTE repairing(true) vehicle at 8005.36
14.12.2018 00:35:48: V69 (21-07-2017) [OCCUPATION:repairVehicle]:: Unit O Bravo 2-2:3 REMOTE finished repairing vehicle 3d0b8100# 1596765: offroad_02_f.p3d REMOTE at 8012.49
14.12.2018 00:36:56: V69 (21-07-2017) [OCCUPATION:FastNights]::  Current in game time is 17:23 multipler is 4
14.12.2018 00:36:56: V69 (21-07-2017) [OCCUPATION:RandomSpawn]:: Starting Occupation Monitor @ 8079.64
14.12.2018 00:37:56: V69 (21-07-2017) [OCCUPATION:FastNights]::  Current in game time is 17:27 multipler is 4
14.12.2018 00:37:56: V69 (21-07-2017) [OCCUPATION:RandomSpawn]:: Starting Occupation Monitor @ 8140.07
14.12.2018 00:38:11: V69 (21-07-2017) [OCCUPATION:Vehicle] Started
14.12.2018 00:41:27: V69 (21-07-2017) [OCCUPATION:Vehicle]:: No replacement Driver found for vehicle 84b40100# 1565862: offroad_02_f.p3d REMOTE
14.12.2018 00:46:06: V69 (21-07-2017) [OCCUPATION:Vehicle] bandit vehicle B_GEN_Offroad_01_gen_F spawned @ [4478.5,9461.76,0]
14.12.2018 00:46:59: V69 (21-07-2017) [OCCUPATION:Vehicle] bandit vehicle B_GEN_Offroad_01_gen_F spawned @ [3445.23,5538.74,0]
14.12.2018 00:47:01: V69 (21-07-2017) [OCCUPATION:repairVehicle]:: Vehicle O Alpha 3-2:1 REMOTE _repairStatus false
14.12.2018 00:47:01: V69 (21-07-2017) [OCCUPATION:repairVehicle]:: Starting repair check Vehicle O Alpha 3-2:1 REMOTE _repairStatus false
14.12.2018 00:47:01: V69 (21-07-2017) [OCCUPATION:repairVehicle]:: Not enough damage to disable O Alpha 3-2:1 REMOTE, driver is O Alpha 3-2:1 REMOTE at 8684.05
14.12.2018 00:47:01: V69 (21-07-2017) [OCCUPATION:repairVehicle]:: Finished mphit eventhandler for Vehicle O Alpha 3-2:1 REMOTE _repairStatus false
14.12.2018 00:47:44: V69 (21-07-2017) [OCCUPATION:Vehicle] bandit vehicle I_C_Offroad_02_unarmed_F spawned @ [4486.34,9470.51,0]
14.12.2018 00:50:24: V69 (21-07-2017) [OCCUPATION:Vehicle]:: No replacement Driver found for vehicle 47c08100# 1566306: offroad_02_f.p3d REMOTE
14.12.2018 00:50:32: V69 (21-07-2017) [OCCUPATION:repairVehicle]:: Vehicle O Bravo 1-1:1 REMOTE _repairStatus false
14.12.2018 00:50:32: V69 (21-07-2017) [OCCUPATION:repairVehicle]:: Starting repair check Vehicle O Bravo 1-1:1 REMOTE _repairStatus false
14.12.2018 00:50:32: V69 (21-07-2017) [OCCUPATION:repairVehicle]:: Finished mphit eventhandler for Vehicle O Bravo 1-1:1 REMOTE _repairStatus true
14.12.2018 00:50:32: V69 (21-07-2017) [OCCUPATION:repairVehicle]:: Unit O Bravo 1-1:1 REMOTE repairing(true) vehicle at 8894.99
14.12.2018 00:50:39: V69 (21-07-2017) [OCCUPATION:repairVehicle]:: Unit O Bravo 1-1:1 REMOTE finished repairing vehicle ac1e6b00# 1582310: offroad_01_unarmed_f.p3d REMOTE at 8902.14
14.12.2018 00:51:11: V69 (21-07-2017) [OCCUPATION:Vehicle] bandit vehicle C_Offroad_02_unarmed_F spawned @ [4539.68,10833.2,0]
14.12.2018 00:51:16: V69 (21-07-2017) [OCCUPATION:repairVehicle]:: Vehicle ac1e6b00# 1582310: offroad_01_unarmed_f.p3d REMOTE _repairStatus false
14.12.2018 00:51:16: V69 (21-07-2017) [OCCUPATION:repairVehicle]:: Starting repair check Vehicle ac1e6b00# 1582310: offroad_01_unarmed_f.p3d REMOTE _repairStatus false
14.12.2018 00:51:42: V69 (21-07-2017) [OCCUPATION:Vehicle]:: No replacement Driver found for vehicle ac1e6b00# 1582310: offroad_01_unarmed_f.p3d REMOTE
14.12.2018 00:53:12: V69 (21-07-2017) [OCCUPATION:Vehicle] bandit vehicle B_GEN_Offroad_01_gen_F spawned @ [2686.54,7272.24,0]
14.12.2018 00:54:19: V69 (21-07-2017) [OCCUPATION:repairVehicle]:: Vehicle O Bravo 2-2:3 _repairStatus false
14.12.2018 00:54:19: V69 (21-07-2017) [OCCUPATION:repairVehicle]:: Starting repair check Vehicle O Bravo 2-2:3 _repairStatus false
14.12.2018 00:54:19: V69 (21-07-2017) [OCCUPATION:repairVehicle]:: Finished mphit eventhandler for Vehicle O Bravo 2-2:3 _repairStatus true
14.12.2018 00:54:19: V69 (21-07-2017) [OCCUPATION:repairVehicle]:: Unit O Bravo 2-2:3 repairing(true) vehicle at 9120.02
14.12.2018 00:54:26: V69 (21-07-2017) [OCCUPATION:repairVehicle]:: Unit O Bravo 2-2:3 finished repairing vehicle O Bravo 2-2:3 at 9127.01
14.12.2018 00:55:08: V69 (21-07-2017) [OCCUPATION:repairVehicle]:: Vehicle O Alpha 4-1:1 REMOTE _repairStatus false
14.12.2018 00:55:08: V69 (21-07-2017) [OCCUPATION:repairVehicle]:: Starting repair check Vehicle O Alpha 4-1:1 REMOTE _repairStatus false
14.12.2018 00:55:08: V69 (21-07-2017) [OCCUPATION:repairVehicle]:: Finished mphit eventhandler for Vehicle O Alpha 4-1:1 REMOTE _repairStatus true
14.12.2018 00:55:08: V69 (21-07-2017) [OCCUPATION:repairVehicle]:: Unit O Alpha 4-1:1 REMOTE repairing(true) vehicle at 9168.72
14.12.2018 00:55:15: V69 (21-07-2017) [OCCUPATION:repairVehicle]:: Unit O Alpha 4-1:1 REMOTE finished repairing vehicle O Alpha 4-1:2 REMOTE at 9175.82
14.12.2018 00:55:21: V69 (21-07-2017) [OCCUPATION:Vehicle] bandit vehicle I_C_Offroad_02_unarmed_F spawned @ [3863.92,7582.84,0]
14.12.2018 00:58:11: V69 (21-07-2017) [OCCUPATION:Vehicle] bandit vehicle C_Offroad_02_unarmed_F spawned @ [4463.61,9451,-3.05176e-005]
14.12.2018 00:59:47: V69 (21-07-2017) [OCCUPATION:Vehicle] bandit vehicle B_GEN_Offroad_01_gen_F spawned @ [3517.65,5507.24,-3.05176e-005]
14.12.2018 01:02:51: V69 (21-07-2017) [OCCUPATION:Vehicle] bandit vehicle C_Offroad_02_unarmed_F spawned @ [9625.85,13255.3,0]
14.12.2018 01:08:03: V69 (21-07-2017) [OCCUPATION:repairVehicle]:: Vehicle O Bravo 2-5:1 _repairStatus false
14.12.2018 01:08:03: V69 (21-07-2017) [OCCUPATION:repairVehicle]:: Starting repair check Vehicle O Bravo 2-5:1 _repairStatus false
14.12.2018 01:08:03: V69 (21-07-2017) [OCCUPATION:repairVehicle]:: Finished mphit eventhandler for Vehicle O Bravo 2-5:1 _repairStatus true
14.12.2018 01:08:03: V69 (21-07-2017) [OCCUPATION:repairVehicle]:: Unit O Bravo 2-5:1 repairing(true) vehicle at 9941.67
14.12.2018 01:08:10: V69 (21-07-2017) [OCCUPATION:repairVehicle]:: Unit O Bravo 2-5:1 finished repairing vehicle O Bravo 2-5:1 at 9948.74
14.12.2018 01:10:08: V69 (21-07-2017) [OCCUPATION:Vehicle] bandit vehicle B_GEN_Offroad_01_gen_F spawned @ [11083.5,9310.97,-7.62939e-006]
