08.12.2018 00:15:22: Connected (UID?): __SERVER__() Owner: 2
08.12.2018 00:23:46: Connected (UID?): __SERVER__() Owner: 2
08.12.2018 00:24:19: Connected: dado(76561198044866508) Owner: 4
08.12.2018 00:24:20: Connected (CLIENT_PING): dado(76561198044866508) Owner: 4, SteamName: DADO   [UpTime: 0h 0min 21s - ServerFPS: 45.8453]
08.12.2018 00:24:31: Disconnected: dado(76561198044866508) Owner: 4, SteamName: DADO
08.12.2018 00:24:44: Connected: dado(76561198044866508) Owner: 5
08.12.2018 00:24:45: Connected (CLIENT_PING): dado(76561198044866508) Owner: 5, SteamName: DADO   [UpTime: 0h 0min 45s - ServerFPS: 45.7143]
08.12.2018 00:32:49: Connected (UID?): __SERVER__() Owner: 2
08.12.2018 00:33:16: Connected: dado(76561198044866508) Owner: 4
08.12.2018 00:33:17: Connected (CLIENT_PING): dado(76561198044866508) Owner: 4, SteamName: DADO   [UpTime: 0h 0min 15s - ServerFPS: 45.584]
08.12.2018 00:36:15: Connected (UID?): __SERVER__() Owner: 2
08.12.2018 00:36:43: Connected: dado(76561198044866508) Owner: 4
08.12.2018 00:36:45: Connected (CLIENT_PING): dado(76561198044866508) Owner: 4, SteamName: DADO   [UpTime: 0h 0min 18s - ServerFPS: 45.7143]
08.12.2018 01:28:06: Connected (UID?): __SERVER__() Owner: 2
08.12.2018 01:29:39: Connected (UID?): __SERVER__() Owner: 2
08.12.2018 01:34:43: Connected (UID?): __SERVER__() Owner: 2
08.12.2018 01:37:36: Connected (UID?): __SERVER__() Owner: 2
08.12.2018 01:39:42: Connected (UID?): __SERVER__() Owner: 2
08.12.2018 01:40:34: Connected: dado(76561198044866508) Owner: 4
08.12.2018 01:40:35: Connected (CLIENT_PING): dado(76561198044866508) Owner: 4, SteamName: DADO   [UpTime: 0h 0min 42s - ServerFPS: 45.8453]
08.12.2018 01:43:45: Disconnected: dado(76561198044866508) Owner: 4, SteamName: DADO
08.12.2018 01:44:03: Connected: dado(76561198044866508) Owner: 5
08.12.2018 01:44:04: Connected (CLIENT_PING): dado(76561198044866508) Owner: 5, SteamName: DADO   [UpTime: 0h 4min 11s - ServerFPS: 45.3258]
08.12.2018 02:01:13: Connected (UID?): __SERVER__() Owner: 2
08.12.2018 02:02:00: Connected: dado(76561198044866508) Owner: 4
08.12.2018 02:02:03: Connected (CLIENT_PING): dado(76561198044866508) Owner: 4, SteamName: DADO   [UpTime: 0h 0min 35s - ServerFPS: 45.977]
08.12.2018 02:03:40: Disconnected: dado(76561198044866508) Owner: 4, SteamName: DADO
08.12.2018 02:04:51: Connected (UID?): __SERVER__() Owner: 2
08.12.2018 02:05:28: Connected: dado(76561198044866508) Owner: 4
08.12.2018 02:05:29: Connected (CLIENT_PING): dado(76561198044866508) Owner: 4, SteamName: DADO   [UpTime: 0h 0min 27s - ServerFPS: 45.3258]
08.12.2018 02:05:57: Disconnected: dado(76561198044866508) Owner: 4, SteamName: DADO
08.12.2018 02:06:37: Connected: dado(76561198044866508) Owner: 5
08.12.2018 02:06:38: Connected (CLIENT_PING): dado(76561198044866508) Owner: 5, SteamName: DADO   [UpTime: 0h 1min 36s - ServerFPS: 45.8453]
08.12.2018 02:23:00: Connected (UID?): __SERVER__() Owner: 2
08.12.2018 02:23:31: Connected: dado(76561198044866508) Owner: 4
08.12.2018 02:23:32: Connected (CLIENT_PING): dado(76561198044866508) Owner: 4, SteamName: DADO   [UpTime: 0h 0min 18s - ServerFPS: 45.977]
08.12.2018 02:23:42: Disconnected: dado(76561198044866508) Owner: 4, SteamName: DADO
08.12.2018 02:23:55: Connected: dado(76561198044866508) Owner: 5
08.12.2018 02:23:56: Connected (CLIENT_PING): dado(76561198044866508) Owner: 5, SteamName: DADO   [UpTime: 0h 0min 41s - ServerFPS: 45.7143]
08.12.2018 02:45:56: Connected (UID?): __SERVER__() Owner: 2
08.12.2018 02:46:43: Connected: dado(76561198044866508) Owner: 4
08.12.2018 02:46:46: Connected (CLIENT_PING): dado(76561198044866508) Owner: 4, SteamName: DADO   [UpTime: 0h 0min 24s - ServerFPS: 45.8453]
08.12.2018 02:47:55: Disconnected: dado(76561198044866508) Owner: 4, SteamName: DADO
08.12.2018 02:48:09: Connected: dado(76561198044866508) Owner: 5
08.12.2018 02:48:10: Connected (CLIENT_PING): dado(76561198044866508) Owner: 5, SteamName: DADO   [UpTime: 0h 1min 47s - ServerFPS: 45.3258]
08.12.2018 02:48:37: Disconnected: dado(76561198044866508) Owner: 5, SteamName: DADO
08.12.2018 02:48:49: Connected: dado(76561198044866508) Owner: 6
08.12.2018 02:48:50: Connected (CLIENT_PING): dado(76561198044866508) Owner: 6, SteamName: DADO   [UpTime: 0h 2min 27s - ServerFPS: 46.2428]
08.12.2018 02:49:51: Disconnected: dado(76561198044866508) Owner: 6, SteamName: DADO
08.12.2018 02:52:30: Connected: dado(76561198044866508) Owner: 7
08.12.2018 02:52:31: Connected (CLIENT_PING): dado(76561198044866508) Owner: 7, SteamName: DADO   [UpTime: 0h 6min 8s - ServerFPS: 45.977]
08.12.2018 02:54:47: Connected (UID?): __SERVER__() Owner: 2
08.12.2018 03:10:46: Connected (UID?): __SERVER__() Owner: 2
08.12.2018 03:11:45: Connected: dado(76561198044866508) Owner: 4
08.12.2018 03:11:46: Connected (CLIENT_PING): dado(76561198044866508) Owner: 4, SteamName: DADO   [UpTime: 0h 0min 45s - ServerFPS: 45.7143]
08.12.2018 03:12:28: Disconnected: dado(76561198044866508) Owner: 4, SteamName: DADO
08.12.2018 03:12:43: Connected: dado(76561198044866508) Owner: 5
08.12.2018 03:13:27: Disconnected: dado(76561198044866508) Owner: 5, SteamName: DADO
08.12.2018 03:17:20: Connected: dado(76561198044866508) Owner: 6
08.12.2018 03:17:21: Connected (CLIENT_PING): dado(76561198044866508) Owner: 6, SteamName: DADO   [UpTime: 0h 6min 18s - ServerFPS: 47.1976]
08.12.2018 03:18:02: Disconnected: dado(76561198044866508) Owner: 6, SteamName: DADO
08.12.2018 03:18:19: Connected: dado(76561198044866508) Owner: 7
08.12.2018 03:18:20: Connected (CLIENT_PING): dado(76561198044866508) Owner: 7, SteamName: DADO   [UpTime: 0h 7min 18s - ServerFPS: 45.4545]
08.12.2018 03:19:01: Disconnected: dado(76561198044866508) Owner: 7, SteamName: DADO
08.12.2018 03:20:41: Connected (UID?): __SERVER__() Owner: 2
08.12.2018 03:21:11: Connected: dado(76561198044866508) Owner: 4
08.12.2018 03:21:12: Connected (CLIENT_PING): dado(76561198044866508) Owner: 4, SteamName: DADO   [UpTime: 0h 0min 19s - ServerFPS: 45.7143]
08.12.2018 03:29:31: Connected (UID?): __SERVER__() Owner: 2
08.12.2018 03:30:28: Connected: dado(76561198044866508) Owner: 5
08.12.2018 03:31:41: Connected (UID?): __SERVER__() Owner: 2
08.12.2018 03:32:21: Connected: dado(76561198044866508) Owner: 4
08.12.2018 03:32:22: Connected (CLIENT_PING): dado(76561198044866508) Owner: 4, SteamName: DADO   [UpTime: 0h 0min 28s - ServerFPS: 45.584]
08.12.2018 03:34:27: Disconnected: dado(76561198044866508) Owner: 4, SteamName: DADO
08.12.2018 03:34:41: Connected: dado(76561198044866508) Owner: 5
08.12.2018 03:34:42: Connected (CLIENT_PING): dado(76561198044866508) Owner: 5, SteamName: DADO   [UpTime: 0h 2min 48s - ServerFPS: 45.8453]
08.12.2018 03:44:42: Connected (UID?): __SERVER__() Owner: 2
08.12.2018 03:46:29: Connected: dado(76561198044866508) Owner: 4
08.12.2018 03:46:30: Connected (CLIENT_PING): dado(76561198044866508) Owner: 4, SteamName: DADO   [UpTime: 0h 1min 35s - ServerFPS: 45.977]
08.12.2018 03:50:17: Disconnected: dado(76561198044866508) Owner: 4, SteamName: DADO
08.12.2018 03:50:34: Connected: dado(76561198044866508) Owner: 5
08.12.2018 03:50:35: Connected (CLIENT_PING): dado(76561198044866508) Owner: 5, SteamName: DADO   [UpTime: 0h 5min 40s - ServerFPS: 45.4545]
08.12.2018 04:00:20: Disconnected: dado(76561198044866508) Owner: 5, SteamName: DADO
08.12.2018 15:02:48: Connected (UID?): __SERVER__() Owner: 2
08.12.2018 15:08:28: Connected (UID?): __SERVER__() Owner: 2
08.12.2018 15:10:16: Connected (UID?): __SERVER__() Owner: 2
08.12.2018 15:13:30: Connected (UID?): __SERVER__() Owner: 2
08.12.2018 15:27:49: Connected (UID?): __SERVER__() Owner: 2
08.12.2018 15:35:58: Connected (UID?): __SERVER__() Owner: 2
08.12.2018 15:43:42: Connected (UID?): __SERVER__() Owner: 2
08.12.2018 15:44:53: Connected: dado(76561198044866508) Owner: 4
08.12.2018 15:44:56: Connected (CLIENT_PING): dado(76561198044866508) Owner: 4, SteamName: DADO   [UpTime: 0h 0min 59s - ServerFPS: 45.3258]
08.12.2018 15:45:37: Disconnected: dado(76561198044866508) Owner: 4, SteamName: DADO
08.12.2018 15:45:52: Connected: dado(76561198044866508) Owner: 5
08.12.2018 15:45:54: Connected (CLIENT_PING): dado(76561198044866508) Owner: 5, SteamName: DADO   [UpTime: 0h 1min 57s - ServerFPS: 45.8453]
08.12.2018 16:27:43: Connected (UID?): __SERVER__() Owner: 2
08.12.2018 16:28:40: Connected: dado(76561198044866508) Owner: 4
08.12.2018 16:28:41: Connected (CLIENT_PING): dado(76561198044866508) Owner: 4, SteamName: DADO   [UpTime: 0h 0min 43s - ServerFPS: 46.1095]
08.12.2018 16:29:01: Disconnected: dado(76561198044866508) Owner: 4, SteamName: DADO
08.12.2018 16:29:16: Connected: dado(76561198044866508) Owner: 5
08.12.2018 16:29:17: Connected (CLIENT_PING): dado(76561198044866508) Owner: 5, SteamName: DADO   [UpTime: 0h 1min 19s - ServerFPS: 45.8453]
08.12.2018 16:36:15: Connected (UID?): __SERVER__() Owner: 2
08.12.2018 16:37:41: Connected: dado(76561198044866508) Owner: 4
08.12.2018 16:37:43: Connected (CLIENT_PING): dado(76561198044866508) Owner: 4, SteamName: DADO   [UpTime: 0h 1min 9s - ServerFPS: 45.7143]
08.12.2018 16:37:52: Disconnected: dado(76561198044866508) Owner: 4, SteamName: DADO
08.12.2018 16:38:05: Connected: dado(76561198044866508) Owner: 5
08.12.2018 16:38:07: Connected (CLIENT_PING): dado(76561198044866508) Owner: 5, SteamName: DADO   [UpTime: 0h 1min 33s - ServerFPS: 45.584]
08.12.2018 16:41:36: Connected (UID?): __SERVER__() Owner: 2
08.12.2018 16:42:50: Connected: dado(76561198044866508) Owner: 4
08.12.2018 16:42:51: Connected (CLIENT_PING): dado(76561198044866508) Owner: 4, SteamName: DADO   [UpTime: 0h 1min 4s - ServerFPS: 46.2428]
08.12.2018 16:43:25: Disconnected: dado(76561198044866508) Owner: 4, SteamName: DADO
08.12.2018 16:43:45: Connected: dado(76561198044866508) Owner: 5
08.12.2018 16:43:47: Connected (CLIENT_PING): dado(76561198044866508) Owner: 5, SteamName: DADO   [UpTime: 0h 1min 59s - ServerFPS: 45.584]
08.12.2018 16:55:16: Connected (UID?): __SERVER__() Owner: 2
08.12.2018 16:56:19: Connected: dado(76561198044866508) Owner: 4
08.12.2018 16:56:20: Connected (CLIENT_PING): dado(76561198044866508) Owner: 4, SteamName: DADO   [UpTime: 0h 0min 48s - ServerFPS: 45.3258]
08.12.2018 16:59:33: Disconnected: dado(76561198044866508) Owner: 4, SteamName: DADO
08.12.2018 16:59:48: Connected: dado(76561198044866508) Owner: 5
08.12.2018 16:59:51: Connected (CLIENT_PING): dado(76561198044866508) Owner: 5, SteamName: DADO   [UpTime: 0h 4min 19s - ServerFPS: 45.8453]
08.12.2018 17:16:40: Connected (UID?): __SERVER__() Owner: 2
08.12.2018 17:17:01: Connected: dado(76561198044866508) Owner: 4
08.12.2018 17:17:02: Connected (CLIENT_PING): dado(76561198044866508) Owner: 4, SteamName: DADO   [UpTime: 0h 0min 10s - ServerFPS: 42.8954]
08.12.2018 17:17:07: Disconnected: dado(76561198044866508) Owner: 4, SteamName: DADO
08.12.2018 17:17:20: Connected: dado(76561198044866508) Owner: 5
08.12.2018 17:17:21: Connected (CLIENT_PING): dado(76561198044866508) Owner: 5, SteamName: DADO   [UpTime: 0h 0min 29s - ServerFPS: 45.7143]
08.12.2018 17:34:28: Connected (UID?): __SERVER__() Owner: 2
08.12.2018 17:35:36: Connected: dado(76561198044866508) Owner: 4
08.12.2018 17:35:37: Connected (CLIENT_PING): dado(76561198044866508) Owner: 4, SteamName: DADO   [UpTime: 0h 0min 55s - ServerFPS: 45.584]
08.12.2018 17:36:47: Disconnected: dado(76561198044866508) Owner: 4, SteamName: DADO
08.12.2018 17:37:02: Connected: dado(76561198044866508) Owner: 5
08.12.2018 17:37:03: Connected (CLIENT_PING): dado(76561198044866508) Owner: 5, SteamName: DADO   [UpTime: 0h 2min 21s - ServerFPS: 45.3258]
08.12.2018 17:52:39: Disconnected: dado(76561198044866508) Owner: 5, SteamName: DADO
08.12.2018 19:09:28: Connected (UID?): __SERVER__() Owner: 2
08.12.2018 19:10:07: Connected: dado(76561198044866508) Owner: 4
08.12.2018 19:10:09: Connected (CLIENT_PING): dado(76561198044866508) Owner: 4, SteamName: DADO   [UpTime: 0h 0min 25s - ServerFPS: 46.2428]
08.12.2018 19:59:24: Connected (UID?): __SERVER__() Owner: 2
08.12.2018 20:01:32: Connected: dado(76561198044866508) Owner: 4
08.12.2018 20:01:34: Connected (CLIENT_PING): dado(76561198044866508) Owner: 4, SteamName: DADO   [UpTime: 0h 0min 39s - ServerFPS: 21.6509]
08.12.2018 20:08:25: Disconnected: dado(76561198044866508) Owner: 4, SteamName: DADO
08.12.2018 20:08:42: Connected: dado(76561198044866508) Owner: 5
08.12.2018 20:08:45: Connected (CLIENT_PING): dado(76561198044866508) Owner: 5, SteamName: DADO   [UpTime: 0h 7min 47s - ServerFPS: 49.5356]
08.12.2018 21:17:16: Disconnected: dado(76561198044866508) Owner: 5, SteamName: DADO
08.12.2018 21:18:26: Connected: dado(76561198044866508) Owner: 7
08.12.2018 21:18:29: Connected (CLIENT_PING): dado(76561198044866508) Owner: 7, SteamName: DADO   [UpTime: 1h 16min 7s - ServerFPS: 8.39014]
08.12.2018 21:19:13: Connected: Julius(76561198020201324) Owner: 6
08.12.2018 21:19:18: Connected (CLIENT_PING): Julius(76561198020201324) Owner: 6, SteamName: Netzouille La Couille   [UpTime: 1h 16min 54s - ServerFPS: 12.9345]
08.12.2018 21:26:27: Disconnected: dado(76561198044866508) Owner: 7, SteamName: DADO
08.12.2018 21:26:49: Connected: dado(76561198044866508) Owner: 8
08.12.2018 21:26:51: Connected (CLIENT_PING): dado(76561198044866508) Owner: 8, SteamName: DADO   [UpTime: 1h 24min 3s - ServerFPS: 10.2236]
08.12.2018 21:27:20: Disconnected: dado(76561198044866508) Owner: 8, SteamName: DADO
08.12.2018 21:27:39: Connected: dado(76561198044866508) Owner: 9
08.12.2018 21:27:41: Connected (CLIENT_PING): dado(76561198044866508) Owner: 9, SteamName: DADO   [UpTime: 1h 24min 50s - ServerFPS: 8.97868]
08.12.2018 21:28:56: Disconnected: Julius(76561198020201324) Owner: 6, SteamName: Netzouille La Couille
08.12.2018 21:29:03: Disconnected: dado(76561198044866508) Owner: 9, SteamName: DADO
08.12.2018 21:52:30: Connected (UID?): __SERVER__() Owner: 2
08.12.2018 22:19:18: Connected (UID?): __SERVER__() Owner: 2
08.12.2018 22:21:15: Connected: dado(76561198044866508) Owner: 4
08.12.2018 22:21:22: Connected (CLIENT_PING): dado(76561198044866508) Owner: 4, SteamName: DADO   [UpTime: 0h 0min 51s - ServerFPS: 49.8442]
08.12.2018 22:21:34: Disconnected: dado(76561198044866508) Owner: 4, SteamName: DADO
08.12.2018 22:21:49: Connected: dado(76561198044866508) Owner: 5
08.12.2018 22:21:52: Connected (CLIENT_PING): dado(76561198044866508) Owner: 5, SteamName: DADO   [UpTime: 0h 1min 21s - ServerFPS: 49.6894]
08.12.2018 22:22:15: Disconnected: dado(76561198044866508) Owner: 5, SteamName: DADO
08.12.2018 22:24:15: Connected: dado(76561198044866508) Owner: 6
08.12.2018 22:24:18: Connected (CLIENT_PING): dado(76561198044866508) Owner: 6, SteamName: DADO   [UpTime: 0h 3min 46s - ServerFPS: 50]
08.12.2018 22:26:00: Connected: Julius(76561198020201324) Owner: 7
08.12.2018 22:26:12: Connected (CLIENT_PING): Julius(76561198020201324) Owner: 7, SteamName: Netzouille La Couille   [UpTime: 0h 5min 40s - ServerFPS: 50.1567]
08.12.2018 22:51:33: Disconnected: dado(76561198044866508) Owner: 6, SteamName: DADO
08.12.2018 22:51:39: Disconnected: Julius(76561198020201324) Owner: 7, SteamName: Netzouille La Couille
