11.12.2018 00:11:57: TOKEN [v01247wrphvn6rr2v] FOR Ph3nix_545(76561198035796915) OWNER: 17, ID: 9.90196e+007, JIP: true
11.12.2018 00:13:59: TOKEN [vd6yk0tn9y6la34ehd] FOR dado(76561198044866508) OWNER: 18, ID: 1.01491e+009, JIP: true
11.12.2018 00:44:26: TOKEN [b98sjg0ulhobcdw1i5] FOR Ph3nix_545(76561198035796915) OWNER: 4, ID: 1.08336e+006, JIP: true
11.12.2018 01:38:36: TOKEN [fqdcl1jpiv0hofpd8] FOR Crusader(76561197988755407) OWNER: 5, ID: 1.78121e+009, JIP: true
11.12.2018 01:59:19: TOKEN [tpsjwv8eny3yzuqqzz] FOR 48793(76561198363389760) OWNER: 6, ID: 8.37206e+007, JIP: true
11.12.2018 02:34:26: TOKEN [ocv1w6gzkqvwou5] FOR sajan(76561198119399756) OWNER: 7, ID: 6.55091e+008, JIP: true
11.12.2018 04:34:48: TOKEN [ncrmdtrqkp4p3wfgel] FOR Crusader(76561197988755407) OWNER: 4, ID: 1.64578e+009, JIP: true
11.12.2018 08:46:24: TOKEN [hcsdduwhd8w4p95v0] FOR Franck Idraned(76561198227507388) OWNER: 4, ID: 9.82861e+008, JIP: true
11.12.2018 09:52:54: TOKEN [ix5vhy3ptqqrngse0en] FOR Franck Idraned(76561198227507388) OWNER: 4, ID: 7.07958e+008, JIP: true
11.12.2018 10:48:56: TOKEN [tick7bk5lvuvmx21e4y] FOR Slump(76561197969481938) OWNER: 5, ID: 6.54954e+008, JIP: true
11.12.2018 11:11:53: TOKEN [ni3s0x4fz20g7rcf] FOR Ph3nix_545(76561198035796915) OWNER: 6, ID: 1.08417e+009, JIP: true
11.12.2018 11:37:47: TOKEN [ub1j1hgrbdpq6rjx0] FOR Franck Idraned(76561198227507388) OWNER: 7, ID: 5.16609e+008, JIP: true
11.12.2018 17:02:29: TOKEN [jhcovq320d4vl804s] FOR Crusader(76561197988755407) OWNER: 4, ID: 1.53697e+009, JIP: true
11.12.2018 17:05:57: TOKEN [us623gto1hqy43et] FOR sajan(76561198119399756) OWNER: 5, ID: 2.05487e+009, JIP: true
11.12.2018 17:23:32: TOKEN [njsp0ruwioaoih] FOR Sandvich Dude(76561197988440053) OWNER: 6, ID: 5.08256e+008, JIP: true
11.12.2018 17:59:06: TOKEN [ln4n9wyeuwpwq2gmt] FOR Franck Idraned(76561198227507388) OWNER: 7, ID: 1.92601e+009, JIP: true
11.12.2018 18:17:32: TOKEN [plgln4p06mj9zr] FOR dado(76561198044866508) OWNER: 9, ID: 1.60016e+009, JIP: true
11.12.2018 18:20:11: TOKEN [lbz2hdqjwuy5vxcm0o] FOR Lazouille(76561197981840743) OWNER: 10, ID: 5.0814e+008, JIP: true
11.12.2018 18:20:55: TOKEN [ghb1evymxv3r3fw9] FOR v1(76561198168988383) OWNER: 11, ID: 1.93037e+009, JIP: true
11.12.2018 18:27:15: TOKEN [vmy5plbshzxxx2261] FOR dado(76561198044866508) OWNER: 12, ID: 3.35316e+007, JIP: true
11.12.2018 18:32:13: TOKEN [kgkee1msyc9jymntt2j] FOR Slump(76561197969481938) OWNER: 13, ID: 5.28832e+008, JIP: true
11.12.2018 18:49:14: TOKEN [apzkd2nby30x2wg] FOR v1(76561198168988383) OWNER: 4, ID: 1.42833e+009, JIP: true
11.12.2018 18:52:53: TOKEN [jf2y0p7emioke1550] FOR Crusader(76561197988755407) OWNER: 5, ID: 1.72039e+009, JIP: true
11.12.2018 18:55:03: TOKEN [u46cypluhcrbix8sw57] FOR Sandvich Dude(76561197988440053) OWNER: 6, ID: 1.76594e+009, JIP: true
11.12.2018 18:55:27: TOKEN [r0ggnsmdf2xzq28] FOR Slump(76561197969481938) OWNER: 7, ID: 1.92847e+009, JIP: true
11.12.2018 19:08:39: TOKEN [hfgmal0zownjf0r] FOR dado(76561198044866508) OWNER: 9, ID: 3.7962e+008, JIP: true
11.12.2018 19:12:30: TOKEN [uuwiile6cbdtatz] FOR Julius(76561198020201324) OWNER: 10, ID: 1.49292e+009, JIP: true
11.12.2018 19:12:39: TOKEN [dz0kngz4y5oergt5] FOR v1(76561198168988383) OWNER: 11, ID: 7.65059e+008, JIP: true
11.12.2018 19:17:05: TOKEN [johntw4bfstcllq6] FOR Slump(76561197969481938) OWNER: 12, ID: 9.97322e+008, JIP: true
11.12.2018 19:25:36: TOKEN [bbc786twojnm70jxz] FOR Lazouille(76561197981840743) OWNER: 13, ID: 1.91823e+008, JIP: true
11.12.2018 19:26:05: TOKEN [kmjq773zuhh4xnt] FOR dado(76561198044866508) OWNER: 14, ID: 1.39842e+009, JIP: true
11.12.2018 19:26:35: TOKEN [pcpeixvtkzt3pgsvyja] FOR dado(76561198044866508) OWNER: 15, ID: 1.45047e+009, JIP: true
11.12.2018 19:32:27: TOKEN [gxt6ygp4qdlwnkmy] FOR dado(76561198044866508) OWNER: 16, ID: 1.80375e+009, JIP: true
11.12.2018 19:36:08: TOKEN [trh8brb5m0up6uy8z] FOR dado(76561198044866508) OWNER: 17, ID: 2.02556e+009, JIP: true
11.12.2018 19:36:37: TOKEN [fq8rd1e28sphg89] FOR dado(76561198044866508) OWNER: 18, ID: 2.05633e+009, JIP: true
11.12.2018 19:43:48: TOKEN [m1xshfhz2ywdofwot2r] FOR dado(76561198044866508) OWNER: 19, ID: 3.3101e+008, JIP: true
11.12.2018 19:55:24: TOKEN [yxk420kzes8mhr5] FOR dado(76561198044866508) OWNER: 20, ID: 1.02947e+009, JIP: true
11.12.2018 19:57:07: TOKEN [g8ugtqfa6da227y] FOR Franck Idraned(76561198227507388) OWNER: 21, ID: 4.179e+008, JIP: true
11.12.2018 20:00:42: TOKEN [gdsofwdwhs5ibx99gi] FOR Franck Idraned(76561198227507388) OWNER: 22, ID: 6.6591e+008, JIP: true
11.12.2018 20:06:49: TOKEN [xyb7v9no64ixksq] FOR Franck Idraned(76561198227507388) OWNER: 24, ID: 1.03174e+009, JIP: true
11.12.2018 20:10:50: TOKEN [xwx6iorc5eszjx4cjhf] FOR dado(76561198044866508) OWNER: 25, ID: 1.95912e+009, JIP: true
11.12.2018 21:50:08: TOKEN [oqho4t4os587l2r8sc] FOR Lazouille(76561197981840743) OWNER: 4, ID: 2.05007e+008, JIP: true
11.12.2018 21:50:08: TOKEN [njhqd4d8w6jkkt] FOR v1(76561198168988383) OWNER: 5, ID: 1.56784e+009, JIP: true
11.12.2018 21:52:17: TOKEN [i26xfbyo5uihzo1xu] FOR Franck Idraned(76561198227507388) OWNER: 6, ID: 9.29346e+008, JIP: true
11.12.2018 21:52:35: TOKEN [de2bu84muocwo3nepp5] FOR v1(76561198168988383) OWNER: 7, ID: 1.78068e+009, JIP: true
11.12.2018 21:54:46: TOKEN [qlbuztrx3seef5] FOR Lazouille(76561197981840743) OWNER: 8, ID: 5.05078e+008, JIP: true
11.12.2018 21:55:02: TOKEN [sn9cdxs2v5hvn8u6fo4] FOR v1(76561198168988383) OWNER: 9, ID: 1.92862e+009, JIP: true
11.12.2018 21:55:12: TOKEN [j8imwzh4yp1bo47] FOR Franck Idraned(76561198227507388) OWNER: 10, ID: 1.10442e+009, JIP: true
11.12.2018 21:59:44: TOKEN [c18ob92om6wqtumwk6] FOR Franck Idraned(76561198227507388) OWNER: 11, ID: 1.34783e+009, JIP: true
11.12.2018 22:02:32: TOKEN [ljj3dpq5l0hfgk32] FOR Franck Idraned(76561198227507388) OWNER: 12, ID: 1.54334e+009, JIP: true
11.12.2018 22:15:45: TOKEN [w3umcekn0bxxl1gs7vm] FOR Franck Idraned(76561198227507388) OWNER: 13, ID: 1.89603e+008, JIP: true
11.12.2018 22:36:04: TOKEN [cduj5xdrkku9m2yi] FOR Franck Idraned(76561198227507388) OWNER: 14, ID: 1.40862e+009, JIP: true
11.12.2018 22:43:10: TOKEN [fkzeuhc22nk2ri8] FOR Franck Idraned(76561198227507388) OWNER: 4, ID: 1.79824e+009, JIP: true
11.12.2018 22:51:06: TOKEN [sdj5wsyu36uoq788tkv] FOR Franck Idraned(76561198227507388) OWNER: 8, ID: 1.65552e+008, JIP: true
11.12.2018 22:54:54: TOKEN [mjyjm0kwwmh1n03lc] FOR dado(76561198044866508) OWNER: 9, ID: 1.01014e+009, JIP: true
11.12.2018 23:19:41: TOKEN [u69keg7vl9zuys2] FOR dado(76561198044866508) OWNER: 4, ID: 4.0928e+008, JIP: true
11.12.2018 23:21:04: TOKEN [q2mz5qw13tzwrmyr9] FOR dado(76561198044866508) OWNER: 5, ID: 4.89953e+008, JIP: true
11.12.2018 23:35:10: TOKEN [djq8t2g6ivke8hxx] FOR dado(76561198044866508) OWNER: 6, ID: 1.33265e+009, JIP: true
11.12.2018 23:36:12: TOKEN [jvnvore1g6ecom] FOR dado(76561198044866508) OWNER: 7, ID: 1.39997e+009, JIP: true
