14.12.2018 02:14:22: FLASH(76561198288838425) | Teleport by Admin - from 044062[4486.74,6225.73,-306.846] to 044062[4494.42,6227.91,0.182477]  (8m) | 0h 53min 23s
14.12.2018 02:14:25: FLASH(76561198288838425) | Teleport by Admin - from 044062[4494.4,6227.86,-0.106903] to 044062[4494.42,6227.91,0.182477]  (0m) | 0h 53min 26s
14.12.2018 02:14:52: FLASH(76561198288838425) | Teleport by Admin - from 000000[0.647975,0.815554,-2.14293] to 045062[4508.25,6243.05,0.230542]  (7700m) | 0h 53min 53s
14.12.2018 02:20:12: v1(76561198168988383) | Teleport by Admin - from 064076[6446.69,7647.46,0.00131226] to 050062[5062.63,6244.05,0.569989]  (1971m) | 0h 59min 11s
14.12.2018 02:27:32: FLASH(76561198288838425) | Teleport by Admin - from 129080[12925.4,8057.74,0.00151396] to 050062[5059.31,6259.03,0.561902]  (8069m) | 1h 6min 31s
14.12.2018 02:38:07: Franck Idraned(76561198227507388) | Teleport by Admin - from 062076[6269.41,7623.96,0.00146484] to 050062[5029.46,6208.12,0.311017]  (1882m) | 1h 17min 5s
14.12.2018 02:45:56: FLASH(76561198288838425) | Teleport by Admin - from 050063[5041.92,6331.4,0.00152588] to 101016[10113.8,1638.8,0.906937]  (6910m) | 1h 24min 53s
14.12.2018 02:45:58: Franck Idraned(76561198227507388) | Teleport by Admin - from 054064[5476.03,6465.93,0.00154114] to 101016[10113.8,1638.8,0.906937]  (6694m) | 1h 24min 55s
14.12.2018 02:46:00: v1(76561198168988383) | Teleport by Admin - from 050063[5035.23,6337.99,0.00143433] to 101016[10113.8,1638.76,0.897611]  (6919m) | 1h 24min 57s
14.12.2018 02:48:17: Franck Idraned(76561198227507388) | Teleport by Admin - from 101016[10125,1627.08,0.00143051] to 089022[8957.43,2297.53,0.464467]  (1346m) | 1h 27min 14s
14.12.2018 02:49:02: Franck Idraned(76561198227507388) | Teleport by Admin - from 089021[8995.76,2176.71,-0.0670166] to 932078[-6792.19,7834.63,0.418896]  (16771m) | 1h 27min 58s
14.12.2018 02:49:03: FLASH(76561198288838425) | Teleport by Admin - from 126078[12695.1,7805.82,0.00141144] to 932078[-6788.92,7845.13,0.366269]  (19484m) | 1h 27min 60s
14.12.2018 02:52:18: Franck Idraned(76561198227507388) | Teleport by Admin - from 932078[-6798.09,7880.73,0.00231934] to 873130[-12621,13015.2,0.461041]  (7763m) | 1h 31min 14s
14.12.2018 02:52:19: FLASH(76561198288838425) | Teleport by Admin - from 932078[-6743.33,7877.46,0.00213623] to 873130[-12621,13015.2,0.461041]  (7807m) | 1h 31min 16s
14.12.2018 02:52:28: Franck Idraned(76561198227507388) | Teleport by Admin - from 932078[-6740.99,7885.9,0.179871] to 873130[-12619.7,13027.6,-1.41185]  (7810m) | 1h 31min 24s
14.12.2018 02:53:36: FLASH(76561198288838425) | Teleport by Admin - from 873130[-12619.5,13014.7,-0.152466] to 873130[-12621.6,13015.8,0.271497]  (2m) | 1h 32min 31s
14.12.2018 02:53:40: FLASH(76561198288838425) | Teleport by Admin - from 873130[-12621.6,13015.8,0.271515] to 873130[-12621.6,13015.8,0.271497]  (0m) | 1h 32min 34s
14.12.2018 02:53:41: FLASH(76561198288838425) | Teleport by Admin - from 873130[-12621.6,13015.8,0.271515] to 873130[-12621.6,13015.8,0.271497]  (0m) | 1h 32min 36s
14.12.2018 02:53:43: FLASH(76561198288838425) | Teleport by Admin - from 873130[-12621.6,13015.8,0.271515] to 873130[-12621.6,13015.8,0.271497]  (0m) | 1h 32min 37s
14.12.2018 02:55:11: Franck Idraned(76561198227507388) | Teleport by Admin - from 873130[-12615.9,13005.1,0.00143433] to 873130[-12620.4,13018.6,0.492932]  (14m) | 1h 34min 5s
14.12.2018 02:55:22: Franck Idraned(76561198227507388) | Teleport by Admin - from 873130[-12615.9,13004.3,0.00106812] to 915023[-8439.25,2341.11,0.352307]  (11452m) | 1h 34min 16s
14.12.2018 02:55:27: Franck Idraned(76561198227507388) | Teleport by Admin - from 915023[-8440.21,2342.08,0.00121307] to 915023[-8441.3,2340.45,0.262318]  (2m) | 1h 34min 21s
14.12.2018 02:55:32: Franck Idraned(76561198227507388) | Teleport by Admin - from 915023[-8441.24,2340.57,0.00154877] to 915023[-8441.16,2338.15,0.365559]  (2m) | 1h 34min 26s
14.12.2018 02:56:11: Franck Idraned(76561198227507388) | Teleport by Admin - from 915023[-8443.23,2331.43,0.00165558] to 915023[-8438.5,2334.18,0.305882]  (5m) | 1h 35min 5s
14.12.2018 02:56:15: FLASH(76561198288838425) | Teleport by Admin - from 099085[9907.52,8546.53,0.00198364] to 915023[-8438.47,2334.2,0.304967]  (19369m) | 1h 35min 9s
14.12.2018 02:58:57: FLASH(76561198288838425) | Teleport by Admin - from 873130[-12622.8,13007.4,0.000610352] to 915023[-8400.69,2330.83,0.340848]  (11481m) | 1h 37min 51s
14.12.2018 02:59:43: FLASH(76561198288838425) | Teleport by Admin - from 873130[-12621.7,13011.8,-0.184509] to 916022[-8304.91,2298.1,1.88128]  (11551m) | 1h 38min 36s
14.12.2018 03:00:04: FLASH(76561198288838425) | Teleport by Admin - from 873130[-12620.4,13013.1,-0.180023] to 918023[-8191.73,2330.1,1.94078]  (11565m) | 1h 38min 58s
