14.12.2018 04:09:49: [ENDING SERVER] locking server
14.12.2018 04:14:53: [ENDING SERVER] kicking players
14.12.2018 04:14:59: [ENDING SERVER] USE_SHUTDOWN = true; in your EXILE_AHAT_CONFIG.hpp
14.12.2018 04:14:59: [ENDING SERVER] server start: [2018,12,14,1,19]
14.12.2018 04:14:59: [ENDING SERVER] server end: [2018,12,14,4,14]
14.12.2018 04:14:59: [ENDING SERVER] arma3server.exe runtime: 3h 0min 13s (10813.1)
14.12.2018 04:14:59: [ENDING SERVER] mission runtime: 2h 53min 43s (10423)
14.12.2018 04:14:59: [ENDING SERVER] postInit runtime: 2h 57min 21s (10641.5)
14.12.2018 07:10:45: [ENDING SERVER] locking server
14.12.2018 07:15:48: [ENDING SERVER] kicking players
14.12.2018 07:15:54: [ENDING SERVER] USE_SHUTDOWN = true; in your EXILE_AHAT_CONFIG.hpp
14.12.2018 07:15:54: [ENDING SERVER] server start: [2018,12,14,4,19]
14.12.2018 07:15:54: [ENDING SERVER] server end: [2018,12,14,7,15]
14.12.2018 07:15:54: [ENDING SERVER] arma3server.exe runtime: 3h 0min 14s (10814.4)
14.12.2018 07:15:54: [ENDING SERVER] mission runtime: 2h 54min 58s (10497.8)
14.12.2018 07:15:54: [ENDING SERVER] postInit runtime: 2h 58min 6s (10686)
14.12.2018 10:11:40: [ENDING SERVER] locking server
14.12.2018 10:16:43: [ENDING SERVER] kicking players
14.12.2018 10:16:49: [ENDING SERVER] USE_SHUTDOWN = true; in your EXILE_AHAT_CONFIG.hpp
14.12.2018 10:16:49: [ENDING SERVER] server start: [2018,12,14,7,19]
14.12.2018 10:16:49: [ENDING SERVER] server end: [2018,12,14,10,16]
14.12.2018 10:16:49: [ENDING SERVER] arma3server.exe runtime: 3h 0min 18s (10817.5)
14.12.2018 10:16:49: [ENDING SERVER] mission runtime: 2h 55min 0s (10500.3)
14.12.2018 10:16:49: [ENDING SERVER] postInit runtime: 2h 58min 9s (10689.4)
14.12.2018 13:12:33: [ENDING SERVER] locking server
14.12.2018 13:17:36: [ENDING SERVER] kicking players
14.12.2018 13:17:42: [ENDING SERVER] USE_SHUTDOWN = true; in your EXILE_AHAT_CONFIG.hpp
14.12.2018 13:17:42: [ENDING SERVER] server start: [2018,12,14,10,20]
14.12.2018 13:17:42: [ENDING SERVER] server end: [2018,12,14,13,17]
14.12.2018 13:17:42: [ENDING SERVER] arma3server.exe runtime: 3h 0min 14s (10814.3)
14.12.2018 13:17:42: [ENDING SERVER] mission runtime: 2h 54min 46s (10485.7)
14.12.2018 13:17:42: [ENDING SERVER] postInit runtime: 2h 58min 5s (10684.7)
14.12.2018 16:13:22: [ENDING SERVER] locking server
14.12.2018 16:18:26: [ENDING SERVER] kicking players
14.12.2018 16:18:32: [ENDING SERVER] USE_SHUTDOWN = true; in your EXILE_AHAT_CONFIG.hpp
14.12.2018 16:18:32: [ENDING SERVER] server start: [2018,12,14,13,21]
14.12.2018 16:18:32: [ENDING SERVER] server end: [2018,12,14,16,18]
14.12.2018 16:18:32: [ENDING SERVER] arma3server.exe runtime: 3h 0min 13s (10812.6)
14.12.2018 16:18:32: [ENDING SERVER] mission runtime: 2h 54min 37s (10476.7)
14.12.2018 16:18:32: [ENDING SERVER] postInit runtime: 2h 58min 4s (10683.6)
14.12.2018 19:14:26: [ENDING SERVER] locking server
14.12.2018 19:19:18: [ENDING SERVER] kicking players
14.12.2018 19:19:24: [ENDING SERVER] USE_SHUTDOWN = true; in your EXILE_AHAT_CONFIG.hpp
14.12.2018 19:19:24: [ENDING SERVER] server start: [2018,12,14,16,22]
14.12.2018 19:19:24: [ENDING SERVER] server end: [2018,12,14,19,19]
14.12.2018 19:19:24: [ENDING SERVER] arma3server.exe runtime: 3h 0min 13s (10813.1)
14.12.2018 19:19:24: [ENDING SERVER] mission runtime: 2h 54min 38s (10478.4)
14.12.2018 19:19:24: [ENDING SERVER] postInit runtime: 2h 58min 4s (10684.2)
14.12.2018 22:19:50: [ENDING SERVER] locking server
14.12.2018 22:24:55: [ENDING SERVER] kicking players
14.12.2018 22:25:01: [ENDING SERVER] USE_SHUTDOWN = true; in your EXILE_AHAT_CONFIG.hpp
14.12.2018 22:25:01: [ENDING SERVER] server start: [2018,12,14,19,28]
14.12.2018 22:25:01: [ENDING SERVER] server end: [2018,12,14,22,25]
14.12.2018 22:25:01: [ENDING SERVER] arma3server.exe runtime: 3h 0min 23s (10822.7)
14.12.2018 22:25:01: [ENDING SERVER] mission runtime: 2h 53min 49s (10428.9)
14.12.2018 22:25:01: [ENDING SERVER] postInit runtime: 2h 57min 31s (10650.9)
