14.12.2018 01:19:01: _fnc_server_handle_mpmessage: u24_1o7z1e2w7n71bj7y609kah4cbf1
14.12.2018 01:19:01: _fnc_AdminReqReal: czb11xda7h93dm4j3f3
14.12.2018 01:19:01: _playerObjCheckLoop: b3636p34fcby17frdt6206737qbzdra11
14.12.2018 01:19:01: _token_by_uid: w97v9g124i6w7lb_68avdb8
14.12.2018 01:19:01: _uid_by_token: ytdj7sdnbr8d9vfe7e3d4w8u6t2idl2mdvb5fx0p2
14.12.2018 01:19:01: _name_by_uid: lmdf2q3272b9d90e28bb9jbddy7
14.12.2018 01:19:01: _owner_by_uid: xe7adidubxdbf_6hdg2
14.12.2018 01:19:01: _uid_by_owner: zc7u640x6qd42r246o31dj734kdf0
14.12.2018 01:19:01: _fn_playerConnected: gf2uae662lav9d6z770764bvbe2260fza
14.12.2018 01:19:01: _server_setTokenR: y4dgb17l7c3f7rfq28a47
14.12.2018 01:19:01: _FN_INJECT_ON_CLIENT: z71ebk151x99d32fdg6
14.12.2018 01:19:01: _fnc_l_on_c: cpfv2e2nd86d2rdu76d0bybudb1u9nada1733o6v2
14.12.2018 01:19:01: _adminStartupCode: gla9dd2y7mdwdddy2jb
14.12.2018 01:19:01: _AHKickOFF: h62ab26y49d47z110m9k7
14.12.2018 01:19:01: _AHKickLog: og7o3z6f7020aq4i6jaw1tdxfebud2dz4j9p6c0z8n2kd
14.12.2018 01:19:01: _AH_RunCheckENDVAR: ts7uak90dw2l9q63676
14.12.2018 01:19:01: _AH_RunCheck: yg3i6sd0drdb3u7m983xdc609n1i7fbw3n3h63a
14.12.2018 01:19:01: _AH_HackLogArrayRND: sl347o4z45ae64dt7rf96w1
14.12.2018 01:19:01: _AH_SurvLogArrayRND: sr9z9h6wf9d1dgbj721d66dk43d
14.12.2018 01:19:01: _AH_AdmiLogArrayRND: oodxb9296zabd0fsb1d
14.12.2018 01:19:01: _TMPBAN: i5d3bsff312c1675370zbcbwfjd88a3l60bxd
14.12.2018 01:19:01: _fn_getTempBans: rr3xd4fq6y9o1mdbb9dr2p7f7
14.12.2018 01:19:01: _fnc_addTempBan: w36d7d687u3sb3b86c3td
14.12.2018 01:19:01: _fnc_removeTempBan: nga335dl2na99bdn2cb98
14.12.2018 01:19:01: _AHpos: h17i1_7u320h2id9atb
14.12.2018 01:19:01: _adminsA: n4121eae9j60bydm3k6qbjdd2pf9dl6
14.12.2018 01:19:01: _vehicle_needs_check: mh3l3r7rap4i3dd610d
14.12.2018 01:19:01: _fnc_infiSTAR_PlayerLog: xcdfd33abc300g7g0id
14.12.2018 01:19:01: _antidupePVResVar: alde7v6h9c7kfw782b9qbkdc22de3
14.12.2018 01:19:01: _runcheck_thread: ad9ifo0sdn0d728a3xd_0o011_9h63bv0
14.12.2018 01:19:01: _livestarted: pq9b2sdpda6rd73jfl1
14.12.2018 01:19:01: _fnc_check_type_allowed: va14d960dj6gbq96f2fs117
14.12.2018 01:19:01: _fnc_vehicle_check: jobf727f1o9tfjbrfu9
14.12.2018 01:19:01: _rcheckclient: u8deal1o6w2pdqfo7v3a173y9
14.12.2018 01:19:01: _rcheckserver: cq9sbb9w34d47pb9d07
14.12.2018 01:19:01: _waste_btn_thread: rudi0ub59b3l1c25d5d
14.12.2018 04:19:07: _fnc_server_handle_mpmessage: c42b839433b26h6ud_f
14.12.2018 04:19:07: _fnc_AdminReqReal: qr7cfpa57m3ofg140_a
14.12.2018 04:19:07: _playerObjCheckLoop: nvfc4m2f8r942f2f9q7bdvdo2x2y9_d
14.12.2018 04:19:07: _token_by_uid: jeal89fmdq7579audk9
14.12.2018 04:19:07: _uid_by_token: h719997cbn45du7r048
14.12.2018 04:19:07: _name_by_uid: tn1y646bb733fs3ydffw2nbvbxds6
14.12.2018 04:19:07: _owner_by_uid: xf7sdw7t2v3mdibo2f873nd4f67vdwd4fe2p7ud
14.12.2018 04:19:07: _uid_by_owner: lt2m3ndw3ob4bmdcdr707591297zae95bg647vfmb
14.12.2018 04:19:07: _fn_playerConnected: px116i7oaj603nbs3za32
14.12.2018 04:19:07: _server_setTokenR: v32p9ldtdvbgbm7u073175bv8cdn64dvd6dra57z3ab
14.12.2018 04:19:07: _FN_INJECT_ON_CLIENT: atdi67b30g7a7ba07jbcdk2h3jbw6
14.12.2018 04:19:07: _fnc_l_on_c: w33fdj1f7c2z7v3wdzfo4m3wbr2gad0uf5623w3j3
14.12.2018 04:19:07: _adminStartupCode: uq9rbn8o046s3o4ja1264vdc32fy6ldvd3ae2
14.12.2018 04:19:07: _AHKickOFF: bgdx6ef8fydvaa9x217
14.12.2018 04:19:07: _AHKickLog: qq67022jad2s6ta_90624d4bbr12dmbr3u2g2
14.12.2018 04:19:07: _AH_RunCheckENDVAR: zi2pdc617v6i42bmdf31bedq7o94ay0
14.12.2018 04:19:07: _AH_RunCheck: gy8i9r147g2w8tdxbi7973dvde2wd
14.12.2018 04:19:07: _AH_HackLogArrayRND: vo7h71d9fdff6pd1dr3xdr7
14.12.2018 04:19:07: _AH_SurvLogArrayRND: s59hdpa7dhd32i3q73bi1p2
14.12.2018 04:19:07: _AH_AdmiLogArrayRND: iadc693fbm9c3f7hdz9hbj9j61dkbwb_7
14.12.2018 04:19:07: _TMPBAN: fy24dh7d8id7dh747a9
14.12.2018 04:19:07: _fn_getTempBans: t9d87td67v9p771ub5d
14.12.2018 04:19:07: _fnc_addTempBan: juaf7ybzbz3nfkbx6kdy2l2w0m3adaa67vf
14.12.2018 04:19:07: _fnc_removeTempBan: x4dx2a92fe0o7t937j3d3kdtfy8u341d722n9
14.12.2018 04:19:07: _AHpos: j5aiap6b1qfud8af2o1zb70
14.12.2018 04:19:07: _adminsA: d5a9b04o929z7kan2n3c0w2i8j8udo0
14.12.2018 04:19:07: _vehicle_needs_check: u827702164dr7w1876fw8a0i93ab1s9_dr9
14.12.2018 04:19:07: _fnc_infiSTAR_PlayerLog: kl8u2u6p61a9b8dhfg95a
14.12.2018 04:19:07: _antidupePVResVar: e5dyaeb92b6a6q28dtd_7h3e9rd
14.12.2018 04:19:07: _runcheck_thread: q28adla31m0rbmd8fu21fyd3feak6g7u2_d_b
14.12.2018 04:19:07: _livestarted: yfdtar3p83dz7tdsd07
14.12.2018 04:19:07: _fnc_check_type_allowed: d12b611ffl1_9j4i473
14.12.2018 04:19:07: _fnc_vehicle_check: didc2v7d7a72db7b1q7
14.12.2018 04:19:07: _rcheckclient: vcby3z1y3y3a6e1n7c1l2
14.12.2018 04:19:07: _rcheckserver: tb7z73d499957dau2b3
14.12.2018 04:19:07: _waste_btn_thread: mn7d1wdnfl237x931j9
14.12.2018 07:19:59: _fnc_server_handle_mpmessage: bv6rdk3tad9k6g1p34fy23942
14.12.2018 07:19:59: _fnc_AdminReqReal: c7df0jdy1l907pag3l4i708d4
14.12.2018 07:19:59: _playerObjCheckLoop: g5dt7u0bfub7ab9x91dtd41mbe2pf79p6qd
14.12.2018 07:19:59: _token_by_uid: mz95a6b303bu763dbn657lasb
14.12.2018 07:19:59: _uid_by_token: rj62dm2udp6g7l9i9f4g626ka9drd
14.12.2018 07:19:59: _name_by_uid: f_badv7ods8s2e7q6xd83492dhde1n6
14.12.2018 07:19:59: _owner_by_uid: cb2x1e1n1bfc4ofq0nb
14.12.2018 07:19:59: _uid_by_owner: c7a52id1db066z6u3za1d07e9y793d453q7h7u6
14.12.2018 07:19:59: _fn_playerConnected: go3j7pacdn3b91936f6
14.12.2018 07:19:59: _server_setTokenR: j77obca1dfd1ao779s21dr0
14.12.2018 07:19:59: _FN_INJECT_ON_CLIENT: fu6b9w6w6d6u67dq7qds6w74722b6rf3du7
14.12.2018 07:19:59: _fnc_l_on_c: aq938ddxdm3z9uda317w4f6ld5b03wdq1c6ydu4jaj0
14.12.2018 07:19:59: _adminStartupCode: ao8i70dm6i292nbl88an6682fibh743
14.12.2018 07:19:59: _AHKickOFF: nt119u6e6j9jbbfu9wb
14.12.2018 07:19:59: _AHKickLog: md9x2jazfc7tb36w6o3
14.12.2018 07:19:59: _AH_RunCheckENDVAR: hibw75d18fdg95d370ax2a3i30duamb51tbi6p1
14.12.2018 07:19:59: _AH_RunCheck: xq4a4q3rdtbd98fob07e9sa5b
14.12.2018 07:19:59: _AH_HackLogArrayRND: oo0y0795687ebift4ddafb2i381a6
14.12.2018 07:19:59: _AH_SurvLogArrayRND: u_76d0bf2z9a6e0zfx4a12a1dcd7f0bg9od79m7
14.12.2018 07:19:59: _AH_AdmiLogArrayRND: umbn7e3s9i9gba658ubn8dd4f82x9jbkbe0b7jdy0_2
14.12.2018 07:19:59: _TMPBAN: ic1o6s8sbj4udr729_4
14.12.2018 07:19:59: _fn_getTempBans: qf9u3b363u9q907ob8bp7
14.12.2018 07:19:59: _fnc_addTempBan: hwdo7od5ae9h9w1x16337141f31tdc9_ft6f2q9y3m9_1h3r3
14.12.2018 07:19:59: _fnc_removeTempBan: bp757daf9v9wf5bx2vb8aed
14.12.2018 07:19:59: _AHpos: on69bbdj662g6wfxa2di809v2n8hd20w4n6b7i25d8b22yb
14.12.2018 07:19:59: _adminsA: vhbf1ffg3p9fa4d02a2
14.12.2018 07:19:59: _vehicle_needs_check: nddg1n7q69a97n1c1va
14.12.2018 07:19:59: _fnc_infiSTAR_PlayerLog: ja9z2l7ufd689z707kbl9b9vfa7rb42
14.12.2018 07:19:59: _antidupePVResVar: kl299l2c7m4q997p7h7_83299
14.12.2018 07:19:59: _runcheck_thread: zdd07d8cbx0mdtftdx6e2u7
14.12.2018 07:19:59: _livestarted: x59a6h100_72d638dt6469d033d07k9
14.12.2018 07:19:59: _fnc_check_type_allowed: uj42aw38d572f2bo2xb
14.12.2018 07:19:59: _fnc_vehicle_check: jrblaob37w2afv61ftd
14.12.2018 07:19:59: _rcheckclient: tf3u3q0ld39s1a8vbn9
14.12.2018 07:19:59: _rcheckserver: iobf6ya2149j1c65do8e4v62d30i343bf
14.12.2018 07:19:59: _waste_btn_thread: r572272hdjdc4i198e839
14.12.2018 10:20:57: _fnc_server_handle_mpmessage: c8dm3xb_ds2nbt36377n7d1l3g7o2d33du1ud
14.12.2018 10:20:57: _fnc_AdminReqReal: gedx2e7d7h7p7l9dfnf58pbu2m7id4bc919dd
14.12.2018 10:20:57: _playerObjCheckLoop: zxb44s6i6tay3n62430
14.12.2018 10:20:57: _token_by_uid: gb221kbb7abvdy3wfffh3zf4br9t3lbtdf6x4m1td
14.12.2018 10:20:57: _uid_by_token: z_2zbe6fdof89t3c7u7k737f1s9j9lb
14.12.2018 10:20:57: _name_by_uid: rbftbz9g9u2u3e346098bp7fdcbl7f8
14.12.2018 10:20:57: _owner_by_uid: cx3o9s6q1wbl7p64dt7a2fd4289p8o799ndn7
14.12.2018 10:20:57: _uid_by_owner: qs1h893lfkbp0v3mdlar9o03603j39d
14.12.2018 10:20:57: _fn_playerConnected: oc1t4y61de8hag1a3zfh2r6c17261m3bfy0g7qd
14.12.2018 10:20:57: _server_setTokenR: wxaf6v7dftfpak6kde7l9k964w2f384a2
14.12.2018 10:20:57: _FN_INJECT_ON_CLIENT: qi6c64dn2_1a1fbra3by7n6_7a2m2o9
14.12.2018 10:20:57: _fnc_l_on_c: hvf7ar0x36ao12dx6nd
14.12.2018 10:20:57: _adminStartupCode: yk9z996x3j276m056f6fdn7s8
14.12.2018 10:20:57: _AHKickOFF: a97p4u7n3d7ddc6_616w95da9
14.12.2018 10:20:57: _AHKickLog: as2_ab2l107c6y7f69f19e73689mdyaf33dpfjbvafdib93
14.12.2018 10:20:57: _AH_RunCheckENDVAR: d97371229w70bufdbtfe3q2x7
14.12.2018 10:20:57: _AH_RunCheck: n8d86ndn7sdzdy6ed49a7idcf
14.12.2018 10:20:57: _AH_HackLogArrayRND: bvab06367c95d938bjam7
14.12.2018 10:20:57: _AH_SurvLogArrayRND: gs3y7u97aw1r2z24669n836cbb7kbjdj7a427w74aq9ibw6
14.12.2018 10:20:57: _AH_AdmiLogArrayRND: hca5br3d3x7a06d4dlaf6n23d11qf
14.12.2018 10:20:57: _TMPBAN: uj87793n9idl7_2k62d
14.12.2018 10:20:57: _fn_getTempBans: ch9u277bd7fsd0fr897u767f2g8e7
14.12.2018 10:20:57: _fnc_addTempBan: gf4s31dw0pdn143m9r3pad60fbdu1j6
14.12.2018 10:20:57: _fnc_removeTempBan: bwa90aaa6cdsd238dj3d2mf3d4ao3kbk7n7y61d
14.12.2018 10:20:57: _AHpos: ki6z317o92bd343z7mfg4gded3886g9a7n197of9383
14.12.2018 10:20:57: _adminsA: uo7z959ib163d0f_bqb
14.12.2018 10:20:57: _vehicle_needs_check: ly3p7kdp7d7_fx2m9u1ado3jd
14.12.2018 10:20:57: _fnc_infiSTAR_PlayerLog: bcde6w0z15dd2b3tdafjah1i1sbd7tdnd4d61b19b5bn7x2
14.12.2018 10:20:57: _antidupePVResVar: xff4d_7s9yde3mfb8b2
14.12.2018 10:20:57: _runcheck_thread: fo3_7c3udy8f1r217x2
14.12.2018 10:20:57: _livestarted: pl2b78a2776d1d3wfpd
14.12.2018 10:20:57: _fnc_check_type_allowed: mq770m2h0j2n1f6i3o18d29ebg993md0b5722d3
14.12.2018 10:20:57: _fnc_vehicle_check: iw9camdib7a01s2s1zdldw1qdl9q97dd1obdal8p6
14.12.2018 10:20:57: _rcheckclient: ipfobbdh9yao2uaa6w2
14.12.2018 10:20:57: _rcheckserver: vw1c3waf6iaqd4b_d82
14.12.2018 10:20:57: _waste_btn_thread: a1df84733pb4dc9q9s3c80131k8w754ld
14.12.2018 13:21:48: _fnc_server_handle_mpmessage: pp7r2hbzd06t9d3ybw9
14.12.2018 13:21:48: _fnc_AdminReqReal: wz7c2v157p9m7e9r483f3
14.12.2018 13:21:48: _playerObjCheckLoop: r23m1hasdza2dhbsb64o1jfu2nd67odydv63a6bbd5b
14.12.2018 13:21:48: _token_by_uid: a89i6udp1yb0as7k8l72f
14.12.2018 13:21:48: _uid_by_token: xj6idc6r143z3v94dn7
14.12.2018 13:21:48: _name_by_uid: ne6u7idw70df0w3ba40c2o3f752g6mdt369
14.12.2018 13:21:48: _owner_by_uid: e30kbf6136d72pdcdf2z9i90d_b
14.12.2018 13:21:48: _uid_by_owner: updyd06x443tdh2n3g3nfw232sbq1w2o3kdpdmbhf
14.12.2018 13:21:48: _fn_playerConnected: gb6wdgbad23l2qb3dab
14.12.2018 13:21:48: _server_setTokenR: g4dr367t336z2096f7fv1a3na59y8d6b1o1c7
14.12.2018 13:21:48: _FN_INJECT_ON_CLIENT: uj646b7ff29hd76d1y6a378
14.12.2018 13:21:48: _fnc_l_on_c: hjdb4m7k9ebq3697ax2m7odf3
14.12.2018 13:21:48: _adminStartupCode: pkbfa3659q3sd7aw2t7_210ydr7
14.12.2018 13:21:48: _AHKickOFF: nv0vfs78a_2l9b3abpby789sbrdraf0ed26
14.12.2018 13:21:48: _AHKickLog: t2747pdt3udu3i217bff39187fdwah799o6z7c9
14.12.2018 13:21:48: _AH_RunCheckENDVAR: xnd1d19y6l376ifkb4412_6
14.12.2018 13:21:48: _AH_RunCheck: ebdl6q0day1a3m633ua
14.12.2018 13:21:48: _AH_HackLogArrayRND: rxbzaebm1h9gdgde2_9s3va
14.12.2018 13:21:48: _AH_SurvLogArrayRND: g0dh34d26wd0dfbif82g218k7o1ad
14.12.2018 13:21:48: _AH_AdmiLogArrayRND: xe7t4m9jdc3u3id51g0l4n6_270b4cbhd4ah281oa
14.12.2018 13:21:48: _TMPBAN: qb222xdcfobiatdh7ab
14.12.2018 13:21:48: _fn_getTempBans: s2de7cda9vbidlfu6v17aldjfnded2776
14.12.2018 13:21:48: _fnc_addTempBan: xm422ibt74b48o3jbn2cfh7
14.12.2018 13:21:48: _fnc_removeTempBan: yidua02r1zaadp6ratd_3c4u7wbl6s3n3y449
14.12.2018 13:21:48: _AHpos: do9a3qdk0f7m957sdj4796269
14.12.2018 13:21:48: _adminsA: vhfcf7apbl2l2u7vfe341v6ndc79d00o75b
14.12.2018 13:21:48: _vehicle_needs_check: n08n6_di2y64a44n6225dr21608
14.12.2018 13:21:48: _fnc_infiSTAR_PlayerLog: b52h1b9paq9iazfpfq1xaj1_dz1sf_9l3fb91
14.12.2018 13:21:48: _antidupePVResVar: m_322k2fdw682b2u0v7
14.12.2018 13:21:48: _runcheck_thread: p07x2t32132pau22dr07af097nb07
14.12.2018 13:21:48: _livestarted: h34sbq257r280f717s88be72239idi2
14.12.2018 13:21:48: _fnc_check_type_allowed: kadf19fm7n25b6281gb_3udf7m1odgd
14.12.2018 13:21:48: _fnc_vehicle_check: fv9cfv3sdg7u1tdmbabxd87g9t68fa153f2ndy6
14.12.2018 13:21:48: _rcheckclient: rzdb903q61261sbkaid
14.12.2018 13:21:48: _rcheckserver: er76fh647k8ya80b3j9
14.12.2018 13:21:48: _waste_btn_thread: tc3i3i7tfu9d289l3uft1
14.12.2018 16:22:39: _fnc_server_handle_mpmessage: ms2z9gaubsbi7gdk343ea9d41l9u3nd
14.12.2018 16:22:39: _fnc_AdminReqReal: godq7c3c6125d49u7w9g0w3q3gdwab6nbcdh6u3
14.12.2018 16:22:39: _playerObjCheckLoop: lobvacfvb42s7p74fs1
14.12.2018 16:22:39: _token_by_uid: wn2d3z7z707h0w21fods740
14.12.2018 16:22:39: _uid_by_token: b73s7l7mdsf1dj6lbj3r34dz2a7z2t7maufta
14.12.2018 16:22:39: _name_by_uid: u0d23u9k2zai2m6832f
14.12.2018 16:22:39: _owner_by_uid: uk9g9yd0as3t9i3o388
14.12.2018 16:22:39: _uid_by_owner: qx7g1g3w8r6fb6729_2z3p3o731h31dw2v3fay296b9p3
14.12.2018 16:22:39: _fn_playerConnected: ridrdp1w6sb60td9a9alb083dw2y7cb
14.12.2018 16:22:39: _server_setTokenR: oyby3hdv3a1l6lfy9vdy33353z9a7m9c3taq9
14.12.2018 16:22:39: _FN_INJECT_ON_CLIENT: o42b7738d573dlddd7f
14.12.2018 16:22:39: _fnc_l_on_c: wx6da33q803a179bf08g8bd_9s218c91dgdr6
14.12.2018 16:22:39: _adminStartupCode: qg1l9_bn9h6rdq9u7k7baa6o7zbm8o7f19747edk6g7
14.12.2018 16:22:39: _AHKickOFF: tk0zfxdq99fb932f906ya4722v7ua6fod2693b6
14.12.2018 16:22:39: _AHKickLog: luah7u1j2c1j212cbr9pby1b738
14.12.2018 16:22:39: _AH_RunCheckENDVAR: omdtdb651o30dna_6u6p29dl75a
14.12.2018 16:22:39: _AH_RunCheck: mr3d8y3f2u48252o929k9m6p3o1
14.12.2018 16:22:39: _AH_HackLogArrayRND: j36kf10idwfkau286h9
14.12.2018 16:22:39: _AH_SurvLogArrayRND: lsa5d37nfobd7m0e1c6kbq28321b9
14.12.2018 16:22:39: _AH_AdmiLogArrayRND: pm7q6j7c7cft3g66213odq633y2a7o1ldnaq7d7
14.12.2018 16:22:39: _TMPBAN: tr7y2pbhdq2_djb7f9ard
14.12.2018 16:22:39: _fn_getTempBans: atdj7h70b9762v2j2jd
14.12.2018 16:22:39: _fnc_addTempBan: z57a0v06ak4xb20eaq8
14.12.2018 16:22:39: _fnc_removeTempBan: lz3vf37b1c2a2x933u6
14.12.2018 16:22:39: _AHpos: y89hdg2z4ob02k1u9p7m221o64ded
14.12.2018 16:22:39: _adminsA: fodlf7agd9d84wd67i3_fbdr761jdq6b7
14.12.2018 16:22:39: _vehicle_needs_check: ie7o4f3t78dd3c2u227daq2775fc4934fn277a0ed
14.12.2018 16:22:39: _fnc_infiSTAR_PlayerLog: s1d60zdbbe3b9h673j7
14.12.2018 16:22:39: _antidupePVResVar: qb94bya_2v2kds7u6bap9d2g73fn3fdo4y242jaf3y4k1o2
14.12.2018 16:22:39: _runcheck_thread: tf689bdc27b4df08227ydh1cd49_9
14.12.2018 16:22:39: _livestarted: ug02d53d6wdv7ofx982r667e7_a74c937_1rdh742j7k791kf1d
14.12.2018 16:22:39: _fnc_check_type_allowed: it2i2xav2e2a7lfz98d
14.12.2018 16:22:39: _fnc_vehicle_check: vs3qbw7615ag6l3q846ufla40cds4e3g3
14.12.2018 16:22:39: _rcheckclient: rb75760e2lby8jdu3kdbd5bvdu164z68dh2c3i6
14.12.2018 16:22:39: _rcheckserver: kr8d718q9tdmd8a4bwd
14.12.2018 16:22:39: _waste_btn_thread: cmd3f5afdk143i3a21dubadi3hd53
14.12.2018 19:28:54: _fnc_server_handle_mpmessage: iq6f1x073z179oftdk3
14.12.2018 19:28:54: _fnc_AdminReqReal: g13t0y7r9kbs27an2v7
14.12.2018 19:28:54: _playerObjCheckLoop: jg1taud8bp71719r9m8
14.12.2018 19:28:54: _token_by_uid: podb707e7m9f9af77cardfbkd12
14.12.2018 19:28:54: _uid_by_token: mwd97vdia3ft2bb97b382d7k9
14.12.2018 19:28:54: _name_by_uid: r072b51w7z6k490oa_0g1ldv7tdhf
14.12.2018 19:28:54: _owner_by_uid: m6fc1w7d6f8v1537dl2jd
14.12.2018 19:28:54: _uid_by_owner: iuby3od83_d831dn9pfc731mbe2p7q1m9jd
14.12.2018 19:28:54: _fn_playerConnected: jd9e7w6o2g32644k6v2o36990ad3fza5bp21fz3v3cdt1
14.12.2018 19:28:54: _server_setTokenR: m56l3z1xd0bqbbf20c182y179t7_32d
14.12.2018 19:28:54: _FN_INJECT_ON_CLIENT: swdbdq24d3d4aa9d3a8
14.12.2018 19:28:54: _fnc_l_on_c: xm6fdz7613fids707e4g0q4q6od_0a462nbz26dx676yb2322
14.12.2018 19:28:54: _adminStartupCode: dfblfdblb1ak072ia31lbodjdq7
14.12.2018 19:28:54: _AHKickOFF: f66b31dv3r2_budd4d9o6kbmdg2d4x48ap6_35d
14.12.2018 19:28:54: _AHKickLog: iv6qd4fn79762y941w9cfkfu657k6r3jf3dzdvfg8
14.12.2018 19:28:54: _AH_RunCheckENDVAR: fr667a964qat2kawde1j732j2h0
14.12.2018 19:28:54: _AH_RunCheck: gp4cas3zalfz0i6w9qdcfo10btag6f6od
14.12.2018 19:28:54: _AH_HackLogArrayRND: ef4u17db0c2280b8bb1
14.12.2018 19:28:54: _AH_SurvLogArrayRND: qj2c83dk7laka67e8o0b36613x3if
14.12.2018 19:28:54: _AH_AdmiLogArrayRND: os8paf9g764w2s3r27bg1
14.12.2018 19:28:54: _TMPBAN: vf9vbdd33j9p8md87s1w769
14.12.2018 19:28:54: _fn_getTempBans: lmb5ds74by6l3o3e2cb
14.12.2018 19:28:54: _fnc_addTempBan: lvbeb414677r9zag7o6sb68nf_ab1f7kaqd
14.12.2018 19:28:54: _fnc_removeTempBan: dv94119jd39w057b8yb
14.12.2018 19:28:54: _AHpos: i7037u6xd87f709b6t891d38319c7x3
14.12.2018 19:28:54: _adminsA: pf6td9db3ual7k1obsdv6rf
14.12.2018 19:28:54: _vehicle_needs_check: yq64b9dk7qdu7t1k19b
14.12.2018 19:28:54: _fnc_infiSTAR_PlayerLog: ne8u3d986670858m6xb
14.12.2018 19:28:54: _antidupePVResVar: bqdu3m7k01dydu6c4n7z0
14.12.2018 19:28:54: _runcheck_thread: l0fp7j736f297xdt0m6tde2t4naq9vd
14.12.2018 19:28:54: _livestarted: m1di7kama_95a4b0djbwar2
14.12.2018 19:28:54: _fnc_check_type_allowed: eu7i656ldy6uaxap7n9q4
14.12.2018 19:28:54: _fnc_vehicle_check: j13k92d51f98d5d7001
14.12.2018 19:28:54: _rcheckclient: sk261t2d9w3w0p1o3s3rdu0c393wb
14.12.2018 19:28:54: _rcheckserver: bg4tdtdf9x3jd2376k3l223e6hb59f9l3a1l2
14.12.2018 19:28:54: _waste_btn_thread: ca9n7o7vfnb_2u679k7
14.12.2018 22:30:22: _fnc_server_handle_mpmessage: a4bv1t6hdg7x6t7kd61l6dbc6
14.12.2018 22:30:22: _fnc_AdminReqReal: im7b2xd51ade7e2i92d
14.12.2018 22:30:22: _playerObjCheckLoop: lpbt30980ubl9qbq8rdm9939d0d
14.12.2018 22:30:22: _token_by_uid: b9ae6t9zd64m9pfy9w117zb7fr3f6s2r62bv1f2
14.12.2018 22:30:22: _uid_by_token: jldw65bd973w0_al8ab
14.12.2018 22:30:22: _name_by_uid: noarar2xbq6o7c647lb
14.12.2018 22:30:22: _owner_by_uid: ze7f6c26773t657ebh3
14.12.2018 22:30:22: _uid_by_owner: cf7p6r6e0zdubada3p6
14.12.2018 22:30:22: _fn_playerConnected: z9fr2ddr2p7i9udzb730al2d7
14.12.2018 22:30:22: _server_setTokenR: hodv7m8q6r9p1a3dbd19d5d
14.12.2018 22:30:22: _FN_INJECT_ON_CLIENT: w7dm4ib5djd4777o9b7
14.12.2018 22:30:22: _fnc_l_on_c: lff13idd7qdnfi1_fs2qb20x9cbwa99bdfbrdk926fa63
14.12.2018 22:30:22: _adminStartupCode: mx3e9z8lbo17d97xfydi6efu8e7h679563ara
14.12.2018 22:30:22: _AHKickOFF: hs787z33bkbb816sfh1
14.12.2018 22:30:22: _AHKickLog: hw69dxd3ba2s9tff7d78br9j03d0b_0n221
14.12.2018 22:30:22: _AH_RunCheckENDVAR: j2d3703_1pd82h1wand13_a1bq6
14.12.2018 22:30:22: _AH_RunCheck: iva82ddf1z789_ao437w6cf6839hdx3
14.12.2018 22:30:22: _AH_HackLogArrayRND: pm2x2u74a1dv191c9jdl64a
14.12.2018 22:30:22: _AH_SurvLogArrayRND: xp2hfw2qbv693pd18xd17eds3
14.12.2018 22:30:22: _AH_AdmiLogArrayRND: ou929t97b13m171idw9o75154_bx1
14.12.2018 22:30:22: _TMPBAN: rr3mdvdkfz3k0o9oaw83277mfc7d35dxds66b2b0d
14.12.2018 22:30:22: _fn_getTempBans: f6d2dkb8ao660e7281fhad3m257y3adc9kf1ds4m7j3t7
14.12.2018 22:30:22: _fnc_addTempBan: az3a3edbd485aa282w3cd47l301u858t0kfm2376692a4
14.12.2018 22:30:22: _fnc_removeTempBan: l56425d2dmazdf9td6fyfjbc65dk4f6r468faw3o35du2x2
14.12.2018 22:30:22: _AHpos: m3bl002rb_dlambrd_ba2t729w74623m9o6q2z17dp7bd67
14.12.2018 22:30:22: _adminsA: tkd89s10bq7e0pb3dy2
14.12.2018 22:30:22: _vehicle_needs_check: ee62bc792tfv1c3pbk7ddvan8df
14.12.2018 22:30:22: _fnc_infiSTAR_PlayerLog: zvd17obh6q790u74dgag7n2h69fsdl867hd9fa9x6
14.12.2018 22:30:22: _antidupePVResVar: th9ubcdj371v3v1r079863dh1wbv723bb
14.12.2018 22:30:22: _runcheck_thread: dxd57z9vd9fg99duad0i9i3u2
14.12.2018 22:30:22: _livestarted: jg7pb5d881b710dc9y9
14.12.2018 22:30:22: _fnc_check_type_allowed: g2dp1n9c26673j3i9i33d
14.12.2018 22:30:22: _fnc_vehicle_check: xn6jd_903dbt3i6xd26cd49w379070bf4x276d3
14.12.2018 22:30:22: _rcheckclient: n_367n4qbidj0n38dr3p0
14.12.2018 22:30:22: _rcheckserver: yzai8bd46pb8882h3o8
14.12.2018 22:30:22: _waste_btn_thread: qj9c9c6qf338d0aydb7
