11.12.2018 00:10:46: Disconnected: Slump(76561197969481938) Owner: 4, SteamName: Topper-Harley
11.12.2018 00:11:57: Connected: Ph3nix_545(76561198035796915) Owner: 17
11.12.2018 00:12:04: Connected (CLIENT_PING): Ph3nix_545(76561198035796915) Owner: 17, SteamName: Chipster   [UpTime: 2h 26min 37s - ServerFPS: 38.7409]
11.12.2018 00:13:38: Disconnected: dado(76561198044866508) Owner: 13, SteamName: DADO
11.12.2018 00:13:59: Connected: dado(76561198044866508) Owner: 18
11.12.2018 00:14:02: Connected (CLIENT_PING): dado(76561198044866508) Owner: 18, SteamName: DADO   [UpTime: 2h 28min 34s - ServerFPS: 22.1607]
11.12.2018 00:22:55: Disconnected: dado(76561198044866508) Owner: 18, SteamName: DADO
11.12.2018 00:22:57: Disconnected: v1(76561198168988383) Owner: 14, SteamName: dadoprso76
11.12.2018 00:27:24: Disconnected: Ph3nix_545(76561198035796915) Owner: 17, SteamName: Chipster
11.12.2018 00:43:56: Connected (UID?): __SERVER__() Owner: 2
11.12.2018 00:44:26: Connected: Ph3nix_545(76561198035796915) Owner: 4
11.12.2018 00:44:45: Connected (CLIENT_PING): Ph3nix_545(76561198035796915) Owner: 4, SteamName: Chipster   [UpTime: 0h 0min 34s - ServerFPS: 11.2835]
11.12.2018 01:38:36: Connected: Crusader(76561197988755407) Owner: 5
11.12.2018 01:38:41: Connected (CLIENT_PING): Crusader(76561197988755407) Owner: 5, SteamName: Crusader   [UpTime: 0h 52min 59s - ServerFPS: 49.6894]
11.12.2018 01:59:19: Connected: 48793(76561198363389760) Owner: 6
11.12.2018 01:59:26: Connected (CLIENT_PING): 48793(76561198363389760) Owner: 6, SteamName: YuukI   [UpTime: 1h 13min 40s - ServerFPS: 49.0798]
11.12.2018 02:26:09: Disconnected: Ph3nix_545(76561198035796915) Owner: 4, SteamName: Chipster
11.12.2018 02:34:26: Connected: sajan(76561198119399756) Owner: 7
11.12.2018 02:34:29: Connected (CLIENT_PING): sajan(76561198119399756) Owner: 7, SteamName: sajan94   [UpTime: 1h 48min 36s - ServerFPS: 49.5356]
11.12.2018 03:04:24: Disconnected: 48793(76561198363389760) Owner: 6, SteamName: YuukI
11.12.2018 03:04:27: Disconnected: sajan(76561198119399756) Owner: 7, SteamName: sajan94
11.12.2018 03:39:47: Disconnected: Crusader(76561197988755407) Owner: 5, SteamName: Crusader
11.12.2018 03:44:53: Connected (UID?): __SERVER__() Owner: 2
11.12.2018 04:34:48: Connected: Crusader(76561197988755407) Owner: 4
11.12.2018 04:34:52: Connected (CLIENT_PING): Crusader(76561197988755407) Owner: 4, SteamName: Crusader   [UpTime: 0h 48min 20s - ServerFPS: 50.1567]
11.12.2018 06:35:13: Disconnected: Crusader(76561197988755407) Owner: 4, SteamName: Crusader
11.12.2018 06:45:39: Connected (UID?): __SERVER__() Owner: 2
11.12.2018 08:46:24: Connected: Franck Idraned(76561198227507388) Owner: 4
11.12.2018 08:46:29: Connected (CLIENT_PING): Franck Idraned(76561198227507388) Owner: 4, SteamName: firesstones   [UpTime: 1h 59min 8s - ServerFPS: 49.6894]
11.12.2018 09:42:08: Disconnected: Franck Idraned(76561198227507388) Owner: 4, SteamName: firesstones
11.12.2018 09:46:28: Connected (UID?): __SERVER__() Owner: 2
11.12.2018 09:52:54: Connected: Franck Idraned(76561198227507388) Owner: 4
11.12.2018 09:52:56: Connected (CLIENT_PING): Franck Idraned(76561198227507388) Owner: 4, SteamName: firesstones   [UpTime: 0h 4min 52s - ServerFPS: 49.8442]
11.12.2018 10:48:56: Connected: Slump(76561197969481938) Owner: 5
11.12.2018 10:49:03: Connected (CLIENT_PING): Slump(76561197969481938) Owner: 5, SteamName: Topper-Harley   [UpTime: 1h 0min 51s - ServerFPS: 49.3827]
11.12.2018 10:59:33: Disconnected: Franck Idraned(76561198227507388) Owner: 4, SteamName: firesstones
11.12.2018 11:11:53: Connected: Ph3nix_545(76561198035796915) Owner: 6
11.12.2018 11:12:00: Connected (CLIENT_PING): Ph3nix_545(76561198035796915) Owner: 6, SteamName: Chipster   [UpTime: 1h 23min 47s - ServerFPS: 49.8442]
11.12.2018 11:37:47: Connected: Franck Idraned(76561198227507388) Owner: 7
11.12.2018 11:38:16: Connected (CLIENT_PING): Franck Idraned(76561198227507388) Owner: 7, SteamName: firesstones   [UpTime: 1h 49min 59s - ServerFPS: 49.6894]
11.12.2018 11:52:10: Disconnected: Franck Idraned(76561198227507388) Owner: 7, SteamName: firesstones
11.12.2018 11:58:15: Disconnected: Ph3nix_545(76561198035796915) Owner: 6, SteamName: Chipster
11.12.2018 12:24:01: Disconnected: Slump(76561197969481938) Owner: 5, SteamName: Topper-Harley
11.12.2018 12:47:03: Connected (UID?): __SERVER__() Owner: 2
11.12.2018 15:47:58: Connected (UID?): __SERVER__() Owner: 2
11.12.2018 17:02:29: Connected: Crusader(76561197988755407) Owner: 4
11.12.2018 17:02:35: Connected (CLIENT_PING): Crusader(76561197988755407) Owner: 4, SteamName: Crusader   [UpTime: 1h 12min 59s - ServerFPS: 50]
11.12.2018 17:05:57: Connected: sajan(76561198119399756) Owner: 5
11.12.2018 17:06:02: Connected (CLIENT_PING): sajan(76561198119399756) Owner: 5, SteamName: sajan94   [UpTime: 1h 16min 23s - ServerFPS: 50.3145]
11.12.2018 17:23:32: Connected: Sandvich Dude(76561197988440053) Owner: 6
11.12.2018 17:23:36: Connected (CLIENT_PING): Sandvich Dude(76561197988440053) Owner: 6, SteamName: Sandvich Dude   [UpTime: 1h 33min 50s - ServerFPS: 49.3827]
11.12.2018 17:59:06: Connected: Franck Idraned(76561198227507388) Owner: 7
11.12.2018 17:59:16: Connected (CLIENT_PING): Franck Idraned(76561198227507388) Owner: 7, SteamName: firesstones   [UpTime: 2h 9min 26s - ServerFPS: 48.9297]
11.12.2018 18:11:29: Disconnected: sajan(76561198119399756) Owner: 5, SteamName: sajan94
11.12.2018 18:17:32: Connected: dado(76561198044866508) Owner: 9
11.12.2018 18:17:34: Connected (CLIENT_PING): dado(76561198044866508) Owner: 9, SteamName: DADO   [UpTime: 2h 27min 43s - ServerFPS: 38.4615]
11.12.2018 18:18:15: Disconnected: dado(76561198044866508) Owner: 9, SteamName: DADO
11.12.2018 18:20:11: Connected: Lazouille(76561197981840743) Owner: 10
11.12.2018 18:20:18: Connected (CLIENT_PING): Lazouille(76561197981840743) Owner: 10, SteamName: Lazouille   [UpTime: 2h 30min 27s - ServerFPS: 42.4403]
11.12.2018 18:20:55: Connected: v1(76561198168988383) Owner: 11
11.12.2018 18:20:58: Connected (CLIENT_PING): v1(76561198168988383) Owner: 11, SteamName: dadoprso76   [UpTime: 2h 31min 5s - ServerFPS: 47.4777]
11.12.2018 18:27:15: Connected: dado(76561198044866508) Owner: 12
11.12.2018 18:27:19: Connected (CLIENT_PING): dado(76561198044866508) Owner: 12, SteamName: DADO   [UpTime: 2h 37min 26s - ServerFPS: 31.6206]
11.12.2018 18:32:13: Connected: Slump(76561197969481938) Owner: 13
11.12.2018 18:32:24: Connected (CLIENT_PING): Slump(76561197969481938) Owner: 13, SteamName: Topper-Harley   [UpTime: 2h 42min 28s - ServerFPS: 23.1548]
11.12.2018 18:35:06: Disconnected: dado(76561198044866508) Owner: 12, SteamName: DADO
11.12.2018 18:39:25: Disconnected: Lazouille(76561197981840743) Owner: 10, SteamName: Lazouille
11.12.2018 18:40:06: Disconnected: Franck Idraned(76561198227507388) Owner: 7, SteamName: firesstones
11.12.2018 18:40:12: Disconnected: v1(76561198168988383) Owner: 11, SteamName: dadoprso76
11.12.2018 18:43:05: Disconnected: Slump(76561197969481938) Owner: 13, SteamName: Topper-Harley
11.12.2018 18:45:13: Disconnected: Crusader(76561197988755407) Owner: 4, SteamName: Crusader
11.12.2018 18:45:13: Disconnected: Sandvich Dude(76561197988440053) Owner: 6, SteamName: Sandvich Dude
11.12.2018 18:48:52: Connected (UID?): __SERVER__() Owner: 2
11.12.2018 18:49:14: Connected: v1(76561198168988383) Owner: 4
11.12.2018 18:49:19: Connected (CLIENT_PING): v1(76561198168988383) Owner: 4, SteamName: dadoprso76   [UpTime: 0h 0min 14s - ServerFPS: 41.2371]
11.12.2018 18:52:53: Connected: Crusader(76561197988755407) Owner: 5
11.12.2018 18:52:59: Connected (CLIENT_PING): Crusader(76561197988755407) Owner: 5, SteamName: Crusader   [UpTime: 0h 2min 24s - ServerFPS: 49.6894]
11.12.2018 18:55:03: Connected: Sandvich Dude(76561197988440053) Owner: 6
11.12.2018 18:55:09: Connected (CLIENT_PING): Sandvich Dude(76561197988440053) Owner: 6, SteamName: Sandvich Dude   [UpTime: 0h 4min 32s - ServerFPS: 49.8442]
11.12.2018 18:55:27: Connected: Slump(76561197969481938) Owner: 7
11.12.2018 18:55:33: Connected (CLIENT_PING): Slump(76561197969481938) Owner: 7, SteamName: Topper-Harley   [UpTime: 0h 4min 55s - ServerFPS: 48.9297]
11.12.2018 18:57:23: Disconnected: Crusader(76561197988755407) Owner: 5, SteamName: Crusader
11.12.2018 18:57:32: Disconnected: Sandvich Dude(76561197988440053) Owner: 6, SteamName: Sandvich Dude
11.12.2018 19:06:43: Connected (CLIENT_PING): dado(76561198044866508) Owner: 8, SteamName: DADO   [UpTime: 0h 16min 2s - ServerFPS: 49.6894]
11.12.2018 19:07:24: Disconnected: dado(76561198044866508) Owner: 8, SteamName: DADO
11.12.2018 19:08:39: Connected: dado(76561198044866508) Owner: 9
11.12.2018 19:08:41: Connected (CLIENT_PING): dado(76561198044866508) Owner: 9, SteamName: DADO   [UpTime: 0h 17min 60s - ServerFPS: 49.8442]
11.12.2018 19:12:06: Disconnected: v1(76561198168988383) Owner: 4, SteamName: dadoprso76
11.12.2018 19:12:16: Disconnected: Slump(76561197969481938) Owner: 7, SteamName: Topper-Harley
11.12.2018 19:12:30: Connected: Julius(76561198020201324) Owner: 10
11.12.2018 19:12:35: Connected (CLIENT_PING): Julius(76561198020201324) Owner: 10, SteamName: Netzouille La Couille   [UpTime: 0h 21min 53s - ServerFPS: 48.1928]
11.12.2018 19:12:39: Connected: v1(76561198168988383) Owner: 11
11.12.2018 19:12:41: Connected (CLIENT_PING): v1(76561198168988383) Owner: 11, SteamName: dadoprso76   [UpTime: 0h 21min 59s - ServerFPS: 50.4732]
11.12.2018 19:12:57: Disconnected: dado(76561198044866508) Owner: 9, SteamName: DADO
11.12.2018 19:17:05: Connected: Slump(76561197969481938) Owner: 12
11.12.2018 19:17:09: Connected (CLIENT_PING): Slump(76561197969481938) Owner: 12, SteamName: Topper-Harley   [UpTime: 0h 26min 23s - ServerFPS: 49.6894]
11.12.2018 19:25:36: Connected: Lazouille(76561197981840743) Owner: 13
11.12.2018 19:25:38: Connected (CLIENT_PING): Lazouille(76561197981840743) Owner: 13, SteamName: Lazouille   [UpTime: 0h 34min 49s - ServerFPS: 32.3232]
11.12.2018 19:26:05: Connected: dado(76561198044866508) Owner: 14
11.12.2018 19:26:07: Connected (CLIENT_PING): dado(76561198044866508) Owner: 14, SteamName: DADO   [UpTime: 0h 35min 18s - ServerFPS: 34.4828]
11.12.2018 19:26:16: Disconnected: dado(76561198044866508) Owner: 14, SteamName: DADO
11.12.2018 19:26:35: Connected: dado(76561198044866508) Owner: 15
11.12.2018 19:26:37: Connected (CLIENT_PING): dado(76561198044866508) Owner: 15, SteamName: DADO   [UpTime: 0h 35min 47s - ServerFPS: 31.1891]
11.12.2018 19:32:09: Disconnected: dado(76561198044866508) Owner: 15, SteamName: DADO
11.12.2018 19:32:27: Connected: dado(76561198044866508) Owner: 16
11.12.2018 19:32:29: Connected (CLIENT_PING): dado(76561198044866508) Owner: 16, SteamName: DADO   [UpTime: 0h 41min 39s - ServerFPS: 34.8584]
11.12.2018 19:34:25: Disconnected: dado(76561198044866508) Owner: 16, SteamName: DADO
11.12.2018 19:36:08: Connected: dado(76561198044866508) Owner: 17
11.12.2018 19:36:09: Connected (CLIENT_PING): dado(76561198044866508) Owner: 17, SteamName: DADO   [UpTime: 0h 45min 19s - ServerFPS: 48.7805]
11.12.2018 19:36:22: Disconnected: dado(76561198044866508) Owner: 17, SteamName: DADO
11.12.2018 19:36:37: Connected: dado(76561198044866508) Owner: 18
11.12.2018 19:36:38: Connected (CLIENT_PING): dado(76561198044866508) Owner: 18, SteamName: DADO   [UpTime: 0h 45min 47s - ServerFPS: 39.0244]
11.12.2018 19:43:23: Disconnected: dado(76561198044866508) Owner: 18, SteamName: DADO
11.12.2018 19:43:48: Connected: dado(76561198044866508) Owner: 19
11.12.2018 19:43:51: Connected (CLIENT_PING): dado(76561198044866508) Owner: 19, SteamName: DADO   [UpTime: 0h 52min 59s - ServerFPS: 36.6133]
11.12.2018 19:55:02: Disconnected: dado(76561198044866508) Owner: 19, SteamName: DADO
11.12.2018 19:55:24: Connected: dado(76561198044866508) Owner: 20
11.12.2018 19:55:28: Connected (CLIENT_PING): dado(76561198044866508) Owner: 20, SteamName: DADO   [UpTime: 1h 4min 34s - ServerFPS: 25.2366]
11.12.2018 19:57:07: Connected: Franck Idraned(76561198227507388) Owner: 21
11.12.2018 19:57:14: Connected (CLIENT_PING): Franck Idraned(76561198227507388) Owner: 21, SteamName: firesstones   [UpTime: 1h 6min 19s - ServerFPS: 25.2366]
11.12.2018 20:00:06: Disconnected: Franck Idraned(76561198227507388) Owner: 21, SteamName: firesstones
11.12.2018 20:00:42: Connected: Franck Idraned(76561198227507388) Owner: 22
11.12.2018 20:00:46: Connected (CLIENT_PING): Franck Idraned(76561198227507388) Owner: 22, SteamName: firesstones   [UpTime: 1h 9min 50s - ServerFPS: 24.6154]
11.12.2018 20:05:51: Disconnected: Franck Idraned(76561198227507388) Owner: 22, SteamName: firesstones
11.12.2018 20:06:49: Connected: Franck Idraned(76561198227507388) Owner: 24
11.12.2018 20:06:53: Connected (CLIENT_PING): Franck Idraned(76561198227507388) Owner: 24, SteamName: firesstones   [UpTime: 1h 15min 55s - ServerFPS: 22.3776]
11.12.2018 20:10:32: Disconnected: dado(76561198044866508) Owner: 20, SteamName: DADO
11.12.2018 20:10:50: Connected: dado(76561198044866508) Owner: 25
11.12.2018 20:10:51: Connected (CLIENT_PING): dado(76561198044866508) Owner: 25, SteamName: DADO   [UpTime: 1h 19min 54s - ServerFPS: 30.6513]
11.12.2018 20:38:39: Disconnected: Slump(76561197969481938) Owner: 12, SteamName: Topper-Harley
11.12.2018 21:09:56: Disconnected: dado(76561198044866508) Owner: 25, SteamName: DADO
11.12.2018 21:24:49: Disconnected: Julius(76561198020201324) Owner: 10, SteamName: Netzouille La Couille
11.12.2018 21:41:38: Disconnected: Lazouille(76561197981840743) Owner: 13, SteamName: Lazouille
11.12.2018 21:42:23: Disconnected: Franck Idraned(76561198227507388) Owner: 24, SteamName: firesstones
11.12.2018 21:42:34: Disconnected: v1(76561198168988383) Owner: 11, SteamName: dadoprso76
11.12.2018 21:49:48: Connected (UID?): __SERVER__() Owner: 2
11.12.2018 21:50:08: Connected: Lazouille(76561197981840743) Owner: 4
11.12.2018 21:50:08: Connected: v1(76561198168988383) Owner: 5
11.12.2018 21:50:10: Connected (CLIENT_PING): Lazouille(76561197981840743) Owner: 4, SteamName: Lazouille   [UpTime: 0h 0min 21s - ServerFPS: 49.8442]
11.12.2018 21:50:11: Connected (CLIENT_PING): v1(76561198168988383) Owner: 5, SteamName: dadoprso76   [UpTime: 0h 0min 22s - ServerFPS: 50]
11.12.2018 21:51:56: Disconnected: Lazouille(76561197981840743) Owner: 4, SteamName: Lazouille
11.12.2018 21:52:17: Connected: Franck Idraned(76561198227507388) Owner: 6
11.12.2018 21:52:21: Connected (CLIENT_PING): Franck Idraned(76561198227507388) Owner: 6, SteamName: firesstones   [UpTime: 0h 2min 31s - ServerFPS: 50.1567]
11.12.2018 21:52:22: Disconnected: v1(76561198168988383) Owner: 5, SteamName: dadoprso76
11.12.2018 21:52:35: Connected: v1(76561198168988383) Owner: 7
11.12.2018 21:52:37: Connected (CLIENT_PING): v1(76561198168988383) Owner: 7, SteamName: dadoprso76   [UpTime: 0h 2min 48s - ServerFPS: 50]
11.12.2018 21:54:32: Disconnected: Franck Idraned(76561198227507388) Owner: 6, SteamName: firesstones
11.12.2018 21:54:46: Connected: Lazouille(76561197981840743) Owner: 8
11.12.2018 21:54:48: Disconnected: v1(76561198168988383) Owner: 7, SteamName: dadoprso76
11.12.2018 21:54:54: Connected (CLIENT_PING): Lazouille(76561197981840743) Owner: 8, SteamName: Lazouille   [UpTime: 0h 5min 4s - ServerFPS: 49.8442]
11.12.2018 21:55:02: Connected: v1(76561198168988383) Owner: 9
11.12.2018 21:55:04: Connected (CLIENT_PING): v1(76561198168988383) Owner: 9, SteamName: dadoprso76   [UpTime: 0h 5min 14s - ServerFPS: 49.6894]
11.12.2018 21:55:12: Connected: Franck Idraned(76561198227507388) Owner: 10
11.12.2018 21:55:16: Connected (CLIENT_PING): Franck Idraned(76561198227507388) Owner: 10, SteamName: firesstones   [UpTime: 0h 5min 26s - ServerFPS: 50.1567]
11.12.2018 21:56:23: Disconnected: Lazouille(76561197981840743) Owner: 8, SteamName: Lazouille
11.12.2018 21:56:46: Disconnected: Franck Idraned(76561198227507388) Owner: 10, SteamName: firesstones
11.12.2018 21:56:52: Disconnected: v1(76561198168988383) Owner: 9, SteamName: dadoprso76
11.12.2018 21:59:44: Connected: Franck Idraned(76561198227507388) Owner: 11
11.12.2018 21:59:50: Connected (CLIENT_PING): Franck Idraned(76561198227507388) Owner: 11, SteamName: firesstones   [UpTime: 0h 10min 0s - ServerFPS: 50]
11.12.2018 22:02:01: Disconnected: Franck Idraned(76561198227507388) Owner: 11, SteamName: firesstones
11.12.2018 22:02:32: Connected: Franck Idraned(76561198227507388) Owner: 12
11.12.2018 22:02:47: Connected (CLIENT_PING): Franck Idraned(76561198227507388) Owner: 12, SteamName: firesstones   [UpTime: 0h 12min 58s - ServerFPS: 50]
11.12.2018 22:04:58: Disconnected: Franck Idraned(76561198227507388) Owner: 12, SteamName: firesstones
11.12.2018 22:15:45: Connected: Franck Idraned(76561198227507388) Owner: 13
11.12.2018 22:15:49: Connected (CLIENT_PING): Franck Idraned(76561198227507388) Owner: 13, SteamName: firesstones   [UpTime: 0h 25min 59s - ServerFPS: 50]
11.12.2018 22:17:59: Disconnected: Franck Idraned(76561198227507388) Owner: 13, SteamName: firesstones
11.12.2018 22:36:04: Connected: Franck Idraned(76561198227507388) Owner: 14
11.12.2018 22:36:07: Connected (CLIENT_PING): Franck Idraned(76561198227507388) Owner: 14, SteamName: firesstones   [UpTime: 0h 46min 17s - ServerFPS: 50]
11.12.2018 22:42:34: Connected (UID?): __SERVER__() Owner: 2
11.12.2018 22:43:10: Connected: Franck Idraned(76561198227507388) Owner: 4
11.12.2018 22:43:15: Connected (CLIENT_PING): Franck Idraned(76561198227507388) Owner: 4, SteamName: firesstones   [UpTime: 0h 0min 40s - ServerFPS: 49.8442]
11.12.2018 22:45:38: Disconnected: Franck Idraned(76561198227507388) Owner: 4, SteamName: firesstones
11.12.2018 22:51:06: Connected: Franck Idraned(76561198227507388) Owner: 8
11.12.2018 22:51:10: Connected (CLIENT_PING): Franck Idraned(76561198227507388) Owner: 8, SteamName: firesstones   [UpTime: 0h 8min 33s - ServerFPS: 50.1567]
11.12.2018 22:53:20: Disconnected: Franck Idraned(76561198227507388) Owner: 8, SteamName: firesstones
11.12.2018 22:54:54: Connected: dado(76561198044866508) Owner: 9
11.12.2018 22:54:57: Connected (CLIENT_PING): dado(76561198044866508) Owner: 9, SteamName: DADO   [UpTime: 0h 12min 20s - ServerFPS: 50]
11.12.2018 23:03:41: Connected (UID?): __SERVER__() Owner: 2
11.12.2018 23:19:41: Connected: dado(76561198044866508) Owner: 4
11.12.2018 23:19:43: Connected (CLIENT_PING): dado(76561198044866508) Owner: 4, SteamName: DADO   [UpTime: 0h 14min 27s - ServerFPS: 50]
11.12.2018 23:20:45: Disconnected: dado(76561198044866508) Owner: 4, SteamName: DADO
11.12.2018 23:21:04: Connected: dado(76561198044866508) Owner: 5
11.12.2018 23:21:10: Connected (CLIENT_PING): dado(76561198044866508) Owner: 5, SteamName: DADO   [UpTime: 0h 15min 54s - ServerFPS: 50.1567]
11.12.2018 23:29:11: Disconnected: dado(76561198044866508) Owner: 5, SteamName: DADO
11.12.2018 23:35:10: Connected: dado(76561198044866508) Owner: 6
11.12.2018 23:35:14: Connected (CLIENT_PING): dado(76561198044866508) Owner: 6, SteamName: DADO   [UpTime: 0h 29min 57s - ServerFPS: 49.6894]
11.12.2018 23:35:58: Disconnected: dado(76561198044866508) Owner: 6, SteamName: DADO
11.12.2018 23:36:12: Connected: dado(76561198044866508) Owner: 7
11.12.2018 23:36:13: Connected (CLIENT_PING): dado(76561198044866508) Owner: 7, SteamName: DADO   [UpTime: 0h 30min 56s - ServerFPS: 50.3145]
11.12.2018 23:36:29: Disconnected: dado(76561198044866508) Owner: 7, SteamName: DADO
