08.12.2018 00:15:20: Checking infiSTAR license..
08.12.2018 00:15:20: infiSTAR customerID found.
08.12.2018 00:15:20: infiSTAR productLicense found.
08.12.2018 00:15:20: infiSTAR serverName found: BananaServeur test(1.0.4|1.80)
08.12.2018 00:15:20: infiSTAR license result: ok
08.12.2018 00:23:44: Checking infiSTAR license..
08.12.2018 00:23:44: infiSTAR customerID found.
08.12.2018 00:23:44: infiSTAR productLicense found.
08.12.2018 00:23:44: infiSTAR serverName found: BananaServeur test(1.0.4|1.80)
08.12.2018 00:23:45: infiSTAR license result: ok
08.12.2018 00:32:47: Checking infiSTAR license..
08.12.2018 00:32:48: infiSTAR customerID found.
08.12.2018 00:32:48: infiSTAR productLicense found.
08.12.2018 00:32:48: infiSTAR serverName found: BananaServeur test(1.0.4|1.80)
08.12.2018 00:32:48: infiSTAR license result: ok
08.12.2018 00:36:13: Checking infiSTAR license..
08.12.2018 00:36:13: infiSTAR customerID found.
08.12.2018 00:36:13: infiSTAR productLicense found.
08.12.2018 00:36:13: infiSTAR serverName found: BananaServeur test(1.0.4|1.80)
08.12.2018 00:36:14: infiSTAR license result: ok
08.12.2018 01:10:33: Checking infiSTAR license..
08.12.2018 01:10:33: infiSTAR customerID found.
08.12.2018 01:10:33: infiSTAR productLicense found.
08.12.2018 01:10:33: infiSTAR serverName found: BananaServeur test(1.0.4|1.80)
08.12.2018 01:10:33: infiSTAR license result: ok
08.12.2018 01:11:29: Checking infiSTAR license..
08.12.2018 01:11:29: infiSTAR customerID found.
08.12.2018 01:11:29: infiSTAR productLicense found.
08.12.2018 01:11:29: infiSTAR serverName found: BananaServeur test(1.0.4|1.80)
08.12.2018 01:11:29: infiSTAR license result: ok
08.12.2018 01:12:25: Checking infiSTAR license..
08.12.2018 01:12:25: infiSTAR customerID found.
08.12.2018 01:12:25: infiSTAR productLicense found.
08.12.2018 01:12:25: infiSTAR serverName found: BananaServeur test(1.0.4|1.80)
08.12.2018 01:12:26: infiSTAR license result: ok
08.12.2018 01:13:48: Checking infiSTAR license..
08.12.2018 01:13:48: infiSTAR customerID found.
08.12.2018 01:13:48: infiSTAR productLicense found.
08.12.2018 01:13:48: infiSTAR serverName found: BananaServeur test(1.0.4|1.80)
08.12.2018 01:13:48: infiSTAR license result: ok
08.12.2018 01:15:01: Checking infiSTAR license..
08.12.2018 01:15:01: infiSTAR customerID found.
08.12.2018 01:15:01: infiSTAR productLicense found.
08.12.2018 01:15:01: infiSTAR serverName found: BananaServeur test(1.0.4|1.80)
08.12.2018 01:15:01: infiSTAR license result: ok
08.12.2018 01:15:55: Checking infiSTAR license..
08.12.2018 01:15:55: infiSTAR customerID found.
08.12.2018 01:15:55: infiSTAR productLicense found.
08.12.2018 01:15:55: infiSTAR serverName found: BananaServeur test(1.0.4|1.80)
08.12.2018 01:15:55: infiSTAR license result: ok
08.12.2018 01:17:10: Checking infiSTAR license..
08.12.2018 01:17:10: infiSTAR customerID found.
08.12.2018 01:17:10: infiSTAR productLicense found.
08.12.2018 01:17:10: infiSTAR serverName found: BananaServeur test(1.0.4|1.80)
08.12.2018 01:17:10: infiSTAR license result: ok
08.12.2018 01:18:19: Checking infiSTAR license..
08.12.2018 01:18:19: infiSTAR customerID found.
08.12.2018 01:18:19: infiSTAR productLicense found.
08.12.2018 01:18:19: infiSTAR serverName found: BananaServeur test(1.0.4|1.80)
08.12.2018 01:18:19: infiSTAR license result: ok
08.12.2018 01:20:37: Checking infiSTAR license..
08.12.2018 01:20:37: infiSTAR customerID found.
08.12.2018 01:20:37: infiSTAR productLicense found.
08.12.2018 01:20:37: infiSTAR serverName found: BananaServeur test(1.0.4|1.80)
08.12.2018 01:20:38: infiSTAR license result: ok
08.12.2018 01:23:55: Checking infiSTAR license..
08.12.2018 01:23:55: infiSTAR customerID found.
08.12.2018 01:23:55: infiSTAR productLicense found.
08.12.2018 01:23:55: infiSTAR serverName found: BananaServeur test(1.0.4|1.80)
08.12.2018 01:23:56: infiSTAR license result: ok
08.12.2018 01:28:04: Checking infiSTAR license..
08.12.2018 01:28:04: infiSTAR customerID found.
08.12.2018 01:28:04: infiSTAR productLicense found.
08.12.2018 01:28:04: infiSTAR serverName found: BananaServeur test(1.0.4|1.80)
08.12.2018 01:28:05: infiSTAR license result: ok
08.12.2018 01:29:37: Checking infiSTAR license..
08.12.2018 01:29:37: infiSTAR customerID found.
08.12.2018 01:29:37: infiSTAR productLicense found.
08.12.2018 01:29:37: infiSTAR serverName found: BananaServeur test(1.0.4|1.80)
08.12.2018 01:29:38: infiSTAR license result: ok
08.12.2018 01:34:42: Checking infiSTAR license..
08.12.2018 01:34:42: infiSTAR customerID found.
08.12.2018 01:34:42: infiSTAR productLicense found.
08.12.2018 01:34:42: infiSTAR serverName found: BananaServeur test(1.0.4|1.80)
08.12.2018 01:34:42: infiSTAR license result: ok
08.12.2018 01:37:34: Checking infiSTAR license..
08.12.2018 01:37:34: infiSTAR customerID found.
08.12.2018 01:37:34: infiSTAR productLicense found.
08.12.2018 01:37:34: infiSTAR serverName found: BananaServeur test(1.0.4|1.80)
08.12.2018 01:37:35: infiSTAR license result: ok
08.12.2018 01:39:40: Checking infiSTAR license..
08.12.2018 01:39:41: infiSTAR customerID found.
08.12.2018 01:39:41: infiSTAR productLicense found.
08.12.2018 01:39:41: infiSTAR serverName found: BananaServeur test(1.0.4|1.80)
08.12.2018 01:39:41: infiSTAR license result: ok
08.12.2018 02:01:11: Checking infiSTAR license..
08.12.2018 02:01:11: infiSTAR customerID found.
08.12.2018 02:01:11: infiSTAR productLicense found.
08.12.2018 02:01:11: infiSTAR serverName found: BananaServeur test(1.0.4|1.80)
08.12.2018 02:01:12: infiSTAR license result: ok
08.12.2018 02:04:49: Checking infiSTAR license..
08.12.2018 02:04:49: infiSTAR customerID found.
08.12.2018 02:04:49: infiSTAR productLicense found.
08.12.2018 02:04:49: infiSTAR serverName found: BananaServeur test(1.0.4|1.80)
08.12.2018 02:04:49: infiSTAR license result: ok
08.12.2018 02:22:59: Checking infiSTAR license..
08.12.2018 02:22:59: infiSTAR customerID found.
08.12.2018 02:22:59: infiSTAR productLicense found.
08.12.2018 02:22:59: infiSTAR serverName found: BananaServeur test(1.0.4|1.80)
08.12.2018 02:22:59: infiSTAR license result: ok
08.12.2018 02:45:54: Checking infiSTAR license..
08.12.2018 02:45:54: infiSTAR customerID found.
08.12.2018 02:45:54: infiSTAR productLicense found.
08.12.2018 02:45:54: infiSTAR serverName found: [FR]Dayz Exile 76(1.0.4|1.80)
08.12.2018 02:45:54: infiSTAR license result: ok
08.12.2018 02:54:45: Checking infiSTAR license..
08.12.2018 02:54:45: infiSTAR customerID found.
08.12.2018 02:54:45: infiSTAR productLicense found.
08.12.2018 02:54:45: infiSTAR serverName found: [FR]Dayz Exile 76(1.0.4|1.80)
08.12.2018 02:54:46: infiSTAR license result: ok
08.12.2018 03:06:28: Checking infiSTAR license..
08.12.2018 03:06:28: infiSTAR customerID found.
08.12.2018 03:06:28: infiSTAR productLicense found.
08.12.2018 03:06:28: infiSTAR serverName found: [FR]Dayz Exile 76(1.0.4|1.80)
08.12.2018 03:06:29: infiSTAR license result: ok
08.12.2018 03:08:21: Checking infiSTAR license..
08.12.2018 03:08:21: infiSTAR customerID found.
08.12.2018 03:08:21: infiSTAR productLicense found.
08.12.2018 03:08:21: infiSTAR serverName found: [FR]Dayz Exile 76(1.0.4|1.80)
08.12.2018 03:08:22: infiSTAR license result: ok
08.12.2018 03:10:44: Checking infiSTAR license..
08.12.2018 03:10:44: infiSTAR customerID found.
08.12.2018 03:10:44: infiSTAR productLicense found.
08.12.2018 03:10:44: infiSTAR serverName found: [FR]Dayz Exile 76(1.0.4|1.80)
08.12.2018 03:10:45: infiSTAR license result: ok
08.12.2018 03:20:39: Checking infiSTAR license..
08.12.2018 03:20:39: infiSTAR customerID found.
08.12.2018 03:20:39: infiSTAR productLicense found.
08.12.2018 03:20:39: infiSTAR serverName found: [FR]Dayz Exile 76(1.0.4|1.80)
08.12.2018 03:20:39: infiSTAR license result: ok
08.12.2018 03:29:30: Checking infiSTAR license..
08.12.2018 03:29:30: infiSTAR customerID found.
08.12.2018 03:29:30: infiSTAR productLicense found.
08.12.2018 03:29:30: infiSTAR serverName found: [FR]Dayz Exile 76(1.0.4|1.80)
08.12.2018 03:29:30: infiSTAR license result: ok
08.12.2018 03:31:39: Checking infiSTAR license..
08.12.2018 03:31:39: infiSTAR customerID found.
08.12.2018 03:31:39: infiSTAR productLicense found.
08.12.2018 03:31:39: infiSTAR serverName found: [FR]Dayz Exile 76(1.0.4|1.80)
08.12.2018 03:31:40: infiSTAR license result: ok
08.12.2018 03:44:41: Checking infiSTAR license..
08.12.2018 03:44:41: infiSTAR customerID found.
08.12.2018 03:44:41: infiSTAR productLicense found.
08.12.2018 03:44:41: infiSTAR serverName found: [FR]Dayz Exile 76(1.0.4|1.80)
08.12.2018 03:44:41: infiSTAR license result: ok
08.12.2018 15:02:46: Checking infiSTAR license..
08.12.2018 15:02:46: infiSTAR customerID found.
08.12.2018 15:02:46: infiSTAR productLicense found.
08.12.2018 15:02:46: infiSTAR serverName found: [FR]Dayz Exile 76(1.0.4|1.80)
08.12.2018 15:02:47: infiSTAR license result: ok
08.12.2018 15:08:25: Checking infiSTAR license..
08.12.2018 15:08:25: infiSTAR customerID found.
08.12.2018 15:08:25: infiSTAR productLicense found.
08.12.2018 15:08:25: infiSTAR serverName found: [FR]Dayz Exile 76(1.0.4|1.80)
08.12.2018 15:08:26: infiSTAR license result: ok
08.12.2018 15:10:15: Checking infiSTAR license..
08.12.2018 15:10:15: infiSTAR customerID found.
08.12.2018 15:10:15: infiSTAR productLicense found.
08.12.2018 15:10:15: infiSTAR serverName found: [FR]Dayz Exile 76(1.0.4|1.80)
08.12.2018 15:10:15: infiSTAR license result: ok
08.12.2018 15:13:28: Checking infiSTAR license..
08.12.2018 15:13:28: infiSTAR customerID found.
08.12.2018 15:13:28: infiSTAR productLicense found.
08.12.2018 15:13:28: infiSTAR serverName found: [FR]Dayz Exile 76(1.0.4|1.80)
08.12.2018 15:13:28: infiSTAR license result: ok
08.12.2018 15:27:46: Checking infiSTAR license..
08.12.2018 15:27:46: infiSTAR customerID found.
08.12.2018 15:27:46: infiSTAR productLicense found.
08.12.2018 15:27:46: infiSTAR serverName found: [FR]Dayz Exile 76(1.0.4|1.80)
08.12.2018 15:27:47: infiSTAR license result: ok
08.12.2018 15:35:56: Checking infiSTAR license..
08.12.2018 15:35:56: infiSTAR customerID found.
08.12.2018 15:35:56: infiSTAR productLicense found.
08.12.2018 15:35:56: infiSTAR serverName found: [FR]Dayz Exile 76(1.0.4|1.80)
08.12.2018 15:35:56: infiSTAR license result: ok
08.12.2018 15:43:40: Checking infiSTAR license..
08.12.2018 15:43:40: infiSTAR customerID found.
08.12.2018 15:43:40: infiSTAR productLicense found.
08.12.2018 15:43:40: infiSTAR serverName found: [FR]Dayz Exile 76(1.0.4|1.80)
08.12.2018 15:43:41: infiSTAR license result: ok
08.12.2018 16:27:41: Checking infiSTAR license..
08.12.2018 16:27:41: infiSTAR customerID found.
08.12.2018 16:27:41: infiSTAR productLicense found.
08.12.2018 16:27:41: infiSTAR serverName found: [FR]Dayz Exile 76(1.0.4|1.80)
08.12.2018 16:27:42: infiSTAR license result: ok
08.12.2018 16:36:13: Checking infiSTAR license..
08.12.2018 16:36:13: infiSTAR customerID found.
08.12.2018 16:36:13: infiSTAR productLicense found.
08.12.2018 16:36:13: infiSTAR serverName found: [FR]Dayz Exile 76(1.0.4|1.80)
08.12.2018 16:36:13: infiSTAR license result: ok
08.12.2018 16:41:35: Checking infiSTAR license..
08.12.2018 16:41:35: infiSTAR customerID found.
08.12.2018 16:41:35: infiSTAR productLicense found.
08.12.2018 16:41:35: infiSTAR serverName found: [FR]Dayz Exile 76(1.0.4|1.80)
08.12.2018 16:41:35: infiSTAR license result: ok
08.12.2018 16:55:13: Checking infiSTAR license..
08.12.2018 16:55:13: infiSTAR customerID found.
08.12.2018 16:55:13: infiSTAR productLicense found.
08.12.2018 16:55:13: infiSTAR serverName found: [FR]Dayz Exile 76(1.0.4|1.80)
08.12.2018 16:55:14: infiSTAR license result: ok
08.12.2018 17:16:38: Checking infiSTAR license..
08.12.2018 17:16:38: infiSTAR customerID found.
08.12.2018 17:16:38: infiSTAR productLicense found.
08.12.2018 17:16:38: infiSTAR serverName found: [FR]Dayz Exile 76(1.0.4|1.80)
08.12.2018 17:16:38: infiSTAR license result: ok
08.12.2018 17:34:26: Checking infiSTAR license..
08.12.2018 17:34:26: infiSTAR customerID found.
08.12.2018 17:34:26: infiSTAR productLicense found.
08.12.2018 17:34:26: infiSTAR serverName found: [FR]Dayz Exile 76(1.0.4|1.80)
08.12.2018 17:34:26: infiSTAR license result: ok
08.12.2018 19:09:26: Checking infiSTAR license..
08.12.2018 19:09:26: infiSTAR customerID found.
08.12.2018 19:09:26: infiSTAR productLicense found.
08.12.2018 19:09:26: infiSTAR serverName found: [FR]Dayz Exile 76(1.0.4|1.80)
08.12.2018 19:09:27: infiSTAR license result: ok
08.12.2018 19:59:19: Checking infiSTAR license..
08.12.2018 19:59:19: infiSTAR customerID found.
08.12.2018 19:59:19: infiSTAR productLicense found.
08.12.2018 19:59:19: infiSTAR serverName found: [FR]Dayz Exile 76(1.0.4|1.80)
08.12.2018 19:59:19: infiSTAR license result: ok
08.12.2018 21:52:24: Checking infiSTAR license..
08.12.2018 21:52:24: infiSTAR customerID found.
08.12.2018 21:52:24: infiSTAR productLicense found.
08.12.2018 21:52:24: infiSTAR serverName found: [FR]Dayz Exile 76(1.0.4|1.80)
08.12.2018 21:52:25: infiSTAR license result: ok
08.12.2018 22:19:13: Checking infiSTAR license..
08.12.2018 22:19:13: infiSTAR customerID found.
08.12.2018 22:19:13: infiSTAR productLicense found.
08.12.2018 22:19:13: infiSTAR serverName found: [FR]Dayz Exile 76(1.0.4|1.80)
08.12.2018 22:19:14: infiSTAR license result: ok
09.12.2018 01:16:43: Checking infiSTAR license..
09.12.2018 01:16:43: infiSTAR customerID found.
09.12.2018 01:16:43: infiSTAR productLicense found.
09.12.2018 01:16:43: infiSTAR serverName found: [FR]Dayz Exile 76(1.0.4|1.80)
09.12.2018 01:16:44: infiSTAR license result: ok
09.12.2018 04:17:34: Checking infiSTAR license..
09.12.2018 04:17:34: infiSTAR customerID found.
09.12.2018 04:17:34: infiSTAR productLicense found.
09.12.2018 04:17:34: infiSTAR serverName found: [FR]Dayz Exile 76(1.0.4|1.80)
09.12.2018 04:17:34: infiSTAR license result: ok
09.12.2018 14:02:42: Checking infiSTAR license..
09.12.2018 14:02:42: infiSTAR customerID found.
09.12.2018 14:02:42: infiSTAR productLicense found.
09.12.2018 14:02:42: infiSTAR serverName found: [FR]Dayz Exile 76(1.0.4|1.80)
09.12.2018 14:02:42: infiSTAR license result: ok
09.12.2018 16:41:04: Checking infiSTAR license..
09.12.2018 16:41:04: infiSTAR customerID found.
09.12.2018 16:41:04: infiSTAR productLicense found.
09.12.2018 16:41:04: infiSTAR serverName found: [FR]Dayz Exile 76(1.0.4|1.80)
09.12.2018 16:41:04: infiSTAR license result: ok
09.12.2018 19:31:00: Checking infiSTAR license..
09.12.2018 19:31:00: infiSTAR customerID found.
09.12.2018 19:31:00: infiSTAR productLicense found.
09.12.2018 19:31:00: infiSTAR serverName found: [FR]Dayz Exile 76(1.0.4|1.80)
09.12.2018 19:31:00: infiSTAR license result: ok
09.12.2018 22:32:01: Checking infiSTAR license..
09.12.2018 22:32:01: infiSTAR customerID found.
09.12.2018 22:32:01: infiSTAR productLicense found.
09.12.2018 22:32:01: infiSTAR serverName found: [FR]Dayz Exile 76(1.0.4|1.80)
09.12.2018 22:32:01: infiSTAR license result: ok
10.12.2018 01:32:55: Checking infiSTAR license..
10.12.2018 01:32:55: infiSTAR customerID found.
10.12.2018 01:32:55: infiSTAR productLicense found.
10.12.2018 01:32:55: infiSTAR serverName found: [FR]Dayz Exile 76(1.0.4|1.80)
10.12.2018 01:32:55: infiSTAR license result: ok
10.12.2018 04:33:42: Checking infiSTAR license..
10.12.2018 04:33:42: infiSTAR customerID found.
10.12.2018 04:33:42: infiSTAR productLicense found.
10.12.2018 04:33:42: infiSTAR serverName found: [FR]Dayz Exile 76(1.0.4|1.80)
10.12.2018 04:33:42: infiSTAR license result: ok
10.12.2018 07:34:30: Checking infiSTAR license..
10.12.2018 07:34:30: infiSTAR customerID found.
10.12.2018 07:34:30: infiSTAR productLicense found.
10.12.2018 07:34:30: infiSTAR serverName found: [FR]Dayz Exile 76(1.0.4|1.80)
10.12.2018 07:34:31: infiSTAR license result: ok
10.12.2018 09:00:00: Checking infiSTAR license..
10.12.2018 09:00:00: infiSTAR customerID found.
10.12.2018 09:00:00: infiSTAR productLicense found.
10.12.2018 09:00:00: infiSTAR serverName found: [FR]Dayz Exile 76(1.0.4|1.80)
10.12.2018 09:00:00: infiSTAR license result: ok
10.12.2018 12:00:37: Checking infiSTAR license..
10.12.2018 12:00:37: infiSTAR customerID found.
10.12.2018 12:00:37: infiSTAR productLicense found.
10.12.2018 12:00:37: infiSTAR serverName found: [FR]Dayz Exile 76(1.0.4|1.80)
10.12.2018 12:00:38: infiSTAR license result: ok
10.12.2018 15:01:39: Checking infiSTAR license..
10.12.2018 15:01:39: infiSTAR customerID found.
10.12.2018 15:01:39: infiSTAR productLicense found.
10.12.2018 15:01:39: infiSTAR serverName found: [FR]Dayz Exile 76(1.0.4|1.80)
10.12.2018 15:01:40: infiSTAR license result: ok
10.12.2018 15:42:51: Checking infiSTAR license..
10.12.2018 15:42:52: infiSTAR customerID found.
10.12.2018 15:42:52: infiSTAR productLicense found.
10.12.2018 15:42:52: infiSTAR serverName found: [FR]Dayz Exile 76(1.0.4|1.80)
10.12.2018 15:42:52: infiSTAR license result: ok
10.12.2018 18:42:05: Checking infiSTAR license..
10.12.2018 18:42:05: infiSTAR customerID found.
10.12.2018 18:42:05: infiSTAR productLicense found.
10.12.2018 18:42:05: infiSTAR serverName found: [FR]Dayz Exile 76(1.0.4|1.80)
10.12.2018 18:42:05: infiSTAR license result: ok
10.12.2018 21:43:06: Checking infiSTAR license..
10.12.2018 21:43:06: infiSTAR customerID found.
10.12.2018 21:43:06: infiSTAR productLicense found.
10.12.2018 21:43:06: infiSTAR serverName found: [FR]Dayz Exile 76(1.0.4|1.80)
10.12.2018 21:43:07: infiSTAR license result: ok
11.12.2018 00:43:50: Checking infiSTAR license..
11.12.2018 00:43:50: infiSTAR customerID found.
11.12.2018 00:43:50: infiSTAR productLicense found.
11.12.2018 00:43:50: infiSTAR serverName found: [FR]Dayz Exile 76(1.0.4|1.80)
11.12.2018 00:43:51: infiSTAR license result: ok
11.12.2018 03:44:48: Checking infiSTAR license..
11.12.2018 03:44:48: infiSTAR customerID found.
11.12.2018 03:44:48: infiSTAR productLicense found.
11.12.2018 03:44:48: infiSTAR serverName found: [FR]Dayz Exile 76(1.0.4|1.80)
11.12.2018 03:44:48: infiSTAR license result: ok
11.12.2018 06:45:34: Checking infiSTAR license..
11.12.2018 06:45:34: infiSTAR customerID found.
11.12.2018 06:45:34: infiSTAR productLicense found.
11.12.2018 06:45:34: infiSTAR serverName found: [FR]Dayz Exile 76(1.0.4|1.80)
11.12.2018 06:45:34: infiSTAR license result: ok
11.12.2018 09:46:23: Checking infiSTAR license..
11.12.2018 09:46:23: infiSTAR customerID found.
11.12.2018 09:46:23: infiSTAR productLicense found.
11.12.2018 09:46:23: infiSTAR serverName found: [FR]Dayz Exile 76(1.0.4|1.80)
11.12.2018 09:46:23: infiSTAR license result: ok
11.12.2018 12:46:58: Checking infiSTAR license..
11.12.2018 12:46:58: infiSTAR customerID found.
11.12.2018 12:46:58: infiSTAR productLicense found.
11.12.2018 12:46:58: infiSTAR serverName found: [FR]Dayz Exile 76(1.0.4|1.80)
11.12.2018 12:46:59: infiSTAR license result: ok
11.12.2018 15:47:52: Checking infiSTAR license..
11.12.2018 15:47:52: infiSTAR customerID found.
11.12.2018 15:47:52: infiSTAR productLicense found.
11.12.2018 15:47:52: infiSTAR serverName found: [FR]Dayz Exile 76(1.0.4|1.80)
11.12.2018 15:47:52: infiSTAR license result: ok
11.12.2018 18:48:46: Checking infiSTAR license..
11.12.2018 18:48:46: infiSTAR customerID found.
11.12.2018 18:48:46: infiSTAR productLicense found.
11.12.2018 18:48:46: infiSTAR serverName found: [FR]Dayz Exile 76(1.0.4|1.80)
11.12.2018 18:48:46: infiSTAR license result: ok
11.12.2018 21:49:43: Checking infiSTAR license..
11.12.2018 21:49:43: infiSTAR customerID found.
11.12.2018 21:49:43: infiSTAR productLicense found.
11.12.2018 21:49:43: infiSTAR serverName found: [FR]Dayz Exile 76(1.0.4|1.80)
11.12.2018 21:49:43: infiSTAR license result: ok
11.12.2018 22:42:28: Checking infiSTAR license..
11.12.2018 22:42:28: infiSTAR customerID found.
11.12.2018 22:42:28: infiSTAR productLicense found.
11.12.2018 22:42:28: infiSTAR serverName found: [FR]Dayz Exile 76(1.0.4|1.80)
11.12.2018 22:42:28: infiSTAR license result: ok
11.12.2018 23:03:36: Checking infiSTAR license..
11.12.2018 23:03:36: infiSTAR customerID found.
11.12.2018 23:03:36: infiSTAR productLicense found.
11.12.2018 23:03:36: infiSTAR serverName found: [FR]Dayz Exile 76(1.0.4|1.80)
11.12.2018 23:03:36: infiSTAR license result: ok
12.12.2018 00:27:10: Checking infiSTAR license..
12.12.2018 00:27:10: infiSTAR customerID found.
12.12.2018 00:27:10: infiSTAR productLicense found.
12.12.2018 00:27:10: infiSTAR serverName found: [FR]Dayz Exile 76(1.0.4|1.80)
12.12.2018 00:27:11: infiSTAR license result: ok
12.12.2018 00:31:03: Checking infiSTAR license..
12.12.2018 00:31:03: infiSTAR customerID found.
12.12.2018 00:31:03: infiSTAR productLicense found.
12.12.2018 00:31:03: infiSTAR serverName found: [FR]Dayz Exile 76(1.0.4|1.80)
12.12.2018 00:31:03: infiSTAR license result: ok
12.12.2018 00:51:47: Checking infiSTAR license..
12.12.2018 00:51:47: infiSTAR customerID found.
12.12.2018 00:51:47: infiSTAR productLicense found.
12.12.2018 00:51:47: infiSTAR serverName found: [FR]Dayz Exile 76(1.0.4|1.80)
12.12.2018 00:51:47: infiSTAR license result: ok
12.12.2018 20:22:23: Checking infiSTAR license..
12.12.2018 20:22:23: infiSTAR customerID found.
12.12.2018 20:22:23: infiSTAR productLicense found.
12.12.2018 20:22:23: infiSTAR serverName found: [FR]Dayz Exile 76(1.0.4|1.80)
12.12.2018 20:22:24: infiSTAR license result: ok
12.12.2018 20:23:40: Checking infiSTAR license..
12.12.2018 20:23:40: infiSTAR customerID found.
12.12.2018 20:23:40: infiSTAR productLicense found.
12.12.2018 20:23:40: infiSTAR serverName found: [FR]Dayz Exile 76(1.0.4|1.80)
12.12.2018 20:23:41: infiSTAR license result: ok
13.12.2018 00:28:44: Checking infiSTAR license..
13.12.2018 00:28:44: infiSTAR customerID found.
13.12.2018 00:28:44: infiSTAR productLicense found.
13.12.2018 00:28:44: infiSTAR serverName found: [FR]Dayz Exile 76(1.0.4|1.80)
13.12.2018 00:28:44: infiSTAR license result: ok
13.12.2018 00:31:22: Checking infiSTAR license..
13.12.2018 00:31:22: infiSTAR customerID found.
13.12.2018 00:31:22: infiSTAR productLicense found.
13.12.2018 00:31:22: infiSTAR serverName found: [FR]Dayz Exile 76(1.0.4|1.80)
13.12.2018 00:31:22: infiSTAR license result: ok
13.12.2018 00:32:46: Checking infiSTAR license..
13.12.2018 00:32:46: infiSTAR customerID found.
13.12.2018 00:32:46: infiSTAR productLicense found.
13.12.2018 00:32:46: infiSTAR serverName found: [FR]Dayz Exile 76(1.0.4|1.80)
13.12.2018 00:32:46: infiSTAR license result: ok
13.12.2018 00:37:25: Checking infiSTAR license..
13.12.2018 00:37:25: infiSTAR customerID found.
13.12.2018 00:37:25: infiSTAR productLicense found.
13.12.2018 00:37:25: infiSTAR serverName found: [FR]Dayz Exile 76(1.0.4|1.80)
13.12.2018 00:37:26: infiSTAR license result: ok
13.12.2018 00:47:55: Checking infiSTAR license..
13.12.2018 00:47:55: infiSTAR customerID found.
13.12.2018 00:47:55: infiSTAR productLicense found.
13.12.2018 00:47:55: infiSTAR serverName found: [FR]Dayz Exile 76(1.0.4|1.80)
13.12.2018 00:47:55: infiSTAR license result: ok
13.12.2018 00:53:17: Checking infiSTAR license..
13.12.2018 00:53:17: infiSTAR customerID found.
13.12.2018 00:53:17: infiSTAR productLicense found.
13.12.2018 00:53:17: infiSTAR serverName found: [FR]Dayz Exile 76(1.0.4|1.80)
13.12.2018 00:53:17: infiSTAR license result: ok
13.12.2018 00:57:35: Checking infiSTAR license..
13.12.2018 00:57:35: infiSTAR customerID found.
13.12.2018 00:57:35: infiSTAR productLicense found.
13.12.2018 00:57:35: infiSTAR serverName found: [FR]Dayz Exile 76(1.0.4|1.80)
13.12.2018 00:57:35: infiSTAR license result: ok
13.12.2018 01:00:15: Checking infiSTAR license..
13.12.2018 01:00:15: infiSTAR customerID found.
13.12.2018 01:00:15: infiSTAR productLicense found.
13.12.2018 01:00:15: infiSTAR serverName found: [FR]Dayz Exile 76(1.0.4|1.80)
13.12.2018 01:00:15: infiSTAR license result: ok
13.12.2018 01:03:05: Checking infiSTAR license..
13.12.2018 01:03:05: infiSTAR customerID found.
13.12.2018 01:03:05: infiSTAR productLicense found.
13.12.2018 01:03:05: infiSTAR serverName found: [FR]Dayz Exile 76(1.0.4|1.80)
13.12.2018 01:03:05: infiSTAR license result: ok
13.12.2018 01:09:52: Checking infiSTAR license..
13.12.2018 01:09:52: infiSTAR customerID found.
13.12.2018 01:09:52: infiSTAR productLicense found.
13.12.2018 01:09:52: infiSTAR serverName found: [FR]Dayz Exile 76(1.0.4|1.80)
13.12.2018 01:09:53: infiSTAR license result: ok
13.12.2018 01:20:22: Checking infiSTAR license..
13.12.2018 01:20:22: infiSTAR customerID found.
13.12.2018 01:20:22: infiSTAR productLicense found.
13.12.2018 01:20:22: infiSTAR serverName found: [FR]Dayz Exile 76(1.0.4|1.80)
13.12.2018 01:20:23: infiSTAR license result: ok
13.12.2018 01:38:24: Checking infiSTAR license..
13.12.2018 01:38:24: infiSTAR customerID found.
13.12.2018 01:38:24: infiSTAR productLicense found.
13.12.2018 01:38:24: infiSTAR serverName found: [FR]Dayz Exile 76(1.0.4|1.80)
13.12.2018 01:38:24: infiSTAR license result: ok
13.12.2018 01:42:58: Checking infiSTAR license..
13.12.2018 01:42:58: infiSTAR customerID found.
13.12.2018 01:42:58: infiSTAR productLicense found.
13.12.2018 01:42:58: infiSTAR serverName found: [FR]Dayz Exile 76(1.0.4|1.80)
13.12.2018 01:42:58: infiSTAR license result: ok
13.12.2018 01:50:40: Checking infiSTAR license..
13.12.2018 01:50:40: infiSTAR customerID found.
13.12.2018 01:50:40: infiSTAR productLicense found.
13.12.2018 01:50:40: infiSTAR serverName found: [FR]Dayz Exile 76(1.0.4|1.80)
13.12.2018 01:50:41: infiSTAR license result: ok
13.12.2018 02:31:02: Checking infiSTAR license..
13.12.2018 02:31:02: infiSTAR customerID found.
13.12.2018 02:31:02: infiSTAR productLicense found.
13.12.2018 02:31:02: infiSTAR serverName found: [FR]Dayz Exile 76(1.0.4|1.80)
13.12.2018 02:31:02: infiSTAR license result: ok
13.12.2018 02:33:16: Checking infiSTAR license..
13.12.2018 02:33:16: infiSTAR customerID found.
13.12.2018 02:33:16: infiSTAR productLicense found.
13.12.2018 02:33:16: infiSTAR serverName found: [FR]Dayz Exile 76(1.0.4|1.80)
13.12.2018 02:33:16: infiSTAR license result: ok
13.12.2018 19:17:15: Checking infiSTAR license..
13.12.2018 19:17:15: infiSTAR customerID found.
13.12.2018 19:17:15: infiSTAR productLicense found.
13.12.2018 19:17:15: infiSTAR serverName found: [FR]Dayz Exile 76(1.0.4|1.80)
13.12.2018 19:17:15: infiSTAR license result: ok
13.12.2018 22:20:04: Checking infiSTAR license..
13.12.2018 22:20:04: infiSTAR customerID found.
13.12.2018 22:20:04: infiSTAR productLicense found.
13.12.2018 22:20:04: infiSTAR serverName found: [FR]Dayz Exile 76(1.0.4|1.80)
13.12.2018 22:20:04: infiSTAR license result: ok
14.12.2018 01:19:00: Checking infiSTAR license..
14.12.2018 01:19:00: infiSTAR customerID found.
14.12.2018 01:19:00: infiSTAR productLicense found.
14.12.2018 01:19:00: infiSTAR serverName found: [FR]Dayz Exile 76(1.0.4|1.80)
14.12.2018 01:19:01: infiSTAR license result: ok
14.12.2018 04:19:06: Checking infiSTAR license..
14.12.2018 04:19:06: infiSTAR customerID found.
14.12.2018 04:19:06: infiSTAR productLicense found.
14.12.2018 04:19:06: infiSTAR serverName found: [FR]Dayz Exile 76(1.0.4|1.80)
14.12.2018 04:19:07: infiSTAR license result: ok
14.12.2018 07:19:58: Checking infiSTAR license..
14.12.2018 07:19:58: infiSTAR customerID found.
14.12.2018 07:19:58: infiSTAR productLicense found.
14.12.2018 07:19:58: infiSTAR serverName found: [FR]Dayz Exile 76(1.0.4|1.80)
14.12.2018 07:19:58: infiSTAR license result: ok
14.12.2018 10:20:56: Checking infiSTAR license..
14.12.2018 10:20:56: infiSTAR customerID found.
14.12.2018 10:20:56: infiSTAR productLicense found.
14.12.2018 10:20:56: infiSTAR serverName found: [FR]Dayz Exile 76(1.0.4|1.80)
14.12.2018 10:20:56: infiSTAR license result: ok
14.12.2018 13:21:47: Checking infiSTAR license..
14.12.2018 13:21:47: infiSTAR customerID found.
14.12.2018 13:21:47: infiSTAR productLicense found.
14.12.2018 13:21:47: infiSTAR serverName found: [FR]Dayz Exile 76(1.0.4|1.80)
14.12.2018 13:21:47: infiSTAR license result: ok
14.12.2018 16:22:38: Checking infiSTAR license..
14.12.2018 16:22:38: infiSTAR customerID found.
14.12.2018 16:22:38: infiSTAR productLicense found.
14.12.2018 16:22:38: infiSTAR serverName found: [FR]Dayz Exile 76(1.0.4|1.80)
14.12.2018 16:22:38: infiSTAR license result: ok
14.12.2018 19:28:53: Checking infiSTAR license..
14.12.2018 19:28:53: infiSTAR customerID found.
14.12.2018 19:28:53: infiSTAR productLicense found.
14.12.2018 19:28:53: infiSTAR serverName found: [FR]Dayz Exile 76(1.0.4|1.80)
14.12.2018 19:28:53: infiSTAR license result: ok
14.12.2018 22:30:21: Checking infiSTAR license..
14.12.2018 22:30:21: infiSTAR customerID found.
14.12.2018 22:30:21: infiSTAR productLicense found.
14.12.2018 22:30:21: infiSTAR serverName found: [FR]Dayz Exile 76(1.0.4|1.80)
14.12.2018 22:30:22: infiSTAR license result: ok
15.12.2018 01:35:14: Checking infiSTAR license..
15.12.2018 01:35:14: infiSTAR customerID found.
15.12.2018 01:35:14: infiSTAR productLicense found.
15.12.2018 01:35:14: infiSTAR serverName found: [FR]Dayz Exile 76(1.0.4|1.80)
15.12.2018 01:35:14: infiSTAR license result: ok
15.12.2018 04:35:34: Checking infiSTAR license..
15.12.2018 04:35:34: infiSTAR customerID found.
15.12.2018 04:35:34: infiSTAR productLicense found.
15.12.2018 04:35:34: infiSTAR serverName found: [FR]Dayz Exile 76(1.0.4|1.80)
15.12.2018 04:35:34: infiSTAR license result: ok
